0.0 
0.0 0.0 
0.0 0.0 0.0 
0.0 0.0 0.0 0.0 
0.0 0.0 0.0 0.0 0.0 
0.0 0.0 0.0 0.0 0.0 0.0 
0.0 0.0 0.0 0.0 0.0 0.0 2.0 
0.0 0.0 0.0 0.0 0.0 0.0 2.0 2.0 
0.0 0.0 0.0 0.0 0.0 0.0 2.0 2.0 2.0 
0.0 0.0 0.0 0.0 0.0 0.0 2.0 2.0 2.0 6.0 
0.0 0.0 0.0 0.0 0.0 0.0 2.0 2.0 2.0 6.0 17.0 
0.0 0.0 0.0 0.0 0.0 0.0 2.0 2.0 2.0 6.0 17.0 30.0 
0.0 0.0 0.0 0.0 0.0 0.0 2.0 2.0 2.0 6.0 17.0 30.0 43.0 
0.0 0.0 0.0 0.0 0.0 0.0 2.0 2.0 2.0 6.0 17.0 30.0 43.0 74.0 
0.0 0.0 0.0 0.0 0.0 0.0 2.0 2.0 2.0 6.0 17.0 30.0 43.0 74.0 88.0 
0.0 0.0 0.0 0.0 0.0 0.0 2.0 2.0 2.0 6.0 17.0 30.0 43.0 74.0 88.0 93.0 
0.0 0.0 0.0 0.0 0.0 0.0 2.0 2.0 2.0 6.0 17.0 30.0 43.0 74.0 88.0 93.0 98.0 
0.0 0.0 0.0 0.0 0.0 0.0 2.0 2.0 2.0 6.0 17.0 30.0 43.0 74.0 88.0 93.0 98.0 115.0 
0.0 0.0 0.0 0.0 0.0 0.0 2.0 2.0 2.0 6.0 17.0 30.0 43.0 74.0 88.0 93.0 98.0 115.0 102.0 
0.0 0.0 0.0 0.0 0.0 0.0 2.0 2.0 2.0 6.0 17.0 30.0 43.0 74.0 88.0 93.0 98.0 115.0 102.0 90.0 
0.0 0.0 0.0 0.0 0.0 0.0 2.0 2.0 2.0 6.0 17.0 30.0 43.0 74.0 88.0 93.0 98.0 115.0 102.0 90.0 81.0 
0.0 0.0 0.0 0.0 0.0 0.0 2.0 2.0 2.0 6.0 17.0 30.0 43.0 74.0 88.0 93.0 98.0 115.0 102.0 90.0 81.0 69.0 
0.0 0.0 0.0 0.0 0.0 0.0 2.0 2.0 2.0 6.0 17.0 30.0 43.0 74.0 88.0 93.0 98.0 115.0 102.0 90.0 81.0 69.0 52.0 
0.0 0.0 0.0 0.0 0.0 0.0 2.0 2.0 2.0 6.0 17.0 30.0 43.0 74.0 88.0 93.0 98.0 115.0 102.0 90.0 81.0 69.0 52.0 43.0 
0.0 0.0 0.0 0.0 0.0 0.0 2.0 2.0 2.0 6.0 17.0 30.0 43.0 74.0 88.0 93.0 98.0 115.0 102.0 90.0 81.0 69.0 52.0 43.0 23.0 
0.0 0.0 0.0 0.0 0.0 0.0 2.0 2.0 2.0 6.0 17.0 30.0 43.0 74.0 88.0 93.0 98.0 115.0 102.0 90.0 81.0 69.0 52.0 43.0 23.0 13.0 
0.0 0.0 0.0 0.0 0.0 0.0 2.0 2.0 2.0 6.0 17.0 30.0 43.0 74.0 88.0 93.0 98.0 115.0 102.0 90.0 81.0 69.0 52.0 43.0 23.0 13.0 9.0 
0.0 0.0 0.0 0.0 0.0 0.0 2.0 2.0 2.0 6.0 17.0 30.0 43.0 74.0 88.0 93.0 98.0 115.0 102.0 90.0 81.0 69.0 52.0 43.0 23.0 13.0 9.0 1.0 
0.0 0.0 0.0 0.0 0.0 0.0 2.0 2.0 2.0 6.0 17.0 30.0 43.0 74.0 88.0 93.0 98.0 115.0 102.0 90.0 81.0 69.0 52.0 43.0 23.0 13.0 9.0 1.0 0.0 
0.0 0.0 0.0 0.0 0.0 0.0 2.0 2.0 2.0 6.0 17.0 30.0 43.0 74.0 88.0 93.0 98.0 115.0 102.0 90.0 81.0 69.0 52.0 43.0 23.0 13.0 9.0 1.0 0.0 0.0 
0.0 0.0 0.0 0.0 0.0 0.0 2.0 2.0 2.0 6.0 17.0 30.0 43.0 74.0 88.0 93.0 98.0 115.0 102.0 90.0 81.0 69.0 52.0 43.0 23.0 13.0 9.0 1.0 0.0 0.0 0.0 
0.0 0.0 0.0 0.0 0.0 0.0 2.0 2.0 2.0 6.0 17.0 30.0 43.0 74.0 88.0 93.0 98.0 115.0 102.0 90.0 81.0 69.0 52.0 43.0 23.0 13.0 9.0 1.0 0.0 0.0 0.0 0.0 
0.0 0.0 0.0 0.0 0.0 0.0 2.0 2.0 2.0 6.0 17.0 30.0 43.0 74.0 88.0 93.0 98.0 115.0 102.0 90.0 81.0 69.0 52.0 43.0 23.0 13.0 9.0 1.0 0.0 0.0 0.0 0.0 0.0 
0.0 
0.0 0.0 
0.0 0.0 0.0 
0.0 0.0 0.0 0.0 
0.0 0.0 0.0 0.0 0.0 
0.0 0.0 0.0 0.0 0.0 0.0 
0.0 0.0 0.0 0.0 0.0 0.0 0.0 
0.0 0.0 0.0 0.0 0.0 0.0 0.0 0.0 
0.0 0.0 0.0 0.0 0.0 0.0 0.0 0.0 2.0 
0.0 0.0 0.0 0.0 0.0 0.0 0.0 0.0 2.0 2.0 
0.0 0.0 0.0 0.0 0.0 0.0 0.0 0.0 2.0 2.0 9.0 
0.0 0.0 0.0 0.0 0.0 0.0 0.0 0.0 2.0 2.0 9.0 19.0 
0.0 0.0 0.0 0.0 0.0 0.0 0.0 0.0 2.0 2.0 9.0 19.0 36.0 
0.0 0.0 0.0 0.0 0.0 0.0 0.0 0.0 2.0 2.0 9.0 19.0 36.0 54.0 
0.0 0.0 0.0 0.0 0.0 0.0 0.0 0.0 2.0 2.0 9.0 19.0 36.0 54.0 82.0 
0.0 0.0 0.0 0.0 0.0 0.0 0.0 0.0 2.0 2.0 9.0 19.0 36.0 54.0 82.0 89.0 
0.0 0.0 0.0 0.0 0.0 0.0 0.0 0.0 2.0 2.0 9.0 19.0 36.0 54.0 82.0 89.0 120.0 
0.0 0.0 0.0 0.0 0.0 0.0 0.0 0.0 2.0 2.0 9.0 19.0 36.0 54.0 82.0 89.0 120.0 98.0 
0.0 0.0 0.0 0.0 0.0 0.0 0.0 0.0 2.0 2.0 9.0 19.0 36.0 54.0 82.0 89.0 120.0 98.0 96.0 
0.0 0.0 0.0 0.0 0.0 0.0 0.0 0.0 2.0 2.0 9.0 19.0 36.0 54.0 82.0 89.0 120.0 98.0 96.0 91.0 
0.0 0.0 0.0 0.0 0.0 0.0 0.0 0.0 2.0 2.0 9.0 19.0 36.0 54.0 82.0 89.0 120.0 98.0 96.0 91.0 74.0 
0.0 0.0 0.0 0.0 0.0 0.0 0.0 0.0 2.0 2.0 9.0 19.0 36.0 54.0 82.0 89.0 120.0 98.0 96.0 91.0 74.0 42.0 
0.0 0.0 0.0 0.0 0.0 0.0 0.0 0.0 2.0 2.0 9.0 19.0 36.0 54.0 82.0 89.0 120.0 98.0 96.0 91.0 74.0 42.0 21.0 
0.0 0.0 0.0 0.0 0.0 0.0 0.0 0.0 2.0 2.0 9.0 19.0 36.0 54.0 82.0 89.0 120.0 98.0 96.0 91.0 74.0 42.0 21.0 10.0 
0.0 0.0 0.0 0.0 0.0 0.0 0.0 0.0 2.0 2.0 9.0 19.0 36.0 54.0 82.0 89.0 120.0 98.0 96.0 91.0 74.0 42.0 21.0 10.0 5.0 
0.0 0.0 0.0 0.0 0.0 0.0 0.0 0.0 2.0 2.0 9.0 19.0 36.0 54.0 82.0 89.0 120.0 98.0 96.0 91.0 74.0 42.0 21.0 10.0 5.0 3.0 
0.0 0.0 0.0 0.0 0.0 0.0 0.0 0.0 2.0 2.0 9.0 19.0 36.0 54.0 82.0 89.0 120.0 98.0 96.0 91.0 74.0 42.0 21.0 10.0 5.0 3.0 0.0 
0.0 0.0 0.0 0.0 0.0 0.0 0.0 0.0 2.0 2.0 9.0 19.0 36.0 54.0 82.0 89.0 120.0 98.0 96.0 91.0 74.0 42.0 21.0 10.0 5.0 3.0 0.0 0.0 
0.0 0.0 0.0 0.0 0.0 0.0 0.0 0.0 2.0 2.0 9.0 19.0 36.0 54.0 82.0 89.0 120.0 98.0 96.0 91.0 74.0 42.0 21.0 10.0 5.0 3.0 0.0 0.0 0.0 
0.0 0.0 0.0 0.0 0.0 0.0 0.0 0.0 2.0 2.0 9.0 19.0 36.0 54.0 82.0 89.0 120.0 98.0 96.0 91.0 74.0 42.0 21.0 10.0 5.0 3.0 0.0 0.0 0.0 0.0 
0.0 0.0 0.0 0.0 0.0 0.0 0.0 0.0 2.0 2.0 9.0 19.0 36.0 54.0 82.0 89.0 120.0 98.0 96.0 91.0 74.0 42.0 21.0 10.0 5.0 3.0 0.0 0.0 0.0 0.0 0.0 
0.0 0.0 0.0 0.0 0.0 0.0 0.0 0.0 2.0 2.0 9.0 19.0 36.0 54.0 82.0 89.0 120.0 98.0 96.0 91.0 74.0 42.0 21.0 10.0 5.0 3.0 0.0 0.0 0.0 0.0 0.0 0.0 
0.0 0.0 0.0 0.0 0.0 0.0 0.0 0.0 2.0 2.0 9.0 19.0 36.0 54.0 82.0 89.0 120.0 98.0 96.0 91.0 74.0 42.0 21.0 10.0 5.0 3.0 0.0 0.0 0.0 0.0 0.0 0.0 0.0 
