0.0 
0.0 0.0 
0.0 0.0 0.0 
0.0 0.0 0.0 0.0 
0.0 0.0 0.0 0.0 0.0 
0.0 0.0 0.0 0.0 0.0 0.0 
0.0 0.0 0.0 0.0 0.0 0.0 0.0 
0.0 0.0 0.0 0.0 0.0 0.0 0.0 0.0 
0.0 0.0 0.0 0.0 0.0 0.0 0.0 0.0 0.0 
0.0 0.0 0.0 0.0 0.0 0.0 0.0 0.0 0.0 3.0 
0.0 0.0 0.0 0.0 0.0 0.0 0.0 0.0 0.0 3.0 6.0 
0.0 0.0 0.0 0.0 0.0 0.0 0.0 0.0 0.0 3.0 6.0 17.0 
0.0 0.0 0.0 0.0 0.0 0.0 0.0 0.0 0.0 3.0 6.0 17.0 36.0 
0.0 0.0 0.0 0.0 0.0 0.0 0.0 0.0 0.0 3.0 6.0 17.0 36.0 71.0 
0.0 0.0 0.0 0.0 0.0 0.0 0.0 0.0 0.0 3.0 6.0 17.0 36.0 71.0 84.0 
0.0 0.0 0.0 0.0 0.0 0.0 0.0 0.0 0.0 3.0 6.0 17.0 36.0 71.0 84.0 84.0 
0.0 0.0 0.0 0.0 0.0 0.0 0.0 0.0 0.0 3.0 6.0 17.0 36.0 71.0 84.0 84.0 101.0 
0.0 0.0 0.0 0.0 0.0 0.0 0.0 0.0 0.0 3.0 6.0 17.0 36.0 71.0 84.0 84.0 101.0 95.0 
0.0 0.0 0.0 0.0 0.0 0.0 0.0 0.0 0.0 3.0 6.0 17.0 36.0 71.0 84.0 84.0 101.0 95.0 95.0 
0.0 0.0 0.0 0.0 0.0 0.0 0.0 0.0 0.0 3.0 6.0 17.0 36.0 71.0 84.0 84.0 101.0 95.0 95.0 106.0 
0.0 0.0 0.0 0.0 0.0 0.0 0.0 0.0 0.0 3.0 6.0 17.0 36.0 71.0 84.0 84.0 101.0 95.0 95.0 106.0 88.0 
0.0 0.0 0.0 0.0 0.0 0.0 0.0 0.0 0.0 3.0 6.0 17.0 36.0 71.0 84.0 84.0 101.0 95.0 95.0 106.0 88.0 75.0 
0.0 0.0 0.0 0.0 0.0 0.0 0.0 0.0 0.0 3.0 6.0 17.0 36.0 71.0 84.0 84.0 101.0 95.0 95.0 106.0 88.0 75.0 57.0 
0.0 0.0 0.0 0.0 0.0 0.0 0.0 0.0 0.0 3.0 6.0 17.0 36.0 71.0 84.0 84.0 101.0 95.0 95.0 106.0 88.0 75.0 57.0 29.0 
0.0 0.0 0.0 0.0 0.0 0.0 0.0 0.0 0.0 3.0 6.0 17.0 36.0 71.0 84.0 84.0 101.0 95.0 95.0 106.0 88.0 75.0 57.0 29.0 8.0 
0.0 0.0 0.0 0.0 0.0 0.0 0.0 0.0 0.0 3.0 6.0 17.0 36.0 71.0 84.0 84.0 101.0 95.0 95.0 106.0 88.0 75.0 57.0 29.0 8.0 3.0 
0.0 0.0 0.0 0.0 0.0 0.0 0.0 0.0 0.0 3.0 6.0 17.0 36.0 71.0 84.0 84.0 101.0 95.0 95.0 106.0 88.0 75.0 57.0 29.0 8.0 3.0 2.0 
0.0 0.0 0.0 0.0 0.0 0.0 0.0 0.0 0.0 3.0 6.0 17.0 36.0 71.0 84.0 84.0 101.0 95.0 95.0 106.0 88.0 75.0 57.0 29.0 8.0 3.0 2.0 1.0 
0.0 0.0 0.0 0.0 0.0 0.0 0.0 0.0 0.0 3.0 6.0 17.0 36.0 71.0 84.0 84.0 101.0 95.0 95.0 106.0 88.0 75.0 57.0 29.0 8.0 3.0 2.0 1.0 0.0 
0.0 0.0 0.0 0.0 0.0 0.0 0.0 0.0 0.0 3.0 6.0 17.0 36.0 71.0 84.0 84.0 101.0 95.0 95.0 106.0 88.0 75.0 57.0 29.0 8.0 3.0 2.0 1.0 0.0 0.0 
0.0 0.0 0.0 0.0 0.0 0.0 0.0 0.0 0.0 3.0 6.0 17.0 36.0 71.0 84.0 84.0 101.0 95.0 95.0 106.0 88.0 75.0 57.0 29.0 8.0 3.0 2.0 1.0 0.0 0.0 0.0 
0.0 0.0 0.0 0.0 0.0 0.0 0.0 0.0 0.0 3.0 6.0 17.0 36.0 71.0 84.0 84.0 101.0 95.0 95.0 106.0 88.0 75.0 57.0 29.0 8.0 3.0 2.0 1.0 0.0 0.0 0.0 0.0 
0.0 0.0 0.0 0.0 0.0 0.0 0.0 0.0 0.0 3.0 6.0 17.0 36.0 71.0 84.0 84.0 101.0 95.0 95.0 106.0 88.0 75.0 57.0 29.0 8.0 3.0 2.0 1.0 0.0 0.0 0.0 0.0 0.0 
0.0 
0.0 0.0 
0.0 0.0 0.0 
0.0 0.0 0.0 0.0 
0.0 0.0 0.0 0.0 0.0 
0.0 0.0 0.0 0.0 0.0 0.0 
0.0 0.0 0.0 0.0 0.0 0.0 0.0 
0.0 0.0 0.0 0.0 0.0 0.0 0.0 0.0 
0.0 0.0 0.0 0.0 0.0 0.0 0.0 0.0 0.0 
0.0 0.0 0.0 0.0 0.0 0.0 0.0 0.0 0.0 0.0 
0.0 0.0 0.0 0.0 0.0 0.0 0.0 0.0 0.0 0.0 4.0 
0.0 0.0 0.0 0.0 0.0 0.0 0.0 0.0 0.0 0.0 4.0 10.0 
0.0 0.0 0.0 0.0 0.0 0.0 0.0 0.0 0.0 0.0 4.0 10.0 12.0 
0.0 0.0 0.0 0.0 0.0 0.0 0.0 0.0 0.0 0.0 4.0 10.0 12.0 30.0 
0.0 0.0 0.0 0.0 0.0 0.0 0.0 0.0 0.0 0.0 4.0 10.0 12.0 30.0 63.0 
0.0 0.0 0.0 0.0 0.0 0.0 0.0 0.0 0.0 0.0 4.0 10.0 12.0 30.0 63.0 94.0 
0.0 0.0 0.0 0.0 0.0 0.0 0.0 0.0 0.0 0.0 4.0 10.0 12.0 30.0 63.0 94.0 106.0 
0.0 0.0 0.0 0.0 0.0 0.0 0.0 0.0 0.0 0.0 4.0 10.0 12.0 30.0 63.0 94.0 106.0 123.0 
0.0 0.0 0.0 0.0 0.0 0.0 0.0 0.0 0.0 0.0 4.0 10.0 12.0 30.0 63.0 94.0 106.0 123.0 100.0 
0.0 0.0 0.0 0.0 0.0 0.0 0.0 0.0 0.0 0.0 4.0 10.0 12.0 30.0 63.0 94.0 106.0 123.0 100.0 82.0 
0.0 0.0 0.0 0.0 0.0 0.0 0.0 0.0 0.0 0.0 4.0 10.0 12.0 30.0 63.0 94.0 106.0 123.0 100.0 82.0 67.0 
0.0 0.0 0.0 0.0 0.0 0.0 0.0 0.0 0.0 0.0 4.0 10.0 12.0 30.0 63.0 94.0 106.0 123.0 100.0 82.0 67.0 35.0 
0.0 0.0 0.0 0.0 0.0 0.0 0.0 0.0 0.0 0.0 4.0 10.0 12.0 30.0 63.0 94.0 106.0 123.0 100.0 82.0 67.0 35.0 16.0 
0.0 0.0 0.0 0.0 0.0 0.0 0.0 0.0 0.0 0.0 4.0 10.0 12.0 30.0 63.0 94.0 106.0 123.0 100.0 82.0 67.0 35.0 16.0 9.0 
0.0 0.0 0.0 0.0 0.0 0.0 0.0 0.0 0.0 0.0 4.0 10.0 12.0 30.0 63.0 94.0 106.0 123.0 100.0 82.0 67.0 35.0 16.0 9.0 6.0 
0.0 0.0 0.0 0.0 0.0 0.0 0.0 0.0 0.0 0.0 4.0 10.0 12.0 30.0 63.0 94.0 106.0 123.0 100.0 82.0 67.0 35.0 16.0 9.0 6.0 0.0 
0.0 0.0 0.0 0.0 0.0 0.0 0.0 0.0 0.0 0.0 4.0 10.0 12.0 30.0 63.0 94.0 106.0 123.0 100.0 82.0 67.0 35.0 16.0 9.0 6.0 0.0 0.0 
0.0 0.0 0.0 0.0 0.0 0.0 0.0 0.0 0.0 0.0 4.0 10.0 12.0 30.0 63.0 94.0 106.0 123.0 100.0 82.0 67.0 35.0 16.0 9.0 6.0 0.0 0.0 0.0 
0.0 0.0 0.0 0.0 0.0 0.0 0.0 0.0 0.0 0.0 4.0 10.0 12.0 30.0 63.0 94.0 106.0 123.0 100.0 82.0 67.0 35.0 16.0 9.0 6.0 0.0 0.0 0.0 0.0 
0.0 0.0 0.0 0.0 0.0 0.0 0.0 0.0 0.0 0.0 4.0 10.0 12.0 30.0 63.0 94.0 106.0 123.0 100.0 82.0 67.0 35.0 16.0 9.0 6.0 0.0 0.0 0.0 0.0 0.0 
0.0 0.0 0.0 0.0 0.0 0.0 0.0 0.0 0.0 0.0 4.0 10.0 12.0 30.0 63.0 94.0 106.0 123.0 100.0 82.0 67.0 35.0 16.0 9.0 6.0 0.0 0.0 0.0 0.0 0.0 0.0 
0.0 0.0 0.0 0.0 0.0 0.0 0.0 0.0 0.0 0.0 4.0 10.0 12.0 30.0 63.0 94.0 106.0 123.0 100.0 82.0 67.0 35.0 16.0 9.0 6.0 0.0 0.0 0.0 0.0 0.0 0.0 0.0 
0.0 0.0 0.0 0.0 0.0 0.0 0.0 0.0 0.0 0.0 4.0 10.0 12.0 30.0 63.0 94.0 106.0 123.0 100.0 82.0 67.0 35.0 16.0 9.0 6.0 0.0 0.0 0.0 0.0 0.0 0.0 0.0 0.0 
