0.0 
0.0 0.0 
0.0 0.0 0.0 
0.0 0.0 0.0 0.0 
0.0 0.0 0.0 0.0 0.0 
0.0 0.0 0.0 0.0 0.0 0.0 
0.0 0.0 0.0 0.0 0.0 0.0 0.0 
0.0 0.0 0.0 0.0 0.0 0.0 0.0 1.0 
0.0 0.0 0.0 0.0 0.0 0.0 0.0 1.0 2.0 
0.0 0.0 0.0 0.0 0.0 0.0 0.0 1.0 2.0 1.0 
0.0 0.0 0.0 0.0 0.0 0.0 0.0 1.0 2.0 1.0 4.0 
0.0 0.0 0.0 0.0 0.0 0.0 0.0 1.0 2.0 1.0 4.0 13.0 
0.0 0.0 0.0 0.0 0.0 0.0 0.0 1.0 2.0 1.0 4.0 13.0 33.0 
0.0 0.0 0.0 0.0 0.0 0.0 0.0 1.0 2.0 1.0 4.0 13.0 33.0 63.0 
0.0 0.0 0.0 0.0 0.0 0.0 0.0 1.0 2.0 1.0 4.0 13.0 33.0 63.0 82.0 
0.0 0.0 0.0 0.0 0.0 0.0 0.0 1.0 2.0 1.0 4.0 13.0 33.0 63.0 82.0 107.0 
0.0 0.0 0.0 0.0 0.0 0.0 0.0 1.0 2.0 1.0 4.0 13.0 33.0 63.0 82.0 107.0 103.0 
0.0 0.0 0.0 0.0 0.0 0.0 0.0 1.0 2.0 1.0 4.0 13.0 33.0 63.0 82.0 107.0 103.0 114.0 
0.0 0.0 0.0 0.0 0.0 0.0 0.0 1.0 2.0 1.0 4.0 13.0 33.0 63.0 82.0 107.0 103.0 114.0 95.0 
0.0 0.0 0.0 0.0 0.0 0.0 0.0 1.0 2.0 1.0 4.0 13.0 33.0 63.0 82.0 107.0 103.0 114.0 95.0 100.0 
0.0 0.0 0.0 0.0 0.0 0.0 0.0 1.0 2.0 1.0 4.0 13.0 33.0 63.0 82.0 107.0 103.0 114.0 95.0 100.0 76.0 
0.0 0.0 0.0 0.0 0.0 0.0 0.0 1.0 2.0 1.0 4.0 13.0 33.0 63.0 82.0 107.0 103.0 114.0 95.0 100.0 76.0 58.0 
0.0 0.0 0.0 0.0 0.0 0.0 0.0 1.0 2.0 1.0 4.0 13.0 33.0 63.0 82.0 107.0 103.0 114.0 95.0 100.0 76.0 58.0 38.0 
0.0 0.0 0.0 0.0 0.0 0.0 0.0 1.0 2.0 1.0 4.0 13.0 33.0 63.0 82.0 107.0 103.0 114.0 95.0 100.0 76.0 58.0 38.0 19.0 
0.0 0.0 0.0 0.0 0.0 0.0 0.0 1.0 2.0 1.0 4.0 13.0 33.0 63.0 82.0 107.0 103.0 114.0 95.0 100.0 76.0 58.0 38.0 19.0 9.0 
0.0 0.0 0.0 0.0 0.0 0.0 0.0 1.0 2.0 1.0 4.0 13.0 33.0 63.0 82.0 107.0 103.0 114.0 95.0 100.0 76.0 58.0 38.0 19.0 9.0 2.0 
0.0 0.0 0.0 0.0 0.0 0.0 0.0 1.0 2.0 1.0 4.0 13.0 33.0 63.0 82.0 107.0 103.0 114.0 95.0 100.0 76.0 58.0 38.0 19.0 9.0 2.0 1.0 
0.0 0.0 0.0 0.0 0.0 0.0 0.0 1.0 2.0 1.0 4.0 13.0 33.0 63.0 82.0 107.0 103.0 114.0 95.0 100.0 76.0 58.0 38.0 19.0 9.0 2.0 1.0 0.0 
0.0 0.0 0.0 0.0 0.0 0.0 0.0 1.0 2.0 1.0 4.0 13.0 33.0 63.0 82.0 107.0 103.0 114.0 95.0 100.0 76.0 58.0 38.0 19.0 9.0 2.0 1.0 0.0 0.0 
0.0 0.0 0.0 0.0 0.0 0.0 0.0 1.0 2.0 1.0 4.0 13.0 33.0 63.0 82.0 107.0 103.0 114.0 95.0 100.0 76.0 58.0 38.0 19.0 9.0 2.0 1.0 0.0 0.0 0.0 
0.0 0.0 0.0 0.0 0.0 0.0 0.0 1.0 2.0 1.0 4.0 13.0 33.0 63.0 82.0 107.0 103.0 114.0 95.0 100.0 76.0 58.0 38.0 19.0 9.0 2.0 1.0 0.0 0.0 0.0 0.0 
0.0 0.0 0.0 0.0 0.0 0.0 0.0 1.0 2.0 1.0 4.0 13.0 33.0 63.0 82.0 107.0 103.0 114.0 95.0 100.0 76.0 58.0 38.0 19.0 9.0 2.0 1.0 0.0 0.0 0.0 0.0 0.0 
0.0 0.0 0.0 0.0 0.0 0.0 0.0 1.0 2.0 1.0 4.0 13.0 33.0 63.0 82.0 107.0 103.0 114.0 95.0 100.0 76.0 58.0 38.0 19.0 9.0 2.0 1.0 0.0 0.0 0.0 0.0 0.0 0.0 
0.0 
0.0 0.0 
0.0 0.0 0.0 
0.0 0.0 0.0 0.0 
0.0 0.0 0.0 0.0 0.0 
0.0 0.0 0.0 0.0 0.0 0.0 
0.0 0.0 0.0 0.0 0.0 0.0 0.0 
0.0 0.0 0.0 0.0 0.0 0.0 0.0 1.0 
0.0 0.0 0.0 0.0 0.0 0.0 0.0 1.0 1.0 
0.0 0.0 0.0 0.0 0.0 0.0 0.0 1.0 1.0 0.0 
0.0 0.0 0.0 0.0 0.0 0.0 0.0 1.0 1.0 0.0 1.0 
0.0 0.0 0.0 0.0 0.0 0.0 0.0 1.0 1.0 0.0 1.0 7.0 
0.0 0.0 0.0 0.0 0.0 0.0 0.0 1.0 1.0 0.0 1.0 7.0 23.0 
0.0 0.0 0.0 0.0 0.0 0.0 0.0 1.0 1.0 0.0 1.0 7.0 23.0 52.0 
0.0 0.0 0.0 0.0 0.0 0.0 0.0 1.0 1.0 0.0 1.0 7.0 23.0 52.0 71.0 
0.0 0.0 0.0 0.0 0.0 0.0 0.0 1.0 1.0 0.0 1.0 7.0 23.0 52.0 71.0 92.0 
0.0 0.0 0.0 0.0 0.0 0.0 0.0 1.0 1.0 0.0 1.0 7.0 23.0 52.0 71.0 92.0 102.0 
0.0 0.0 0.0 0.0 0.0 0.0 0.0 1.0 1.0 0.0 1.0 7.0 23.0 52.0 71.0 92.0 102.0 108.0 
0.0 0.0 0.0 0.0 0.0 0.0 0.0 1.0 1.0 0.0 1.0 7.0 23.0 52.0 71.0 92.0 102.0 108.0 90.0 
0.0 0.0 0.0 0.0 0.0 0.0 0.0 1.0 1.0 0.0 1.0 7.0 23.0 52.0 71.0 92.0 102.0 108.0 90.0 78.0 
0.0 0.0 0.0 0.0 0.0 0.0 0.0 1.0 1.0 0.0 1.0 7.0 23.0 52.0 71.0 92.0 102.0 108.0 90.0 78.0 50.0 
0.0 0.0 0.0 0.0 0.0 0.0 0.0 1.0 1.0 0.0 1.0 7.0 23.0 52.0 71.0 92.0 102.0 108.0 90.0 78.0 50.0 30.0 
0.0 0.0 0.0 0.0 0.0 0.0 0.0 1.0 1.0 0.0 1.0 7.0 23.0 52.0 71.0 92.0 102.0 108.0 90.0 78.0 50.0 30.0 12.0 
0.0 0.0 0.0 0.0 0.0 0.0 0.0 1.0 1.0 0.0 1.0 7.0 23.0 52.0 71.0 92.0 102.0 108.0 90.0 78.0 50.0 30.0 12.0 6.0 
0.0 0.0 0.0 0.0 0.0 0.0 0.0 1.0 1.0 0.0 1.0 7.0 23.0 52.0 71.0 92.0 102.0 108.0 90.0 78.0 50.0 30.0 12.0 6.0 3.0 
0.0 0.0 0.0 0.0 0.0 0.0 0.0 1.0 1.0 0.0 1.0 7.0 23.0 52.0 71.0 92.0 102.0 108.0 90.0 78.0 50.0 30.0 12.0 6.0 3.0 0.0 
0.0 0.0 0.0 0.0 0.0 0.0 0.0 1.0 1.0 0.0 1.0 7.0 23.0 52.0 71.0 92.0 102.0 108.0 90.0 78.0 50.0 30.0 12.0 6.0 3.0 0.0 0.0 
0.0 0.0 0.0 0.0 0.0 0.0 0.0 1.0 1.0 0.0 1.0 7.0 23.0 52.0 71.0 92.0 102.0 108.0 90.0 78.0 50.0 30.0 12.0 6.0 3.0 0.0 0.0 0.0 
0.0 0.0 0.0 0.0 0.0 0.0 0.0 1.0 1.0 0.0 1.0 7.0 23.0 52.0 71.0 92.0 102.0 108.0 90.0 78.0 50.0 30.0 12.0 6.0 3.0 0.0 0.0 0.0 0.0 
0.0 0.0 0.0 0.0 0.0 0.0 0.0 1.0 1.0 0.0 1.0 7.0 23.0 52.0 71.0 92.0 102.0 108.0 90.0 78.0 50.0 30.0 12.0 6.0 3.0 0.0 0.0 0.0 0.0 0.0 
0.0 0.0 0.0 0.0 0.0 0.0 0.0 1.0 1.0 0.0 1.0 7.0 23.0 52.0 71.0 92.0 102.0 108.0 90.0 78.0 50.0 30.0 12.0 6.0 3.0 0.0 0.0 0.0 0.0 0.0 0.0 
0.0 0.0 0.0 0.0 0.0 0.0 0.0 1.0 1.0 0.0 1.0 7.0 23.0 52.0 71.0 92.0 102.0 108.0 90.0 78.0 50.0 30.0 12.0 6.0 3.0 0.0 0.0 0.0 0.0 0.0 0.0 0.0 
0.0 0.0 0.0 0.0 0.0 0.0 0.0 1.0 1.0 0.0 1.0 7.0 23.0 52.0 71.0 92.0 102.0 108.0 90.0 78.0 50.0 30.0 12.0 6.0 3.0 0.0 0.0 0.0 0.0 0.0 0.0 0.0 0.0 
