0.0 
0.0 0.0 
0.0 0.0 0.0 
0.0 0.0 0.0 0.0 
0.0 0.0 0.0 0.0 0.0 
0.0 0.0 0.0 0.0 0.0 0.0 
0.0 0.0 0.0 0.0 0.0 0.0 0.0 
0.0 0.0 0.0 0.0 0.0 0.0 0.0 3.0 
0.0 0.0 0.0 0.0 0.0 0.0 0.0 3.0 4.0 
0.0 0.0 0.0 0.0 0.0 0.0 0.0 3.0 4.0 7.0 
0.0 0.0 0.0 0.0 0.0 0.0 0.0 3.0 4.0 7.0 15.0 
0.0 0.0 0.0 0.0 0.0 0.0 0.0 3.0 4.0 7.0 15.0 26.0 
0.0 0.0 0.0 0.0 0.0 0.0 0.0 3.0 4.0 7.0 15.0 26.0 41.0 
0.0 0.0 0.0 0.0 0.0 0.0 0.0 3.0 4.0 7.0 15.0 26.0 41.0 64.0 
0.0 0.0 0.0 0.0 0.0 0.0 0.0 3.0 4.0 7.0 15.0 26.0 41.0 64.0 92.0 
0.0 0.0 0.0 0.0 0.0 0.0 0.0 3.0 4.0 7.0 15.0 26.0 41.0 64.0 92.0 98.0 
0.0 0.0 0.0 0.0 0.0 0.0 0.0 3.0 4.0 7.0 15.0 26.0 41.0 64.0 92.0 98.0 105.0 
0.0 0.0 0.0 0.0 0.0 0.0 0.0 3.0 4.0 7.0 15.0 26.0 41.0 64.0 92.0 98.0 105.0 103.0 
0.0 0.0 0.0 0.0 0.0 0.0 0.0 3.0 4.0 7.0 15.0 26.0 41.0 64.0 92.0 98.0 105.0 103.0 112.0 
0.0 0.0 0.0 0.0 0.0 0.0 0.0 3.0 4.0 7.0 15.0 26.0 41.0 64.0 92.0 98.0 105.0 103.0 112.0 106.0 
0.0 0.0 0.0 0.0 0.0 0.0 0.0 3.0 4.0 7.0 15.0 26.0 41.0 64.0 92.0 98.0 105.0 103.0 112.0 106.0 94.0 
0.0 0.0 0.0 0.0 0.0 0.0 0.0 3.0 4.0 7.0 15.0 26.0 41.0 64.0 92.0 98.0 105.0 103.0 112.0 106.0 94.0 72.0 
0.0 0.0 0.0 0.0 0.0 0.0 0.0 3.0 4.0 7.0 15.0 26.0 41.0 64.0 92.0 98.0 105.0 103.0 112.0 106.0 94.0 72.0 57.0 
0.0 0.0 0.0 0.0 0.0 0.0 0.0 3.0 4.0 7.0 15.0 26.0 41.0 64.0 92.0 98.0 105.0 103.0 112.0 106.0 94.0 72.0 57.0 31.0 
0.0 0.0 0.0 0.0 0.0 0.0 0.0 3.0 4.0 7.0 15.0 26.0 41.0 64.0 92.0 98.0 105.0 103.0 112.0 106.0 94.0 72.0 57.0 31.0 9.0 
0.0 0.0 0.0 0.0 0.0 0.0 0.0 3.0 4.0 7.0 15.0 26.0 41.0 64.0 92.0 98.0 105.0 103.0 112.0 106.0 94.0 72.0 57.0 31.0 9.0 9.0 
0.0 0.0 0.0 0.0 0.0 0.0 0.0 3.0 4.0 7.0 15.0 26.0 41.0 64.0 92.0 98.0 105.0 103.0 112.0 106.0 94.0 72.0 57.0 31.0 9.0 9.0 5.0 
0.0 0.0 0.0 0.0 0.0 0.0 0.0 3.0 4.0 7.0 15.0 26.0 41.0 64.0 92.0 98.0 105.0 103.0 112.0 106.0 94.0 72.0 57.0 31.0 9.0 9.0 5.0 3.0 
0.0 0.0 0.0 0.0 0.0 0.0 0.0 3.0 4.0 7.0 15.0 26.0 41.0 64.0 92.0 98.0 105.0 103.0 112.0 106.0 94.0 72.0 57.0 31.0 9.0 9.0 5.0 3.0 2.0 
0.0 0.0 0.0 0.0 0.0 0.0 0.0 3.0 4.0 7.0 15.0 26.0 41.0 64.0 92.0 98.0 105.0 103.0 112.0 106.0 94.0 72.0 57.0 31.0 9.0 9.0 5.0 3.0 2.0 1.0 
0.0 0.0 0.0 0.0 0.0 0.0 0.0 3.0 4.0 7.0 15.0 26.0 41.0 64.0 92.0 98.0 105.0 103.0 112.0 106.0 94.0 72.0 57.0 31.0 9.0 9.0 5.0 3.0 2.0 1.0 0.0 
0.0 0.0 0.0 0.0 0.0 0.0 0.0 3.0 4.0 7.0 15.0 26.0 41.0 64.0 92.0 98.0 105.0 103.0 112.0 106.0 94.0 72.0 57.0 31.0 9.0 9.0 5.0 3.0 2.0 1.0 0.0 0.0 
0.0 0.0 0.0 0.0 0.0 0.0 0.0 3.0 4.0 7.0 15.0 26.0 41.0 64.0 92.0 98.0 105.0 103.0 112.0 106.0 94.0 72.0 57.0 31.0 9.0 9.0 5.0 3.0 2.0 1.0 0.0 0.0 1.0 
0.0 
0.0 0.0 
0.0 0.0 0.0 
0.0 0.0 0.0 0.0 
0.0 0.0 0.0 0.0 0.0 
0.0 0.0 0.0 0.0 0.0 0.0 
0.0 0.0 0.0 0.0 0.0 0.0 0.0 
0.0 0.0 0.0 0.0 0.0 0.0 0.0 0.0 
0.0 0.0 0.0 0.0 0.0 0.0 0.0 0.0 1.0 
0.0 0.0 0.0 0.0 0.0 0.0 0.0 0.0 1.0 6.0 
0.0 0.0 0.0 0.0 0.0 0.0 0.0 0.0 1.0 6.0 15.0 
0.0 0.0 0.0 0.0 0.0 0.0 0.0 0.0 1.0 6.0 15.0 19.0 
0.0 0.0 0.0 0.0 0.0 0.0 0.0 0.0 1.0 6.0 15.0 19.0 30.0 
0.0 0.0 0.0 0.0 0.0 0.0 0.0 0.0 1.0 6.0 15.0 19.0 30.0 51.0 
0.0 0.0 0.0 0.0 0.0 0.0 0.0 0.0 1.0 6.0 15.0 19.0 30.0 51.0 62.0 
0.0 0.0 0.0 0.0 0.0 0.0 0.0 0.0 1.0 6.0 15.0 19.0 30.0 51.0 62.0 98.0 
0.0 0.0 0.0 0.0 0.0 0.0 0.0 0.0 1.0 6.0 15.0 19.0 30.0 51.0 62.0 98.0 100.0 
0.0 0.0 0.0 0.0 0.0 0.0 0.0 0.0 1.0 6.0 15.0 19.0 30.0 51.0 62.0 98.0 100.0 102.0 
0.0 0.0 0.0 0.0 0.0 0.0 0.0 0.0 1.0 6.0 15.0 19.0 30.0 51.0 62.0 98.0 100.0 102.0 114.0 
0.0 0.0 0.0 0.0 0.0 0.0 0.0 0.0 1.0 6.0 15.0 19.0 30.0 51.0 62.0 98.0 100.0 102.0 114.0 77.0 
0.0 0.0 0.0 0.0 0.0 0.0 0.0 0.0 1.0 6.0 15.0 19.0 30.0 51.0 62.0 98.0 100.0 102.0 114.0 77.0 62.0 
0.0 0.0 0.0 0.0 0.0 0.0 0.0 0.0 1.0 6.0 15.0 19.0 30.0 51.0 62.0 98.0 100.0 102.0 114.0 77.0 62.0 41.0 
0.0 0.0 0.0 0.0 0.0 0.0 0.0 0.0 1.0 6.0 15.0 19.0 30.0 51.0 62.0 98.0 100.0 102.0 114.0 77.0 62.0 41.0 30.0 
0.0 0.0 0.0 0.0 0.0 0.0 0.0 0.0 1.0 6.0 15.0 19.0 30.0 51.0 62.0 98.0 100.0 102.0 114.0 77.0 62.0 41.0 30.0 12.0 
0.0 0.0 0.0 0.0 0.0 0.0 0.0 0.0 1.0 6.0 15.0 19.0 30.0 51.0 62.0 98.0 100.0 102.0 114.0 77.0 62.0 41.0 30.0 12.0 8.0 
0.0 0.0 0.0 0.0 0.0 0.0 0.0 0.0 1.0 6.0 15.0 19.0 30.0 51.0 62.0 98.0 100.0 102.0 114.0 77.0 62.0 41.0 30.0 12.0 8.0 4.0 
0.0 0.0 0.0 0.0 0.0 0.0 0.0 0.0 1.0 6.0 15.0 19.0 30.0 51.0 62.0 98.0 100.0 102.0 114.0 77.0 62.0 41.0 30.0 12.0 8.0 4.0 3.0 
0.0 0.0 0.0 0.0 0.0 0.0 0.0 0.0 1.0 6.0 15.0 19.0 30.0 51.0 62.0 98.0 100.0 102.0 114.0 77.0 62.0 41.0 30.0 12.0 8.0 4.0 3.0 2.0 
0.0 0.0 0.0 0.0 0.0 0.0 0.0 0.0 1.0 6.0 15.0 19.0 30.0 51.0 62.0 98.0 100.0 102.0 114.0 77.0 62.0 41.0 30.0 12.0 8.0 4.0 3.0 2.0 0.0 
0.0 0.0 0.0 0.0 0.0 0.0 0.0 0.0 1.0 6.0 15.0 19.0 30.0 51.0 62.0 98.0 100.0 102.0 114.0 77.0 62.0 41.0 30.0 12.0 8.0 4.0 3.0 2.0 0.0 0.0 
0.0 0.0 0.0 0.0 0.0 0.0 0.0 0.0 1.0 6.0 15.0 19.0 30.0 51.0 62.0 98.0 100.0 102.0 114.0 77.0 62.0 41.0 30.0 12.0 8.0 4.0 3.0 2.0 0.0 0.0 0.0 
0.0 0.0 0.0 0.0 0.0 0.0 0.0 0.0 1.0 6.0 15.0 19.0 30.0 51.0 62.0 98.0 100.0 102.0 114.0 77.0 62.0 41.0 30.0 12.0 8.0 4.0 3.0 2.0 0.0 0.0 0.0 0.0 
0.0 0.0 0.0 0.0 0.0 0.0 0.0 0.0 1.0 6.0 15.0 19.0 30.0 51.0 62.0 98.0 100.0 102.0 114.0 77.0 62.0 41.0 30.0 12.0 8.0 4.0 3.0 2.0 0.0 0.0 0.0 0.0 0.0 
