0.0 
0.0 0.0 
0.0 0.0 0.0 
0.0 0.0 0.0 0.0 
0.0 0.0 0.0 0.0 0.0 
0.0 0.0 0.0 0.0 0.0 0.0 
0.0 0.0 0.0 0.0 0.0 0.0 1.0 
0.0 0.0 0.0 0.0 0.0 0.0 1.0 2.0 
0.0 0.0 0.0 0.0 0.0 0.0 1.0 2.0 2.0 
0.0 0.0 0.0 0.0 0.0 0.0 1.0 2.0 2.0 2.0 
0.0 0.0 0.0 0.0 0.0 0.0 1.0 2.0 2.0 2.0 12.0 
0.0 0.0 0.0 0.0 0.0 0.0 1.0 2.0 2.0 2.0 12.0 23.0 
0.0 0.0 0.0 0.0 0.0 0.0 1.0 2.0 2.0 2.0 12.0 23.0 56.0 
0.0 0.0 0.0 0.0 0.0 0.0 1.0 2.0 2.0 2.0 12.0 23.0 56.0 76.0 
0.0 0.0 0.0 0.0 0.0 0.0 1.0 2.0 2.0 2.0 12.0 23.0 56.0 76.0 79.0 
0.0 0.0 0.0 0.0 0.0 0.0 1.0 2.0 2.0 2.0 12.0 23.0 56.0 76.0 79.0 105.0 
0.0 0.0 0.0 0.0 0.0 0.0 1.0 2.0 2.0 2.0 12.0 23.0 56.0 76.0 79.0 105.0 99.0 
0.0 0.0 0.0 0.0 0.0 0.0 1.0 2.0 2.0 2.0 12.0 23.0 56.0 76.0 79.0 105.0 99.0 102.0 
0.0 0.0 0.0 0.0 0.0 0.0 1.0 2.0 2.0 2.0 12.0 23.0 56.0 76.0 79.0 105.0 99.0 102.0 107.0 
0.0 0.0 0.0 0.0 0.0 0.0 1.0 2.0 2.0 2.0 12.0 23.0 56.0 76.0 79.0 105.0 99.0 102.0 107.0 93.0 
0.0 0.0 0.0 0.0 0.0 0.0 1.0 2.0 2.0 2.0 12.0 23.0 56.0 76.0 79.0 105.0 99.0 102.0 107.0 93.0 77.0 
0.0 0.0 0.0 0.0 0.0 0.0 1.0 2.0 2.0 2.0 12.0 23.0 56.0 76.0 79.0 105.0 99.0 102.0 107.0 93.0 77.0 71.0 
0.0 0.0 0.0 0.0 0.0 0.0 1.0 2.0 2.0 2.0 12.0 23.0 56.0 76.0 79.0 105.0 99.0 102.0 107.0 93.0 77.0 71.0 35.0 
0.0 0.0 0.0 0.0 0.0 0.0 1.0 2.0 2.0 2.0 12.0 23.0 56.0 76.0 79.0 105.0 99.0 102.0 107.0 93.0 77.0 71.0 35.0 16.0 
0.0 0.0 0.0 0.0 0.0 0.0 1.0 2.0 2.0 2.0 12.0 23.0 56.0 76.0 79.0 105.0 99.0 102.0 107.0 93.0 77.0 71.0 35.0 16.0 15.0 
0.0 0.0 0.0 0.0 0.0 0.0 1.0 2.0 2.0 2.0 12.0 23.0 56.0 76.0 79.0 105.0 99.0 102.0 107.0 93.0 77.0 71.0 35.0 16.0 15.0 15.0 
0.0 0.0 0.0 0.0 0.0 0.0 1.0 2.0 2.0 2.0 12.0 23.0 56.0 76.0 79.0 105.0 99.0 102.0 107.0 93.0 77.0 71.0 35.0 16.0 15.0 15.0 5.0 
0.0 0.0 0.0 0.0 0.0 0.0 1.0 2.0 2.0 2.0 12.0 23.0 56.0 76.0 79.0 105.0 99.0 102.0 107.0 93.0 77.0 71.0 35.0 16.0 15.0 15.0 5.0 1.0 
0.0 0.0 0.0 0.0 0.0 0.0 1.0 2.0 2.0 2.0 12.0 23.0 56.0 76.0 79.0 105.0 99.0 102.0 107.0 93.0 77.0 71.0 35.0 16.0 15.0 15.0 5.0 1.0 0.0 
0.0 0.0 0.0 0.0 0.0 0.0 1.0 2.0 2.0 2.0 12.0 23.0 56.0 76.0 79.0 105.0 99.0 102.0 107.0 93.0 77.0 71.0 35.0 16.0 15.0 15.0 5.0 1.0 0.0 1.0 
0.0 0.0 0.0 0.0 0.0 0.0 1.0 2.0 2.0 2.0 12.0 23.0 56.0 76.0 79.0 105.0 99.0 102.0 107.0 93.0 77.0 71.0 35.0 16.0 15.0 15.0 5.0 1.0 0.0 1.0 0.0 
0.0 0.0 0.0 0.0 0.0 0.0 1.0 2.0 2.0 2.0 12.0 23.0 56.0 76.0 79.0 105.0 99.0 102.0 107.0 93.0 77.0 71.0 35.0 16.0 15.0 15.0 5.0 1.0 0.0 1.0 0.0 0.0 
0.0 0.0 0.0 0.0 0.0 0.0 1.0 2.0 2.0 2.0 12.0 23.0 56.0 76.0 79.0 105.0 99.0 102.0 107.0 93.0 77.0 71.0 35.0 16.0 15.0 15.0 5.0 1.0 0.0 1.0 0.0 0.0 0.0 
0.0 
0.0 0.0 
0.0 0.0 0.0 
0.0 0.0 0.0 0.0 
0.0 0.0 0.0 0.0 0.0 
0.0 0.0 0.0 0.0 0.0 0.0 
0.0 0.0 0.0 0.0 0.0 0.0 0.0 
0.0 0.0 0.0 0.0 0.0 0.0 0.0 0.0 
0.0 0.0 0.0 0.0 0.0 0.0 0.0 0.0 1.0 
0.0 0.0 0.0 0.0 0.0 0.0 0.0 0.0 1.0 1.0 
0.0 0.0 0.0 0.0 0.0 0.0 0.0 0.0 1.0 1.0 7.0 
0.0 0.0 0.0 0.0 0.0 0.0 0.0 0.0 1.0 1.0 7.0 12.0 
0.0 0.0 0.0 0.0 0.0 0.0 0.0 0.0 1.0 1.0 7.0 12.0 21.0 
0.0 0.0 0.0 0.0 0.0 0.0 0.0 0.0 1.0 1.0 7.0 12.0 21.0 49.0 
0.0 0.0 0.0 0.0 0.0 0.0 0.0 0.0 1.0 1.0 7.0 12.0 21.0 49.0 71.0 
0.0 0.0 0.0 0.0 0.0 0.0 0.0 0.0 1.0 1.0 7.0 12.0 21.0 49.0 71.0 110.0 
0.0 0.0 0.0 0.0 0.0 0.0 0.0 0.0 1.0 1.0 7.0 12.0 21.0 49.0 71.0 110.0 102.0 
0.0 0.0 0.0 0.0 0.0 0.0 0.0 0.0 1.0 1.0 7.0 12.0 21.0 49.0 71.0 110.0 102.0 110.0 
0.0 0.0 0.0 0.0 0.0 0.0 0.0 0.0 1.0 1.0 7.0 12.0 21.0 49.0 71.0 110.0 102.0 110.0 94.0 
0.0 0.0 0.0 0.0 0.0 0.0 0.0 0.0 1.0 1.0 7.0 12.0 21.0 49.0 71.0 110.0 102.0 110.0 94.0 84.0 
0.0 0.0 0.0 0.0 0.0 0.0 0.0 0.0 1.0 1.0 7.0 12.0 21.0 49.0 71.0 110.0 102.0 110.0 94.0 84.0 63.0 
0.0 0.0 0.0 0.0 0.0 0.0 0.0 0.0 1.0 1.0 7.0 12.0 21.0 49.0 71.0 110.0 102.0 110.0 94.0 84.0 63.0 40.0 
0.0 0.0 0.0 0.0 0.0 0.0 0.0 0.0 1.0 1.0 7.0 12.0 21.0 49.0 71.0 110.0 102.0 110.0 94.0 84.0 63.0 40.0 24.0 
0.0 0.0 0.0 0.0 0.0 0.0 0.0 0.0 1.0 1.0 7.0 12.0 21.0 49.0 71.0 110.0 102.0 110.0 94.0 84.0 63.0 40.0 24.0 8.0 
0.0 0.0 0.0 0.0 0.0 0.0 0.0 0.0 1.0 1.0 7.0 12.0 21.0 49.0 71.0 110.0 102.0 110.0 94.0 84.0 63.0 40.0 24.0 8.0 5.0 
0.0 0.0 0.0 0.0 0.0 0.0 0.0 0.0 1.0 1.0 7.0 12.0 21.0 49.0 71.0 110.0 102.0 110.0 94.0 84.0 63.0 40.0 24.0 8.0 5.0 3.0 
0.0 0.0 0.0 0.0 0.0 0.0 0.0 0.0 1.0 1.0 7.0 12.0 21.0 49.0 71.0 110.0 102.0 110.0 94.0 84.0 63.0 40.0 24.0 8.0 5.0 3.0 2.0 
0.0 0.0 0.0 0.0 0.0 0.0 0.0 0.0 1.0 1.0 7.0 12.0 21.0 49.0 71.0 110.0 102.0 110.0 94.0 84.0 63.0 40.0 24.0 8.0 5.0 3.0 2.0 0.0 
0.0 0.0 0.0 0.0 0.0 0.0 0.0 0.0 1.0 1.0 7.0 12.0 21.0 49.0 71.0 110.0 102.0 110.0 94.0 84.0 63.0 40.0 24.0 8.0 5.0 3.0 2.0 0.0 0.0 
0.0 0.0 0.0 0.0 0.0 0.0 0.0 0.0 1.0 1.0 7.0 12.0 21.0 49.0 71.0 110.0 102.0 110.0 94.0 84.0 63.0 40.0 24.0 8.0 5.0 3.0 2.0 0.0 0.0 0.0 
0.0 0.0 0.0 0.0 0.0 0.0 0.0 0.0 1.0 1.0 7.0 12.0 21.0 49.0 71.0 110.0 102.0 110.0 94.0 84.0 63.0 40.0 24.0 8.0 5.0 3.0 2.0 0.0 0.0 0.0 0.0 
0.0 0.0 0.0 0.0 0.0 0.0 0.0 0.0 1.0 1.0 7.0 12.0 21.0 49.0 71.0 110.0 102.0 110.0 94.0 84.0 63.0 40.0 24.0 8.0 5.0 3.0 2.0 0.0 0.0 0.0 0.0 0.0 
0.0 0.0 0.0 0.0 0.0 0.0 0.0 0.0 1.0 1.0 7.0 12.0 21.0 49.0 71.0 110.0 102.0 110.0 94.0 84.0 63.0 40.0 24.0 8.0 5.0 3.0 2.0 0.0 0.0 0.0 0.0 0.0 0.0 
