0.0 
0.0 1.0 
0.0 1.0 1.0 
0.0 1.0 1.0 0.0 
0.0 1.0 1.0 0.0 0.0 
0.0 1.0 1.0 0.0 0.0 1.0 
0.0 1.0 1.0 0.0 0.0 1.0 0.0 
0.0 1.0 1.0 0.0 0.0 1.0 0.0 3.0 
0.0 1.0 1.0 0.0 0.0 1.0 0.0 3.0 3.0 
0.0 1.0 1.0 0.0 0.0 1.0 0.0 3.0 3.0 6.0 
0.0 1.0 1.0 0.0 0.0 1.0 0.0 3.0 3.0 6.0 14.0 
0.0 1.0 1.0 0.0 0.0 1.0 0.0 3.0 3.0 6.0 14.0 20.0 
0.0 1.0 1.0 0.0 0.0 1.0 0.0 3.0 3.0 6.0 14.0 20.0 48.0 
0.0 1.0 1.0 0.0 0.0 1.0 0.0 3.0 3.0 6.0 14.0 20.0 48.0 71.0 
0.0 1.0 1.0 0.0 0.0 1.0 0.0 3.0 3.0 6.0 14.0 20.0 48.0 71.0 88.0 
0.0 1.0 1.0 0.0 0.0 1.0 0.0 3.0 3.0 6.0 14.0 20.0 48.0 71.0 88.0 104.0 
0.0 1.0 1.0 0.0 0.0 1.0 0.0 3.0 3.0 6.0 14.0 20.0 48.0 71.0 88.0 104.0 101.0 
0.0 1.0 1.0 0.0 0.0 1.0 0.0 3.0 3.0 6.0 14.0 20.0 48.0 71.0 88.0 104.0 101.0 116.0 
0.0 1.0 1.0 0.0 0.0 1.0 0.0 3.0 3.0 6.0 14.0 20.0 48.0 71.0 88.0 104.0 101.0 116.0 112.0 
0.0 1.0 1.0 0.0 0.0 1.0 0.0 3.0 3.0 6.0 14.0 20.0 48.0 71.0 88.0 104.0 101.0 116.0 112.0 103.0 
0.0 1.0 1.0 0.0 0.0 1.0 0.0 3.0 3.0 6.0 14.0 20.0 48.0 71.0 88.0 104.0 101.0 116.0 112.0 103.0 100.0 
0.0 1.0 1.0 0.0 0.0 1.0 0.0 3.0 3.0 6.0 14.0 20.0 48.0 71.0 88.0 104.0 101.0 116.0 112.0 103.0 100.0 69.0 
0.0 1.0 1.0 0.0 0.0 1.0 0.0 3.0 3.0 6.0 14.0 20.0 48.0 71.0 88.0 104.0 101.0 116.0 112.0 103.0 100.0 69.0 54.0 
0.0 1.0 1.0 0.0 0.0 1.0 0.0 3.0 3.0 6.0 14.0 20.0 48.0 71.0 88.0 104.0 101.0 116.0 112.0 103.0 100.0 69.0 54.0 27.0 
0.0 1.0 1.0 0.0 0.0 1.0 0.0 3.0 3.0 6.0 14.0 20.0 48.0 71.0 88.0 104.0 101.0 116.0 112.0 103.0 100.0 69.0 54.0 27.0 16.0 
0.0 1.0 1.0 0.0 0.0 1.0 0.0 3.0 3.0 6.0 14.0 20.0 48.0 71.0 88.0 104.0 101.0 116.0 112.0 103.0 100.0 69.0 54.0 27.0 16.0 8.0 
0.0 1.0 1.0 0.0 0.0 1.0 0.0 3.0 3.0 6.0 14.0 20.0 48.0 71.0 88.0 104.0 101.0 116.0 112.0 103.0 100.0 69.0 54.0 27.0 16.0 8.0 1.0 
0.0 1.0 1.0 0.0 0.0 1.0 0.0 3.0 3.0 6.0 14.0 20.0 48.0 71.0 88.0 104.0 101.0 116.0 112.0 103.0 100.0 69.0 54.0 27.0 16.0 8.0 1.0 0.0 
0.0 1.0 1.0 0.0 0.0 1.0 0.0 3.0 3.0 6.0 14.0 20.0 48.0 71.0 88.0 104.0 101.0 116.0 112.0 103.0 100.0 69.0 54.0 27.0 16.0 8.0 1.0 0.0 0.0 
0.0 1.0 1.0 0.0 0.0 1.0 0.0 3.0 3.0 6.0 14.0 20.0 48.0 71.0 88.0 104.0 101.0 116.0 112.0 103.0 100.0 69.0 54.0 27.0 16.0 8.0 1.0 0.0 0.0 0.0 
0.0 1.0 1.0 0.0 0.0 1.0 0.0 3.0 3.0 6.0 14.0 20.0 48.0 71.0 88.0 104.0 101.0 116.0 112.0 103.0 100.0 69.0 54.0 27.0 16.0 8.0 1.0 0.0 0.0 0.0 0.0 
0.0 1.0 1.0 0.0 0.0 1.0 0.0 3.0 3.0 6.0 14.0 20.0 48.0 71.0 88.0 104.0 101.0 116.0 112.0 103.0 100.0 69.0 54.0 27.0 16.0 8.0 1.0 0.0 0.0 0.0 0.0 0.0 
0.0 1.0 1.0 0.0 0.0 1.0 0.0 3.0 3.0 6.0 14.0 20.0 48.0 71.0 88.0 104.0 101.0 116.0 112.0 103.0 100.0 69.0 54.0 27.0 16.0 8.0 1.0 0.0 0.0 0.0 0.0 0.0 0.0 
0.0 
0.0 0.0 
0.0 0.0 0.0 
0.0 0.0 0.0 0.0 
0.0 0.0 0.0 0.0 0.0 
0.0 0.0 0.0 0.0 0.0 0.0 
0.0 0.0 0.0 0.0 0.0 0.0 0.0 
0.0 0.0 0.0 0.0 0.0 0.0 0.0 1.0 
0.0 0.0 0.0 0.0 0.0 0.0 0.0 1.0 4.0 
0.0 0.0 0.0 0.0 0.0 0.0 0.0 1.0 4.0 6.0 
0.0 0.0 0.0 0.0 0.0 0.0 0.0 1.0 4.0 6.0 14.0 
0.0 0.0 0.0 0.0 0.0 0.0 0.0 1.0 4.0 6.0 14.0 18.0 
0.0 0.0 0.0 0.0 0.0 0.0 0.0 1.0 4.0 6.0 14.0 18.0 22.0 
0.0 0.0 0.0 0.0 0.0 0.0 0.0 1.0 4.0 6.0 14.0 18.0 22.0 43.0 
0.0 0.0 0.0 0.0 0.0 0.0 0.0 1.0 4.0 6.0 14.0 18.0 22.0 43.0 71.0 
0.0 0.0 0.0 0.0 0.0 0.0 0.0 1.0 4.0 6.0 14.0 18.0 22.0 43.0 71.0 102.0 
0.0 0.0 0.0 0.0 0.0 0.0 0.0 1.0 4.0 6.0 14.0 18.0 22.0 43.0 71.0 102.0 106.0 
0.0 0.0 0.0 0.0 0.0 0.0 0.0 1.0 4.0 6.0 14.0 18.0 22.0 43.0 71.0 102.0 106.0 102.0 
0.0 0.0 0.0 0.0 0.0 0.0 0.0 1.0 4.0 6.0 14.0 18.0 22.0 43.0 71.0 102.0 106.0 102.0 92.0 
0.0 0.0 0.0 0.0 0.0 0.0 0.0 1.0 4.0 6.0 14.0 18.0 22.0 43.0 71.0 102.0 106.0 102.0 92.0 89.0 
0.0 0.0 0.0 0.0 0.0 0.0 0.0 1.0 4.0 6.0 14.0 18.0 22.0 43.0 71.0 102.0 106.0 102.0 92.0 89.0 75.0 
0.0 0.0 0.0 0.0 0.0 0.0 0.0 1.0 4.0 6.0 14.0 18.0 22.0 43.0 71.0 102.0 106.0 102.0 92.0 89.0 75.0 46.0 
0.0 0.0 0.0 0.0 0.0 0.0 0.0 1.0 4.0 6.0 14.0 18.0 22.0 43.0 71.0 102.0 106.0 102.0 92.0 89.0 75.0 46.0 24.0 
0.0 0.0 0.0 0.0 0.0 0.0 0.0 1.0 4.0 6.0 14.0 18.0 22.0 43.0 71.0 102.0 106.0 102.0 92.0 89.0 75.0 46.0 24.0 14.0 
0.0 0.0 0.0 0.0 0.0 0.0 0.0 1.0 4.0 6.0 14.0 18.0 22.0 43.0 71.0 102.0 106.0 102.0 92.0 89.0 75.0 46.0 24.0 14.0 5.0 
0.0 0.0 0.0 0.0 0.0 0.0 0.0 1.0 4.0 6.0 14.0 18.0 22.0 43.0 71.0 102.0 106.0 102.0 92.0 89.0 75.0 46.0 24.0 14.0 5.0 2.0 
0.0 0.0 0.0 0.0 0.0 0.0 0.0 1.0 4.0 6.0 14.0 18.0 22.0 43.0 71.0 102.0 106.0 102.0 92.0 89.0 75.0 46.0 24.0 14.0 5.0 2.0 1.0 
0.0 0.0 0.0 0.0 0.0 0.0 0.0 1.0 4.0 6.0 14.0 18.0 22.0 43.0 71.0 102.0 106.0 102.0 92.0 89.0 75.0 46.0 24.0 14.0 5.0 2.0 1.0 0.0 
0.0 0.0 0.0 0.0 0.0 0.0 0.0 1.0 4.0 6.0 14.0 18.0 22.0 43.0 71.0 102.0 106.0 102.0 92.0 89.0 75.0 46.0 24.0 14.0 5.0 2.0 1.0 0.0 0.0 
0.0 0.0 0.0 0.0 0.0 0.0 0.0 1.0 4.0 6.0 14.0 18.0 22.0 43.0 71.0 102.0 106.0 102.0 92.0 89.0 75.0 46.0 24.0 14.0 5.0 2.0 1.0 0.0 0.0 0.0 
0.0 0.0 0.0 0.0 0.0 0.0 0.0 1.0 4.0 6.0 14.0 18.0 22.0 43.0 71.0 102.0 106.0 102.0 92.0 89.0 75.0 46.0 24.0 14.0 5.0 2.0 1.0 0.0 0.0 0.0 0.0 
0.0 0.0 0.0 0.0 0.0 0.0 0.0 1.0 4.0 6.0 14.0 18.0 22.0 43.0 71.0 102.0 106.0 102.0 92.0 89.0 75.0 46.0 24.0 14.0 5.0 2.0 1.0 0.0 0.0 0.0 0.0 0.0 
0.0 0.0 0.0 0.0 0.0 0.0 0.0 1.0 4.0 6.0 14.0 18.0 22.0 43.0 71.0 102.0 106.0 102.0 92.0 89.0 75.0 46.0 24.0 14.0 5.0 2.0 1.0 0.0 0.0 0.0 0.0 0.0 0.0 
