0.0 
0.0 0.0 
0.0 0.0 0.0 
0.0 0.0 0.0 0.0 
0.0 0.0 0.0 0.0 0.0 
0.0 0.0 0.0 0.0 0.0 0.0 
0.0 0.0 0.0 0.0 0.0 0.0 0.0 
0.0 0.0 0.0 0.0 0.0 0.0 0.0 0.0 
0.0 0.0 0.0 0.0 0.0 0.0 0.0 0.0 1.0 
0.0 0.0 0.0 0.0 0.0 0.0 0.0 0.0 1.0 7.0 
0.0 0.0 0.0 0.0 0.0 0.0 0.0 0.0 1.0 7.0 11.0 
0.0 0.0 0.0 0.0 0.0 0.0 0.0 0.0 1.0 7.0 11.0 23.0 
0.0 0.0 0.0 0.0 0.0 0.0 0.0 0.0 1.0 7.0 11.0 23.0 48.0 
0.0 0.0 0.0 0.0 0.0 0.0 0.0 0.0 1.0 7.0 11.0 23.0 48.0 71.0 
0.0 0.0 0.0 0.0 0.0 0.0 0.0 0.0 1.0 7.0 11.0 23.0 48.0 71.0 76.0 
0.0 0.0 0.0 0.0 0.0 0.0 0.0 0.0 1.0 7.0 11.0 23.0 48.0 71.0 76.0 94.0 
0.0 0.0 0.0 0.0 0.0 0.0 0.0 0.0 1.0 7.0 11.0 23.0 48.0 71.0 76.0 94.0 113.0 
0.0 0.0 0.0 0.0 0.0 0.0 0.0 0.0 1.0 7.0 11.0 23.0 48.0 71.0 76.0 94.0 113.0 103.0 
0.0 0.0 0.0 0.0 0.0 0.0 0.0 0.0 1.0 7.0 11.0 23.0 48.0 71.0 76.0 94.0 113.0 103.0 98.0 
0.0 0.0 0.0 0.0 0.0 0.0 0.0 0.0 1.0 7.0 11.0 23.0 48.0 71.0 76.0 94.0 113.0 103.0 98.0 88.0 
0.0 0.0 0.0 0.0 0.0 0.0 0.0 0.0 1.0 7.0 11.0 23.0 48.0 71.0 76.0 94.0 113.0 103.0 98.0 88.0 89.0 
0.0 0.0 0.0 0.0 0.0 0.0 0.0 0.0 1.0 7.0 11.0 23.0 48.0 71.0 76.0 94.0 113.0 103.0 98.0 88.0 89.0 67.0 
0.0 0.0 0.0 0.0 0.0 0.0 0.0 0.0 1.0 7.0 11.0 23.0 48.0 71.0 76.0 94.0 113.0 103.0 98.0 88.0 89.0 67.0 43.0 
0.0 0.0 0.0 0.0 0.0 0.0 0.0 0.0 1.0 7.0 11.0 23.0 48.0 71.0 76.0 94.0 113.0 103.0 98.0 88.0 89.0 67.0 43.0 30.0 
0.0 0.0 0.0 0.0 0.0 0.0 0.0 0.0 1.0 7.0 11.0 23.0 48.0 71.0 76.0 94.0 113.0 103.0 98.0 88.0 89.0 67.0 43.0 30.0 11.0 
0.0 0.0 0.0 0.0 0.0 0.0 0.0 0.0 1.0 7.0 11.0 23.0 48.0 71.0 76.0 94.0 113.0 103.0 98.0 88.0 89.0 67.0 43.0 30.0 11.0 5.0 
0.0 0.0 0.0 0.0 0.0 0.0 0.0 0.0 1.0 7.0 11.0 23.0 48.0 71.0 76.0 94.0 113.0 103.0 98.0 88.0 89.0 67.0 43.0 30.0 11.0 5.0 1.0 
0.0 0.0 0.0 0.0 0.0 0.0 0.0 0.0 1.0 7.0 11.0 23.0 48.0 71.0 76.0 94.0 113.0 103.0 98.0 88.0 89.0 67.0 43.0 30.0 11.0 5.0 1.0 0.0 
0.0 0.0 0.0 0.0 0.0 0.0 0.0 0.0 1.0 7.0 11.0 23.0 48.0 71.0 76.0 94.0 113.0 103.0 98.0 88.0 89.0 67.0 43.0 30.0 11.0 5.0 1.0 0.0 0.0 
0.0 0.0 0.0 0.0 0.0 0.0 0.0 0.0 1.0 7.0 11.0 23.0 48.0 71.0 76.0 94.0 113.0 103.0 98.0 88.0 89.0 67.0 43.0 30.0 11.0 5.0 1.0 0.0 0.0 0.0 
0.0 0.0 0.0 0.0 0.0 0.0 0.0 0.0 1.0 7.0 11.0 23.0 48.0 71.0 76.0 94.0 113.0 103.0 98.0 88.0 89.0 67.0 43.0 30.0 11.0 5.0 1.0 0.0 0.0 0.0 0.0 
0.0 0.0 0.0 0.0 0.0 0.0 0.0 0.0 1.0 7.0 11.0 23.0 48.0 71.0 76.0 94.0 113.0 103.0 98.0 88.0 89.0 67.0 43.0 30.0 11.0 5.0 1.0 0.0 0.0 0.0 0.0 0.0 
0.0 0.0 0.0 0.0 0.0 0.0 0.0 0.0 1.0 7.0 11.0 23.0 48.0 71.0 76.0 94.0 113.0 103.0 98.0 88.0 89.0 67.0 43.0 30.0 11.0 5.0 1.0 0.0 0.0 0.0 0.0 0.0 0.0 
0.0 
0.0 0.0 
0.0 0.0 0.0 
0.0 0.0 0.0 0.0 
0.0 0.0 0.0 0.0 0.0 
0.0 0.0 0.0 0.0 0.0 0.0 
0.0 0.0 0.0 0.0 0.0 0.0 0.0 
0.0 0.0 0.0 0.0 0.0 0.0 0.0 0.0 
0.0 0.0 0.0 0.0 0.0 0.0 0.0 0.0 1.0 
0.0 0.0 0.0 0.0 0.0 0.0 0.0 0.0 1.0 1.0 
0.0 0.0 0.0 0.0 0.0 0.0 0.0 0.0 1.0 1.0 3.0 
0.0 0.0 0.0 0.0 0.0 0.0 0.0 0.0 1.0 1.0 3.0 7.0 
0.0 0.0 0.0 0.0 0.0 0.0 0.0 0.0 1.0 1.0 3.0 7.0 28.0 
0.0 0.0 0.0 0.0 0.0 0.0 0.0 0.0 1.0 1.0 3.0 7.0 28.0 63.0 
0.0 0.0 0.0 0.0 0.0 0.0 0.0 0.0 1.0 1.0 3.0 7.0 28.0 63.0 76.0 
0.0 0.0 0.0 0.0 0.0 0.0 0.0 0.0 1.0 1.0 3.0 7.0 28.0 63.0 76.0 87.0 
0.0 0.0 0.0 0.0 0.0 0.0 0.0 0.0 1.0 1.0 3.0 7.0 28.0 63.0 76.0 87.0 131.0 
0.0 0.0 0.0 0.0 0.0 0.0 0.0 0.0 1.0 1.0 3.0 7.0 28.0 63.0 76.0 87.0 131.0 114.0 
0.0 0.0 0.0 0.0 0.0 0.0 0.0 0.0 1.0 1.0 3.0 7.0 28.0 63.0 76.0 87.0 131.0 114.0 90.0 
0.0 0.0 0.0 0.0 0.0 0.0 0.0 0.0 1.0 1.0 3.0 7.0 28.0 63.0 76.0 87.0 131.0 114.0 90.0 75.0 
0.0 0.0 0.0 0.0 0.0 0.0 0.0 0.0 1.0 1.0 3.0 7.0 28.0 63.0 76.0 87.0 131.0 114.0 90.0 75.0 64.0 
0.0 0.0 0.0 0.0 0.0 0.0 0.0 0.0 1.0 1.0 3.0 7.0 28.0 63.0 76.0 87.0 131.0 114.0 90.0 75.0 64.0 39.0 
0.0 0.0 0.0 0.0 0.0 0.0 0.0 0.0 1.0 1.0 3.0 7.0 28.0 63.0 76.0 87.0 131.0 114.0 90.0 75.0 64.0 39.0 24.0 
0.0 0.0 0.0 0.0 0.0 0.0 0.0 0.0 1.0 1.0 3.0 7.0 28.0 63.0 76.0 87.0 131.0 114.0 90.0 75.0 64.0 39.0 24.0 18.0 
0.0 0.0 0.0 0.0 0.0 0.0 0.0 0.0 1.0 1.0 3.0 7.0 28.0 63.0 76.0 87.0 131.0 114.0 90.0 75.0 64.0 39.0 24.0 18.0 9.0 
0.0 0.0 0.0 0.0 0.0 0.0 0.0 0.0 1.0 1.0 3.0 7.0 28.0 63.0 76.0 87.0 131.0 114.0 90.0 75.0 64.0 39.0 24.0 18.0 9.0 4.0 
0.0 0.0 0.0 0.0 0.0 0.0 0.0 0.0 1.0 1.0 3.0 7.0 28.0 63.0 76.0 87.0 131.0 114.0 90.0 75.0 64.0 39.0 24.0 18.0 9.0 4.0 1.0 
0.0 0.0 0.0 0.0 0.0 0.0 0.0 0.0 1.0 1.0 3.0 7.0 28.0 63.0 76.0 87.0 131.0 114.0 90.0 75.0 64.0 39.0 24.0 18.0 9.0 4.0 1.0 0.0 
0.0 0.0 0.0 0.0 0.0 0.0 0.0 0.0 1.0 1.0 3.0 7.0 28.0 63.0 76.0 87.0 131.0 114.0 90.0 75.0 64.0 39.0 24.0 18.0 9.0 4.0 1.0 0.0 0.0 
0.0 0.0 0.0 0.0 0.0 0.0 0.0 0.0 1.0 1.0 3.0 7.0 28.0 63.0 76.0 87.0 131.0 114.0 90.0 75.0 64.0 39.0 24.0 18.0 9.0 4.0 1.0 0.0 0.0 0.0 
0.0 0.0 0.0 0.0 0.0 0.0 0.0 0.0 1.0 1.0 3.0 7.0 28.0 63.0 76.0 87.0 131.0 114.0 90.0 75.0 64.0 39.0 24.0 18.0 9.0 4.0 1.0 0.0 0.0 0.0 0.0 
0.0 0.0 0.0 0.0 0.0 0.0 0.0 0.0 1.0 1.0 3.0 7.0 28.0 63.0 76.0 87.0 131.0 114.0 90.0 75.0 64.0 39.0 24.0 18.0 9.0 4.0 1.0 0.0 0.0 0.0 0.0 0.0 
0.0 0.0 0.0 0.0 0.0 0.0 0.0 0.0 1.0 1.0 3.0 7.0 28.0 63.0 76.0 87.0 131.0 114.0 90.0 75.0 64.0 39.0 24.0 18.0 9.0 4.0 1.0 0.0 0.0 0.0 0.0 0.0 0.0 
