0.0 
0.0 0.0 
0.0 0.0 0.0 
0.0 0.0 0.0 0.0 
0.0 0.0 0.0 0.0 0.0 
0.0 0.0 0.0 0.0 0.0 0.0 
0.0 0.0 0.0 0.0 0.0 0.0 0.0 
0.0 0.0 0.0 0.0 0.0 0.0 0.0 0.0 
0.0 0.0 0.0 0.0 0.0 0.0 0.0 0.0 0.0 
0.0 0.0 0.0 0.0 0.0 0.0 0.0 0.0 0.0 0.0 
0.0 0.0 0.0 0.0 0.0 0.0 0.0 0.0 0.0 0.0 5.0 
0.0 0.0 0.0 0.0 0.0 0.0 0.0 0.0 0.0 0.0 5.0 9.0 
0.0 0.0 0.0 0.0 0.0 0.0 0.0 0.0 0.0 0.0 5.0 9.0 21.0 
0.0 0.0 0.0 0.0 0.0 0.0 0.0 0.0 0.0 0.0 5.0 9.0 21.0 59.0 
0.0 0.0 0.0 0.0 0.0 0.0 0.0 0.0 0.0 0.0 5.0 9.0 21.0 59.0 97.0 
0.0 0.0 0.0 0.0 0.0 0.0 0.0 0.0 0.0 0.0 5.0 9.0 21.0 59.0 97.0 86.0 
0.0 0.0 0.0 0.0 0.0 0.0 0.0 0.0 0.0 0.0 5.0 9.0 21.0 59.0 97.0 86.0 113.0 
0.0 0.0 0.0 0.0 0.0 0.0 0.0 0.0 0.0 0.0 5.0 9.0 21.0 59.0 97.0 86.0 113.0 104.0 
0.0 0.0 0.0 0.0 0.0 0.0 0.0 0.0 0.0 0.0 5.0 9.0 21.0 59.0 97.0 86.0 113.0 104.0 108.0 
0.0 0.0 0.0 0.0 0.0 0.0 0.0 0.0 0.0 0.0 5.0 9.0 21.0 59.0 97.0 86.0 113.0 104.0 108.0 97.0 
0.0 0.0 0.0 0.0 0.0 0.0 0.0 0.0 0.0 0.0 5.0 9.0 21.0 59.0 97.0 86.0 113.0 104.0 108.0 97.0 79.0 
0.0 0.0 0.0 0.0 0.0 0.0 0.0 0.0 0.0 0.0 5.0 9.0 21.0 59.0 97.0 86.0 113.0 104.0 108.0 97.0 79.0 60.0 
0.0 0.0 0.0 0.0 0.0 0.0 0.0 0.0 0.0 0.0 5.0 9.0 21.0 59.0 97.0 86.0 113.0 104.0 108.0 97.0 79.0 60.0 36.0 
0.0 0.0 0.0 0.0 0.0 0.0 0.0 0.0 0.0 0.0 5.0 9.0 21.0 59.0 97.0 86.0 113.0 104.0 108.0 97.0 79.0 60.0 36.0 17.0 
0.0 0.0 0.0 0.0 0.0 0.0 0.0 0.0 0.0 0.0 5.0 9.0 21.0 59.0 97.0 86.0 113.0 104.0 108.0 97.0 79.0 60.0 36.0 17.0 8.0 
0.0 0.0 0.0 0.0 0.0 0.0 0.0 0.0 0.0 0.0 5.0 9.0 21.0 59.0 97.0 86.0 113.0 104.0 108.0 97.0 79.0 60.0 36.0 17.0 8.0 2.0 
0.0 0.0 0.0 0.0 0.0 0.0 0.0 0.0 0.0 0.0 5.0 9.0 21.0 59.0 97.0 86.0 113.0 104.0 108.0 97.0 79.0 60.0 36.0 17.0 8.0 2.0 0.0 
0.0 0.0 0.0 0.0 0.0 0.0 0.0 0.0 0.0 0.0 5.0 9.0 21.0 59.0 97.0 86.0 113.0 104.0 108.0 97.0 79.0 60.0 36.0 17.0 8.0 2.0 0.0 0.0 
0.0 0.0 0.0 0.0 0.0 0.0 0.0 0.0 0.0 0.0 5.0 9.0 21.0 59.0 97.0 86.0 113.0 104.0 108.0 97.0 79.0 60.0 36.0 17.0 8.0 2.0 0.0 0.0 0.0 
0.0 0.0 0.0 0.0 0.0 0.0 0.0 0.0 0.0 0.0 5.0 9.0 21.0 59.0 97.0 86.0 113.0 104.0 108.0 97.0 79.0 60.0 36.0 17.0 8.0 2.0 0.0 0.0 0.0 0.0 
0.0 0.0 0.0 0.0 0.0 0.0 0.0 0.0 0.0 0.0 5.0 9.0 21.0 59.0 97.0 86.0 113.0 104.0 108.0 97.0 79.0 60.0 36.0 17.0 8.0 2.0 0.0 0.0 0.0 0.0 0.0 
0.0 0.0 0.0 0.0 0.0 0.0 0.0 0.0 0.0 0.0 5.0 9.0 21.0 59.0 97.0 86.0 113.0 104.0 108.0 97.0 79.0 60.0 36.0 17.0 8.0 2.0 0.0 0.0 0.0 0.0 0.0 0.0 
0.0 0.0 0.0 0.0 0.0 0.0 0.0 0.0 0.0 0.0 5.0 9.0 21.0 59.0 97.0 86.0 113.0 104.0 108.0 97.0 79.0 60.0 36.0 17.0 8.0 2.0 0.0 0.0 0.0 0.0 0.0 0.0 0.0 
0.0 
0.0 0.0 
0.0 0.0 0.0 
0.0 0.0 0.0 0.0 
0.0 0.0 0.0 0.0 0.0 
0.0 0.0 0.0 0.0 0.0 0.0 
0.0 0.0 0.0 0.0 0.0 0.0 0.0 
0.0 0.0 0.0 0.0 0.0 0.0 0.0 0.0 
0.0 0.0 0.0 0.0 0.0 0.0 0.0 0.0 0.0 
0.0 0.0 0.0 0.0 0.0 0.0 0.0 0.0 0.0 0.0 
0.0 0.0 0.0 0.0 0.0 0.0 0.0 0.0 0.0 0.0 0.0 
0.0 0.0 0.0 0.0 0.0 0.0 0.0 0.0 0.0 0.0 0.0 7.0 
0.0 0.0 0.0 0.0 0.0 0.0 0.0 0.0 0.0 0.0 0.0 7.0 21.0 
0.0 0.0 0.0 0.0 0.0 0.0 0.0 0.0 0.0 0.0 0.0 7.0 21.0 33.0 
0.0 0.0 0.0 0.0 0.0 0.0 0.0 0.0 0.0 0.0 0.0 7.0 21.0 33.0 62.0 
0.0 0.0 0.0 0.0 0.0 0.0 0.0 0.0 0.0 0.0 0.0 7.0 21.0 33.0 62.0 92.0 
0.0 0.0 0.0 0.0 0.0 0.0 0.0 0.0 0.0 0.0 0.0 7.0 21.0 33.0 62.0 92.0 108.0 
0.0 0.0 0.0 0.0 0.0 0.0 0.0 0.0 0.0 0.0 0.0 7.0 21.0 33.0 62.0 92.0 108.0 93.0 
0.0 0.0 0.0 0.0 0.0 0.0 0.0 0.0 0.0 0.0 0.0 7.0 21.0 33.0 62.0 92.0 108.0 93.0 95.0 
0.0 0.0 0.0 0.0 0.0 0.0 0.0 0.0 0.0 0.0 0.0 7.0 21.0 33.0 62.0 92.0 108.0 93.0 95.0 80.0 
0.0 0.0 0.0 0.0 0.0 0.0 0.0 0.0 0.0 0.0 0.0 7.0 21.0 33.0 62.0 92.0 108.0 93.0 95.0 80.0 63.0 
0.0 0.0 0.0 0.0 0.0 0.0 0.0 0.0 0.0 0.0 0.0 7.0 21.0 33.0 62.0 92.0 108.0 93.0 95.0 80.0 63.0 24.0 
0.0 0.0 0.0 0.0 0.0 0.0 0.0 0.0 0.0 0.0 0.0 7.0 21.0 33.0 62.0 92.0 108.0 93.0 95.0 80.0 63.0 24.0 10.0 
0.0 0.0 0.0 0.0 0.0 0.0 0.0 0.0 0.0 0.0 0.0 7.0 21.0 33.0 62.0 92.0 108.0 93.0 95.0 80.0 63.0 24.0 10.0 4.0 
0.0 0.0 0.0 0.0 0.0 0.0 0.0 0.0 0.0 0.0 0.0 7.0 21.0 33.0 62.0 92.0 108.0 93.0 95.0 80.0 63.0 24.0 10.0 4.0 3.0 
0.0 0.0 0.0 0.0 0.0 0.0 0.0 0.0 0.0 0.0 0.0 7.0 21.0 33.0 62.0 92.0 108.0 93.0 95.0 80.0 63.0 24.0 10.0 4.0 3.0 2.0 
0.0 0.0 0.0 0.0 0.0 0.0 0.0 0.0 0.0 0.0 0.0 7.0 21.0 33.0 62.0 92.0 108.0 93.0 95.0 80.0 63.0 24.0 10.0 4.0 3.0 2.0 0.0 
0.0 0.0 0.0 0.0 0.0 0.0 0.0 0.0 0.0 0.0 0.0 7.0 21.0 33.0 62.0 92.0 108.0 93.0 95.0 80.0 63.0 24.0 10.0 4.0 3.0 2.0 0.0 0.0 
0.0 0.0 0.0 0.0 0.0 0.0 0.0 0.0 0.0 0.0 0.0 7.0 21.0 33.0 62.0 92.0 108.0 93.0 95.0 80.0 63.0 24.0 10.0 4.0 3.0 2.0 0.0 0.0 0.0 
0.0 0.0 0.0 0.0 0.0 0.0 0.0 0.0 0.0 0.0 0.0 7.0 21.0 33.0 62.0 92.0 108.0 93.0 95.0 80.0 63.0 24.0 10.0 4.0 3.0 2.0 0.0 0.0 0.0 0.0 
0.0 0.0 0.0 0.0 0.0 0.0 0.0 0.0 0.0 0.0 0.0 7.0 21.0 33.0 62.0 92.0 108.0 93.0 95.0 80.0 63.0 24.0 10.0 4.0 3.0 2.0 0.0 0.0 0.0 0.0 0.0 
0.0 0.0 0.0 0.0 0.0 0.0 0.0 0.0 0.0 0.0 0.0 7.0 21.0 33.0 62.0 92.0 108.0 93.0 95.0 80.0 63.0 24.0 10.0 4.0 3.0 2.0 0.0 0.0 0.0 0.0 0.0 0.0 
0.0 0.0 0.0 0.0 0.0 0.0 0.0 0.0 0.0 0.0 0.0 7.0 21.0 33.0 62.0 92.0 108.0 93.0 95.0 80.0 63.0 24.0 10.0 4.0 3.0 2.0 0.0 0.0 0.0 0.0 0.0 0.0 0.0 
