0.0 
0.0 2.0 
0.0 2.0 3.0 
0.0 2.0 3.0 2.0 
0.0 2.0 3.0 2.0 8.0 
0.0 2.0 3.0 2.0 8.0 19.0 
0.0 2.0 3.0 2.0 8.0 19.0 48.0 
0.0 2.0 3.0 2.0 8.0 19.0 48.0 59.0 
0.0 2.0 3.0 2.0 8.0 19.0 48.0 59.0 86.0 
0.0 2.0 3.0 2.0 8.0 19.0 48.0 59.0 86.0 88.0 
0.0 2.0 3.0 2.0 8.0 19.0 48.0 59.0 86.0 88.0 84.0 
0.0 2.0 3.0 2.0 8.0 19.0 48.0 59.0 86.0 88.0 84.0 113.0 
0.0 2.0 3.0 2.0 8.0 19.0 48.0 59.0 86.0 88.0 84.0 113.0 92.0 
0.0 2.0 3.0 2.0 8.0 19.0 48.0 59.0 86.0 88.0 84.0 113.0 92.0 73.0 
0.0 2.0 3.0 2.0 8.0 19.0 48.0 59.0 86.0 88.0 84.0 113.0 92.0 73.0 88.0 
0.0 2.0 3.0 2.0 8.0 19.0 48.0 59.0 86.0 88.0 84.0 113.0 92.0 73.0 88.0 72.0 
0.0 2.0 3.0 2.0 8.0 19.0 48.0 59.0 86.0 88.0 84.0 113.0 92.0 73.0 88.0 72.0 59.0 
0.0 2.0 3.0 2.0 8.0 19.0 48.0 59.0 86.0 88.0 84.0 113.0 92.0 73.0 88.0 72.0 59.0 33.0 
0.0 2.0 3.0 2.0 8.0 19.0 48.0 59.0 86.0 88.0 84.0 113.0 92.0 73.0 88.0 72.0 59.0 33.0 17.0 
0.0 2.0 3.0 2.0 8.0 19.0 48.0 59.0 86.0 88.0 84.0 113.0 92.0 73.0 88.0 72.0 59.0 33.0 17.0 6.0 
0.0 2.0 3.0 2.0 8.0 19.0 48.0 59.0 86.0 88.0 84.0 113.0 92.0 73.0 88.0 72.0 59.0 33.0 17.0 6.0 3.0 
0.0 
0.0 0.0 
0.0 0.0 1.0 
0.0 0.0 1.0 4.0 
0.0 0.0 1.0 4.0 4.0 
0.0 0.0 1.0 4.0 4.0 8.0 
0.0 0.0 1.0 4.0 4.0 8.0 26.0 
0.0 0.0 1.0 4.0 4.0 8.0 26.0 52.0 
0.0 0.0 1.0 4.0 4.0 8.0 26.0 52.0 73.0 
0.0 0.0 1.0 4.0 4.0 8.0 26.0 52.0 73.0 83.0 
0.0 0.0 1.0 4.0 4.0 8.0 26.0 52.0 73.0 83.0 103.0 
0.0 0.0 1.0 4.0 4.0 8.0 26.0 52.0 73.0 83.0 103.0 110.0 
0.0 0.0 1.0 4.0 4.0 8.0 26.0 52.0 73.0 83.0 103.0 110.0 104.0 
0.0 0.0 1.0 4.0 4.0 8.0 26.0 52.0 73.0 83.0 103.0 110.0 104.0 85.0 
0.0 0.0 1.0 4.0 4.0 8.0 26.0 52.0 73.0 83.0 103.0 110.0 104.0 85.0 67.0 
0.0 0.0 1.0 4.0 4.0 8.0 26.0 52.0 73.0 83.0 103.0 110.0 104.0 85.0 67.0 38.0 
0.0 
0.0 0.0 
0.0 0.0 1.0 
0.0 0.0 1.0 2.0 
0.0 0.0 1.0 2.0 2.0 
0.0 0.0 1.0 2.0 2.0 10.0 
0.0 0.0 1.0 2.0 2.0 10.0 48.0 
0.0 0.0 1.0 2.0 2.0 10.0 48.0 69.0 
0.0 0.0 1.0 2.0 2.0 10.0 48.0 69.0 89.0 
0.0 0.0 1.0 2.0 2.0 10.0 48.0 69.0 89.0 89.0 
0.0 0.0 1.0 2.0 2.0 10.0 48.0 69.0 89.0 89.0 111.0 
0.0 0.0 1.0 2.0 2.0 10.0 48.0 69.0 89.0 89.0 111.0 80.0 
0.0 0.0 1.0 2.0 2.0 10.0 48.0 69.0 89.0 89.0 111.0 80.0 76.0 
0.0 0.0 1.0 2.0 2.0 10.0 48.0 69.0 89.0 89.0 111.0 80.0 76.0 95.0 
0.0 0.0 1.0 2.0 2.0 10.0 48.0 69.0 89.0 89.0 111.0 80.0 76.0 95.0 86.0 
0.0 0.0 1.0 2.0 2.0 10.0 48.0 69.0 89.0 89.0 111.0 80.0 76.0 95.0 86.0 62.0 
0.0 0.0 1.0 2.0 2.0 10.0 48.0 69.0 89.0 89.0 111.0 80.0 76.0 95.0 86.0 62.0 54.0 
0.0 0.0 1.0 2.0 2.0 10.0 48.0 69.0 89.0 89.0 111.0 80.0 76.0 95.0 86.0 62.0 54.0 39.0 
0.0 0.0 1.0 2.0 2.0 10.0 48.0 69.0 89.0 89.0 111.0 80.0 76.0 95.0 86.0 62.0 54.0 39.0 13.0 
0.0 0.0 1.0 2.0 2.0 10.0 48.0 69.0 89.0 89.0 111.0 80.0 76.0 95.0 86.0 62.0 54.0 39.0 13.0 5.0 
0.0 0.0 1.0 2.0 2.0 10.0 48.0 69.0 89.0 89.0 111.0 80.0 76.0 95.0 86.0 62.0 54.0 39.0 13.0 5.0 0.0 
0.0 
0.0 0.0 
0.0 0.0 0.0 
0.0 0.0 0.0 2.0 
0.0 0.0 0.0 2.0 8.0 
0.0 0.0 0.0 2.0 8.0 13.0 
0.0 0.0 0.0 2.0 8.0 13.0 26.0 
0.0 0.0 0.0 2.0 8.0 13.0 26.0 46.0 
0.0 0.0 0.0 2.0 8.0 13.0 26.0 46.0 70.0 
0.0 0.0 0.0 2.0 8.0 13.0 26.0 46.0 70.0 98.0 
0.0 0.0 0.0 2.0 8.0 13.0 26.0 46.0 70.0 98.0 109.0 
0.0 0.0 0.0 2.0 8.0 13.0 26.0 46.0 70.0 98.0 109.0 86.0 
0.0 0.0 0.0 2.0 8.0 13.0 26.0 46.0 70.0 98.0 109.0 86.0 99.0 
0.0 0.0 0.0 2.0 8.0 13.0 26.0 46.0 70.0 98.0 109.0 86.0 99.0 76.0 
0.0 0.0 0.0 2.0 8.0 13.0 26.0 46.0 70.0 98.0 109.0 86.0 99.0 76.0 65.0 
0.0 0.0 0.0 2.0 8.0 13.0 26.0 46.0 70.0 98.0 109.0 86.0 99.0 76.0 65.0 44.0 
0.0 0.0 0.0 2.0 8.0 13.0 26.0 46.0 70.0 98.0 109.0 86.0 99.0 76.0 65.0 44.0 26.0 
0.0 0.0 0.0 2.0 8.0 13.0 26.0 46.0 70.0 98.0 109.0 86.0 99.0 76.0 65.0 44.0 26.0 11.0 
0.0 0.0 0.0 2.0 8.0 13.0 26.0 46.0 70.0 98.0 109.0 86.0 99.0 76.0 65.0 44.0 26.0 11.0 5.0 
0.0 0.0 0.0 2.0 8.0 13.0 26.0 46.0 70.0 98.0 109.0 86.0 99.0 76.0 65.0 44.0 26.0 11.0 5.0 1.0 
0.0 0.0 0.0 2.0 8.0 13.0 26.0 46.0 70.0 98.0 109.0 86.0 99.0 76.0 65.0 44.0 26.0 11.0 5.0 1.0 1.0 
