0.0 
0.0 0.0 
0.0 0.0 1.0 
0.0 0.0 1.0 4.0 
0.0 0.0 1.0 4.0 16.0 
0.0 0.0 1.0 4.0 16.0 25.0 
0.0 0.0 1.0 4.0 16.0 25.0 51.0 
0.0 0.0 1.0 4.0 16.0 25.0 51.0 61.0 
0.0 0.0 1.0 4.0 16.0 25.0 51.0 61.0 89.0 
0.0 0.0 1.0 4.0 16.0 25.0 51.0 61.0 89.0 90.0 
0.0 0.0 1.0 4.0 16.0 25.0 51.0 61.0 89.0 90.0 108.0 
0.0 0.0 1.0 4.0 16.0 25.0 51.0 61.0 89.0 90.0 108.0 106.0 
0.0 0.0 1.0 4.0 16.0 25.0 51.0 61.0 89.0 90.0 108.0 106.0 87.0 
0.0 0.0 1.0 4.0 16.0 25.0 51.0 61.0 89.0 90.0 108.0 106.0 87.0 97.0 
0.0 0.0 1.0 4.0 16.0 25.0 51.0 61.0 89.0 90.0 108.0 106.0 87.0 97.0 63.0 
0.0 0.0 1.0 4.0 16.0 25.0 51.0 61.0 89.0 90.0 108.0 106.0 87.0 97.0 63.0 90.0 
0.0 0.0 1.0 4.0 16.0 25.0 51.0 61.0 89.0 90.0 108.0 106.0 87.0 97.0 63.0 90.0 62.0 
0.0 0.0 1.0 4.0 16.0 25.0 51.0 61.0 89.0 90.0 108.0 106.0 87.0 97.0 63.0 90.0 62.0 39.0 
0.0 0.0 1.0 4.0 16.0 25.0 51.0 61.0 89.0 90.0 108.0 106.0 87.0 97.0 63.0 90.0 62.0 39.0 18.0 
0.0 0.0 1.0 4.0 16.0 25.0 51.0 61.0 89.0 90.0 108.0 106.0 87.0 97.0 63.0 90.0 62.0 39.0 18.0 12.0 
0.0 0.0 1.0 4.0 16.0 25.0 51.0 61.0 89.0 90.0 108.0 106.0 87.0 97.0 63.0 90.0 62.0 39.0 18.0 12.0 8.0 
1.0 
1.0 1.0 
1.0 1.0 1.0 
1.0 1.0 1.0 0.0 
1.0 1.0 1.0 0.0 5.0 
1.0 1.0 1.0 0.0 5.0 21.0 
1.0 1.0 1.0 0.0 5.0 21.0 32.0 
1.0 1.0 1.0 0.0 5.0 21.0 32.0 48.0 
1.0 1.0 1.0 0.0 5.0 21.0 32.0 48.0 72.0 
1.0 1.0 1.0 0.0 5.0 21.0 32.0 48.0 72.0 103.0 
1.0 1.0 1.0 0.0 5.0 21.0 32.0 48.0 72.0 103.0 111.0 
1.0 1.0 1.0 0.0 5.0 21.0 32.0 48.0 72.0 103.0 111.0 93.0 
1.0 1.0 1.0 0.0 5.0 21.0 32.0 48.0 72.0 103.0 111.0 93.0 95.0 
1.0 1.0 1.0 0.0 5.0 21.0 32.0 48.0 72.0 103.0 111.0 93.0 95.0 87.0 
1.0 1.0 1.0 0.0 5.0 21.0 32.0 48.0 72.0 103.0 111.0 93.0 95.0 87.0 63.0 
0.0 
0.0 1.0 
0.0 1.0 2.0 
0.0 1.0 2.0 8.0 
0.0 1.0 2.0 8.0 13.0 
0.0 1.0 2.0 8.0 13.0 15.0 
0.0 1.0 2.0 8.0 13.0 15.0 43.0 
0.0 1.0 2.0 8.0 13.0 15.0 43.0 65.0 
0.0 1.0 2.0 8.0 13.0 15.0 43.0 65.0 80.0 
0.0 1.0 2.0 8.0 13.0 15.0 43.0 65.0 80.0 98.0 
0.0 1.0 2.0 8.0 13.0 15.0 43.0 65.0 80.0 98.0 101.0 
0.0 1.0 2.0 8.0 13.0 15.0 43.0 65.0 80.0 98.0 101.0 109.0 
0.0 1.0 2.0 8.0 13.0 15.0 43.0 65.0 80.0 98.0 101.0 109.0 75.0 
0.0 1.0 2.0 8.0 13.0 15.0 43.0 65.0 80.0 98.0 101.0 109.0 75.0 101.0 
0.0 1.0 2.0 8.0 13.0 15.0 43.0 65.0 80.0 98.0 101.0 109.0 75.0 101.0 89.0 
0.0 1.0 2.0 8.0 13.0 15.0 43.0 65.0 80.0 98.0 101.0 109.0 75.0 101.0 89.0 79.0 
0.0 1.0 2.0 8.0 13.0 15.0 43.0 65.0 80.0 98.0 101.0 109.0 75.0 101.0 89.0 79.0 61.0 
0.0 1.0 2.0 8.0 13.0 15.0 43.0 65.0 80.0 98.0 101.0 109.0 75.0 101.0 89.0 79.0 61.0 40.0 
0.0 1.0 2.0 8.0 13.0 15.0 43.0 65.0 80.0 98.0 101.0 109.0 75.0 101.0 89.0 79.0 61.0 40.0 22.0 
0.0 1.0 2.0 8.0 13.0 15.0 43.0 65.0 80.0 98.0 101.0 109.0 75.0 101.0 89.0 79.0 61.0 40.0 22.0 15.0 
0.0 1.0 2.0 8.0 13.0 15.0 43.0 65.0 80.0 98.0 101.0 109.0 75.0 101.0 89.0 79.0 61.0 40.0 22.0 15.0 6.0 
0.0 
0.0 0.0 
0.0 0.0 0.0 
0.0 0.0 0.0 3.0 
0.0 0.0 0.0 3.0 5.0 
0.0 0.0 0.0 3.0 5.0 14.0 
0.0 0.0 0.0 3.0 5.0 14.0 35.0 
0.0 0.0 0.0 3.0 5.0 14.0 35.0 58.0 
0.0 0.0 0.0 3.0 5.0 14.0 35.0 58.0 72.0 
0.0 0.0 0.0 3.0 5.0 14.0 35.0 58.0 72.0 93.0 
0.0 0.0 0.0 3.0 5.0 14.0 35.0 58.0 72.0 93.0 104.0 
0.0 0.0 0.0 3.0 5.0 14.0 35.0 58.0 72.0 93.0 104.0 99.0 
0.0 0.0 0.0 3.0 5.0 14.0 35.0 58.0 72.0 93.0 104.0 99.0 114.0 
0.0 0.0 0.0 3.0 5.0 14.0 35.0 58.0 72.0 93.0 104.0 99.0 114.0 86.0 
0.0 0.0 0.0 3.0 5.0 14.0 35.0 58.0 72.0 93.0 104.0 99.0 114.0 86.0 69.0 
0.0 0.0 0.0 3.0 5.0 14.0 35.0 58.0 72.0 93.0 104.0 99.0 114.0 86.0 69.0 47.0 
0.0 0.0 0.0 3.0 5.0 14.0 35.0 58.0 72.0 93.0 104.0 99.0 114.0 86.0 69.0 47.0 31.0 
0.0 0.0 0.0 3.0 5.0 14.0 35.0 58.0 72.0 93.0 104.0 99.0 114.0 86.0 69.0 47.0 31.0 14.0 
0.0 0.0 0.0 3.0 5.0 14.0 35.0 58.0 72.0 93.0 104.0 99.0 114.0 86.0 69.0 47.0 31.0 14.0 7.0 
0.0 0.0 0.0 3.0 5.0 14.0 35.0 58.0 72.0 93.0 104.0 99.0 114.0 86.0 69.0 47.0 31.0 14.0 7.0 7.0 
0.0 0.0 0.0 3.0 5.0 14.0 35.0 58.0 72.0 93.0 104.0 99.0 114.0 86.0 69.0 47.0 31.0 14.0 7.0 7.0 2.0 
