0.0 
0.0 0.0 
0.0 0.0 0.0 
0.0 0.0 0.0 0.0 
0.0 0.0 0.0 0.0 3.0 
0.0 0.0 0.0 0.0 3.0 14.0 
0.0 0.0 0.0 0.0 3.0 14.0 34.0 
0.0 0.0 0.0 0.0 3.0 14.0 34.0 51.0 
0.0 0.0 0.0 0.0 3.0 14.0 34.0 51.0 69.0 
0.0 0.0 0.0 0.0 3.0 14.0 34.0 51.0 69.0 93.0 
0.0 0.0 0.0 0.0 3.0 14.0 34.0 51.0 69.0 93.0 97.0 
0.0 0.0 0.0 0.0 3.0 14.0 34.0 51.0 69.0 93.0 97.0 83.0 
0.0 0.0 0.0 0.0 3.0 14.0 34.0 51.0 69.0 93.0 97.0 83.0 99.0 
0.0 0.0 0.0 0.0 3.0 14.0 34.0 51.0 69.0 93.0 97.0 83.0 99.0 70.0 
0.0 0.0 0.0 0.0 3.0 14.0 34.0 51.0 69.0 93.0 97.0 83.0 99.0 70.0 91.0 
0.0 0.0 0.0 0.0 3.0 14.0 34.0 51.0 69.0 93.0 97.0 83.0 99.0 70.0 91.0 85.0 
0.0 0.0 0.0 0.0 3.0 14.0 34.0 51.0 69.0 93.0 97.0 83.0 99.0 70.0 91.0 85.0 58.0 
0.0 0.0 0.0 0.0 3.0 14.0 34.0 51.0 69.0 93.0 97.0 83.0 99.0 70.0 91.0 85.0 58.0 34.0 
0.0 0.0 0.0 0.0 3.0 14.0 34.0 51.0 69.0 93.0 97.0 83.0 99.0 70.0 91.0 85.0 58.0 34.0 12.0 
0.0 0.0 0.0 0.0 3.0 14.0 34.0 51.0 69.0 93.0 97.0 83.0 99.0 70.0 91.0 85.0 58.0 34.0 12.0 5.0 
0.0 0.0 0.0 0.0 3.0 14.0 34.0 51.0 69.0 93.0 97.0 83.0 99.0 70.0 91.0 85.0 58.0 34.0 12.0 5.0 1.0 
0.0 
0.0 0.0 
0.0 0.0 0.0 
0.0 0.0 0.0 0.0 
0.0 0.0 0.0 0.0 1.0 
0.0 0.0 0.0 0.0 1.0 3.0 
0.0 0.0 0.0 0.0 1.0 3.0 12.0 
0.0 0.0 0.0 0.0 1.0 3.0 12.0 35.0 
0.0 0.0 0.0 0.0 1.0 3.0 12.0 35.0 68.0 
0.0 0.0 0.0 0.0 1.0 3.0 12.0 35.0 68.0 94.0 
0.0 0.0 0.0 0.0 1.0 3.0 12.0 35.0 68.0 94.0 93.0 
0.0 0.0 0.0 0.0 1.0 3.0 12.0 35.0 68.0 94.0 93.0 98.0 
0.0 0.0 0.0 0.0 1.0 3.0 12.0 35.0 68.0 94.0 93.0 98.0 92.0 
0.0 0.0 0.0 0.0 1.0 3.0 12.0 35.0 68.0 94.0 93.0 98.0 92.0 81.0 
0.0 0.0 0.0 0.0 1.0 3.0 12.0 35.0 68.0 94.0 93.0 98.0 92.0 81.0 62.0 
0.0 0.0 0.0 0.0 1.0 3.0 12.0 35.0 68.0 94.0 93.0 98.0 92.0 81.0 62.0 36.0 
0.0 0.0 0.0 0.0 1.0 3.0 12.0 35.0 68.0 94.0 93.0 98.0 92.0 81.0 62.0 36.0 15.0 
0.0 0.0 0.0 0.0 1.0 3.0 12.0 35.0 68.0 94.0 93.0 98.0 92.0 81.0 62.0 36.0 15.0 4.0 
0.0 0.0 0.0 0.0 1.0 3.0 12.0 35.0 68.0 94.0 93.0 98.0 92.0 81.0 62.0 36.0 15.0 4.0 2.0 
0.0 0.0 0.0 0.0 1.0 3.0 12.0 35.0 68.0 94.0 93.0 98.0 92.0 81.0 62.0 36.0 15.0 4.0 2.0 1.0 
0.0 0.0 0.0 0.0 1.0 3.0 12.0 35.0 68.0 94.0 93.0 98.0 92.0 81.0 62.0 36.0 15.0 4.0 2.0 1.0 0.0 
0.0 
0.0 0.0 
0.0 0.0 1.0 
0.0 0.0 1.0 2.0 
0.0 0.0 1.0 2.0 5.0 
0.0 0.0 1.0 2.0 5.0 19.0 
0.0 0.0 1.0 2.0 5.0 19.0 33.0 
0.0 0.0 1.0 2.0 5.0 19.0 33.0 62.0 
0.0 0.0 1.0 2.0 5.0 19.0 33.0 62.0 88.0 
0.0 0.0 1.0 2.0 5.0 19.0 33.0 62.0 88.0 108.0 
0.0 0.0 1.0 2.0 5.0 19.0 33.0 62.0 88.0 108.0 92.0 
0.0 0.0 1.0 2.0 5.0 19.0 33.0 62.0 88.0 108.0 92.0 89.0 
0.0 0.0 1.0 2.0 5.0 19.0 33.0 62.0 88.0 108.0 92.0 89.0 78.0 
0.0 0.0 1.0 2.0 5.0 19.0 33.0 62.0 88.0 108.0 92.0 89.0 78.0 82.0 
0.0 0.0 1.0 2.0 5.0 19.0 33.0 62.0 88.0 108.0 92.0 89.0 78.0 82.0 79.0 
0.0 0.0 1.0 2.0 5.0 19.0 33.0 62.0 88.0 108.0 92.0 89.0 78.0 82.0 79.0 75.0 
0.0 0.0 1.0 2.0 5.0 19.0 33.0 62.0 88.0 108.0 92.0 89.0 78.0 82.0 79.0 75.0 56.0 
0.0 0.0 1.0 2.0 5.0 19.0 33.0 62.0 88.0 108.0 92.0 89.0 78.0 82.0 79.0 75.0 56.0 29.0 
0.0 0.0 1.0 2.0 5.0 19.0 33.0 62.0 88.0 108.0 92.0 89.0 78.0 82.0 79.0 75.0 56.0 29.0 8.0 
0.0 0.0 1.0 2.0 5.0 19.0 33.0 62.0 88.0 108.0 92.0 89.0 78.0 82.0 79.0 75.0 56.0 29.0 8.0 3.0 
0.0 0.0 1.0 2.0 5.0 19.0 33.0 62.0 88.0 108.0 92.0 89.0 78.0 82.0 79.0 75.0 56.0 29.0 8.0 3.0 0.0 
1.0 
1.0 0.0 
1.0 0.0 1.0 
1.0 0.0 1.0 0.0 
1.0 0.0 1.0 0.0 0.0 
1.0 0.0 1.0 0.0 0.0 7.0 
1.0 0.0 1.0 0.0 0.0 7.0 17.0 
1.0 0.0 1.0 0.0 0.0 7.0 17.0 33.0 
1.0 0.0 1.0 0.0 0.0 7.0 17.0 33.0 67.0 
1.0 0.0 1.0 0.0 0.0 7.0 17.0 33.0 67.0 95.0 
1.0 0.0 1.0 0.0 0.0 7.0 17.0 33.0 67.0 95.0 115.0 
1.0 0.0 1.0 0.0 0.0 7.0 17.0 33.0 67.0 95.0 115.0 95.0 
1.0 0.0 1.0 0.0 0.0 7.0 17.0 33.0 67.0 95.0 115.0 95.0 117.0 
1.0 0.0 1.0 0.0 0.0 7.0 17.0 33.0 67.0 95.0 115.0 95.0 117.0 75.0 
1.0 0.0 1.0 0.0 0.0 7.0 17.0 33.0 67.0 95.0 115.0 95.0 117.0 75.0 61.0 
1.0 0.0 1.0 0.0 0.0 7.0 17.0 33.0 67.0 95.0 115.0 95.0 117.0 75.0 61.0 39.0 
1.0 0.0 1.0 0.0 0.0 7.0 17.0 33.0 67.0 95.0 115.0 95.0 117.0 75.0 61.0 39.0 17.0 
1.0 0.0 1.0 0.0 0.0 7.0 17.0 33.0 67.0 95.0 115.0 95.0 117.0 75.0 61.0 39.0 17.0 7.0 
1.0 0.0 1.0 0.0 0.0 7.0 17.0 33.0 67.0 95.0 115.0 95.0 117.0 75.0 61.0 39.0 17.0 7.0 3.0 
1.0 0.0 1.0 0.0 0.0 7.0 17.0 33.0 67.0 95.0 115.0 95.0 117.0 75.0 61.0 39.0 17.0 7.0 3.0 1.0 
1.0 0.0 1.0 0.0 0.0 7.0 17.0 33.0 67.0 95.0 115.0 95.0 117.0 75.0 61.0 39.0 17.0 7.0 3.0 1.0 0.0 
