0.0 
0.0 0.0 
0.0 0.0 0.0 
0.0 0.0 0.0 0.0 
0.0 0.0 0.0 0.0 3.0 
0.0 0.0 0.0 0.0 3.0 16.0 
0.0 0.0 0.0 0.0 3.0 16.0 41.0 
0.0 0.0 0.0 0.0 3.0 16.0 41.0 73.0 
0.0 0.0 0.0 0.0 3.0 16.0 41.0 73.0 92.0 
0.0 0.0 0.0 0.0 3.0 16.0 41.0 73.0 92.0 102.0 
0.0 0.0 0.0 0.0 3.0 16.0 41.0 73.0 92.0 102.0 105.0 
0.0 0.0 0.0 0.0 3.0 16.0 41.0 73.0 92.0 102.0 105.0 109.0 
0.0 0.0 0.0 0.0 3.0 16.0 41.0 73.0 92.0 102.0 105.0 109.0 86.0 
0.0 0.0 0.0 0.0 3.0 16.0 41.0 73.0 92.0 102.0 105.0 109.0 86.0 105.0 
0.0 0.0 0.0 0.0 3.0 16.0 41.0 73.0 92.0 102.0 105.0 109.0 86.0 105.0 87.0 
0.0 0.0 0.0 0.0 3.0 16.0 41.0 73.0 92.0 102.0 105.0 109.0 86.0 105.0 87.0 82.0 
0.0 0.0 0.0 0.0 3.0 16.0 41.0 73.0 92.0 102.0 105.0 109.0 86.0 105.0 87.0 82.0 59.0 
0.0 0.0 0.0 0.0 3.0 16.0 41.0 73.0 92.0 102.0 105.0 109.0 86.0 105.0 87.0 82.0 59.0 23.0 
0.0 0.0 0.0 0.0 3.0 16.0 41.0 73.0 92.0 102.0 105.0 109.0 86.0 105.0 87.0 82.0 59.0 23.0 16.0 
0.0 0.0 0.0 0.0 3.0 16.0 41.0 73.0 92.0 102.0 105.0 109.0 86.0 105.0 87.0 82.0 59.0 23.0 16.0 8.0 
0.0 0.0 0.0 0.0 3.0 16.0 41.0 73.0 92.0 102.0 105.0 109.0 86.0 105.0 87.0 82.0 59.0 23.0 16.0 8.0 2.0 
0.0 
0.0 0.0 
0.0 0.0 0.0 
0.0 0.0 0.0 1.0 
0.0 0.0 0.0 1.0 4.0 
0.0 0.0 0.0 1.0 4.0 9.0 
0.0 0.0 0.0 1.0 4.0 9.0 19.0 
0.0 0.0 0.0 1.0 4.0 9.0 19.0 45.0 
0.0 0.0 0.0 1.0 4.0 9.0 19.0 45.0 75.0 
0.0 0.0 0.0 1.0 4.0 9.0 19.0 45.0 75.0 98.0 
0.0 0.0 0.0 1.0 4.0 9.0 19.0 45.0 75.0 98.0 101.0 
0.0 0.0 0.0 1.0 4.0 9.0 19.0 45.0 75.0 98.0 101.0 87.0 
0.0 0.0 0.0 1.0 4.0 9.0 19.0 45.0 75.0 98.0 101.0 87.0 110.0 
0.0 0.0 0.0 1.0 4.0 9.0 19.0 45.0 75.0 98.0 101.0 87.0 110.0 78.0 
0.0 0.0 0.0 1.0 4.0 9.0 19.0 45.0 75.0 98.0 101.0 87.0 110.0 78.0 62.0 
0.0 0.0 0.0 1.0 4.0 9.0 19.0 45.0 75.0 98.0 101.0 87.0 110.0 78.0 62.0 33.0 
0.0 0.0 0.0 1.0 4.0 9.0 19.0 45.0 75.0 98.0 101.0 87.0 110.0 78.0 62.0 33.0 17.0 
0.0 
0.0 0.0 
0.0 0.0 2.0 
0.0 0.0 2.0 3.0 
0.0 0.0 2.0 3.0 6.0 
0.0 0.0 2.0 3.0 6.0 12.0 
0.0 0.0 2.0 3.0 6.0 12.0 32.0 
0.0 0.0 2.0 3.0 6.0 12.0 32.0 77.0 
0.0 0.0 2.0 3.0 6.0 12.0 32.0 77.0 74.0 
0.0 0.0 2.0 3.0 6.0 12.0 32.0 77.0 74.0 81.0 
0.0 0.0 2.0 3.0 6.0 12.0 32.0 77.0 74.0 81.0 86.0 
0.0 0.0 2.0 3.0 6.0 12.0 32.0 77.0 74.0 81.0 86.0 101.0 
0.0 0.0 2.0 3.0 6.0 12.0 32.0 77.0 74.0 81.0 86.0 101.0 73.0 
0.0 0.0 2.0 3.0 6.0 12.0 32.0 77.0 74.0 81.0 86.0 101.0 73.0 92.0 
0.0 0.0 2.0 3.0 6.0 12.0 32.0 77.0 74.0 81.0 86.0 101.0 73.0 92.0 98.0 
0.0 0.0 2.0 3.0 6.0 12.0 32.0 77.0 74.0 81.0 86.0 101.0 73.0 92.0 98.0 73.0 
0.0 0.0 2.0 3.0 6.0 12.0 32.0 77.0 74.0 81.0 86.0 101.0 73.0 92.0 98.0 73.0 63.0 
0.0 0.0 2.0 3.0 6.0 12.0 32.0 77.0 74.0 81.0 86.0 101.0 73.0 92.0 98.0 73.0 63.0 28.0 
0.0 0.0 2.0 3.0 6.0 12.0 32.0 77.0 74.0 81.0 86.0 101.0 73.0 92.0 98.0 73.0 63.0 28.0 11.0 
0.0 0.0 2.0 3.0 6.0 12.0 32.0 77.0 74.0 81.0 86.0 101.0 73.0 92.0 98.0 73.0 63.0 28.0 11.0 4.0 
0.0 0.0 2.0 3.0 6.0 12.0 32.0 77.0 74.0 81.0 86.0 101.0 73.0 92.0 98.0 73.0 63.0 28.0 11.0 4.0 3.0 
0.0 
0.0 0.0 
0.0 0.0 0.0 
0.0 0.0 0.0 0.0 
0.0 0.0 0.0 0.0 1.0 
0.0 0.0 0.0 0.0 1.0 3.0 
0.0 0.0 0.0 0.0 1.0 3.0 15.0 
0.0 0.0 0.0 0.0 1.0 3.0 15.0 40.0 
0.0 0.0 0.0 0.0 1.0 3.0 15.0 40.0 64.0 
0.0 0.0 0.0 0.0 1.0 3.0 15.0 40.0 64.0 102.0 
0.0 0.0 0.0 0.0 1.0 3.0 15.0 40.0 64.0 102.0 112.0 
0.0 0.0 0.0 0.0 1.0 3.0 15.0 40.0 64.0 102.0 112.0 105.0 
0.0 0.0 0.0 0.0 1.0 3.0 15.0 40.0 64.0 102.0 112.0 105.0 98.0 
0.0 0.0 0.0 0.0 1.0 3.0 15.0 40.0 64.0 102.0 112.0 105.0 98.0 86.0 
0.0 0.0 0.0 0.0 1.0 3.0 15.0 40.0 64.0 102.0 112.0 105.0 98.0 86.0 63.0 
0.0 0.0 0.0 0.0 1.0 3.0 15.0 40.0 64.0 102.0 112.0 105.0 98.0 86.0 63.0 46.0 
0.0 0.0 0.0 0.0 1.0 3.0 15.0 40.0 64.0 102.0 112.0 105.0 98.0 86.0 63.0 46.0 21.0 
0.0 0.0 0.0 0.0 1.0 3.0 15.0 40.0 64.0 102.0 112.0 105.0 98.0 86.0 63.0 46.0 21.0 10.0 
0.0 0.0 0.0 0.0 1.0 3.0 15.0 40.0 64.0 102.0 112.0 105.0 98.0 86.0 63.0 46.0 21.0 10.0 3.0 
0.0 0.0 0.0 0.0 1.0 3.0 15.0 40.0 64.0 102.0 112.0 105.0 98.0 86.0 63.0 46.0 21.0 10.0 3.0 0.0 
0.0 0.0 0.0 0.0 1.0 3.0 15.0 40.0 64.0 102.0 112.0 105.0 98.0 86.0 63.0 46.0 21.0 10.0 3.0 0.0 0.0 
