0.0 
0.0 0.0 
0.0 0.0 0.0 
0.0 0.0 0.0 1.0 
0.0 0.0 0.0 1.0 5.0 
0.0 0.0 0.0 1.0 5.0 10.0 
0.0 0.0 0.0 1.0 5.0 10.0 29.0 
0.0 0.0 0.0 1.0 5.0 10.0 29.0 59.0 
0.0 0.0 0.0 1.0 5.0 10.0 29.0 59.0 88.0 
0.0 0.0 0.0 1.0 5.0 10.0 29.0 59.0 88.0 98.0 
0.0 0.0 0.0 1.0 5.0 10.0 29.0 59.0 88.0 98.0 98.0 
0.0 0.0 0.0 1.0 5.0 10.0 29.0 59.0 88.0 98.0 98.0 94.0 
0.0 0.0 0.0 1.0 5.0 10.0 29.0 59.0 88.0 98.0 98.0 94.0 76.0 
0.0 0.0 0.0 1.0 5.0 10.0 29.0 59.0 88.0 98.0 98.0 94.0 76.0 89.0 
0.0 0.0 0.0 1.0 5.0 10.0 29.0 59.0 88.0 98.0 98.0 94.0 76.0 89.0 96.0 
0.0 0.0 0.0 1.0 5.0 10.0 29.0 59.0 88.0 98.0 98.0 94.0 76.0 89.0 96.0 68.0 
0.0 0.0 0.0 1.0 5.0 10.0 29.0 59.0 88.0 98.0 98.0 94.0 76.0 89.0 96.0 68.0 45.0 
0.0 0.0 0.0 1.0 5.0 10.0 29.0 59.0 88.0 98.0 98.0 94.0 76.0 89.0 96.0 68.0 45.0 21.0 
0.0 0.0 0.0 1.0 5.0 10.0 29.0 59.0 88.0 98.0 98.0 94.0 76.0 89.0 96.0 68.0 45.0 21.0 8.0 
0.0 0.0 0.0 1.0 5.0 10.0 29.0 59.0 88.0 98.0 98.0 94.0 76.0 89.0 96.0 68.0 45.0 21.0 8.0 2.0 
0.0 0.0 0.0 1.0 5.0 10.0 29.0 59.0 88.0 98.0 98.0 94.0 76.0 89.0 96.0 68.0 45.0 21.0 8.0 2.0 0.0 
0.0 
0.0 0.0 
0.0 0.0 0.0 
0.0 0.0 0.0 0.0 
0.0 0.0 0.0 0.0 0.0 
0.0 0.0 0.0 0.0 0.0 3.0 
0.0 0.0 0.0 0.0 0.0 3.0 12.0 
0.0 0.0 0.0 0.0 0.0 3.0 12.0 31.0 
0.0 0.0 0.0 0.0 0.0 3.0 12.0 31.0 67.0 
0.0 0.0 0.0 0.0 0.0 3.0 12.0 31.0 67.0 90.0 
0.0 0.0 0.0 0.0 0.0 3.0 12.0 31.0 67.0 90.0 116.0 
0.0 0.0 0.0 0.0 0.0 3.0 12.0 31.0 67.0 90.0 116.0 104.0 
0.0 0.0 0.0 0.0 0.0 3.0 12.0 31.0 67.0 90.0 116.0 104.0 93.0 
0.0 0.0 0.0 0.0 0.0 3.0 12.0 31.0 67.0 90.0 116.0 104.0 93.0 77.0 
0.0 0.0 0.0 0.0 0.0 3.0 12.0 31.0 67.0 90.0 116.0 104.0 93.0 77.0 60.0 
0.0 0.0 0.0 0.0 0.0 3.0 12.0 31.0 67.0 90.0 116.0 104.0 93.0 77.0 60.0 25.0 
0.0 0.0 0.0 0.0 0.0 3.0 12.0 31.0 67.0 90.0 116.0 104.0 93.0 77.0 60.0 25.0 9.0 
0.0 0.0 0.0 0.0 0.0 3.0 12.0 31.0 67.0 90.0 116.0 104.0 93.0 77.0 60.0 25.0 9.0 4.0 
0.0 0.0 0.0 0.0 0.0 3.0 12.0 31.0 67.0 90.0 116.0 104.0 93.0 77.0 60.0 25.0 9.0 4.0 0.0 
0.0 0.0 0.0 0.0 0.0 3.0 12.0 31.0 67.0 90.0 116.0 104.0 93.0 77.0 60.0 25.0 9.0 4.0 0.0 0.0 
0.0 0.0 0.0 0.0 0.0 3.0 12.0 31.0 67.0 90.0 116.0 104.0 93.0 77.0 60.0 25.0 9.0 4.0 0.0 0.0 0.0 
0.0 
0.0 0.0 
0.0 0.0 0.0 
0.0 0.0 0.0 0.0 
0.0 0.0 0.0 0.0 1.0 
0.0 0.0 0.0 0.0 1.0 8.0 
0.0 0.0 0.0 0.0 1.0 8.0 23.0 
0.0 0.0 0.0 0.0 1.0 8.0 23.0 60.0 
0.0 0.0 0.0 0.0 1.0 8.0 23.0 60.0 77.0 
0.0 0.0 0.0 0.0 1.0 8.0 23.0 60.0 77.0 98.0 
0.0 0.0 0.0 0.0 1.0 8.0 23.0 60.0 77.0 98.0 74.0 
0.0 0.0 0.0 0.0 1.0 8.0 23.0 60.0 77.0 98.0 74.0 87.0 
0.0 0.0 0.0 0.0 1.0 8.0 23.0 60.0 77.0 98.0 74.0 87.0 86.0 
0.0 0.0 0.0 0.0 1.0 8.0 23.0 60.0 77.0 98.0 74.0 87.0 86.0 75.0 
0.0 0.0 0.0 0.0 1.0 8.0 23.0 60.0 77.0 98.0 74.0 87.0 86.0 75.0 84.0 
0.0 0.0 0.0 0.0 1.0 8.0 23.0 60.0 77.0 98.0 74.0 87.0 86.0 75.0 84.0 74.0 
0.0 0.0 0.0 0.0 1.0 8.0 23.0 60.0 77.0 98.0 74.0 87.0 86.0 75.0 84.0 74.0 55.0 
0.0 0.0 0.0 0.0 1.0 8.0 23.0 60.0 77.0 98.0 74.0 87.0 86.0 75.0 84.0 74.0 55.0 23.0 
0.0 0.0 0.0 0.0 1.0 8.0 23.0 60.0 77.0 98.0 74.0 87.0 86.0 75.0 84.0 74.0 55.0 23.0 7.0 
0.0 0.0 0.0 0.0 1.0 8.0 23.0 60.0 77.0 98.0 74.0 87.0 86.0 75.0 84.0 74.0 55.0 23.0 7.0 0.0 
0.0 0.0 0.0 0.0 1.0 8.0 23.0 60.0 77.0 98.0 74.0 87.0 86.0 75.0 84.0 74.0 55.0 23.0 7.0 0.0 1.0 
0.0 
0.0 0.0 
0.0 0.0 0.0 
0.0 0.0 0.0 0.0 
0.0 0.0 0.0 0.0 2.0 
0.0 0.0 0.0 0.0 2.0 5.0 
0.0 0.0 0.0 0.0 2.0 5.0 13.0 
0.0 0.0 0.0 0.0 2.0 5.0 13.0 35.0 
0.0 0.0 0.0 0.0 2.0 5.0 13.0 35.0 62.0 
0.0 0.0 0.0 0.0 2.0 5.0 13.0 35.0 62.0 89.0 
0.0 0.0 0.0 0.0 2.0 5.0 13.0 35.0 62.0 89.0 101.0 
0.0 0.0 0.0 0.0 2.0 5.0 13.0 35.0 62.0 89.0 101.0 100.0 
0.0 0.0 0.0 0.0 2.0 5.0 13.0 35.0 62.0 89.0 101.0 100.0 101.0 
0.0 0.0 0.0 0.0 2.0 5.0 13.0 35.0 62.0 89.0 101.0 100.0 101.0 75.0 
0.0 0.0 0.0 0.0 2.0 5.0 13.0 35.0 62.0 89.0 101.0 100.0 101.0 75.0 62.0 
0.0 0.0 0.0 0.0 2.0 5.0 13.0 35.0 62.0 89.0 101.0 100.0 101.0 75.0 62.0 32.0 
0.0 0.0 0.0 0.0 2.0 5.0 13.0 35.0 62.0 89.0 101.0 100.0 101.0 75.0 62.0 32.0 10.0 
0.0 0.0 0.0 0.0 2.0 5.0 13.0 35.0 62.0 89.0 101.0 100.0 101.0 75.0 62.0 32.0 10.0 3.0 
0.0 0.0 0.0 0.0 2.0 5.0 13.0 35.0 62.0 89.0 101.0 100.0 101.0 75.0 62.0 32.0 10.0 3.0 3.0 
0.0 0.0 0.0 0.0 2.0 5.0 13.0 35.0 62.0 89.0 101.0 100.0 101.0 75.0 62.0 32.0 10.0 3.0 3.0 0.0 
0.0 0.0 0.0 0.0 2.0 5.0 13.0 35.0 62.0 89.0 101.0 100.0 101.0 75.0 62.0 32.0 10.0 3.0 3.0 0.0 0.0 
