1.0 
1.0 2.0 
1.0 2.0 6.0 
1.0 2.0 6.0 10.0 
1.0 2.0 6.0 10.0 23.0 
1.0 2.0 6.0 10.0 23.0 41.0 
1.0 2.0 6.0 10.0 23.0 41.0 56.0 
1.0 2.0 6.0 10.0 23.0 41.0 56.0 79.0 
1.0 2.0 6.0 10.0 23.0 41.0 56.0 79.0 84.0 
1.0 2.0 6.0 10.0 23.0 41.0 56.0 79.0 84.0 102.0 
1.0 2.0 6.0 10.0 23.0 41.0 56.0 79.0 84.0 102.0 94.0 
1.0 2.0 6.0 10.0 23.0 41.0 56.0 79.0 84.0 102.0 94.0 101.0 
1.0 2.0 6.0 10.0 23.0 41.0 56.0 79.0 84.0 102.0 94.0 101.0 119.0 
1.0 2.0 6.0 10.0 23.0 41.0 56.0 79.0 84.0 102.0 94.0 101.0 119.0 114.0 
1.0 2.0 6.0 10.0 23.0 41.0 56.0 79.0 84.0 102.0 94.0 101.0 119.0 114.0 92.0 
1.0 2.0 6.0 10.0 23.0 41.0 56.0 79.0 84.0 102.0 94.0 101.0 119.0 114.0 92.0 76.0 
1.0 2.0 6.0 10.0 23.0 41.0 56.0 79.0 84.0 102.0 94.0 101.0 119.0 114.0 92.0 76.0 57.0 
1.0 2.0 6.0 10.0 23.0 41.0 56.0 79.0 84.0 102.0 94.0 101.0 119.0 114.0 92.0 76.0 57.0 44.0 
1.0 2.0 6.0 10.0 23.0 41.0 56.0 79.0 84.0 102.0 94.0 101.0 119.0 114.0 92.0 76.0 57.0 44.0 33.0 
1.0 2.0 6.0 10.0 23.0 41.0 56.0 79.0 84.0 102.0 94.0 101.0 119.0 114.0 92.0 76.0 57.0 44.0 33.0 13.0 
1.0 2.0 6.0 10.0 23.0 41.0 56.0 79.0 84.0 102.0 94.0 101.0 119.0 114.0 92.0 76.0 57.0 44.0 33.0 13.0 2.0 
1.0 
1.0 1.0 
1.0 1.0 4.0 
1.0 1.0 4.0 5.0 
1.0 1.0 4.0 5.0 12.0 
1.0 1.0 4.0 5.0 12.0 24.0 
1.0 1.0 4.0 5.0 12.0 24.0 39.0 
1.0 1.0 4.0 5.0 12.0 24.0 39.0 65.0 
1.0 1.0 4.0 5.0 12.0 24.0 39.0 65.0 79.0 
1.0 1.0 4.0 5.0 12.0 24.0 39.0 65.0 79.0 106.0 
1.0 1.0 4.0 5.0 12.0 24.0 39.0 65.0 79.0 106.0 118.0 
1.0 1.0 4.0 5.0 12.0 24.0 39.0 65.0 79.0 106.0 118.0 103.0 
1.0 1.0 4.0 5.0 12.0 24.0 39.0 65.0 79.0 106.0 118.0 103.0 97.0 
0.0 
0.0 0.0 
0.0 0.0 3.0 
0.0 0.0 3.0 7.0 
0.0 0.0 3.0 7.0 17.0 
0.0 0.0 3.0 7.0 17.0 29.0 
0.0 0.0 3.0 7.0 17.0 29.0 57.0 
0.0 0.0 3.0 7.0 17.0 29.0 57.0 64.0 
0.0 0.0 3.0 7.0 17.0 29.0 57.0 64.0 92.0 
0.0 0.0 3.0 7.0 17.0 29.0 57.0 64.0 92.0 102.0 
0.0 0.0 3.0 7.0 17.0 29.0 57.0 64.0 92.0 102.0 95.0 
0.0 0.0 3.0 7.0 17.0 29.0 57.0 64.0 92.0 102.0 95.0 106.0 
0.0 0.0 3.0 7.0 17.0 29.0 57.0 64.0 92.0 102.0 95.0 106.0 116.0 
0.0 0.0 3.0 7.0 17.0 29.0 57.0 64.0 92.0 102.0 95.0 106.0 116.0 92.0 
0.0 0.0 3.0 7.0 17.0 29.0 57.0 64.0 92.0 102.0 95.0 106.0 116.0 92.0 86.0 
0.0 0.0 3.0 7.0 17.0 29.0 57.0 64.0 92.0 102.0 95.0 106.0 116.0 92.0 86.0 87.0 
0.0 0.0 3.0 7.0 17.0 29.0 57.0 64.0 92.0 102.0 95.0 106.0 116.0 92.0 86.0 87.0 63.0 
0.0 0.0 3.0 7.0 17.0 29.0 57.0 64.0 92.0 102.0 95.0 106.0 116.0 92.0 86.0 87.0 63.0 48.0 
0.0 0.0 3.0 7.0 17.0 29.0 57.0 64.0 92.0 102.0 95.0 106.0 116.0 92.0 86.0 87.0 63.0 48.0 31.0 
0.0 0.0 3.0 7.0 17.0 29.0 57.0 64.0 92.0 102.0 95.0 106.0 116.0 92.0 86.0 87.0 63.0 48.0 31.0 16.0 
0.0 0.0 3.0 7.0 17.0 29.0 57.0 64.0 92.0 102.0 95.0 106.0 116.0 92.0 86.0 87.0 63.0 48.0 31.0 16.0 10.0 
0.0 
0.0 1.0 
0.0 1.0 3.0 
0.0 1.0 3.0 7.0 
0.0 1.0 3.0 7.0 9.0 
0.0 1.0 3.0 7.0 9.0 22.0 
0.0 1.0 3.0 7.0 9.0 22.0 34.0 
0.0 1.0 3.0 7.0 9.0 22.0 34.0 60.0 
0.0 1.0 3.0 7.0 9.0 22.0 34.0 60.0 82.0 
0.0 1.0 3.0 7.0 9.0 22.0 34.0 60.0 82.0 91.0 
0.0 1.0 3.0 7.0 9.0 22.0 34.0 60.0 82.0 91.0 102.0 
0.0 1.0 3.0 7.0 9.0 22.0 34.0 60.0 82.0 91.0 102.0 105.0 
0.0 1.0 3.0 7.0 9.0 22.0 34.0 60.0 82.0 91.0 102.0 105.0 101.0 
0.0 1.0 3.0 7.0 9.0 22.0 34.0 60.0 82.0 91.0 102.0 105.0 101.0 91.0 
0.0 1.0 3.0 7.0 9.0 22.0 34.0 60.0 82.0 91.0 102.0 105.0 101.0 91.0 79.0 
0.0 1.0 3.0 7.0 9.0 22.0 34.0 60.0 82.0 91.0 102.0 105.0 101.0 91.0 79.0 55.0 
0.0 1.0 3.0 7.0 9.0 22.0 34.0 60.0 82.0 91.0 102.0 105.0 101.0 91.0 79.0 55.0 32.0 
0.0 1.0 3.0 7.0 9.0 22.0 34.0 60.0 82.0 91.0 102.0 105.0 101.0 91.0 79.0 55.0 32.0 16.0 
0.0 1.0 3.0 7.0 9.0 22.0 34.0 60.0 82.0 91.0 102.0 105.0 101.0 91.0 79.0 55.0 32.0 16.0 14.0 
0.0 1.0 3.0 7.0 9.0 22.0 34.0 60.0 82.0 91.0 102.0 105.0 101.0 91.0 79.0 55.0 32.0 16.0 14.0 7.0 
0.0 1.0 3.0 7.0 9.0 22.0 34.0 60.0 82.0 91.0 102.0 105.0 101.0 91.0 79.0 55.0 32.0 16.0 14.0 7.0 6.0 
