3.0 
3.0 3.0 
3.0 3.0 6.0 
3.0 3.0 6.0 12.0 
3.0 3.0 6.0 12.0 22.0 
3.0 3.0 6.0 12.0 22.0 39.0 
3.0 3.0 6.0 12.0 22.0 39.0 57.0 
3.0 3.0 6.0 12.0 22.0 39.0 57.0 80.0 
3.0 3.0 6.0 12.0 22.0 39.0 57.0 80.0 90.0 
3.0 3.0 6.0 12.0 22.0 39.0 57.0 80.0 90.0 91.0 
3.0 3.0 6.0 12.0 22.0 39.0 57.0 80.0 90.0 91.0 96.0 
3.0 3.0 6.0 12.0 22.0 39.0 57.0 80.0 90.0 91.0 96.0 100.0 
3.0 3.0 6.0 12.0 22.0 39.0 57.0 80.0 90.0 91.0 96.0 100.0 112.0 
3.0 3.0 6.0 12.0 22.0 39.0 57.0 80.0 90.0 91.0 96.0 100.0 112.0 88.0 
3.0 3.0 6.0 12.0 22.0 39.0 57.0 80.0 90.0 91.0 96.0 100.0 112.0 88.0 98.0 
3.0 3.0 6.0 12.0 22.0 39.0 57.0 80.0 90.0 91.0 96.0 100.0 112.0 88.0 98.0 87.0 
3.0 3.0 6.0 12.0 22.0 39.0 57.0 80.0 90.0 91.0 96.0 100.0 112.0 88.0 98.0 87.0 73.0 
3.0 3.0 6.0 12.0 22.0 39.0 57.0 80.0 90.0 91.0 96.0 100.0 112.0 88.0 98.0 87.0 73.0 47.0 
3.0 3.0 6.0 12.0 22.0 39.0 57.0 80.0 90.0 91.0 96.0 100.0 112.0 88.0 98.0 87.0 73.0 47.0 32.0 
3.0 3.0 6.0 12.0 22.0 39.0 57.0 80.0 90.0 91.0 96.0 100.0 112.0 88.0 98.0 87.0 73.0 47.0 32.0 25.0 
3.0 3.0 6.0 12.0 22.0 39.0 57.0 80.0 90.0 91.0 96.0 100.0 112.0 88.0 98.0 87.0 73.0 47.0 32.0 25.0 15.0 
2.0 
2.0 5.0 
2.0 5.0 4.0 
2.0 5.0 4.0 7.0 
2.0 5.0 4.0 7.0 15.0 
2.0 5.0 4.0 7.0 15.0 28.0 
2.0 5.0 4.0 7.0 15.0 28.0 45.0 
2.0 5.0 4.0 7.0 15.0 28.0 45.0 63.0 
2.0 5.0 4.0 7.0 15.0 28.0 45.0 63.0 74.0 
2.0 5.0 4.0 7.0 15.0 28.0 45.0 63.0 74.0 93.0 
2.0 5.0 4.0 7.0 15.0 28.0 45.0 63.0 74.0 93.0 109.0 
1.0 
1.0 6.0 
1.0 6.0 8.0 
1.0 6.0 8.0 11.0 
1.0 6.0 8.0 11.0 29.0 
1.0 6.0 8.0 11.0 29.0 40.0 
1.0 6.0 8.0 11.0 29.0 40.0 62.0 
1.0 6.0 8.0 11.0 29.0 40.0 62.0 77.0 
1.0 6.0 8.0 11.0 29.0 40.0 62.0 77.0 87.0 
1.0 6.0 8.0 11.0 29.0 40.0 62.0 77.0 87.0 97.0 
1.0 6.0 8.0 11.0 29.0 40.0 62.0 77.0 87.0 97.0 88.0 
1.0 6.0 8.0 11.0 29.0 40.0 62.0 77.0 87.0 97.0 88.0 111.0 
1.0 6.0 8.0 11.0 29.0 40.0 62.0 77.0 87.0 97.0 88.0 111.0 98.0 
1.0 6.0 8.0 11.0 29.0 40.0 62.0 77.0 87.0 97.0 88.0 111.0 98.0 105.0 
1.0 6.0 8.0 11.0 29.0 40.0 62.0 77.0 87.0 97.0 88.0 111.0 98.0 105.0 97.0 
1.0 6.0 8.0 11.0 29.0 40.0 62.0 77.0 87.0 97.0 88.0 111.0 98.0 105.0 97.0 81.0 
1.0 6.0 8.0 11.0 29.0 40.0 62.0 77.0 87.0 97.0 88.0 111.0 98.0 105.0 97.0 81.0 62.0 
1.0 6.0 8.0 11.0 29.0 40.0 62.0 77.0 87.0 97.0 88.0 111.0 98.0 105.0 97.0 81.0 62.0 51.0 
1.0 6.0 8.0 11.0 29.0 40.0 62.0 77.0 87.0 97.0 88.0 111.0 98.0 105.0 97.0 81.0 62.0 51.0 40.0 
1.0 6.0 8.0 11.0 29.0 40.0 62.0 77.0 87.0 97.0 88.0 111.0 98.0 105.0 97.0 81.0 62.0 51.0 40.0 18.0 
1.0 6.0 8.0 11.0 29.0 40.0 62.0 77.0 87.0 97.0 88.0 111.0 98.0 105.0 97.0 81.0 62.0 51.0 40.0 18.0 14.0 
1.0 
1.0 2.0 
1.0 2.0 4.0 
1.0 2.0 4.0 8.0 
1.0 2.0 4.0 8.0 18.0 
1.0 2.0 4.0 8.0 18.0 30.0 
1.0 2.0 4.0 8.0 18.0 30.0 44.0 
1.0 2.0 4.0 8.0 18.0 30.0 44.0 64.0 
1.0 2.0 4.0 8.0 18.0 30.0 44.0 64.0 91.0 
1.0 2.0 4.0 8.0 18.0 30.0 44.0 64.0 91.0 106.0 
1.0 2.0 4.0 8.0 18.0 30.0 44.0 64.0 91.0 106.0 100.0 
1.0 2.0 4.0 8.0 18.0 30.0 44.0 64.0 91.0 106.0 100.0 109.0 
1.0 2.0 4.0 8.0 18.0 30.0 44.0 64.0 91.0 106.0 100.0 109.0 103.0 
1.0 2.0 4.0 8.0 18.0 30.0 44.0 64.0 91.0 106.0 100.0 109.0 103.0 88.0 
1.0 2.0 4.0 8.0 18.0 30.0 44.0 64.0 91.0 106.0 100.0 109.0 103.0 88.0 79.0 
1.0 2.0 4.0 8.0 18.0 30.0 44.0 64.0 91.0 106.0 100.0 109.0 103.0 88.0 79.0 64.0 
1.0 2.0 4.0 8.0 18.0 30.0 44.0 64.0 91.0 106.0 100.0 109.0 103.0 88.0 79.0 64.0 36.0 
1.0 2.0 4.0 8.0 18.0 30.0 44.0 64.0 91.0 106.0 100.0 109.0 103.0 88.0 79.0 64.0 36.0 25.0 
1.0 2.0 4.0 8.0 18.0 30.0 44.0 64.0 91.0 106.0 100.0 109.0 103.0 88.0 79.0 64.0 36.0 25.0 14.0 
1.0 2.0 4.0 8.0 18.0 30.0 44.0 64.0 91.0 106.0 100.0 109.0 103.0 88.0 79.0 64.0 36.0 25.0 14.0 8.0 
1.0 2.0 4.0 8.0 18.0 30.0 44.0 64.0 91.0 106.0 100.0 109.0 103.0 88.0 79.0 64.0 36.0 25.0 14.0 8.0 7.0 
