2.0 
2.0 4.0 
2.0 4.0 14.0 
2.0 4.0 14.0 25.0 
2.0 4.0 14.0 25.0 38.0 
2.0 4.0 14.0 25.0 38.0 55.0 
2.0 4.0 14.0 25.0 38.0 55.0 71.0 
2.0 4.0 14.0 25.0 38.0 55.0 71.0 73.0 
2.0 4.0 14.0 25.0 38.0 55.0 71.0 73.0 96.0 
2.0 4.0 14.0 25.0 38.0 55.0 71.0 73.0 96.0 100.0 
2.0 4.0 14.0 25.0 38.0 55.0 71.0 73.0 96.0 100.0 109.0 
2.0 4.0 14.0 25.0 38.0 55.0 71.0 73.0 96.0 100.0 109.0 117.0 
2.0 4.0 14.0 25.0 38.0 55.0 71.0 73.0 96.0 100.0 109.0 117.0 105.0 
2.0 4.0 14.0 25.0 38.0 55.0 71.0 73.0 96.0 100.0 109.0 117.0 105.0 107.0 
2.0 4.0 14.0 25.0 38.0 55.0 71.0 73.0 96.0 100.0 109.0 117.0 105.0 107.0 95.0 
2.0 4.0 14.0 25.0 38.0 55.0 71.0 73.0 96.0 100.0 109.0 117.0 105.0 107.0 95.0 89.0 
2.0 4.0 14.0 25.0 38.0 55.0 71.0 73.0 96.0 100.0 109.0 117.0 105.0 107.0 95.0 89.0 72.0 
2.0 4.0 14.0 25.0 38.0 55.0 71.0 73.0 96.0 100.0 109.0 117.0 105.0 107.0 95.0 89.0 72.0 58.0 
2.0 4.0 14.0 25.0 38.0 55.0 71.0 73.0 96.0 100.0 109.0 117.0 105.0 107.0 95.0 89.0 72.0 58.0 44.0 
2.0 4.0 14.0 25.0 38.0 55.0 71.0 73.0 96.0 100.0 109.0 117.0 105.0 107.0 95.0 89.0 72.0 58.0 44.0 24.0 
2.0 4.0 14.0 25.0 38.0 55.0 71.0 73.0 96.0 100.0 109.0 117.0 105.0 107.0 95.0 89.0 72.0 58.0 44.0 24.0 21.0 
1.0 
1.0 7.0 
1.0 7.0 12.0 
1.0 7.0 12.0 14.0 
1.0 7.0 12.0 14.0 21.0 
1.0 7.0 12.0 14.0 21.0 36.0 
1.0 7.0 12.0 14.0 21.0 36.0 50.0 
1.0 7.0 12.0 14.0 21.0 36.0 50.0 71.0 
1.0 7.0 12.0 14.0 21.0 36.0 50.0 71.0 99.0 
1.0 7.0 12.0 14.0 21.0 36.0 50.0 71.0 99.0 93.0 
1.0 7.0 12.0 14.0 21.0 36.0 50.0 71.0 99.0 93.0 120.0 
0.0 
0.0 7.0 
0.0 7.0 13.0 
0.0 7.0 13.0 15.0 
0.0 7.0 13.0 15.0 32.0 
0.0 7.0 13.0 15.0 32.0 59.0 
0.0 7.0 13.0 15.0 32.0 59.0 70.0 
0.0 7.0 13.0 15.0 32.0 59.0 70.0 78.0 
0.0 7.0 13.0 15.0 32.0 59.0 70.0 78.0 98.0 
0.0 7.0 13.0 15.0 32.0 59.0 70.0 78.0 98.0 118.0 
0.0 7.0 13.0 15.0 32.0 59.0 70.0 78.0 98.0 118.0 102.0 
0.0 7.0 13.0 15.0 32.0 59.0 70.0 78.0 98.0 118.0 102.0 92.0 
0.0 7.0 13.0 15.0 32.0 59.0 70.0 78.0 98.0 118.0 102.0 92.0 104.0 
0.0 7.0 13.0 15.0 32.0 59.0 70.0 78.0 98.0 118.0 102.0 92.0 104.0 101.0 
0.0 7.0 13.0 15.0 32.0 59.0 70.0 78.0 98.0 118.0 102.0 92.0 104.0 101.0 86.0 
0.0 7.0 13.0 15.0 32.0 59.0 70.0 78.0 98.0 118.0 102.0 92.0 104.0 101.0 86.0 84.0 
0.0 7.0 13.0 15.0 32.0 59.0 70.0 78.0 98.0 118.0 102.0 92.0 104.0 101.0 86.0 84.0 76.0 
0.0 7.0 13.0 15.0 32.0 59.0 70.0 78.0 98.0 118.0 102.0 92.0 104.0 101.0 86.0 84.0 76.0 54.0 
0.0 7.0 13.0 15.0 32.0 59.0 70.0 78.0 98.0 118.0 102.0 92.0 104.0 101.0 86.0 84.0 76.0 54.0 39.0 
0.0 7.0 13.0 15.0 32.0 59.0 70.0 78.0 98.0 118.0 102.0 92.0 104.0 101.0 86.0 84.0 76.0 54.0 39.0 27.0 
0.0 7.0 13.0 15.0 32.0 59.0 70.0 78.0 98.0 118.0 102.0 92.0 104.0 101.0 86.0 84.0 76.0 54.0 39.0 27.0 18.0 
0.0 
0.0 2.0 
0.0 2.0 7.0 
0.0 2.0 7.0 16.0 
0.0 2.0 7.0 16.0 24.0 
0.0 2.0 7.0 16.0 24.0 37.0 
0.0 2.0 7.0 16.0 24.0 37.0 54.0 
0.0 2.0 7.0 16.0 24.0 37.0 54.0 82.0 
0.0 2.0 7.0 16.0 24.0 37.0 54.0 82.0 89.0 
0.0 2.0 7.0 16.0 24.0 37.0 54.0 82.0 89.0 87.0 
0.0 2.0 7.0 16.0 24.0 37.0 54.0 82.0 89.0 87.0 102.0 
0.0 2.0 7.0 16.0 24.0 37.0 54.0 82.0 89.0 87.0 102.0 110.0 
0.0 2.0 7.0 16.0 24.0 37.0 54.0 82.0 89.0 87.0 102.0 110.0 101.0 
0.0 2.0 7.0 16.0 24.0 37.0 54.0 82.0 89.0 87.0 102.0 110.0 101.0 79.0 
0.0 2.0 7.0 16.0 24.0 37.0 54.0 82.0 89.0 87.0 102.0 110.0 101.0 79.0 66.0 
0.0 2.0 7.0 16.0 24.0 37.0 54.0 82.0 89.0 87.0 102.0 110.0 101.0 79.0 66.0 67.0 
0.0 2.0 7.0 16.0 24.0 37.0 54.0 82.0 89.0 87.0 102.0 110.0 101.0 79.0 66.0 67.0 51.0 
0.0 2.0 7.0 16.0 24.0 37.0 54.0 82.0 89.0 87.0 102.0 110.0 101.0 79.0 66.0 67.0 51.0 26.0 
0.0 2.0 7.0 16.0 24.0 37.0 54.0 82.0 89.0 87.0 102.0 110.0 101.0 79.0 66.0 67.0 51.0 26.0 24.0 
0.0 2.0 7.0 16.0 24.0 37.0 54.0 82.0 89.0 87.0 102.0 110.0 101.0 79.0 66.0 67.0 51.0 26.0 24.0 8.0 
0.0 2.0 7.0 16.0 24.0 37.0 54.0 82.0 89.0 87.0 102.0 110.0 101.0 79.0 66.0 67.0 51.0 26.0 24.0 8.0 4.0 
