0.0 
0.0 0.0 
0.0 0.0 0.0 
0.0 0.0 0.0 0.0 
0.0 0.0 0.0 0.0 1.0 
0.0 0.0 0.0 0.0 1.0 8.0 
0.0 0.0 0.0 0.0 1.0 8.0 13.0 
0.0 0.0 0.0 0.0 1.0 8.0 13.0 53.0 
0.0 0.0 0.0 0.0 1.0 8.0 13.0 53.0 93.0 
0.0 0.0 0.0 0.0 1.0 8.0 13.0 53.0 93.0 79.0 
0.0 0.0 0.0 0.0 1.0 8.0 13.0 53.0 93.0 79.0 72.0 
0.0 0.0 0.0 0.0 1.0 8.0 13.0 53.0 93.0 79.0 72.0 90.0 
0.0 0.0 0.0 0.0 1.0 8.0 13.0 53.0 93.0 79.0 72.0 90.0 89.0 
0.0 0.0 0.0 0.0 1.0 8.0 13.0 53.0 93.0 79.0 72.0 90.0 89.0 80.0 
0.0 0.0 0.0 0.0 1.0 8.0 13.0 53.0 93.0 79.0 72.0 90.0 89.0 80.0 75.0 
0.0 0.0 0.0 0.0 1.0 8.0 13.0 53.0 93.0 79.0 72.0 90.0 89.0 80.0 75.0 76.0 
0.0 0.0 0.0 0.0 1.0 8.0 13.0 53.0 93.0 79.0 72.0 90.0 89.0 80.0 75.0 76.0 46.0 
0.0 0.0 0.0 0.0 1.0 8.0 13.0 53.0 93.0 79.0 72.0 90.0 89.0 80.0 75.0 76.0 46.0 17.0 
0.0 0.0 0.0 0.0 1.0 8.0 13.0 53.0 93.0 79.0 72.0 90.0 89.0 80.0 75.0 76.0 46.0 17.0 3.0 
0.0 0.0 0.0 0.0 1.0 8.0 13.0 53.0 93.0 79.0 72.0 90.0 89.0 80.0 75.0 76.0 46.0 17.0 3.0 1.0 
0.0 0.0 0.0 0.0 1.0 8.0 13.0 53.0 93.0 79.0 72.0 90.0 89.0 80.0 75.0 76.0 46.0 17.0 3.0 1.0 1.0 
0.0 
0.0 0.0 
0.0 0.0 0.0 
0.0 0.0 0.0 0.0 
0.0 0.0 0.0 0.0 0.0 
0.0 0.0 0.0 0.0 0.0 1.0 
0.0 0.0 0.0 0.0 0.0 1.0 9.0 
0.0 0.0 0.0 0.0 0.0 1.0 9.0 28.0 
0.0 0.0 0.0 0.0 0.0 1.0 9.0 28.0 61.0 
0.0 0.0 0.0 0.0 0.0 1.0 9.0 28.0 61.0 100.0 
0.0 0.0 0.0 0.0 0.0 1.0 9.0 28.0 61.0 100.0 107.0 
0.0 0.0 0.0 0.0 0.0 1.0 9.0 28.0 61.0 100.0 107.0 79.0 
0.0 0.0 0.0 0.0 0.0 1.0 9.0 28.0 61.0 100.0 107.0 79.0 91.0 
0.0 0.0 0.0 0.0 0.0 1.0 9.0 28.0 61.0 100.0 107.0 79.0 91.0 74.0 
0.0 0.0 0.0 0.0 0.0 1.0 9.0 28.0 61.0 100.0 107.0 79.0 91.0 74.0 58.0 
0.0 0.0 0.0 0.0 0.0 1.0 9.0 28.0 61.0 100.0 107.0 79.0 91.0 74.0 58.0 20.0 
0.0 0.0 0.0 0.0 0.0 1.0 9.0 28.0 61.0 100.0 107.0 79.0 91.0 74.0 58.0 20.0 3.0 
0.0 0.0 0.0 0.0 0.0 1.0 9.0 28.0 61.0 100.0 107.0 79.0 91.0 74.0 58.0 20.0 3.0 1.0 
0.0 0.0 0.0 0.0 0.0 1.0 9.0 28.0 61.0 100.0 107.0 79.0 91.0 74.0 58.0 20.0 3.0 1.0 1.0 
0.0 0.0 0.0 0.0 0.0 1.0 9.0 28.0 61.0 100.0 107.0 79.0 91.0 74.0 58.0 20.0 3.0 1.0 1.0 0.0 
0.0 
0.0 0.0 
0.0 0.0 0.0 
0.0 0.0 0.0 1.0 
0.0 0.0 0.0 1.0 2.0 
0.0 0.0 0.0 1.0 2.0 8.0 
0.0 0.0 0.0 1.0 2.0 8.0 25.0 
0.0 0.0 0.0 1.0 2.0 8.0 25.0 52.0 
0.0 0.0 0.0 1.0 2.0 8.0 25.0 52.0 70.0 
0.0 0.0 0.0 1.0 2.0 8.0 25.0 52.0 70.0 107.0 
0.0 0.0 0.0 1.0 2.0 8.0 25.0 52.0 70.0 107.0 73.0 
0.0 0.0 0.0 1.0 2.0 8.0 25.0 52.0 70.0 107.0 73.0 77.0 
0.0 0.0 0.0 1.0 2.0 8.0 25.0 52.0 70.0 107.0 73.0 77.0 84.0 
0.0 0.0 0.0 1.0 2.0 8.0 25.0 52.0 70.0 107.0 73.0 77.0 84.0 73.0 
0.0 0.0 0.0 1.0 2.0 8.0 25.0 52.0 70.0 107.0 73.0 77.0 84.0 73.0 51.0 
0.0 0.0 0.0 1.0 2.0 8.0 25.0 52.0 70.0 107.0 73.0 77.0 84.0 73.0 51.0 78.0 
0.0 0.0 0.0 1.0 2.0 8.0 25.0 52.0 70.0 107.0 73.0 77.0 84.0 73.0 51.0 78.0 44.0 
0.0 0.0 0.0 1.0 2.0 8.0 25.0 52.0 70.0 107.0 73.0 77.0 84.0 73.0 51.0 78.0 44.0 12.0 
0.0 0.0 0.0 1.0 2.0 8.0 25.0 52.0 70.0 107.0 73.0 77.0 84.0 73.0 51.0 78.0 44.0 12.0 5.0 
0.0 0.0 0.0 1.0 2.0 8.0 25.0 52.0 70.0 107.0 73.0 77.0 84.0 73.0 51.0 78.0 44.0 12.0 5.0 1.0 
0.0 0.0 0.0 1.0 2.0 8.0 25.0 52.0 70.0 107.0 73.0 77.0 84.0 73.0 51.0 78.0 44.0 12.0 5.0 1.0 0.0 
0.0 
0.0 0.0 
0.0 0.0 0.0 
0.0 0.0 0.0 0.0 
0.0 0.0 0.0 0.0 0.0 
0.0 0.0 0.0 0.0 0.0 0.0 
0.0 0.0 0.0 0.0 0.0 0.0 7.0 
0.0 0.0 0.0 0.0 0.0 0.0 7.0 24.0 
0.0 0.0 0.0 0.0 0.0 0.0 7.0 24.0 53.0 
0.0 0.0 0.0 0.0 0.0 0.0 7.0 24.0 53.0 84.0 
0.0 0.0 0.0 0.0 0.0 0.0 7.0 24.0 53.0 84.0 98.0 
0.0 0.0 0.0 0.0 0.0 0.0 7.0 24.0 53.0 84.0 98.0 93.0 
0.0 0.0 0.0 0.0 0.0 0.0 7.0 24.0 53.0 84.0 98.0 93.0 93.0 
0.0 0.0 0.0 0.0 0.0 0.0 7.0 24.0 53.0 84.0 98.0 93.0 93.0 76.0 
0.0 0.0 0.0 0.0 0.0 0.0 7.0 24.0 53.0 84.0 98.0 93.0 93.0 76.0 51.0 
0.0 0.0 0.0 0.0 0.0 0.0 7.0 24.0 53.0 84.0 98.0 93.0 93.0 76.0 51.0 18.0 
0.0 0.0 0.0 0.0 0.0 0.0 7.0 24.0 53.0 84.0 98.0 93.0 93.0 76.0 51.0 18.0 5.0 
0.0 0.0 0.0 0.0 0.0 0.0 7.0 24.0 53.0 84.0 98.0 93.0 93.0 76.0 51.0 18.0 5.0 1.0 
0.0 0.0 0.0 0.0 0.0 0.0 7.0 24.0 53.0 84.0 98.0 93.0 93.0 76.0 51.0 18.0 5.0 1.0 0.0 
0.0 0.0 0.0 0.0 0.0 0.0 7.0 24.0 53.0 84.0 98.0 93.0 93.0 76.0 51.0 18.0 5.0 1.0 0.0 0.0 
0.0 0.0 0.0 0.0 0.0 0.0 7.0 24.0 53.0 84.0 98.0 93.0 93.0 76.0 51.0 18.0 5.0 1.0 0.0 0.0 0.0 
