0.0 
0.0 0.0 
0.0 0.0 1.0 
0.0 0.0 1.0 8.0 
0.0 0.0 1.0 8.0 28.0 
0.0 0.0 1.0 8.0 28.0 37.0 
0.0 0.0 1.0 8.0 28.0 37.0 61.0 
0.0 0.0 1.0 8.0 28.0 37.0 61.0 76.0 
0.0 0.0 1.0 8.0 28.0 37.0 61.0 76.0 86.0 
0.0 0.0 1.0 8.0 28.0 37.0 61.0 76.0 86.0 90.0 
0.0 0.0 1.0 8.0 28.0 37.0 61.0 76.0 86.0 90.0 116.0 
0.0 0.0 1.0 8.0 28.0 37.0 61.0 76.0 86.0 90.0 116.0 95.0 
0.0 0.0 1.0 8.0 28.0 37.0 61.0 76.0 86.0 90.0 116.0 95.0 107.0 
0.0 0.0 1.0 8.0 28.0 37.0 61.0 76.0 86.0 90.0 116.0 95.0 107.0 108.0 
0.0 0.0 1.0 8.0 28.0 37.0 61.0 76.0 86.0 90.0 116.0 95.0 107.0 108.0 87.0 
0.0 0.0 1.0 8.0 28.0 37.0 61.0 76.0 86.0 90.0 116.0 95.0 107.0 108.0 87.0 75.0 
0.0 0.0 1.0 8.0 28.0 37.0 61.0 76.0 86.0 90.0 116.0 95.0 107.0 108.0 87.0 75.0 69.0 
0.0 0.0 1.0 8.0 28.0 37.0 61.0 76.0 86.0 90.0 116.0 95.0 107.0 108.0 87.0 75.0 69.0 47.0 
0.0 0.0 1.0 8.0 28.0 37.0 61.0 76.0 86.0 90.0 116.0 95.0 107.0 108.0 87.0 75.0 69.0 47.0 30.0 
0.0 0.0 1.0 8.0 28.0 37.0 61.0 76.0 86.0 90.0 116.0 95.0 107.0 108.0 87.0 75.0 69.0 47.0 30.0 21.0 
0.0 0.0 1.0 8.0 28.0 37.0 61.0 76.0 86.0 90.0 116.0 95.0 107.0 108.0 87.0 75.0 69.0 47.0 30.0 21.0 10.0 
0.0 
0.0 1.0 
0.0 1.0 2.0 
0.0 1.0 2.0 3.0 
0.0 1.0 2.0 3.0 13.0 
0.0 1.0 2.0 3.0 13.0 27.0 
0.0 1.0 2.0 3.0 13.0 27.0 33.0 
0.0 1.0 2.0 3.0 13.0 27.0 33.0 62.0 
0.0 1.0 2.0 3.0 13.0 27.0 33.0 62.0 84.0 
0.0 1.0 2.0 3.0 13.0 27.0 33.0 62.0 84.0 95.0 
1.0 
1.0 3.0 
1.0 3.0 4.0 
1.0 3.0 4.0 10.0 
1.0 3.0 4.0 10.0 23.0 
1.0 3.0 4.0 10.0 23.0 43.0 
1.0 3.0 4.0 10.0 23.0 43.0 59.0 
1.0 3.0 4.0 10.0 23.0 43.0 59.0 81.0 
1.0 3.0 4.0 10.0 23.0 43.0 59.0 81.0 103.0 
1.0 3.0 4.0 10.0 23.0 43.0 59.0 81.0 103.0 101.0 
1.0 3.0 4.0 10.0 23.0 43.0 59.0 81.0 103.0 101.0 124.0 
1.0 3.0 4.0 10.0 23.0 43.0 59.0 81.0 103.0 101.0 124.0 101.0 
1.0 3.0 4.0 10.0 23.0 43.0 59.0 81.0 103.0 101.0 124.0 101.0 86.0 
1.0 3.0 4.0 10.0 23.0 43.0 59.0 81.0 103.0 101.0 124.0 101.0 86.0 97.0 
1.0 3.0 4.0 10.0 23.0 43.0 59.0 81.0 103.0 101.0 124.0 101.0 86.0 97.0 94.0 
1.0 3.0 4.0 10.0 23.0 43.0 59.0 81.0 103.0 101.0 124.0 101.0 86.0 97.0 94.0 75.0 
1.0 3.0 4.0 10.0 23.0 43.0 59.0 81.0 103.0 101.0 124.0 101.0 86.0 97.0 94.0 75.0 54.0 
1.0 3.0 4.0 10.0 23.0 43.0 59.0 81.0 103.0 101.0 124.0 101.0 86.0 97.0 94.0 75.0 54.0 50.0 
1.0 3.0 4.0 10.0 23.0 43.0 59.0 81.0 103.0 101.0 124.0 101.0 86.0 97.0 94.0 75.0 54.0 50.0 27.0 
1.0 3.0 4.0 10.0 23.0 43.0 59.0 81.0 103.0 101.0 124.0 101.0 86.0 97.0 94.0 75.0 54.0 50.0 27.0 15.0 
1.0 3.0 4.0 10.0 23.0 43.0 59.0 81.0 103.0 101.0 124.0 101.0 86.0 97.0 94.0 75.0 54.0 50.0 27.0 15.0 6.0 
1.0 
1.0 2.0 
1.0 2.0 3.0 
1.0 2.0 3.0 7.0 
1.0 2.0 3.0 7.0 9.0 
1.0 2.0 3.0 7.0 9.0 16.0 
1.0 2.0 3.0 7.0 9.0 16.0 35.0 
1.0 2.0 3.0 7.0 9.0 16.0 35.0 64.0 
1.0 2.0 3.0 7.0 9.0 16.0 35.0 64.0 77.0 
1.0 2.0 3.0 7.0 9.0 16.0 35.0 64.0 77.0 95.0 
1.0 2.0 3.0 7.0 9.0 16.0 35.0 64.0 77.0 95.0 99.0 
1.0 2.0 3.0 7.0 9.0 16.0 35.0 64.0 77.0 95.0 99.0 104.0 
1.0 2.0 3.0 7.0 9.0 16.0 35.0 64.0 77.0 95.0 99.0 104.0 102.0 
1.0 2.0 3.0 7.0 9.0 16.0 35.0 64.0 77.0 95.0 99.0 104.0 102.0 94.0 
1.0 2.0 3.0 7.0 9.0 16.0 35.0 64.0 77.0 95.0 99.0 104.0 102.0 94.0 70.0 
1.0 2.0 3.0 7.0 9.0 16.0 35.0 64.0 77.0 95.0 99.0 104.0 102.0 94.0 70.0 62.0 
1.0 2.0 3.0 7.0 9.0 16.0 35.0 64.0 77.0 95.0 99.0 104.0 102.0 94.0 70.0 62.0 40.0 
1.0 2.0 3.0 7.0 9.0 16.0 35.0 64.0 77.0 95.0 99.0 104.0 102.0 94.0 70.0 62.0 40.0 13.0 
1.0 2.0 3.0 7.0 9.0 16.0 35.0 64.0 77.0 95.0 99.0 104.0 102.0 94.0 70.0 62.0 40.0 13.0 6.0 
1.0 2.0 3.0 7.0 9.0 16.0 35.0 64.0 77.0 95.0 99.0 104.0 102.0 94.0 70.0 62.0 40.0 13.0 6.0 1.0 
1.0 2.0 3.0 7.0 9.0 16.0 35.0 64.0 77.0 95.0 99.0 104.0 102.0 94.0 70.0 62.0 40.0 13.0 6.0 1.0 5.0 
