0.0 
0.0 0.0 
0.0 0.0 0.0 
0.0 0.0 0.0 1.0 
0.0 0.0 0.0 1.0 3.0 
0.0 0.0 0.0 1.0 3.0 9.0 
0.0 0.0 0.0 1.0 3.0 9.0 25.0 
0.0 0.0 0.0 1.0 3.0 9.0 25.0 58.0 
0.0 0.0 0.0 1.0 3.0 9.0 25.0 58.0 86.0 
0.0 0.0 0.0 1.0 3.0 9.0 25.0 58.0 86.0 65.0 
0.0 0.0 0.0 1.0 3.0 9.0 25.0 58.0 86.0 65.0 78.0 
0.0 0.0 0.0 1.0 3.0 9.0 25.0 58.0 86.0 65.0 78.0 86.0 
0.0 0.0 0.0 1.0 3.0 9.0 25.0 58.0 86.0 65.0 78.0 86.0 94.0 
0.0 0.0 0.0 1.0 3.0 9.0 25.0 58.0 86.0 65.0 78.0 86.0 94.0 66.0 
0.0 0.0 0.0 1.0 3.0 9.0 25.0 58.0 86.0 65.0 78.0 86.0 94.0 66.0 40.0 
0.0 0.0 0.0 1.0 3.0 9.0 25.0 58.0 86.0 65.0 78.0 86.0 94.0 66.0 40.0 89.0 
0.0 0.0 0.0 1.0 3.0 9.0 25.0 58.0 86.0 65.0 78.0 86.0 94.0 66.0 40.0 89.0 52.0 
0.0 0.0 0.0 1.0 3.0 9.0 25.0 58.0 86.0 65.0 78.0 86.0 94.0 66.0 40.0 89.0 52.0 17.0 
0.0 0.0 0.0 1.0 3.0 9.0 25.0 58.0 86.0 65.0 78.0 86.0 94.0 66.0 40.0 89.0 52.0 17.0 7.0 
0.0 0.0 0.0 1.0 3.0 9.0 25.0 58.0 86.0 65.0 78.0 86.0 94.0 66.0 40.0 89.0 52.0 17.0 7.0 1.0 
0.0 0.0 0.0 1.0 3.0 9.0 25.0 58.0 86.0 65.0 78.0 86.0 94.0 66.0 40.0 89.0 52.0 17.0 7.0 1.0 0.0 
0.0 
0.0 0.0 
0.0 0.0 0.0 
0.0 0.0 0.0 0.0 
0.0 0.0 0.0 0.0 0.0 
0.0 0.0 0.0 0.0 0.0 1.0 
0.0 0.0 0.0 0.0 0.0 1.0 8.0 
0.0 0.0 0.0 0.0 0.0 1.0 8.0 32.0 
0.0 0.0 0.0 0.0 0.0 1.0 8.0 32.0 54.0 
0.0 0.0 0.0 0.0 0.0 1.0 8.0 32.0 54.0 86.0 
0.0 0.0 0.0 0.0 0.0 1.0 8.0 32.0 54.0 86.0 98.0 
0.0 0.0 0.0 0.0 0.0 1.0 8.0 32.0 54.0 86.0 98.0 97.0 
0.0 0.0 0.0 0.0 0.0 1.0 8.0 32.0 54.0 86.0 98.0 97.0 93.0 
0.0 0.0 0.0 0.0 0.0 1.0 8.0 32.0 54.0 86.0 98.0 97.0 93.0 81.0 
0.0 0.0 0.0 0.0 0.0 1.0 8.0 32.0 54.0 86.0 98.0 97.0 93.0 81.0 61.0 
0.0 0.0 0.0 0.0 0.0 1.0 8.0 32.0 54.0 86.0 98.0 97.0 93.0 81.0 61.0 22.0 
0.0 0.0 0.0 0.0 0.0 1.0 8.0 32.0 54.0 86.0 98.0 97.0 93.0 81.0 61.0 22.0 8.0 
0.0 0.0 0.0 0.0 0.0 1.0 8.0 32.0 54.0 86.0 98.0 97.0 93.0 81.0 61.0 22.0 8.0 1.0 
0.0 0.0 0.0 0.0 0.0 1.0 8.0 32.0 54.0 86.0 98.0 97.0 93.0 81.0 61.0 22.0 8.0 1.0 1.0 
0.0 0.0 0.0 0.0 0.0 1.0 8.0 32.0 54.0 86.0 98.0 97.0 93.0 81.0 61.0 22.0 8.0 1.0 1.0 0.0 
0.0 0.0 0.0 0.0 0.0 1.0 8.0 32.0 54.0 86.0 98.0 97.0 93.0 81.0 61.0 22.0 8.0 1.0 1.0 0.0 0.0 
0.0 
0.0 0.0 
0.0 0.0 0.0 
0.0 0.0 0.0 0.0 
0.0 0.0 0.0 0.0 1.0 
0.0 0.0 0.0 0.0 1.0 8.0 
0.0 0.0 0.0 0.0 1.0 8.0 21.0 
0.0 0.0 0.0 0.0 1.0 8.0 21.0 59.0 
0.0 0.0 0.0 0.0 1.0 8.0 21.0 59.0 76.0 
0.0 0.0 0.0 0.0 1.0 8.0 21.0 59.0 76.0 90.0 
0.0 0.0 0.0 0.0 1.0 8.0 21.0 59.0 76.0 90.0 76.0 
0.0 0.0 0.0 0.0 1.0 8.0 21.0 59.0 76.0 90.0 76.0 38.0 
0.0 0.0 0.0 0.0 1.0 8.0 21.0 59.0 76.0 90.0 76.0 38.0 84.0 
0.0 0.0 0.0 0.0 1.0 8.0 21.0 59.0 76.0 90.0 76.0 38.0 84.0 71.0 
0.0 0.0 0.0 0.0 1.0 8.0 21.0 59.0 76.0 90.0 76.0 38.0 84.0 71.0 72.0 
0.0 0.0 0.0 0.0 1.0 8.0 21.0 59.0 76.0 90.0 76.0 38.0 84.0 71.0 72.0 77.0 
0.0 0.0 0.0 0.0 1.0 8.0 21.0 59.0 76.0 90.0 76.0 38.0 84.0 71.0 72.0 77.0 45.0 
0.0 0.0 0.0 0.0 1.0 8.0 21.0 59.0 76.0 90.0 76.0 38.0 84.0 71.0 72.0 77.0 45.0 20.0 
0.0 0.0 0.0 0.0 1.0 8.0 21.0 59.0 76.0 90.0 76.0 38.0 84.0 71.0 72.0 77.0 45.0 20.0 9.0 
0.0 0.0 0.0 0.0 1.0 8.0 21.0 59.0 76.0 90.0 76.0 38.0 84.0 71.0 72.0 77.0 45.0 20.0 9.0 3.0 
0.0 0.0 0.0 0.0 1.0 8.0 21.0 59.0 76.0 90.0 76.0 38.0 84.0 71.0 72.0 77.0 45.0 20.0 9.0 3.0 1.0 
0.0 
0.0 0.0 
0.0 0.0 0.0 
0.0 0.0 0.0 0.0 
0.0 0.0 0.0 0.0 0.0 
0.0 0.0 0.0 0.0 0.0 4.0 
0.0 0.0 0.0 0.0 0.0 4.0 12.0 
0.0 0.0 0.0 0.0 0.0 4.0 12.0 31.0 
0.0 0.0 0.0 0.0 0.0 4.0 12.0 31.0 69.0 
0.0 0.0 0.0 0.0 0.0 4.0 12.0 31.0 69.0 96.0 
0.0 0.0 0.0 0.0 0.0 4.0 12.0 31.0 69.0 96.0 101.0 
0.0 0.0 0.0 0.0 0.0 4.0 12.0 31.0 69.0 96.0 101.0 94.0 
0.0 0.0 0.0 0.0 0.0 4.0 12.0 31.0 69.0 96.0 101.0 94.0 77.0 
0.0 0.0 0.0 0.0 0.0 4.0 12.0 31.0 69.0 96.0 101.0 94.0 77.0 97.0 
0.0 0.0 0.0 0.0 0.0 4.0 12.0 31.0 69.0 96.0 101.0 94.0 77.0 97.0 60.0 
0.0 0.0 0.0 0.0 0.0 4.0 12.0 31.0 69.0 96.0 101.0 94.0 77.0 97.0 60.0 16.0 
0.0 0.0 0.0 0.0 0.0 4.0 12.0 31.0 69.0 96.0 101.0 94.0 77.0 97.0 60.0 16.0 3.0 
0.0 0.0 0.0 0.0 0.0 4.0 12.0 31.0 69.0 96.0 101.0 94.0 77.0 97.0 60.0 16.0 3.0 1.0 
0.0 0.0 0.0 0.0 0.0 4.0 12.0 31.0 69.0 96.0 101.0 94.0 77.0 97.0 60.0 16.0 3.0 1.0 0.0 
0.0 0.0 0.0 0.0 0.0 4.0 12.0 31.0 69.0 96.0 101.0 94.0 77.0 97.0 60.0 16.0 3.0 1.0 0.0 0.0 
0.0 0.0 0.0 0.0 0.0 4.0 12.0 31.0 69.0 96.0 101.0 94.0 77.0 97.0 60.0 16.0 3.0 1.0 0.0 0.0 0.0 
