0.0 
0.0 0.0 
0.0 0.0 0.0 
0.0 0.0 0.0 0.0 
0.0 0.0 0.0 0.0 0.0 
0.0 0.0 0.0 0.0 0.0 0.0 
0.0 0.0 0.0 0.0 0.0 0.0 2.0 
0.0 0.0 0.0 0.0 0.0 0.0 2.0 41.0 
0.0 0.0 0.0 0.0 0.0 0.0 2.0 41.0 53.0 
0.0 0.0 0.0 0.0 0.0 0.0 2.0 41.0 53.0 65.0 
0.0 0.0 0.0 0.0 0.0 0.0 2.0 41.0 53.0 65.0 55.0 
0.0 0.0 0.0 0.0 0.0 0.0 2.0 41.0 53.0 65.0 55.0 28.0 
0.0 0.0 0.0 0.0 0.0 0.0 2.0 41.0 53.0 65.0 55.0 28.0 32.0 
0.0 0.0 0.0 0.0 0.0 0.0 2.0 41.0 53.0 65.0 55.0 28.0 32.0 44.0 
0.0 0.0 0.0 0.0 0.0 0.0 2.0 41.0 53.0 65.0 55.0 28.0 32.0 44.0 35.0 
0.0 0.0 0.0 0.0 0.0 0.0 2.0 41.0 53.0 65.0 55.0 28.0 32.0 44.0 35.0 42.0 
0.0 0.0 0.0 0.0 0.0 0.0 2.0 41.0 53.0 65.0 55.0 28.0 32.0 44.0 35.0 42.0 40.0 
0.0 0.0 0.0 0.0 0.0 0.0 2.0 41.0 53.0 65.0 55.0 28.0 32.0 44.0 35.0 42.0 40.0 0.0 
0.0 0.0 0.0 0.0 0.0 0.0 2.0 41.0 53.0 65.0 55.0 28.0 32.0 44.0 35.0 42.0 40.0 0.0 0.0 
0.0 0.0 0.0 0.0 0.0 0.0 2.0 41.0 53.0 65.0 55.0 28.0 32.0 44.0 35.0 42.0 40.0 0.0 0.0 0.0 
0.0 0.0 0.0 0.0 0.0 0.0 2.0 41.0 53.0 65.0 55.0 28.0 32.0 44.0 35.0 42.0 40.0 0.0 0.0 0.0 0.0 
0.0 
0.0 0.0 
0.0 0.0 0.0 
0.0 0.0 0.0 0.0 
0.0 0.0 0.0 0.0 0.0 
0.0 0.0 0.0 0.0 0.0 0.0 
0.0 0.0 0.0 0.0 0.0 0.0 0.0 
0.0 0.0 0.0 0.0 0.0 0.0 0.0 2.0 
0.0 0.0 0.0 0.0 0.0 0.0 0.0 2.0 38.0 
0.0 0.0 0.0 0.0 0.0 0.0 0.0 2.0 38.0 94.0 
0.0 0.0 0.0 0.0 0.0 0.0 0.0 2.0 38.0 94.0 58.0 
0.0 0.0 0.0 0.0 0.0 0.0 0.0 2.0 38.0 94.0 58.0 0.0 
0.0 0.0 0.0 0.0 0.0 0.0 0.0 2.0 38.0 94.0 58.0 0.0 49.0 
0.0 0.0 0.0 0.0 0.0 0.0 0.0 2.0 38.0 94.0 58.0 0.0 49.0 24.0 
0.0 0.0 0.0 0.0 0.0 0.0 0.0 2.0 38.0 94.0 58.0 0.0 49.0 24.0 51.0 
0.0 0.0 0.0 0.0 0.0 0.0 0.0 2.0 38.0 94.0 58.0 0.0 49.0 24.0 51.0 7.0 
0.0 0.0 0.0 0.0 0.0 0.0 0.0 2.0 38.0 94.0 58.0 0.0 49.0 24.0 51.0 7.0 0.0 
0.0 0.0 0.0 0.0 0.0 0.0 0.0 2.0 38.0 94.0 58.0 0.0 49.0 24.0 51.0 7.0 0.0 0.0 
0.0 0.0 0.0 0.0 0.0 0.0 0.0 2.0 38.0 94.0 58.0 0.0 49.0 24.0 51.0 7.0 0.0 0.0 0.0 
0.0 0.0 0.0 0.0 0.0 0.0 0.0 2.0 38.0 94.0 58.0 0.0 49.0 24.0 51.0 7.0 0.0 0.0 0.0 0.0 
0.0 0.0 0.0 0.0 0.0 0.0 0.0 2.0 38.0 94.0 58.0 0.0 49.0 24.0 51.0 7.0 0.0 0.0 0.0 0.0 0.0 
0.0 
0.0 0.0 
0.0 0.0 0.0 
0.0 0.0 0.0 0.0 
0.0 0.0 0.0 0.0 0.0 
0.0 0.0 0.0 0.0 0.0 0.0 
0.0 0.0 0.0 0.0 0.0 0.0 3.0 
0.0 0.0 0.0 0.0 0.0 0.0 3.0 47.0 
0.0 0.0 0.0 0.0 0.0 0.0 3.0 47.0 59.0 
0.0 0.0 0.0 0.0 0.0 0.0 3.0 47.0 59.0 40.0 
0.0 0.0 0.0 0.0 0.0 0.0 3.0 47.0 59.0 40.0 33.0 
0.0 0.0 0.0 0.0 0.0 0.0 3.0 47.0 59.0 40.0 33.0 32.0 
0.0 0.0 0.0 0.0 0.0 0.0 3.0 47.0 59.0 40.0 33.0 32.0 28.0 
0.0 0.0 0.0 0.0 0.0 0.0 3.0 47.0 59.0 40.0 33.0 32.0 28.0 27.0 
0.0 0.0 0.0 0.0 0.0 0.0 3.0 47.0 59.0 40.0 33.0 32.0 28.0 27.0 42.0 
0.0 0.0 0.0 0.0 0.0 0.0 3.0 47.0 59.0 40.0 33.0 32.0 28.0 27.0 42.0 48.0 
0.0 0.0 0.0 0.0 0.0 0.0 3.0 47.0 59.0 40.0 33.0 32.0 28.0 27.0 42.0 48.0 36.0 
0.0 0.0 0.0 0.0 0.0 0.0 3.0 47.0 59.0 40.0 33.0 32.0 28.0 27.0 42.0 48.0 36.0 0.0 
0.0 0.0 0.0 0.0 0.0 0.0 3.0 47.0 59.0 40.0 33.0 32.0 28.0 27.0 42.0 48.0 36.0 0.0 0.0 
0.0 0.0 0.0 0.0 0.0 0.0 3.0 47.0 59.0 40.0 33.0 32.0 28.0 27.0 42.0 48.0 36.0 0.0 0.0 0.0 
0.0 0.0 0.0 0.0 0.0 0.0 3.0 47.0 59.0 40.0 33.0 32.0 28.0 27.0 42.0 48.0 36.0 0.0 0.0 0.0 0.0 
0.0 
0.0 0.0 
0.0 0.0 0.0 
0.0 0.0 0.0 0.0 
0.0 0.0 0.0 0.0 0.0 
0.0 0.0 0.0 0.0 0.0 0.0 
0.0 0.0 0.0 0.0 0.0 0.0 0.0 
0.0 0.0 0.0 0.0 0.0 0.0 0.0 2.0 
0.0 0.0 0.0 0.0 0.0 0.0 0.0 2.0 34.0 
0.0 0.0 0.0 0.0 0.0 0.0 0.0 2.0 34.0 96.0 
0.0 0.0 0.0 0.0 0.0 0.0 0.0 2.0 34.0 96.0 34.0 
0.0 0.0 0.0 0.0 0.0 0.0 0.0 2.0 34.0 96.0 34.0 3.0 
0.0 0.0 0.0 0.0 0.0 0.0 0.0 2.0 34.0 96.0 34.0 3.0 51.0 
0.0 0.0 0.0 0.0 0.0 0.0 0.0 2.0 34.0 96.0 34.0 3.0 51.0 18.0 
0.0 0.0 0.0 0.0 0.0 0.0 0.0 2.0 34.0 96.0 34.0 3.0 51.0 18.0 51.0 
0.0 0.0 0.0 0.0 0.0 0.0 0.0 2.0 34.0 96.0 34.0 3.0 51.0 18.0 51.0 4.0 
0.0 0.0 0.0 0.0 0.0 0.0 0.0 2.0 34.0 96.0 34.0 3.0 51.0 18.0 51.0 4.0 0.0 
0.0 0.0 0.0 0.0 0.0 0.0 0.0 2.0 34.0 96.0 34.0 3.0 51.0 18.0 51.0 4.0 0.0 0.0 
0.0 0.0 0.0 0.0 0.0 0.0 0.0 2.0 34.0 96.0 34.0 3.0 51.0 18.0 51.0 4.0 0.0 0.0 0.0 
0.0 0.0 0.0 0.0 0.0 0.0 0.0 2.0 34.0 96.0 34.0 3.0 51.0 18.0 51.0 4.0 0.0 0.0 0.0 0.0 
0.0 0.0 0.0 0.0 0.0 0.0 0.0 2.0 34.0 96.0 34.0 3.0 51.0 18.0 51.0 4.0 0.0 0.0 0.0 0.0 0.0 
