1.0 
1.0 2.0 
1.0 2.0 1.0 
1.0 2.0 1.0 2.0 
1.0 2.0 1.0 2.0 12.0 
1.0 2.0 1.0 2.0 12.0 20.0 
1.0 2.0 1.0 2.0 12.0 20.0 38.0 
1.0 2.0 1.0 2.0 12.0 20.0 38.0 63.0 
1.0 2.0 1.0 2.0 12.0 20.0 38.0 63.0 79.0 
1.0 2.0 1.0 2.0 12.0 20.0 38.0 63.0 79.0 95.0 
1.0 2.0 1.0 2.0 12.0 20.0 38.0 63.0 79.0 95.0 119.0 
1.0 2.0 1.0 2.0 12.0 20.0 38.0 63.0 79.0 95.0 119.0 113.0 
1.0 2.0 1.0 2.0 12.0 20.0 38.0 63.0 79.0 95.0 119.0 113.0 98.0 
1.0 2.0 1.0 2.0 12.0 20.0 38.0 63.0 79.0 95.0 119.0 113.0 98.0 77.0 
1.0 2.0 1.0 2.0 12.0 20.0 38.0 63.0 79.0 95.0 119.0 113.0 98.0 77.0 102.0 
1.0 2.0 1.0 2.0 12.0 20.0 38.0 63.0 79.0 95.0 119.0 113.0 98.0 77.0 102.0 76.0 
1.0 2.0 1.0 2.0 12.0 20.0 38.0 63.0 79.0 95.0 119.0 113.0 98.0 77.0 102.0 76.0 70.0 
1.0 2.0 1.0 2.0 12.0 20.0 38.0 63.0 79.0 95.0 119.0 113.0 98.0 77.0 102.0 76.0 70.0 47.0 
1.0 2.0 1.0 2.0 12.0 20.0 38.0 63.0 79.0 95.0 119.0 113.0 98.0 77.0 102.0 76.0 70.0 47.0 23.0 
1.0 2.0 1.0 2.0 12.0 20.0 38.0 63.0 79.0 95.0 119.0 113.0 98.0 77.0 102.0 76.0 70.0 47.0 23.0 5.0 
1.0 2.0 1.0 2.0 12.0 20.0 38.0 63.0 79.0 95.0 119.0 113.0 98.0 77.0 102.0 76.0 70.0 47.0 23.0 5.0 2.0 
0.0 
0.0 0.0 
0.0 0.0 1.0 
0.0 0.0 1.0 2.0 
0.0 0.0 1.0 2.0 7.0 
0.0 0.0 1.0 2.0 7.0 24.0 
0.0 0.0 1.0 2.0 7.0 24.0 39.0 
0.0 0.0 1.0 2.0 7.0 24.0 39.0 51.0 
0.0 0.0 1.0 2.0 7.0 24.0 39.0 51.0 72.0 
0.0 0.0 1.0 2.0 7.0 24.0 39.0 51.0 72.0 100.0 
0.0 0.0 1.0 2.0 7.0 24.0 39.0 51.0 72.0 100.0 113.0 
0.0 0.0 1.0 2.0 7.0 24.0 39.0 51.0 72.0 100.0 113.0 92.0 
0.0 0.0 1.0 2.0 7.0 24.0 39.0 51.0 72.0 100.0 113.0 92.0 101.0 
0.0 0.0 1.0 2.0 7.0 24.0 39.0 51.0 72.0 100.0 113.0 92.0 101.0 80.0 
1.0 
1.0 3.0 
1.0 3.0 3.0 
1.0 3.0 3.0 6.0 
1.0 3.0 3.0 6.0 12.0 
1.0 3.0 3.0 6.0 12.0 23.0 
1.0 3.0 3.0 6.0 12.0 23.0 59.0 
1.0 3.0 3.0 6.0 12.0 23.0 59.0 69.0 
1.0 3.0 3.0 6.0 12.0 23.0 59.0 69.0 84.0 
1.0 3.0 3.0 6.0 12.0 23.0 59.0 69.0 84.0 102.0 
1.0 3.0 3.0 6.0 12.0 23.0 59.0 69.0 84.0 102.0 101.0 
1.0 3.0 3.0 6.0 12.0 23.0 59.0 69.0 84.0 102.0 101.0 92.0 
1.0 3.0 3.0 6.0 12.0 23.0 59.0 69.0 84.0 102.0 101.0 92.0 101.0 
1.0 3.0 3.0 6.0 12.0 23.0 59.0 69.0 84.0 102.0 101.0 92.0 101.0 101.0 
1.0 3.0 3.0 6.0 12.0 23.0 59.0 69.0 84.0 102.0 101.0 92.0 101.0 101.0 89.0 
1.0 3.0 3.0 6.0 12.0 23.0 59.0 69.0 84.0 102.0 101.0 92.0 101.0 101.0 89.0 85.0 
1.0 3.0 3.0 6.0 12.0 23.0 59.0 69.0 84.0 102.0 101.0 92.0 101.0 101.0 89.0 85.0 57.0 
1.0 3.0 3.0 6.0 12.0 23.0 59.0 69.0 84.0 102.0 101.0 92.0 101.0 101.0 89.0 85.0 57.0 40.0 
1.0 3.0 3.0 6.0 12.0 23.0 59.0 69.0 84.0 102.0 101.0 92.0 101.0 101.0 89.0 85.0 57.0 40.0 26.0 
1.0 3.0 3.0 6.0 12.0 23.0 59.0 69.0 84.0 102.0 101.0 92.0 101.0 101.0 89.0 85.0 57.0 40.0 26.0 18.0 
1.0 3.0 3.0 6.0 12.0 23.0 59.0 69.0 84.0 102.0 101.0 92.0 101.0 101.0 89.0 85.0 57.0 40.0 26.0 18.0 9.0 
0.0 
0.0 0.0 
0.0 0.0 0.0 
0.0 0.0 0.0 5.0 
0.0 0.0 0.0 5.0 8.0 
0.0 0.0 0.0 5.0 8.0 17.0 
0.0 0.0 0.0 5.0 8.0 17.0 40.0 
0.0 0.0 0.0 5.0 8.0 17.0 40.0 59.0 
0.0 0.0 0.0 5.0 8.0 17.0 40.0 59.0 80.0 
0.0 0.0 0.0 5.0 8.0 17.0 40.0 59.0 80.0 105.0 
0.0 0.0 0.0 5.0 8.0 17.0 40.0 59.0 80.0 105.0 106.0 
0.0 0.0 0.0 5.0 8.0 17.0 40.0 59.0 80.0 105.0 106.0 107.0 
0.0 0.0 0.0 5.0 8.0 17.0 40.0 59.0 80.0 105.0 106.0 107.0 85.0 
0.0 0.0 0.0 5.0 8.0 17.0 40.0 59.0 80.0 105.0 106.0 107.0 85.0 85.0 
0.0 0.0 0.0 5.0 8.0 17.0 40.0 59.0 80.0 105.0 106.0 107.0 85.0 85.0 72.0 
0.0 0.0 0.0 5.0 8.0 17.0 40.0 59.0 80.0 105.0 106.0 107.0 85.0 85.0 72.0 52.0 
0.0 0.0 0.0 5.0 8.0 17.0 40.0 59.0 80.0 105.0 106.0 107.0 85.0 85.0 72.0 52.0 27.0 
0.0 0.0 0.0 5.0 8.0 17.0 40.0 59.0 80.0 105.0 106.0 107.0 85.0 85.0 72.0 52.0 27.0 11.0 
0.0 0.0 0.0 5.0 8.0 17.0 40.0 59.0 80.0 105.0 106.0 107.0 85.0 85.0 72.0 52.0 27.0 11.0 7.0 
0.0 0.0 0.0 5.0 8.0 17.0 40.0 59.0 80.0 105.0 106.0 107.0 85.0 85.0 72.0 52.0 27.0 11.0 7.0 3.0 
0.0 0.0 0.0 5.0 8.0 17.0 40.0 59.0 80.0 105.0 106.0 107.0 85.0 85.0 72.0 52.0 27.0 11.0 7.0 3.0 0.0 
