0.0 
0.0 0.0 
0.0 0.0 0.0 
0.0 0.0 0.0 0.0 
0.0 0.0 0.0 0.0 0.0 
0.0 0.0 0.0 0.0 0.0 0.0 
0.0 0.0 0.0 0.0 0.0 0.0 15.0 
0.0 0.0 0.0 0.0 0.0 0.0 15.0 56.0 
0.0 0.0 0.0 0.0 0.0 0.0 15.0 56.0 75.0 
0.0 0.0 0.0 0.0 0.0 0.0 15.0 56.0 75.0 87.0 
0.0 0.0 0.0 0.0 0.0 0.0 15.0 56.0 75.0 87.0 66.0 
0.0 0.0 0.0 0.0 0.0 0.0 15.0 56.0 75.0 87.0 66.0 42.0 
0.0 0.0 0.0 0.0 0.0 0.0 15.0 56.0 75.0 87.0 66.0 42.0 55.0 
0.0 0.0 0.0 0.0 0.0 0.0 15.0 56.0 75.0 87.0 66.0 42.0 55.0 61.0 
0.0 0.0 0.0 0.0 0.0 0.0 15.0 56.0 75.0 87.0 66.0 42.0 55.0 61.0 34.0 
0.0 0.0 0.0 0.0 0.0 0.0 15.0 56.0 75.0 87.0 66.0 42.0 55.0 61.0 34.0 64.0 
0.0 0.0 0.0 0.0 0.0 0.0 15.0 56.0 75.0 87.0 66.0 42.0 55.0 61.0 34.0 64.0 47.0 
0.0 0.0 0.0 0.0 0.0 0.0 15.0 56.0 75.0 87.0 66.0 42.0 55.0 61.0 34.0 64.0 47.0 13.0 
0.0 0.0 0.0 0.0 0.0 0.0 15.0 56.0 75.0 87.0 66.0 42.0 55.0 61.0 34.0 64.0 47.0 13.0 0.0 
0.0 0.0 0.0 0.0 0.0 0.0 15.0 56.0 75.0 87.0 66.0 42.0 55.0 61.0 34.0 64.0 47.0 13.0 0.0 0.0 
0.0 0.0 0.0 0.0 0.0 0.0 15.0 56.0 75.0 87.0 66.0 42.0 55.0 61.0 34.0 64.0 47.0 13.0 0.0 0.0 0.0 
0.0 
0.0 0.0 
0.0 0.0 0.0 
0.0 0.0 0.0 0.0 
0.0 0.0 0.0 0.0 0.0 
0.0 0.0 0.0 0.0 0.0 0.0 
0.0 0.0 0.0 0.0 0.0 0.0 3.0 
0.0 0.0 0.0 0.0 0.0 0.0 3.0 24.0 
0.0 0.0 0.0 0.0 0.0 0.0 3.0 24.0 54.0 
0.0 0.0 0.0 0.0 0.0 0.0 3.0 24.0 54.0 94.0 
0.0 0.0 0.0 0.0 0.0 0.0 3.0 24.0 54.0 94.0 100.0 
0.0 0.0 0.0 0.0 0.0 0.0 3.0 24.0 54.0 94.0 100.0 80.0 
0.0 0.0 0.0 0.0 0.0 0.0 3.0 24.0 54.0 94.0 100.0 80.0 87.0 
0.0 0.0 0.0 0.0 0.0 0.0 3.0 24.0 54.0 94.0 100.0 80.0 87.0 84.0 
0.0 0.0 0.0 0.0 0.0 0.0 3.0 24.0 54.0 94.0 100.0 80.0 87.0 84.0 50.0 
0.0 0.0 0.0 0.0 0.0 0.0 3.0 24.0 54.0 94.0 100.0 80.0 87.0 84.0 50.0 21.0 
0.0 0.0 0.0 0.0 0.0 0.0 3.0 24.0 54.0 94.0 100.0 80.0 87.0 84.0 50.0 21.0 4.0 
0.0 0.0 0.0 0.0 0.0 0.0 3.0 24.0 54.0 94.0 100.0 80.0 87.0 84.0 50.0 21.0 4.0 0.0 
0.0 0.0 0.0 0.0 0.0 0.0 3.0 24.0 54.0 94.0 100.0 80.0 87.0 84.0 50.0 21.0 4.0 0.0 0.0 
0.0 0.0 0.0 0.0 0.0 0.0 3.0 24.0 54.0 94.0 100.0 80.0 87.0 84.0 50.0 21.0 4.0 0.0 0.0 0.0 
0.0 0.0 0.0 0.0 0.0 0.0 3.0 24.0 54.0 94.0 100.0 80.0 87.0 84.0 50.0 21.0 4.0 0.0 0.0 0.0 0.0 
0.0 
0.0 0.0 
0.0 0.0 0.0 
0.0 0.0 0.0 0.0 
0.0 0.0 0.0 0.0 3.0 
0.0 0.0 0.0 0.0 3.0 4.0 
0.0 0.0 0.0 0.0 3.0 4.0 15.0 
0.0 0.0 0.0 0.0 3.0 4.0 15.0 53.0 
0.0 0.0 0.0 0.0 3.0 4.0 15.0 53.0 92.0 
0.0 0.0 0.0 0.0 3.0 4.0 15.0 53.0 92.0 67.0 
0.0 0.0 0.0 0.0 3.0 4.0 15.0 53.0 92.0 67.0 65.0 
0.0 0.0 0.0 0.0 3.0 4.0 15.0 53.0 92.0 67.0 65.0 55.0 
0.0 0.0 0.0 0.0 3.0 4.0 15.0 53.0 92.0 67.0 65.0 55.0 63.0 
0.0 0.0 0.0 0.0 3.0 4.0 15.0 53.0 92.0 67.0 65.0 55.0 63.0 44.0 
0.0 0.0 0.0 0.0 3.0 4.0 15.0 53.0 92.0 67.0 65.0 55.0 63.0 44.0 50.0 
0.0 0.0 0.0 0.0 3.0 4.0 15.0 53.0 92.0 67.0 65.0 55.0 63.0 44.0 50.0 78.0 
0.0 0.0 0.0 0.0 3.0 4.0 15.0 53.0 92.0 67.0 65.0 55.0 63.0 44.0 50.0 78.0 48.0 
0.0 0.0 0.0 0.0 3.0 4.0 15.0 53.0 92.0 67.0 65.0 55.0 63.0 44.0 50.0 78.0 48.0 13.0 
0.0 0.0 0.0 0.0 3.0 4.0 15.0 53.0 92.0 67.0 65.0 55.0 63.0 44.0 50.0 78.0 48.0 13.0 6.0 
0.0 0.0 0.0 0.0 3.0 4.0 15.0 53.0 92.0 67.0 65.0 55.0 63.0 44.0 50.0 78.0 48.0 13.0 6.0 1.0 
0.0 0.0 0.0 0.0 3.0 4.0 15.0 53.0 92.0 67.0 65.0 55.0 63.0 44.0 50.0 78.0 48.0 13.0 6.0 1.0 0.0 
0.0 
0.0 0.0 
0.0 0.0 0.0 
0.0 0.0 0.0 0.0 
0.0 0.0 0.0 0.0 0.0 
0.0 0.0 0.0 0.0 0.0 0.0 
0.0 0.0 0.0 0.0 0.0 0.0 3.0 
0.0 0.0 0.0 0.0 0.0 0.0 3.0 20.0 
0.0 0.0 0.0 0.0 0.0 0.0 3.0 20.0 55.0 
0.0 0.0 0.0 0.0 0.0 0.0 3.0 20.0 55.0 91.0 
0.0 0.0 0.0 0.0 0.0 0.0 3.0 20.0 55.0 91.0 85.0 
0.0 0.0 0.0 0.0 0.0 0.0 3.0 20.0 55.0 91.0 85.0 42.0 
0.0 0.0 0.0 0.0 0.0 0.0 3.0 20.0 55.0 91.0 85.0 42.0 79.0 
0.0 0.0 0.0 0.0 0.0 0.0 3.0 20.0 55.0 91.0 85.0 42.0 79.0 84.0 
0.0 0.0 0.0 0.0 0.0 0.0 3.0 20.0 55.0 91.0 85.0 42.0 79.0 84.0 45.0 
0.0 0.0 0.0 0.0 0.0 0.0 3.0 20.0 55.0 91.0 85.0 42.0 79.0 84.0 45.0 14.0 
0.0 0.0 0.0 0.0 0.0 0.0 3.0 20.0 55.0 91.0 85.0 42.0 79.0 84.0 45.0 14.0 5.0 
0.0 0.0 0.0 0.0 0.0 0.0 3.0 20.0 55.0 91.0 85.0 42.0 79.0 84.0 45.0 14.0 5.0 3.0 
0.0 0.0 0.0 0.0 0.0 0.0 3.0 20.0 55.0 91.0 85.0 42.0 79.0 84.0 45.0 14.0 5.0 3.0 1.0 
0.0 0.0 0.0 0.0 0.0 0.0 3.0 20.0 55.0 91.0 85.0 42.0 79.0 84.0 45.0 14.0 5.0 3.0 1.0 0.0 
0.0 0.0 0.0 0.0 0.0 0.0 3.0 20.0 55.0 91.0 85.0 42.0 79.0 84.0 45.0 14.0 5.0 3.0 1.0 0.0 0.0 
