0.0 
0.0 0.0 
0.0 0.0 0.0 
0.0 0.0 0.0 0.0 
0.0 0.0 0.0 0.0 0.0 
0.0 0.0 0.0 0.0 0.0 1.0 
0.0 0.0 0.0 0.0 0.0 1.0 9.0 
0.0 0.0 0.0 0.0 0.0 1.0 9.0 48.0 
0.0 0.0 0.0 0.0 0.0 1.0 9.0 48.0 72.0 
0.0 0.0 0.0 0.0 0.0 1.0 9.0 48.0 72.0 95.0 
0.0 0.0 0.0 0.0 0.0 1.0 9.0 48.0 72.0 95.0 81.0 
0.0 0.0 0.0 0.0 0.0 1.0 9.0 48.0 72.0 95.0 81.0 47.0 
0.0 0.0 0.0 0.0 0.0 1.0 9.0 48.0 72.0 95.0 81.0 47.0 56.0 
0.0 0.0 0.0 0.0 0.0 1.0 9.0 48.0 72.0 95.0 81.0 47.0 56.0 44.0 
0.0 0.0 0.0 0.0 0.0 1.0 9.0 48.0 72.0 95.0 81.0 47.0 56.0 44.0 37.0 
0.0 0.0 0.0 0.0 0.0 1.0 9.0 48.0 72.0 95.0 81.0 47.0 56.0 44.0 37.0 54.0 
0.0 0.0 0.0 0.0 0.0 1.0 9.0 48.0 72.0 95.0 81.0 47.0 56.0 44.0 37.0 54.0 39.0 
0.0 0.0 0.0 0.0 0.0 1.0 9.0 48.0 72.0 95.0 81.0 47.0 56.0 44.0 37.0 54.0 39.0 4.0 
0.0 0.0 0.0 0.0 0.0 1.0 9.0 48.0 72.0 95.0 81.0 47.0 56.0 44.0 37.0 54.0 39.0 4.0 0.0 
0.0 0.0 0.0 0.0 0.0 1.0 9.0 48.0 72.0 95.0 81.0 47.0 56.0 44.0 37.0 54.0 39.0 4.0 0.0 0.0 
0.0 0.0 0.0 0.0 0.0 1.0 9.0 48.0 72.0 95.0 81.0 47.0 56.0 44.0 37.0 54.0 39.0 4.0 0.0 0.0 0.0 
0.0 
0.0 0.0 
0.0 0.0 0.0 
0.0 0.0 0.0 0.0 
0.0 0.0 0.0 0.0 1.0 
0.0 0.0 0.0 0.0 1.0 1.0 
0.0 0.0 0.0 0.0 1.0 1.0 0.0 
0.0 0.0 0.0 0.0 1.0 1.0 0.0 13.0 
0.0 0.0 0.0 0.0 1.0 1.0 0.0 13.0 47.0 
0.0 0.0 0.0 0.0 1.0 1.0 0.0 13.0 47.0 90.0 
0.0 0.0 0.0 0.0 1.0 1.0 0.0 13.0 47.0 90.0 86.0 
0.0 0.0 0.0 0.0 1.0 1.0 0.0 13.0 47.0 90.0 86.0 80.0 
0.0 0.0 0.0 0.0 1.0 1.0 0.0 13.0 47.0 90.0 86.0 80.0 72.0 
0.0 0.0 0.0 0.0 1.0 1.0 0.0 13.0 47.0 90.0 86.0 80.0 72.0 80.0 
0.0 0.0 0.0 0.0 1.0 1.0 0.0 13.0 47.0 90.0 86.0 80.0 72.0 80.0 50.0 
0.0 0.0 0.0 0.0 1.0 1.0 0.0 13.0 47.0 90.0 86.0 80.0 72.0 80.0 50.0 9.0 
0.0 0.0 0.0 0.0 1.0 1.0 0.0 13.0 47.0 90.0 86.0 80.0 72.0 80.0 50.0 9.0 0.0 
0.0 0.0 0.0 0.0 1.0 1.0 0.0 13.0 47.0 90.0 86.0 80.0 72.0 80.0 50.0 9.0 0.0 0.0 
0.0 0.0 0.0 0.0 1.0 1.0 0.0 13.0 47.0 90.0 86.0 80.0 72.0 80.0 50.0 9.0 0.0 0.0 0.0 
0.0 0.0 0.0 0.0 1.0 1.0 0.0 13.0 47.0 90.0 86.0 80.0 72.0 80.0 50.0 9.0 0.0 0.0 0.0 0.0 
0.0 0.0 0.0 0.0 1.0 1.0 0.0 13.0 47.0 90.0 86.0 80.0 72.0 80.0 50.0 9.0 0.0 0.0 0.0 0.0 0.0 
0.0 
0.0 0.0 
0.0 0.0 0.0 
0.0 0.0 0.0 0.0 
0.0 0.0 0.0 0.0 0.0 
0.0 0.0 0.0 0.0 0.0 1.0 
0.0 0.0 0.0 0.0 0.0 1.0 13.0 
0.0 0.0 0.0 0.0 0.0 1.0 13.0 53.0 
0.0 0.0 0.0 0.0 0.0 1.0 13.0 53.0 76.0 
0.0 0.0 0.0 0.0 0.0 1.0 13.0 53.0 76.0 79.0 
0.0 0.0 0.0 0.0 0.0 1.0 13.0 53.0 76.0 79.0 52.0 
0.0 0.0 0.0 0.0 0.0 1.0 13.0 53.0 76.0 79.0 52.0 85.0 
0.0 0.0 0.0 0.0 0.0 1.0 13.0 53.0 76.0 79.0 52.0 85.0 41.0 
0.0 0.0 0.0 0.0 0.0 1.0 13.0 53.0 76.0 79.0 52.0 85.0 41.0 49.0 
0.0 0.0 0.0 0.0 0.0 1.0 13.0 53.0 76.0 79.0 52.0 85.0 41.0 49.0 40.0 
0.0 0.0 0.0 0.0 0.0 1.0 13.0 53.0 76.0 79.0 52.0 85.0 41.0 49.0 40.0 37.0 
0.0 0.0 0.0 0.0 0.0 1.0 13.0 53.0 76.0 79.0 52.0 85.0 41.0 49.0 40.0 37.0 46.0 
0.0 0.0 0.0 0.0 0.0 1.0 13.0 53.0 76.0 79.0 52.0 85.0 41.0 49.0 40.0 37.0 46.0 5.0 
0.0 0.0 0.0 0.0 0.0 1.0 13.0 53.0 76.0 79.0 52.0 85.0 41.0 49.0 40.0 37.0 46.0 5.0 0.0 
0.0 0.0 0.0 0.0 0.0 1.0 13.0 53.0 76.0 79.0 52.0 85.0 41.0 49.0 40.0 37.0 46.0 5.0 0.0 0.0 
0.0 0.0 0.0 0.0 0.0 1.0 13.0 53.0 76.0 79.0 52.0 85.0 41.0 49.0 40.0 37.0 46.0 5.0 0.0 0.0 0.0 
0.0 
0.0 0.0 
0.0 0.0 0.0 
0.0 0.0 0.0 0.0 
0.0 0.0 0.0 0.0 0.0 
0.0 0.0 0.0 0.0 0.0 1.0 
0.0 0.0 0.0 0.0 0.0 1.0 3.0 
0.0 0.0 0.0 0.0 0.0 1.0 3.0 10.0 
0.0 0.0 0.0 0.0 0.0 1.0 3.0 10.0 43.0 
0.0 0.0 0.0 0.0 0.0 1.0 3.0 10.0 43.0 103.0 
0.0 0.0 0.0 0.0 0.0 1.0 3.0 10.0 43.0 103.0 97.0 
0.0 0.0 0.0 0.0 0.0 1.0 3.0 10.0 43.0 103.0 97.0 56.0 
0.0 0.0 0.0 0.0 0.0 1.0 3.0 10.0 43.0 103.0 97.0 56.0 102.0 
0.0 0.0 0.0 0.0 0.0 1.0 3.0 10.0 43.0 103.0 97.0 56.0 102.0 85.0 
0.0 0.0 0.0 0.0 0.0 1.0 3.0 10.0 43.0 103.0 97.0 56.0 102.0 85.0 46.0 
0.0 0.0 0.0 0.0 0.0 1.0 3.0 10.0 43.0 103.0 97.0 56.0 102.0 85.0 46.0 16.0 
0.0 0.0 0.0 0.0 0.0 1.0 3.0 10.0 43.0 103.0 97.0 56.0 102.0 85.0 46.0 16.0 4.0 
0.0 0.0 0.0 0.0 0.0 1.0 3.0 10.0 43.0 103.0 97.0 56.0 102.0 85.0 46.0 16.0 4.0 1.0 
0.0 0.0 0.0 0.0 0.0 1.0 3.0 10.0 43.0 103.0 97.0 56.0 102.0 85.0 46.0 16.0 4.0 1.0 0.0 
0.0 0.0 0.0 0.0 0.0 1.0 3.0 10.0 43.0 103.0 97.0 56.0 102.0 85.0 46.0 16.0 4.0 1.0 0.0 0.0 
0.0 0.0 0.0 0.0 0.0 1.0 3.0 10.0 43.0 103.0 97.0 56.0 102.0 85.0 46.0 16.0 4.0 1.0 0.0 0.0 0.0 
