3.0 
3.0 7.0 
3.0 7.0 9.0 
3.0 7.0 9.0 26.0 
3.0 7.0 9.0 26.0 34.0 
3.0 7.0 9.0 26.0 34.0 47.0 
3.0 7.0 9.0 26.0 34.0 47.0 53.0 
3.0 7.0 9.0 26.0 34.0 47.0 53.0 87.0 
3.0 7.0 9.0 26.0 34.0 47.0 53.0 87.0 88.0 
3.0 7.0 9.0 26.0 34.0 47.0 53.0 87.0 88.0 92.0 
3.0 7.0 9.0 26.0 34.0 47.0 53.0 87.0 88.0 92.0 108.0 
3.0 7.0 9.0 26.0 34.0 47.0 53.0 87.0 88.0 92.0 108.0 101.0 
3.0 7.0 9.0 26.0 34.0 47.0 53.0 87.0 88.0 92.0 108.0 101.0 111.0 
3.0 7.0 9.0 26.0 34.0 47.0 53.0 87.0 88.0 92.0 108.0 101.0 111.0 107.0 
3.0 7.0 9.0 26.0 34.0 47.0 53.0 87.0 88.0 92.0 108.0 101.0 111.0 107.0 95.0 
3.0 7.0 9.0 26.0 34.0 47.0 53.0 87.0 88.0 92.0 108.0 101.0 111.0 107.0 95.0 74.0 
3.0 7.0 9.0 26.0 34.0 47.0 53.0 87.0 88.0 92.0 108.0 101.0 111.0 107.0 95.0 74.0 72.0 
3.0 7.0 9.0 26.0 34.0 47.0 53.0 87.0 88.0 92.0 108.0 101.0 111.0 107.0 95.0 74.0 72.0 67.0 
3.0 7.0 9.0 26.0 34.0 47.0 53.0 87.0 88.0 92.0 108.0 101.0 111.0 107.0 95.0 74.0 72.0 67.0 42.0 
3.0 7.0 9.0 26.0 34.0 47.0 53.0 87.0 88.0 92.0 108.0 101.0 111.0 107.0 95.0 74.0 72.0 67.0 42.0 34.0 
3.0 7.0 9.0 26.0 34.0 47.0 53.0 87.0 88.0 92.0 108.0 101.0 111.0 107.0 95.0 74.0 72.0 67.0 42.0 34.0 17.0 
1.0 
1.0 5.0 
1.0 5.0 12.0 
1.0 5.0 12.0 18.0 
1.0 5.0 12.0 18.0 21.0 
1.0 5.0 12.0 18.0 21.0 41.0 
1.0 5.0 12.0 18.0 21.0 41.0 61.0 
1.0 5.0 12.0 18.0 21.0 41.0 61.0 73.0 
1.0 5.0 12.0 18.0 21.0 41.0 61.0 73.0 86.0 
1.0 5.0 12.0 18.0 21.0 41.0 61.0 73.0 86.0 93.0 
1.0 5.0 12.0 18.0 21.0 41.0 61.0 73.0 86.0 93.0 105.0 
1.0 5.0 12.0 18.0 21.0 41.0 61.0 73.0 86.0 93.0 105.0 106.0 
0.0 
0.0 6.0 
0.0 6.0 11.0 
0.0 6.0 11.0 18.0 
0.0 6.0 11.0 18.0 27.0 
0.0 6.0 11.0 18.0 27.0 56.0 
0.0 6.0 11.0 18.0 27.0 56.0 65.0 
0.0 6.0 11.0 18.0 27.0 56.0 65.0 80.0 
0.0 6.0 11.0 18.0 27.0 56.0 65.0 80.0 92.0 
0.0 6.0 11.0 18.0 27.0 56.0 65.0 80.0 92.0 97.0 
0.0 6.0 11.0 18.0 27.0 56.0 65.0 80.0 92.0 97.0 94.0 
0.0 6.0 11.0 18.0 27.0 56.0 65.0 80.0 92.0 97.0 94.0 103.0 
0.0 6.0 11.0 18.0 27.0 56.0 65.0 80.0 92.0 97.0 94.0 103.0 85.0 
0.0 6.0 11.0 18.0 27.0 56.0 65.0 80.0 92.0 97.0 94.0 103.0 85.0 105.0 
0.0 6.0 11.0 18.0 27.0 56.0 65.0 80.0 92.0 97.0 94.0 103.0 85.0 105.0 101.0 
0.0 6.0 11.0 18.0 27.0 56.0 65.0 80.0 92.0 97.0 94.0 103.0 85.0 105.0 101.0 83.0 
0.0 6.0 11.0 18.0 27.0 56.0 65.0 80.0 92.0 97.0 94.0 103.0 85.0 105.0 101.0 83.0 65.0 
0.0 6.0 11.0 18.0 27.0 56.0 65.0 80.0 92.0 97.0 94.0 103.0 85.0 105.0 101.0 83.0 65.0 60.0 
0.0 6.0 11.0 18.0 27.0 56.0 65.0 80.0 92.0 97.0 94.0 103.0 85.0 105.0 101.0 83.0 65.0 60.0 45.0 
0.0 6.0 11.0 18.0 27.0 56.0 65.0 80.0 92.0 97.0 94.0 103.0 85.0 105.0 101.0 83.0 65.0 60.0 45.0 22.0 
0.0 6.0 11.0 18.0 27.0 56.0 65.0 80.0 92.0 97.0 94.0 103.0 85.0 105.0 101.0 83.0 65.0 60.0 45.0 22.0 15.0 
0.0 
0.0 3.0 
0.0 3.0 6.0 
0.0 3.0 6.0 13.0 
0.0 3.0 6.0 13.0 20.0 
0.0 3.0 6.0 13.0 20.0 36.0 
0.0 3.0 6.0 13.0 20.0 36.0 54.0 
0.0 3.0 6.0 13.0 20.0 36.0 54.0 66.0 
0.0 3.0 6.0 13.0 20.0 36.0 54.0 66.0 79.0 
0.0 3.0 6.0 13.0 20.0 36.0 54.0 66.0 79.0 101.0 
0.0 3.0 6.0 13.0 20.0 36.0 54.0 66.0 79.0 101.0 99.0 
0.0 3.0 6.0 13.0 20.0 36.0 54.0 66.0 79.0 101.0 99.0 106.0 
0.0 3.0 6.0 13.0 20.0 36.0 54.0 66.0 79.0 101.0 99.0 106.0 94.0 
0.0 3.0 6.0 13.0 20.0 36.0 54.0 66.0 79.0 101.0 99.0 106.0 94.0 93.0 
0.0 3.0 6.0 13.0 20.0 36.0 54.0 66.0 79.0 101.0 99.0 106.0 94.0 93.0 77.0 
0.0 3.0 6.0 13.0 20.0 36.0 54.0 66.0 79.0 101.0 99.0 106.0 94.0 93.0 77.0 66.0 
0.0 3.0 6.0 13.0 20.0 36.0 54.0 66.0 79.0 101.0 99.0 106.0 94.0 93.0 77.0 66.0 49.0 
0.0 3.0 6.0 13.0 20.0 36.0 54.0 66.0 79.0 101.0 99.0 106.0 94.0 93.0 77.0 66.0 49.0 38.0 
0.0 3.0 6.0 13.0 20.0 36.0 54.0 66.0 79.0 101.0 99.0 106.0 94.0 93.0 77.0 66.0 49.0 38.0 19.0 
0.0 3.0 6.0 13.0 20.0 36.0 54.0 66.0 79.0 101.0 99.0 106.0 94.0 93.0 77.0 66.0 49.0 38.0 19.0 11.0 
0.0 3.0 6.0 13.0 20.0 36.0 54.0 66.0 79.0 101.0 99.0 106.0 94.0 93.0 77.0 66.0 49.0 38.0 19.0 11.0 13.0 
