4.0 
4.0 5.0 
4.0 5.0 7.0 
4.0 5.0 7.0 17.0 
4.0 5.0 7.0 17.0 28.0 
4.0 5.0 7.0 17.0 28.0 44.0 
4.0 5.0 7.0 17.0 28.0 44.0 69.0 
4.0 5.0 7.0 17.0 28.0 44.0 69.0 83.0 
4.0 5.0 7.0 17.0 28.0 44.0 69.0 83.0 94.0 
4.0 5.0 7.0 17.0 28.0 44.0 69.0 83.0 94.0 89.0 
4.0 5.0 7.0 17.0 28.0 44.0 69.0 83.0 94.0 89.0 102.0 
4.0 5.0 7.0 17.0 28.0 44.0 69.0 83.0 94.0 89.0 102.0 122.0 
4.0 5.0 7.0 17.0 28.0 44.0 69.0 83.0 94.0 89.0 102.0 122.0 103.0 
4.0 5.0 7.0 17.0 28.0 44.0 69.0 83.0 94.0 89.0 102.0 122.0 103.0 116.0 
4.0 5.0 7.0 17.0 28.0 44.0 69.0 83.0 94.0 89.0 102.0 122.0 103.0 116.0 95.0 
4.0 5.0 7.0 17.0 28.0 44.0 69.0 83.0 94.0 89.0 102.0 122.0 103.0 116.0 95.0 96.0 
4.0 5.0 7.0 17.0 28.0 44.0 69.0 83.0 94.0 89.0 102.0 122.0 103.0 116.0 95.0 96.0 70.0 
4.0 5.0 7.0 17.0 28.0 44.0 69.0 83.0 94.0 89.0 102.0 122.0 103.0 116.0 95.0 96.0 70.0 57.0 
4.0 5.0 7.0 17.0 28.0 44.0 69.0 83.0 94.0 89.0 102.0 122.0 103.0 116.0 95.0 96.0 70.0 57.0 42.0 
4.0 5.0 7.0 17.0 28.0 44.0 69.0 83.0 94.0 89.0 102.0 122.0 103.0 116.0 95.0 96.0 70.0 57.0 42.0 30.0 
4.0 5.0 7.0 17.0 28.0 44.0 69.0 83.0 94.0 89.0 102.0 122.0 103.0 116.0 95.0 96.0 70.0 57.0 42.0 30.0 18.0 
1.0 
1.0 1.0 
1.0 1.0 3.0 
1.0 1.0 3.0 7.0 
1.0 1.0 3.0 7.0 15.0 
1.0 1.0 3.0 7.0 15.0 26.0 
1.0 1.0 3.0 7.0 15.0 26.0 53.0 
1.0 1.0 3.0 7.0 15.0 26.0 53.0 75.0 
1.0 1.0 3.0 7.0 15.0 26.0 53.0 75.0 93.0 
1.0 1.0 3.0 7.0 15.0 26.0 53.0 75.0 93.0 105.0 
1.0 1.0 3.0 7.0 15.0 26.0 53.0 75.0 93.0 105.0 113.0 
1.0 1.0 3.0 7.0 15.0 26.0 53.0 75.0 93.0 105.0 113.0 86.0 
1.0 1.0 3.0 7.0 15.0 26.0 53.0 75.0 93.0 105.0 113.0 86.0 88.0 
4.0 
4.0 10.0 
4.0 10.0 6.0 
4.0 10.0 6.0 18.0 
4.0 10.0 6.0 18.0 26.0 
4.0 10.0 6.0 18.0 26.0 46.0 
4.0 10.0 6.0 18.0 26.0 46.0 56.0 
4.0 10.0 6.0 18.0 26.0 46.0 56.0 79.0 
4.0 10.0 6.0 18.0 26.0 46.0 56.0 79.0 81.0 
4.0 10.0 6.0 18.0 26.0 46.0 56.0 79.0 81.0 99.0 
4.0 10.0 6.0 18.0 26.0 46.0 56.0 79.0 81.0 99.0 112.0 
4.0 10.0 6.0 18.0 26.0 46.0 56.0 79.0 81.0 99.0 112.0 108.0 
4.0 10.0 6.0 18.0 26.0 46.0 56.0 79.0 81.0 99.0 112.0 108.0 106.0 
4.0 10.0 6.0 18.0 26.0 46.0 56.0 79.0 81.0 99.0 112.0 108.0 106.0 90.0 
4.0 10.0 6.0 18.0 26.0 46.0 56.0 79.0 81.0 99.0 112.0 108.0 106.0 90.0 96.0 
4.0 10.0 6.0 18.0 26.0 46.0 56.0 79.0 81.0 99.0 112.0 108.0 106.0 90.0 96.0 92.0 
4.0 10.0 6.0 18.0 26.0 46.0 56.0 79.0 81.0 99.0 112.0 108.0 106.0 90.0 96.0 92.0 75.0 
4.0 10.0 6.0 18.0 26.0 46.0 56.0 79.0 81.0 99.0 112.0 108.0 106.0 90.0 96.0 92.0 75.0 57.0 
4.0 10.0 6.0 18.0 26.0 46.0 56.0 79.0 81.0 99.0 112.0 108.0 106.0 90.0 96.0 92.0 75.0 57.0 36.0 
4.0 10.0 6.0 18.0 26.0 46.0 56.0 79.0 81.0 99.0 112.0 108.0 106.0 90.0 96.0 92.0 75.0 57.0 36.0 24.0 
4.0 10.0 6.0 18.0 26.0 46.0 56.0 79.0 81.0 99.0 112.0 108.0 106.0 90.0 96.0 92.0 75.0 57.0 36.0 24.0 17.0 
1.0 
1.0 3.0 
1.0 3.0 9.0 
1.0 3.0 9.0 10.0 
1.0 3.0 9.0 10.0 16.0 
1.0 3.0 9.0 10.0 16.0 40.0 
1.0 3.0 9.0 10.0 16.0 40.0 47.0 
1.0 3.0 9.0 10.0 16.0 40.0 47.0 64.0 
1.0 3.0 9.0 10.0 16.0 40.0 47.0 64.0 88.0 
1.0 3.0 9.0 10.0 16.0 40.0 47.0 64.0 88.0 95.0 
1.0 3.0 9.0 10.0 16.0 40.0 47.0 64.0 88.0 95.0 110.0 
1.0 3.0 9.0 10.0 16.0 40.0 47.0 64.0 88.0 95.0 110.0 117.0 
1.0 3.0 9.0 10.0 16.0 40.0 47.0 64.0 88.0 95.0 110.0 117.0 101.0 
1.0 3.0 9.0 10.0 16.0 40.0 47.0 64.0 88.0 95.0 110.0 117.0 101.0 104.0 
1.0 3.0 9.0 10.0 16.0 40.0 47.0 64.0 88.0 95.0 110.0 117.0 101.0 104.0 70.0 
1.0 3.0 9.0 10.0 16.0 40.0 47.0 64.0 88.0 95.0 110.0 117.0 101.0 104.0 70.0 64.0 
1.0 3.0 9.0 10.0 16.0 40.0 47.0 64.0 88.0 95.0 110.0 117.0 101.0 104.0 70.0 64.0 45.0 
1.0 3.0 9.0 10.0 16.0 40.0 47.0 64.0 88.0 95.0 110.0 117.0 101.0 104.0 70.0 64.0 45.0 25.0 
1.0 3.0 9.0 10.0 16.0 40.0 47.0 64.0 88.0 95.0 110.0 117.0 101.0 104.0 70.0 64.0 45.0 25.0 21.0 
1.0 3.0 9.0 10.0 16.0 40.0 47.0 64.0 88.0 95.0 110.0 117.0 101.0 104.0 70.0 64.0 45.0 25.0 21.0 12.0 
1.0 3.0 9.0 10.0 16.0 40.0 47.0 64.0 88.0 95.0 110.0 117.0 101.0 104.0 70.0 64.0 45.0 25.0 21.0 12.0 4.0 
