0.0 
0.0 0.0 
0.0 0.0 0.0 
0.0 0.0 0.0 0.0 
0.0 0.0 0.0 0.0 0.0 
0.0 0.0 0.0 0.0 0.0 0.0 
0.0 0.0 0.0 0.0 0.0 0.0 6.0 
0.0 0.0 0.0 0.0 0.0 0.0 6.0 49.0 
0.0 0.0 0.0 0.0 0.0 0.0 6.0 49.0 62.0 
0.0 0.0 0.0 0.0 0.0 0.0 6.0 49.0 62.0 67.0 
0.0 0.0 0.0 0.0 0.0 0.0 6.0 49.0 62.0 67.0 51.0 
0.0 0.0 0.0 0.0 0.0 0.0 6.0 49.0 62.0 67.0 51.0 52.0 
0.0 0.0 0.0 0.0 0.0 0.0 6.0 49.0 62.0 67.0 51.0 52.0 65.0 
0.0 0.0 0.0 0.0 0.0 0.0 6.0 49.0 62.0 67.0 51.0 52.0 65.0 29.0 
0.0 0.0 0.0 0.0 0.0 0.0 6.0 49.0 62.0 67.0 51.0 52.0 65.0 29.0 22.0 
0.0 0.0 0.0 0.0 0.0 0.0 6.0 49.0 62.0 67.0 51.0 52.0 65.0 29.0 22.0 71.0 
0.0 0.0 0.0 0.0 0.0 0.0 6.0 49.0 62.0 67.0 51.0 52.0 65.0 29.0 22.0 71.0 32.0 
0.0 0.0 0.0 0.0 0.0 0.0 6.0 49.0 62.0 67.0 51.0 52.0 65.0 29.0 22.0 71.0 32.0 3.0 
0.0 0.0 0.0 0.0 0.0 0.0 6.0 49.0 62.0 67.0 51.0 52.0 65.0 29.0 22.0 71.0 32.0 3.0 0.0 
0.0 0.0 0.0 0.0 0.0 0.0 6.0 49.0 62.0 67.0 51.0 52.0 65.0 29.0 22.0 71.0 32.0 3.0 0.0 0.0 
0.0 0.0 0.0 0.0 0.0 0.0 6.0 49.0 62.0 67.0 51.0 52.0 65.0 29.0 22.0 71.0 32.0 3.0 0.0 0.0 0.0 
0.0 
0.0 0.0 
0.0 0.0 0.0 
0.0 0.0 0.0 0.0 
0.0 0.0 0.0 0.0 0.0 
0.0 0.0 0.0 0.0 0.0 0.0 
0.0 0.0 0.0 0.0 0.0 0.0 2.0 
0.0 0.0 0.0 0.0 0.0 0.0 2.0 14.0 
0.0 0.0 0.0 0.0 0.0 0.0 2.0 14.0 48.0 
0.0 0.0 0.0 0.0 0.0 0.0 2.0 14.0 48.0 81.0 
0.0 0.0 0.0 0.0 0.0 0.0 2.0 14.0 48.0 81.0 87.0 
0.0 0.0 0.0 0.0 0.0 0.0 2.0 14.0 48.0 81.0 87.0 73.0 
0.0 0.0 0.0 0.0 0.0 0.0 2.0 14.0 48.0 81.0 87.0 73.0 93.0 
0.0 0.0 0.0 0.0 0.0 0.0 2.0 14.0 48.0 81.0 87.0 73.0 93.0 68.0 
0.0 0.0 0.0 0.0 0.0 0.0 2.0 14.0 48.0 81.0 87.0 73.0 93.0 68.0 46.0 
0.0 0.0 0.0 0.0 0.0 0.0 2.0 14.0 48.0 81.0 87.0 73.0 93.0 68.0 46.0 9.0 
0.0 0.0 0.0 0.0 0.0 0.0 2.0 14.0 48.0 81.0 87.0 73.0 93.0 68.0 46.0 9.0 0.0 
0.0 0.0 0.0 0.0 0.0 0.0 2.0 14.0 48.0 81.0 87.0 73.0 93.0 68.0 46.0 9.0 0.0 0.0 
0.0 0.0 0.0 0.0 0.0 0.0 2.0 14.0 48.0 81.0 87.0 73.0 93.0 68.0 46.0 9.0 0.0 0.0 0.0 
0.0 0.0 0.0 0.0 0.0 0.0 2.0 14.0 48.0 81.0 87.0 73.0 93.0 68.0 46.0 9.0 0.0 0.0 0.0 0.0 
0.0 0.0 0.0 0.0 0.0 0.0 2.0 14.0 48.0 81.0 87.0 73.0 93.0 68.0 46.0 9.0 0.0 0.0 0.0 0.0 0.0 
0.0 
0.0 0.0 
0.0 0.0 0.0 
0.0 0.0 0.0 0.0 
0.0 0.0 0.0 0.0 0.0 
0.0 0.0 0.0 0.0 0.0 0.0 
0.0 0.0 0.0 0.0 0.0 0.0 10.0 
0.0 0.0 0.0 0.0 0.0 0.0 10.0 47.0 
0.0 0.0 0.0 0.0 0.0 0.0 10.0 47.0 55.0 
0.0 0.0 0.0 0.0 0.0 0.0 10.0 47.0 55.0 80.0 
0.0 0.0 0.0 0.0 0.0 0.0 10.0 47.0 55.0 80.0 61.0 
0.0 0.0 0.0 0.0 0.0 0.0 10.0 47.0 55.0 80.0 61.0 52.0 
0.0 0.0 0.0 0.0 0.0 0.0 10.0 47.0 55.0 80.0 61.0 52.0 53.0 
0.0 0.0 0.0 0.0 0.0 0.0 10.0 47.0 55.0 80.0 61.0 52.0 53.0 20.0 
0.0 0.0 0.0 0.0 0.0 0.0 10.0 47.0 55.0 80.0 61.0 52.0 53.0 20.0 12.0 
0.0 0.0 0.0 0.0 0.0 0.0 10.0 47.0 55.0 80.0 61.0 52.0 53.0 20.0 12.0 56.0 
0.0 0.0 0.0 0.0 0.0 0.0 10.0 47.0 55.0 80.0 61.0 52.0 53.0 20.0 12.0 56.0 37.0 
0.0 0.0 0.0 0.0 0.0 0.0 10.0 47.0 55.0 80.0 61.0 52.0 53.0 20.0 12.0 56.0 37.0 2.0 
0.0 0.0 0.0 0.0 0.0 0.0 10.0 47.0 55.0 80.0 61.0 52.0 53.0 20.0 12.0 56.0 37.0 2.0 0.0 
0.0 0.0 0.0 0.0 0.0 0.0 10.0 47.0 55.0 80.0 61.0 52.0 53.0 20.0 12.0 56.0 37.0 2.0 0.0 0.0 
0.0 0.0 0.0 0.0 0.0 0.0 10.0 47.0 55.0 80.0 61.0 52.0 53.0 20.0 12.0 56.0 37.0 2.0 0.0 0.0 0.0 
0.0 
0.0 0.0 
0.0 0.0 0.0 
0.0 0.0 0.0 0.0 
0.0 0.0 0.0 0.0 0.0 
0.0 0.0 0.0 0.0 0.0 0.0 
0.0 0.0 0.0 0.0 0.0 0.0 0.0 
0.0 0.0 0.0 0.0 0.0 0.0 0.0 6.0 
0.0 0.0 0.0 0.0 0.0 0.0 0.0 6.0 39.0 
0.0 0.0 0.0 0.0 0.0 0.0 0.0 6.0 39.0 89.0 
0.0 0.0 0.0 0.0 0.0 0.0 0.0 6.0 39.0 89.0 105.0 
0.0 0.0 0.0 0.0 0.0 0.0 0.0 6.0 39.0 89.0 105.0 57.0 
0.0 0.0 0.0 0.0 0.0 0.0 0.0 6.0 39.0 89.0 105.0 57.0 100.0 
0.0 0.0 0.0 0.0 0.0 0.0 0.0 6.0 39.0 89.0 105.0 57.0 100.0 72.0 
0.0 0.0 0.0 0.0 0.0 0.0 0.0 6.0 39.0 89.0 105.0 57.0 100.0 72.0 49.0 
0.0 0.0 0.0 0.0 0.0 0.0 0.0 6.0 39.0 89.0 105.0 57.0 100.0 72.0 49.0 7.0 
0.0 0.0 0.0 0.0 0.0 0.0 0.0 6.0 39.0 89.0 105.0 57.0 100.0 72.0 49.0 7.0 1.0 
0.0 0.0 0.0 0.0 0.0 0.0 0.0 6.0 39.0 89.0 105.0 57.0 100.0 72.0 49.0 7.0 1.0 0.0 
0.0 0.0 0.0 0.0 0.0 0.0 0.0 6.0 39.0 89.0 105.0 57.0 100.0 72.0 49.0 7.0 1.0 0.0 0.0 
0.0 0.0 0.0 0.0 0.0 0.0 0.0 6.0 39.0 89.0 105.0 57.0 100.0 72.0 49.0 7.0 1.0 0.0 0.0 0.0 
0.0 0.0 0.0 0.0 0.0 0.0 0.0 6.0 39.0 89.0 105.0 57.0 100.0 72.0 49.0 7.0 1.0 0.0 0.0 0.0 0.0 
