0.0 
0.0 0.0 
0.0 0.0 0.0 
0.0 0.0 0.0 0.0 
0.0 0.0 0.0 0.0 0.0 
0.0 0.0 0.0 0.0 0.0 0.0 
0.0 0.0 0.0 0.0 0.0 0.0 1.0 
0.0 0.0 0.0 0.0 0.0 0.0 1.0 45.0 
0.0 0.0 0.0 0.0 0.0 0.0 1.0 45.0 52.0 
0.0 0.0 0.0 0.0 0.0 0.0 1.0 45.0 52.0 30.0 
0.0 0.0 0.0 0.0 0.0 0.0 1.0 45.0 52.0 30.0 42.0 
0.0 0.0 0.0 0.0 0.0 0.0 1.0 45.0 52.0 30.0 42.0 26.0 
0.0 0.0 0.0 0.0 0.0 0.0 1.0 45.0 52.0 30.0 42.0 26.0 19.0 
0.0 0.0 0.0 0.0 0.0 0.0 1.0 45.0 52.0 30.0 42.0 26.0 19.0 24.0 
0.0 0.0 0.0 0.0 0.0 0.0 1.0 45.0 52.0 30.0 42.0 26.0 19.0 24.0 38.0 
0.0 0.0 0.0 0.0 0.0 0.0 1.0 45.0 52.0 30.0 42.0 26.0 19.0 24.0 38.0 47.0 
0.0 0.0 0.0 0.0 0.0 0.0 1.0 45.0 52.0 30.0 42.0 26.0 19.0 24.0 38.0 47.0 37.0 
0.0 0.0 0.0 0.0 0.0 0.0 1.0 45.0 52.0 30.0 42.0 26.0 19.0 24.0 38.0 47.0 37.0 0.0 
0.0 0.0 0.0 0.0 0.0 0.0 1.0 45.0 52.0 30.0 42.0 26.0 19.0 24.0 38.0 47.0 37.0 0.0 0.0 
0.0 0.0 0.0 0.0 0.0 0.0 1.0 45.0 52.0 30.0 42.0 26.0 19.0 24.0 38.0 47.0 37.0 0.0 0.0 0.0 
0.0 0.0 0.0 0.0 0.0 0.0 1.0 45.0 52.0 30.0 42.0 26.0 19.0 24.0 38.0 47.0 37.0 0.0 0.0 0.0 0.0 
0.0 
0.0 0.0 
0.0 0.0 0.0 
0.0 0.0 0.0 0.0 
0.0 0.0 0.0 0.0 0.0 
0.0 0.0 0.0 0.0 0.0 0.0 
0.0 0.0 0.0 0.0 0.0 0.0 0.0 
0.0 0.0 0.0 0.0 0.0 0.0 0.0 2.0 
0.0 0.0 0.0 0.0 0.0 0.0 0.0 2.0 31.0 
0.0 0.0 0.0 0.0 0.0 0.0 0.0 2.0 31.0 80.0 
0.0 0.0 0.0 0.0 0.0 0.0 0.0 2.0 31.0 80.0 48.0 
0.0 0.0 0.0 0.0 0.0 0.0 0.0 2.0 31.0 80.0 48.0 3.0 
0.0 0.0 0.0 0.0 0.0 0.0 0.0 2.0 31.0 80.0 48.0 3.0 47.0 
0.0 0.0 0.0 0.0 0.0 0.0 0.0 2.0 31.0 80.0 48.0 3.0 47.0 19.0 
0.0 0.0 0.0 0.0 0.0 0.0 0.0 2.0 31.0 80.0 48.0 3.0 47.0 19.0 49.0 
0.0 0.0 0.0 0.0 0.0 0.0 0.0 2.0 31.0 80.0 48.0 3.0 47.0 19.0 49.0 0.0 
0.0 0.0 0.0 0.0 0.0 0.0 0.0 2.0 31.0 80.0 48.0 3.0 47.0 19.0 49.0 0.0 0.0 
0.0 0.0 0.0 0.0 0.0 0.0 0.0 2.0 31.0 80.0 48.0 3.0 47.0 19.0 49.0 0.0 0.0 0.0 
0.0 0.0 0.0 0.0 0.0 0.0 0.0 2.0 31.0 80.0 48.0 3.0 47.0 19.0 49.0 0.0 0.0 0.0 0.0 
0.0 0.0 0.0 0.0 0.0 0.0 0.0 2.0 31.0 80.0 48.0 3.0 47.0 19.0 49.0 0.0 0.0 0.0 0.0 0.0 
0.0 0.0 0.0 0.0 0.0 0.0 0.0 2.0 31.0 80.0 48.0 3.0 47.0 19.0 49.0 0.0 0.0 0.0 0.0 0.0 0.0 
0.0 
0.0 0.0 
0.0 0.0 0.0 
0.0 0.0 0.0 0.0 
0.0 0.0 0.0 0.0 0.0 
0.0 0.0 0.0 0.0 0.0 0.0 
0.0 0.0 0.0 0.0 0.0 0.0 2.0 
0.0 0.0 0.0 0.0 0.0 0.0 2.0 23.0 
0.0 0.0 0.0 0.0 0.0 0.0 2.0 23.0 57.0 
0.0 0.0 0.0 0.0 0.0 0.0 2.0 23.0 57.0 43.0 
0.0 0.0 0.0 0.0 0.0 0.0 2.0 23.0 57.0 43.0 22.0 
0.0 0.0 0.0 0.0 0.0 0.0 2.0 23.0 57.0 43.0 22.0 26.0 
0.0 0.0 0.0 0.0 0.0 0.0 2.0 23.0 57.0 43.0 22.0 26.0 25.0 
0.0 0.0 0.0 0.0 0.0 0.0 2.0 23.0 57.0 43.0 22.0 26.0 25.0 26.0 
0.0 0.0 0.0 0.0 0.0 0.0 2.0 23.0 57.0 43.0 22.0 26.0 25.0 26.0 33.0 
0.0 0.0 0.0 0.0 0.0 0.0 2.0 23.0 57.0 43.0 22.0 26.0 25.0 26.0 33.0 27.0 
0.0 0.0 0.0 0.0 0.0 0.0 2.0 23.0 57.0 43.0 22.0 26.0 25.0 26.0 33.0 27.0 37.0 
0.0 0.0 0.0 0.0 0.0 0.0 2.0 23.0 57.0 43.0 22.0 26.0 25.0 26.0 33.0 27.0 37.0 0.0 
0.0 0.0 0.0 0.0 0.0 0.0 2.0 23.0 57.0 43.0 22.0 26.0 25.0 26.0 33.0 27.0 37.0 0.0 0.0 
0.0 0.0 0.0 0.0 0.0 0.0 2.0 23.0 57.0 43.0 22.0 26.0 25.0 26.0 33.0 27.0 37.0 0.0 0.0 0.0 
0.0 0.0 0.0 0.0 0.0 0.0 2.0 23.0 57.0 43.0 22.0 26.0 25.0 26.0 33.0 27.0 37.0 0.0 0.0 0.0 0.0 
0.0 
0.0 0.0 
0.0 0.0 0.0 
0.0 0.0 0.0 0.0 
0.0 0.0 0.0 0.0 0.0 
0.0 0.0 0.0 0.0 0.0 0.0 
0.0 0.0 0.0 0.0 0.0 0.0 0.0 
0.0 0.0 0.0 0.0 0.0 0.0 0.0 1.0 
0.0 0.0 0.0 0.0 0.0 0.0 0.0 1.0 29.0 
0.0 0.0 0.0 0.0 0.0 0.0 0.0 1.0 29.0 103.0 
0.0 0.0 0.0 0.0 0.0 0.0 0.0 1.0 29.0 103.0 3.0 
0.0 0.0 0.0 0.0 0.0 0.0 0.0 1.0 29.0 103.0 3.0 38.0 
0.0 0.0 0.0 0.0 0.0 0.0 0.0 1.0 29.0 103.0 3.0 38.0 26.0 
0.0 0.0 0.0 0.0 0.0 0.0 0.0 1.0 29.0 103.0 3.0 38.0 26.0 15.0 
0.0 0.0 0.0 0.0 0.0 0.0 0.0 1.0 29.0 103.0 3.0 38.0 26.0 15.0 52.0 
0.0 0.0 0.0 0.0 0.0 0.0 0.0 1.0 29.0 103.0 3.0 38.0 26.0 15.0 52.0 2.0 
0.0 0.0 0.0 0.0 0.0 0.0 0.0 1.0 29.0 103.0 3.0 38.0 26.0 15.0 52.0 2.0 0.0 
0.0 0.0 0.0 0.0 0.0 0.0 0.0 1.0 29.0 103.0 3.0 38.0 26.0 15.0 52.0 2.0 0.0 0.0 
0.0 0.0 0.0 0.0 0.0 0.0 0.0 1.0 29.0 103.0 3.0 38.0 26.0 15.0 52.0 2.0 0.0 0.0 0.0 
0.0 0.0 0.0 0.0 0.0 0.0 0.0 1.0 29.0 103.0 3.0 38.0 26.0 15.0 52.0 2.0 0.0 0.0 0.0 0.0 
0.0 0.0 0.0 0.0 0.0 0.0 0.0 1.0 29.0 103.0 3.0 38.0 26.0 15.0 52.0 2.0 0.0 0.0 0.0 0.0 0.0 
