2.0 
2.0 5.0 
2.0 5.0 8.0 
2.0 5.0 8.0 15.0 
2.0 5.0 8.0 15.0 28.0 
2.0 5.0 8.0 15.0 28.0 34.0 
2.0 5.0 8.0 15.0 28.0 34.0 63.0 
2.0 5.0 8.0 15.0 28.0 34.0 63.0 74.0 
2.0 5.0 8.0 15.0 28.0 34.0 63.0 74.0 91.0 
2.0 5.0 8.0 15.0 28.0 34.0 63.0 74.0 91.0 101.0 
2.0 5.0 8.0 15.0 28.0 34.0 63.0 74.0 91.0 101.0 83.0 
2.0 5.0 8.0 15.0 28.0 34.0 63.0 74.0 91.0 101.0 83.0 109.0 
2.0 5.0 8.0 15.0 28.0 34.0 63.0 74.0 91.0 101.0 83.0 109.0 109.0 
2.0 5.0 8.0 15.0 28.0 34.0 63.0 74.0 91.0 101.0 83.0 109.0 109.0 89.0 
2.0 5.0 8.0 15.0 28.0 34.0 63.0 74.0 91.0 101.0 83.0 109.0 109.0 89.0 94.0 
2.0 5.0 8.0 15.0 28.0 34.0 63.0 74.0 91.0 101.0 83.0 109.0 109.0 89.0 94.0 85.0 
2.0 5.0 8.0 15.0 28.0 34.0 63.0 74.0 91.0 101.0 83.0 109.0 109.0 89.0 94.0 85.0 77.0 
2.0 5.0 8.0 15.0 28.0 34.0 63.0 74.0 91.0 101.0 83.0 109.0 109.0 89.0 94.0 85.0 77.0 43.0 
2.0 5.0 8.0 15.0 28.0 34.0 63.0 74.0 91.0 101.0 83.0 109.0 109.0 89.0 94.0 85.0 77.0 43.0 35.0 
2.0 5.0 8.0 15.0 28.0 34.0 63.0 74.0 91.0 101.0 83.0 109.0 109.0 89.0 94.0 85.0 77.0 43.0 35.0 20.0 
2.0 5.0 8.0 15.0 28.0 34.0 63.0 74.0 91.0 101.0 83.0 109.0 109.0 89.0 94.0 85.0 77.0 43.0 35.0 20.0 11.0 
2.0 
2.0 3.0 
2.0 3.0 5.0 
2.0 3.0 5.0 12.0 
2.0 3.0 5.0 12.0 16.0 
2.0 3.0 5.0 12.0 16.0 21.0 
2.0 3.0 5.0 12.0 16.0 21.0 54.0 
2.0 3.0 5.0 12.0 16.0 21.0 54.0 70.0 
2.0 3.0 5.0 12.0 16.0 21.0 54.0 70.0 88.0 
2.0 3.0 5.0 12.0 16.0 21.0 54.0 70.0 88.0 88.0 
2.0 3.0 5.0 12.0 16.0 21.0 54.0 70.0 88.0 88.0 123.0 
2.0 3.0 5.0 12.0 16.0 21.0 54.0 70.0 88.0 88.0 123.0 107.0 
2.0 3.0 5.0 12.0 16.0 21.0 54.0 70.0 88.0 88.0 123.0 107.0 91.0 
0.0 
0.0 2.0 
0.0 2.0 7.0 
0.0 2.0 7.0 8.0 
0.0 2.0 7.0 8.0 18.0 
0.0 2.0 7.0 8.0 18.0 40.0 
0.0 2.0 7.0 8.0 18.0 40.0 51.0 
0.0 2.0 7.0 8.0 18.0 40.0 51.0 79.0 
0.0 2.0 7.0 8.0 18.0 40.0 51.0 79.0 85.0 
0.0 2.0 7.0 8.0 18.0 40.0 51.0 79.0 85.0 100.0 
0.0 2.0 7.0 8.0 18.0 40.0 51.0 79.0 85.0 100.0 102.0 
0.0 2.0 7.0 8.0 18.0 40.0 51.0 79.0 85.0 100.0 102.0 104.0 
0.0 2.0 7.0 8.0 18.0 40.0 51.0 79.0 85.0 100.0 102.0 104.0 112.0 
0.0 2.0 7.0 8.0 18.0 40.0 51.0 79.0 85.0 100.0 102.0 104.0 112.0 89.0 
0.0 2.0 7.0 8.0 18.0 40.0 51.0 79.0 85.0 100.0 102.0 104.0 112.0 89.0 101.0 
0.0 2.0 7.0 8.0 18.0 40.0 51.0 79.0 85.0 100.0 102.0 104.0 112.0 89.0 101.0 79.0 
0.0 2.0 7.0 8.0 18.0 40.0 51.0 79.0 85.0 100.0 102.0 104.0 112.0 89.0 101.0 79.0 59.0 
0.0 2.0 7.0 8.0 18.0 40.0 51.0 79.0 85.0 100.0 102.0 104.0 112.0 89.0 101.0 79.0 59.0 45.0 
0.0 2.0 7.0 8.0 18.0 40.0 51.0 79.0 85.0 100.0 102.0 104.0 112.0 89.0 101.0 79.0 59.0 45.0 34.0 
0.0 2.0 7.0 8.0 18.0 40.0 51.0 79.0 85.0 100.0 102.0 104.0 112.0 89.0 101.0 79.0 59.0 45.0 34.0 27.0 
0.0 2.0 7.0 8.0 18.0 40.0 51.0 79.0 85.0 100.0 102.0 104.0 112.0 89.0 101.0 79.0 59.0 45.0 34.0 27.0 18.0 
1.0 
1.0 2.0 
1.0 2.0 3.0 
1.0 2.0 3.0 10.0 
1.0 2.0 3.0 10.0 21.0 
1.0 2.0 3.0 10.0 21.0 29.0 
1.0 2.0 3.0 10.0 21.0 29.0 52.0 
1.0 2.0 3.0 10.0 21.0 29.0 52.0 77.0 
1.0 2.0 3.0 10.0 21.0 29.0 52.0 77.0 94.0 
1.0 2.0 3.0 10.0 21.0 29.0 52.0 77.0 94.0 100.0 
1.0 2.0 3.0 10.0 21.0 29.0 52.0 77.0 94.0 100.0 92.0 
1.0 2.0 3.0 10.0 21.0 29.0 52.0 77.0 94.0 100.0 92.0 99.0 
1.0 2.0 3.0 10.0 21.0 29.0 52.0 77.0 94.0 100.0 92.0 99.0 103.0 
1.0 2.0 3.0 10.0 21.0 29.0 52.0 77.0 94.0 100.0 92.0 99.0 103.0 90.0 
1.0 2.0 3.0 10.0 21.0 29.0 52.0 77.0 94.0 100.0 92.0 99.0 103.0 90.0 78.0 
1.0 2.0 3.0 10.0 21.0 29.0 52.0 77.0 94.0 100.0 92.0 99.0 103.0 90.0 78.0 69.0 
1.0 2.0 3.0 10.0 21.0 29.0 52.0 77.0 94.0 100.0 92.0 99.0 103.0 90.0 78.0 69.0 46.0 
1.0 2.0 3.0 10.0 21.0 29.0 52.0 77.0 94.0 100.0 92.0 99.0 103.0 90.0 78.0 69.0 46.0 17.0 
1.0 2.0 3.0 10.0 21.0 29.0 52.0 77.0 94.0 100.0 92.0 99.0 103.0 90.0 78.0 69.0 46.0 17.0 11.0 
1.0 2.0 3.0 10.0 21.0 29.0 52.0 77.0 94.0 100.0 92.0 99.0 103.0 90.0 78.0 69.0 46.0 17.0 11.0 7.0 
1.0 2.0 3.0 10.0 21.0 29.0 52.0 77.0 94.0 100.0 92.0 99.0 103.0 90.0 78.0 69.0 46.0 17.0 11.0 7.0 6.0 
