1.0 
1.0 0.0 
1.0 0.0 2.0 
1.0 0.0 2.0 4.0 
1.0 0.0 2.0 4.0 8.0 
1.0 0.0 2.0 4.0 8.0 19.0 
1.0 0.0 2.0 4.0 8.0 19.0 47.0 
1.0 0.0 2.0 4.0 8.0 19.0 47.0 70.0 
1.0 0.0 2.0 4.0 8.0 19.0 47.0 70.0 93.0 
1.0 0.0 2.0 4.0 8.0 19.0 47.0 70.0 93.0 103.0 
1.0 0.0 2.0 4.0 8.0 19.0 47.0 70.0 93.0 103.0 107.0 
1.0 0.0 2.0 4.0 8.0 19.0 47.0 70.0 93.0 103.0 107.0 103.0 
1.0 0.0 2.0 4.0 8.0 19.0 47.0 70.0 93.0 103.0 107.0 103.0 115.0 
1.0 0.0 2.0 4.0 8.0 19.0 47.0 70.0 93.0 103.0 107.0 103.0 115.0 94.0 
1.0 0.0 2.0 4.0 8.0 19.0 47.0 70.0 93.0 103.0 107.0 103.0 115.0 94.0 86.0 
1.0 0.0 2.0 4.0 8.0 19.0 47.0 70.0 93.0 103.0 107.0 103.0 115.0 94.0 86.0 69.0 
1.0 0.0 2.0 4.0 8.0 19.0 47.0 70.0 93.0 103.0 107.0 103.0 115.0 94.0 86.0 69.0 50.0 
1.0 0.0 2.0 4.0 8.0 19.0 47.0 70.0 93.0 103.0 107.0 103.0 115.0 94.0 86.0 69.0 50.0 39.0 
1.0 0.0 2.0 4.0 8.0 19.0 47.0 70.0 93.0 103.0 107.0 103.0 115.0 94.0 86.0 69.0 50.0 39.0 17.0 
1.0 0.0 2.0 4.0 8.0 19.0 47.0 70.0 93.0 103.0 107.0 103.0 115.0 94.0 86.0 69.0 50.0 39.0 17.0 10.0 
1.0 0.0 2.0 4.0 8.0 19.0 47.0 70.0 93.0 103.0 107.0 103.0 115.0 94.0 86.0 69.0 50.0 39.0 17.0 10.0 2.0 
0.0 
0.0 0.0 
0.0 0.0 2.0 
0.0 0.0 2.0 4.0 
0.0 0.0 2.0 4.0 4.0 
0.0 0.0 2.0 4.0 4.0 13.0 
0.0 0.0 2.0 4.0 4.0 13.0 34.0 
0.0 0.0 2.0 4.0 4.0 13.0 34.0 57.0 
0.0 0.0 2.0 4.0 4.0 13.0 34.0 57.0 83.0 
0.0 0.0 2.0 4.0 4.0 13.0 34.0 57.0 83.0 90.0 
0.0 0.0 2.0 4.0 4.0 13.0 34.0 57.0 83.0 90.0 110.0 
0.0 0.0 2.0 4.0 4.0 13.0 34.0 57.0 83.0 90.0 110.0 111.0 
0.0 0.0 2.0 4.0 4.0 13.0 34.0 57.0 83.0 90.0 110.0 111.0 106.0 
0.0 0.0 2.0 4.0 4.0 13.0 34.0 57.0 83.0 90.0 110.0 111.0 106.0 91.0 
0.0 0.0 2.0 4.0 4.0 13.0 34.0 57.0 83.0 90.0 110.0 111.0 106.0 91.0 72.0 
2.0 
2.0 2.0 
2.0 2.0 0.0 
2.0 2.0 0.0 4.0 
2.0 2.0 0.0 4.0 9.0 
2.0 2.0 0.0 4.0 9.0 19.0 
2.0 2.0 0.0 4.0 9.0 19.0 40.0 
2.0 2.0 0.0 4.0 9.0 19.0 40.0 66.0 
2.0 2.0 0.0 4.0 9.0 19.0 40.0 66.0 88.0 
2.0 2.0 0.0 4.0 9.0 19.0 40.0 66.0 88.0 77.0 
2.0 2.0 0.0 4.0 9.0 19.0 40.0 66.0 88.0 77.0 97.0 
2.0 2.0 0.0 4.0 9.0 19.0 40.0 66.0 88.0 77.0 97.0 118.0 
2.0 2.0 0.0 4.0 9.0 19.0 40.0 66.0 88.0 77.0 97.0 118.0 91.0 
2.0 2.0 0.0 4.0 9.0 19.0 40.0 66.0 88.0 77.0 97.0 118.0 91.0 92.0 
2.0 2.0 0.0 4.0 9.0 19.0 40.0 66.0 88.0 77.0 97.0 118.0 91.0 92.0 88.0 
2.0 2.0 0.0 4.0 9.0 19.0 40.0 66.0 88.0 77.0 97.0 118.0 91.0 92.0 88.0 88.0 
2.0 2.0 0.0 4.0 9.0 19.0 40.0 66.0 88.0 77.0 97.0 118.0 91.0 92.0 88.0 88.0 54.0 
2.0 2.0 0.0 4.0 9.0 19.0 40.0 66.0 88.0 77.0 97.0 118.0 91.0 92.0 88.0 88.0 54.0 31.0 
2.0 2.0 0.0 4.0 9.0 19.0 40.0 66.0 88.0 77.0 97.0 118.0 91.0 92.0 88.0 88.0 54.0 31.0 17.0 
2.0 2.0 0.0 4.0 9.0 19.0 40.0 66.0 88.0 77.0 97.0 118.0 91.0 92.0 88.0 88.0 54.0 31.0 17.0 9.0 
2.0 2.0 0.0 4.0 9.0 19.0 40.0 66.0 88.0 77.0 97.0 118.0 91.0 92.0 88.0 88.0 54.0 31.0 17.0 9.0 2.0 
0.0 
0.0 0.0 
0.0 0.0 0.0 
0.0 0.0 0.0 1.0 
0.0 0.0 0.0 1.0 4.0 
0.0 0.0 0.0 1.0 4.0 11.0 
0.0 0.0 0.0 1.0 4.0 11.0 27.0 
0.0 0.0 0.0 1.0 4.0 11.0 27.0 54.0 
0.0 0.0 0.0 1.0 4.0 11.0 27.0 54.0 86.0 
0.0 0.0 0.0 1.0 4.0 11.0 27.0 54.0 86.0 104.0 
0.0 0.0 0.0 1.0 4.0 11.0 27.0 54.0 86.0 104.0 111.0 
0.0 0.0 0.0 1.0 4.0 11.0 27.0 54.0 86.0 104.0 111.0 111.0 
0.0 0.0 0.0 1.0 4.0 11.0 27.0 54.0 86.0 104.0 111.0 111.0 94.0 
0.0 0.0 0.0 1.0 4.0 11.0 27.0 54.0 86.0 104.0 111.0 111.0 94.0 79.0 
0.0 0.0 0.0 1.0 4.0 11.0 27.0 54.0 86.0 104.0 111.0 111.0 94.0 79.0 79.0 
0.0 0.0 0.0 1.0 4.0 11.0 27.0 54.0 86.0 104.0 111.0 111.0 94.0 79.0 79.0 44.0 
0.0 0.0 0.0 1.0 4.0 11.0 27.0 54.0 86.0 104.0 111.0 111.0 94.0 79.0 79.0 44.0 23.0 
0.0 0.0 0.0 1.0 4.0 11.0 27.0 54.0 86.0 104.0 111.0 111.0 94.0 79.0 79.0 44.0 23.0 12.0 
0.0 0.0 0.0 1.0 4.0 11.0 27.0 54.0 86.0 104.0 111.0 111.0 94.0 79.0 79.0 44.0 23.0 12.0 6.0 
0.0 0.0 0.0 1.0 4.0 11.0 27.0 54.0 86.0 104.0 111.0 111.0 94.0 79.0 79.0 44.0 23.0 12.0 6.0 1.0 
0.0 0.0 0.0 1.0 4.0 11.0 27.0 54.0 86.0 104.0 111.0 111.0 94.0 79.0 79.0 44.0 23.0 12.0 6.0 1.0 1.0 
