0.0 
0.0 
0.0 
0.0 
0.0 
0.0 
0.0 
0.0 
0.0 
0.0 
0.0 
0.0 0.0 
0.0 
0.0 
0.0 
0.0 
0.0 0.0 
0.0 
0.0 0.0 
0.0 0.0 
0.0 0.0 
0.0 0.0 
0.0 
0.0 0.0 
0.0 
0.0 0.0 
0.0 
0.0 0.0 
0.0 0.0 
0.0 0.0 
0.0 0.0 0.0 
0.0 
0.0 0.0 
0.0 
0.0 0.0 0.0 
0.0 0.0 
0.0 0.0 
0.0 0.0 0.0 
0.0 0.0 
0.0 0.0 0.0 
0.0 0.0 0.0 
0.0 0.0 0.0 
0.0 0.0 0.0 
0.0 0.0 1.0 
0.0 0.0 0.0 
0.0 0.0 0.0 
0.0 0.0 
0.0 0.0 
0.0 0.0 0.0 
0.0 0.0 0.0 
0.0 0.0 0.0 
0.0 0.0 
0.0 0.0 
0.0 0.0 
0.0 0.0 
0.0 0.0 0.0 
0.0 0.0 0.0 
0.0 0.0 0.0 
0.0 0.0 1.0 
0.0 0.0 0.0 
0.0 0.0 0.0 
0.0 0.0 0.0 
0.0 0.0 1.0 
0.0 0.0 0.0 17.0 
0.0 0.0 0.0 20.0 
0.0 0.0 0.0 23.0 
0.0 0.0 0.0 29.0 
0.0 
0.0 0.0 
0.0 0.0 0.0 
0.0 0.0 0.0 0.0 
0.0 0.0 0.0 0.0 0.0 
0.0 0.0 0.0 0.0 0.0 0.0 
0.0 0.0 0.0 0.0 0.0 0.0 0.0 
0.0 0.0 0.0 0.0 0.0 0.0 0.0 0.0 
0.0 0.0 0.0 0.0 0.0 0.0 0.0 0.0 2.0 
0.0 0.0 0.0 0.0 0.0 0.0 0.0 0.0 2.0 67.0 
0.0 0.0 0.0 0.0 0.0 0.0 0.0 0.0 2.0 67.0 65.0 
0.0 0.0 0.0 0.0 0.0 0.0 0.0 0.0 2.0 67.0 65.0 40.0 
0.0 0.0 0.0 0.0 0.0 0.0 0.0 0.0 2.0 67.0 65.0 40.0 50.0 
0.0 0.0 0.0 0.0 0.0 0.0 0.0 0.0 2.0 67.0 65.0 40.0 50.0 63.0 
0.0 0.0 0.0 0.0 0.0 0.0 0.0 0.0 2.0 67.0 65.0 40.0 50.0 63.0 0.0 
0.0 0.0 0.0 0.0 0.0 0.0 0.0 0.0 2.0 67.0 65.0 40.0 50.0 63.0 0.0 0.0 
0.0 0.0 0.0 0.0 0.0 0.0 0.0 0.0 2.0 67.0 65.0 40.0 50.0 63.0 0.0 0.0 0.0 
0.0 0.0 0.0 0.0 0.0 0.0 0.0 0.0 2.0 67.0 65.0 40.0 50.0 63.0 0.0 0.0 0.0 0.0 
0.0 0.0 0.0 0.0 0.0 0.0 0.0 0.0 2.0 67.0 65.0 40.0 50.0 63.0 0.0 0.0 0.0 0.0 0.0 
0.0 0.0 0.0 0.0 0.0 0.0 0.0 0.0 2.0 67.0 65.0 40.0 50.0 63.0 0.0 0.0 0.0 0.0 0.0 0.0 
0.0 0.0 0.0 0.0 0.0 0.0 0.0 0.0 2.0 67.0 65.0 40.0 50.0 63.0 0.0 0.0 0.0 0.0 0.0 0.0 0.0 
0.0 
0.0 0.0 
0.0 0.0 0.0 
0.0 0.0 0.0 0.0 
0.0 0.0 0.0 0.0 0.0 
0.0 0.0 0.0 0.0 0.0 0.0 
0.0 0.0 0.0 0.0 0.0 0.0 0.0 
0.0 0.0 0.0 0.0 0.0 0.0 0.0 0.0 
0.0 0.0 0.0 0.0 0.0 0.0 0.0 0.0 0.0 
0.0 
0.0 0.0 
0.0 0.0 0.0 
0.0 0.0 0.0 0.0 
0.0 0.0 0.0 0.0 1.0 
0.0 0.0 0.0 0.0 1.0 4.0 
0.0 0.0 0.0 0.0 1.0 4.0 14.0 
0.0 0.0 0.0 0.0 1.0 4.0 14.0 36.0 
0.0 0.0 0.0 0.0 1.0 4.0 14.0 36.0 56.0 
0.0 0.0 0.0 0.0 1.0 4.0 14.0 36.0 56.0 91.0 
0.0 0.0 0.0 0.0 1.0 4.0 14.0 36.0 56.0 91.0 105.0 
0.0 0.0 0.0 0.0 1.0 4.0 14.0 36.0 56.0 91.0 105.0 109.0 
0.0 0.0 0.0 0.0 1.0 4.0 14.0 36.0 56.0 91.0 105.0 109.0 108.0 
0.0 0.0 0.0 0.0 1.0 4.0 14.0 36.0 56.0 91.0 105.0 109.0 108.0 76.0 
0.0 0.0 0.0 0.0 1.0 4.0 14.0 36.0 56.0 91.0 105.0 109.0 108.0 76.0 53.0 
0.0 0.0 0.0 0.0 1.0 4.0 14.0 36.0 56.0 91.0 105.0 109.0 108.0 76.0 53.0 21.0 
0.0 0.0 0.0 0.0 1.0 4.0 14.0 36.0 56.0 91.0 105.0 109.0 108.0 76.0 53.0 21.0 7.0 
0.0 0.0 0.0 0.0 1.0 4.0 14.0 36.0 56.0 91.0 105.0 109.0 108.0 76.0 53.0 21.0 7.0 1.0 
0.0 0.0 0.0 0.0 1.0 4.0 14.0 36.0 56.0 91.0 105.0 109.0 108.0 76.0 53.0 21.0 7.0 1.0 1.0 
0.0 0.0 0.0 0.0 1.0 4.0 14.0 36.0 56.0 91.0 105.0 109.0 108.0 76.0 53.0 21.0 7.0 1.0 1.0 0.0 
0.0 0.0 0.0 0.0 1.0 4.0 14.0 36.0 56.0 91.0 105.0 109.0 108.0 76.0 53.0 21.0 7.0 1.0 1.0 0.0 0.0 
0.0 
0.0 0.0 
0.0 0.0 0.0 
0.0 0.0 0.0 1.0 
0.0 0.0 0.0 1.0 1.0 
0.0 0.0 0.0 1.0 1.0 1.0 
0.0 0.0 0.0 1.0 1.0 1.0 9.0 
0.0 0.0 0.0 1.0 1.0 1.0 9.0 15.0 
0.0 0.0 0.0 1.0 1.0 1.0 9.0 15.0 39.0 
0.0 0.0 0.0 1.0 1.0 1.0 9.0 15.0 39.0 86.0 
0.0 0.0 0.0 1.0 1.0 1.0 9.0 15.0 39.0 86.0 98.0 
0.0 0.0 0.0 1.0 1.0 1.0 9.0 15.0 39.0 86.0 98.0 111.0 
0.0 0.0 0.0 1.0 1.0 1.0 9.0 15.0 39.0 86.0 98.0 111.0 96.0 
0.0 0.0 0.0 1.0 1.0 1.0 9.0 15.0 39.0 86.0 98.0 111.0 96.0 58.0 
0.0 0.0 0.0 1.0 1.0 1.0 9.0 15.0 39.0 86.0 98.0 111.0 96.0 58.0 28.0 
0.0 0.0 0.0 1.0 1.0 1.0 9.0 15.0 39.0 86.0 98.0 111.0 96.0 58.0 28.0 9.0 
0.0 0.0 0.0 1.0 1.0 1.0 9.0 15.0 39.0 86.0 98.0 111.0 96.0 58.0 28.0 9.0 5.0 
0.0 0.0 0.0 1.0 1.0 1.0 9.0 15.0 39.0 86.0 98.0 111.0 96.0 58.0 28.0 9.0 5.0 2.0 
0.0 0.0 0.0 1.0 1.0 1.0 9.0 15.0 39.0 86.0 98.0 111.0 96.0 58.0 28.0 9.0 5.0 2.0 0.0 
0.0 0.0 0.0 1.0 1.0 1.0 9.0 15.0 39.0 86.0 98.0 111.0 96.0 58.0 28.0 9.0 5.0 2.0 0.0 0.0 
0.0 0.0 0.0 1.0 1.0 1.0 9.0 15.0 39.0 86.0 98.0 111.0 96.0 58.0 28.0 9.0 5.0 2.0 0.0 0.0 0.0 
0.0 
0.0 0.0 
0.0 0.0 0.0 
0.0 0.0 0.0 0.0 
0.0 0.0 0.0 0.0 0.0 
0.0 0.0 0.0 0.0 0.0 0.0 
0.0 0.0 0.0 0.0 0.0 0.0 0.0 
0.0 0.0 0.0 0.0 0.0 0.0 0.0 75.0 
0.0 0.0 0.0 0.0 0.0 0.0 0.0 75.0 60.0 
0.0 0.0 0.0 0.0 0.0 0.0 0.0 75.0 60.0 75.0 
0.0 0.0 0.0 0.0 0.0 0.0 0.0 75.0 60.0 75.0 89.0 
0.0 0.0 0.0 0.0 0.0 0.0 0.0 75.0 60.0 75.0 89.0 33.0 
0.0 0.0 0.0 0.0 0.0 0.0 0.0 75.0 60.0 75.0 89.0 33.0 1.0 
0.0 0.0 0.0 0.0 0.0 0.0 0.0 75.0 60.0 75.0 89.0 33.0 1.0 0.0 
0.0 0.0 0.0 0.0 0.0 0.0 0.0 75.0 60.0 75.0 89.0 33.0 1.0 0.0 0.0 
0.0 0.0 0.0 0.0 0.0 0.0 0.0 75.0 60.0 75.0 89.0 33.0 1.0 0.0 0.0 0.0 
0.0 0.0 0.0 0.0 0.0 0.0 0.0 75.0 60.0 75.0 89.0 33.0 1.0 0.0 0.0 0.0 0.0 
0.0 
0.0 0.0 
0.0 0.0 0.0 
0.0 0.0 0.0 0.0 
0.0 0.0 0.0 0.0 0.0 
0.0 0.0 0.0 0.0 0.0 0.0 
0.0 0.0 0.0 0.0 0.0 0.0 7.0 
0.0 0.0 0.0 0.0 0.0 0.0 7.0 74.0 
0.0 0.0 0.0 0.0 0.0 0.0 7.0 74.0 97.0 
0.0 0.0 0.0 0.0 0.0 0.0 7.0 74.0 97.0 63.0 
0.0 0.0 0.0 0.0 0.0 0.0 7.0 74.0 97.0 63.0 72.0 
0.0 0.0 0.0 0.0 0.0 0.0 7.0 74.0 97.0 63.0 72.0 0.0 
0.0 0.0 0.0 0.0 0.0 0.0 7.0 74.0 97.0 63.0 72.0 0.0 0.0 
0.0 0.0 0.0 0.0 0.0 0.0 7.0 74.0 97.0 63.0 72.0 0.0 0.0 0.0 
0.0 0.0 0.0 0.0 0.0 0.0 7.0 74.0 97.0 63.0 72.0 0.0 0.0 0.0 0.0 
0.0 0.0 0.0 0.0 0.0 0.0 7.0 74.0 97.0 63.0 72.0 0.0 0.0 0.0 0.0 0.0 
0.0 0.0 0.0 0.0 0.0 0.0 7.0 74.0 97.0 63.0 72.0 0.0 0.0 0.0 0.0 0.0 0.0 
1.0 
1.0 1.0 
1.0 1.0 0.0 
1.0 1.0 0.0 0.0 
1.0 1.0 0.0 0.0 0.0 
1.0 1.0 0.0 0.0 0.0 0.0 
1.0 1.0 0.0 0.0 0.0 0.0 0.0 
1.0 1.0 0.0 0.0 0.0 0.0 0.0 0.0 
1.0 1.0 0.0 0.0 0.0 0.0 0.0 0.0 4.0 
1.0 1.0 0.0 0.0 0.0 0.0 0.0 0.0 4.0 7.0 
1.0 1.0 0.0 0.0 0.0 0.0 0.0 0.0 4.0 7.0 8.0 
0.0 
0.0 0.0 
0.0 0.0 0.0 
0.0 0.0 0.0 5.0 
0.0 0.0 0.0 5.0 49.0 
0.0 0.0 0.0 5.0 49.0 71.0 
1.0 
1.0 1.0 
0.0 0.0 0.0 5.0 49.0 71.0 117.0 
1.0 1.0 0.0 
1.0 1.0 0.0 0.0 
1.0 1.0 0.0 0.0 0.0 
0.0 0.0 0.0 5.0 49.0 71.0 117.0 24.0 
1.0 1.0 0.0 0.0 0.0 0.0 
1.0 1.0 0.0 0.0 0.0 0.0 0.0 
0.0 0.0 0.0 5.0 49.0 71.0 117.0 24.0 1.0 
1.0 1.0 0.0 0.0 0.0 0.0 0.0 3.0 
0.0 0.0 0.0 5.0 49.0 71.0 117.0 24.0 1.0 0.0 
0.0 0.0 0.0 5.0 49.0 71.0 117.0 24.0 1.0 0.0 0.0 
1.0 1.0 0.0 0.0 0.0 0.0 0.0 3.0 6.0 
0.0 0.0 0.0 5.0 49.0 71.0 117.0 24.0 1.0 0.0 0.0 0.0 
1.0 1.0 0.0 0.0 0.0 0.0 0.0 3.0 6.0 6.0 
0.0 0.0 0.0 5.0 49.0 71.0 117.0 24.0 1.0 0.0 0.0 0.0 0.0 
1.0 1.0 0.0 0.0 0.0 0.0 0.0 3.0 6.0 6.0 14.0 
0.0 0.0 0.0 5.0 49.0 71.0 117.0 24.0 1.0 0.0 0.0 0.0 0.0 0.0 
0.0 0.0 0.0 5.0 49.0 71.0 117.0 24.0 1.0 0.0 0.0 0.0 0.0 0.0 0.0 
0.0 0.0 0.0 5.0 49.0 71.0 117.0 24.0 1.0 0.0 0.0 0.0 0.0 0.0 0.0 0.0 
0.0 0.0 0.0 5.0 49.0 71.0 117.0 24.0 1.0 0.0 0.0 0.0 0.0 0.0 0.0 0.0 0.0 
3.0 
3.0 3.0 
3.0 3.0 0.0 
3.0 3.0 0.0 0.0 
3.0 3.0 0.0 0.0 0.0 
3.0 3.0 0.0 0.0 0.0 0.0 
3.0 3.0 0.0 0.0 0.0 0.0 0.0 
3.0 3.0 0.0 0.0 0.0 0.0 0.0 0.0 
3.0 3.0 0.0 0.0 0.0 0.0 0.0 0.0 0.0 
3.0 3.0 0.0 0.0 0.0 0.0 0.0 0.0 0.0 8.0 
3.0 3.0 0.0 0.0 0.0 0.0 0.0 0.0 0.0 8.0 12.0 
3.0 3.0 0.0 0.0 0.0 0.0 0.0 0.0 0.0 8.0 12.0 35.0 
3.0 3.0 0.0 0.0 0.0 0.0 0.0 0.0 0.0 8.0 12.0 35.0 67.0 
3.0 3.0 0.0 0.0 0.0 0.0 0.0 0.0 0.0 8.0 12.0 35.0 67.0 79.0 
3.0 3.0 0.0 0.0 0.0 0.0 0.0 0.0 0.0 8.0 12.0 35.0 67.0 79.0 34.0 
3.0 3.0 0.0 0.0 0.0 0.0 0.0 0.0 0.0 8.0 12.0 35.0 67.0 79.0 34.0 4.0 
3.0 3.0 0.0 0.0 0.0 0.0 0.0 0.0 0.0 8.0 12.0 35.0 67.0 79.0 34.0 4.0 0.0 


1.0 
1.0 1.0 
1.0 1.0 0.0 
0.0 
1.0 1.0 0.0 0.0 
1.0 1.0 0.0 0.0 0.0 
1.0 1.0 0.0 0.0 0.0 0.0 
0.0 0.0 
1.0 1.0 0.0 0.0 0.0 0.0 0.0 
0.0 0.0 0.0 
1.0 1.0 0.0 0.0 0.0 0.0 0.0 5.0 
0.0 0.0 0.0 0.0 
1.0 1.0 0.0 0.0 0.0 0.0 0.0 5.0 44.0 
0.0 
0.0 0.0 
1.0 1.0 0.0 0.0 0.0 0.0 0.0 5.0 44.0 72.0 
0.0 0.0 0.0 0.0 3.0 
0.0 0.0 0.0 
0.0 0.0 0.0 0.0 
1.0 1.0 0.0 0.0 0.0 0.0 0.0 5.0 44.0 72.0 112.0 
0.0 0.0 0.0 0.0 0.0 
0.0 0.0 0.0 0.0 3.0 6.0 
0.0 0.0 0.0 0.0 0.0 74.0 
1.0 1.0 0.0 0.0 0.0 0.0 0.0 5.0 44.0 72.0 112.0 28.0 
0.0 0.0 0.0 0.0 0.0 74.0 63.0 
0.0 0.0 0.0 0.0 3.0 6.0 7.0 
1.0 1.0 0.0 0.0 0.0 0.0 0.0 5.0 44.0 72.0 112.0 28.0 2.0 
0.0 0.0 0.0 0.0 3.0 6.0 7.0 36.0 
1.0 1.0 0.0 0.0 0.0 0.0 0.0 5.0 44.0 72.0 112.0 28.0 2.0 0.0 
0.0 0.0 0.0 0.0 0.0 74.0 63.0 81.0 
0.0 0.0 0.0 0.0 3.0 6.0 7.0 36.0 48.0 
1.0 1.0 0.0 0.0 0.0 0.0 0.0 5.0 44.0 72.0 112.0 28.0 2.0 0.0 0.0 
1.0 1.0 0.0 0.0 0.0 0.0 0.0 5.0 44.0 72.0 112.0 28.0 2.0 0.0 0.0 0.0 
1.0 1.0 0.0 0.0 0.0 0.0 0.0 5.0 44.0 72.0 112.0 28.0 2.0 0.0 0.0 0.0 0.0 
0.0 0.0 0.0 0.0 3.0 6.0 7.0 36.0 48.0 121.0 
0.0 0.0 0.0 0.0 3.0 6.0 7.0 36.0 48.0 121.0 5.0 
0.0 0.0 0.0 0.0 3.0 6.0 7.0 36.0 48.0 121.0 5.0 1.0 
0.0 0.0 0.0 0.0 3.0 6.0 7.0 36.0 48.0 121.0 5.0 1.0 0.0 
0.0 0.0 0.0 0.0 3.0 6.0 7.0 36.0 48.0 121.0 5.0 1.0 0.0 0.0 
0.0 0.0 0.0 0.0 3.0 6.0 7.0 36.0 48.0 121.0 5.0 1.0 0.0 0.0 0.0 
0.0 0.0 0.0 0.0 3.0 6.0 7.0 36.0 48.0 121.0 5.0 1.0 0.0 0.0 0.0 0.0 
0.0 0.0 0.0 0.0 3.0 6.0 7.0 36.0 48.0 121.0 5.0 1.0 0.0 0.0 0.0 0.0 0.0 
0.0 
0.0 0.0 
0.0 0.0 0.0 
0.0 0.0 0.0 0.0 
0.0 0.0 0.0 0.0 0.0 
0.0 0.0 0.0 0.0 0.0 57.0 
12.0 
12.0 108.0 
12.0 108.0 74.0 
12.0 108.0 74.0 57.0 
12.0 108.0 74.0 57.0 0.0 
12.0 108.0 74.0 57.0 0.0 0.0 
12.0 108.0 74.0 57.0 0.0 0.0 0.0 
12.0 108.0 74.0 57.0 0.0 0.0 0.0 0.0 
0.0 
0.0 0.0 
0.0 0.0 0.0 
0.0 0.0 0.0 0.0 
0.0 0.0 0.0 0.0 0.0 
0.0 0.0 0.0 0.0 0.0 0.0 
0.0 0.0 0.0 0.0 0.0 0.0 15.0 
0.0 0.0 0.0 0.0 0.0 0.0 15.0 80.0 
0.0 0.0 0.0 0.0 0.0 0.0 15.0 80.0 86.0 
0.0 0.0 0.0 0.0 0.0 0.0 15.0 80.0 86.0 41.0 
0.0 0.0 0.0 0.0 0.0 0.0 15.0 80.0 86.0 41.0 42.0 
0.0 0.0 0.0 0.0 0.0 0.0 15.0 80.0 86.0 41.0 42.0 57.0 
0.0 0.0 0.0 0.0 0.0 0.0 15.0 80.0 86.0 41.0 42.0 57.0 4.0 
0.0 0.0 0.0 0.0 0.0 0.0 15.0 80.0 86.0 41.0 42.0 57.0 4.0 0.0 
0.0 0.0 0.0 0.0 0.0 0.0 15.0 80.0 86.0 41.0 42.0 57.0 4.0 0.0 0.0 
0.0 0.0 0.0 0.0 0.0 0.0 15.0 80.0 86.0 41.0 42.0 57.0 4.0 0.0 0.0 0.0 
0.0 0.0 0.0 0.0 0.0 0.0 15.0 80.0 86.0 41.0 42.0 57.0 4.0 0.0 0.0 0.0 0.0 
0.0 
0.0 0.0 
0.0 0.0 0.0 
0.0 0.0 0.0 0.0 
0.0 0.0 0.0 0.0 0.0 
0.0 0.0 0.0 0.0 0.0 3.0 
0.0 0.0 0.0 0.0 0.0 3.0 51.0 
0.0 0.0 0.0 0.0 0.0 3.0 51.0 50.0 
0.0 0.0 0.0 0.0 0.0 3.0 51.0 50.0 29.0 
0.0 0.0 0.0 0.0 0.0 3.0 51.0 50.0 29.0 30.0 
0.0 0.0 0.0 0.0 0.0 3.0 51.0 50.0 29.0 30.0 22.0 
0.0 0.0 0.0 0.0 0.0 3.0 51.0 50.0 29.0 30.0 22.0 40.0 
0.0 0.0 0.0 0.0 0.0 3.0 51.0 50.0 29.0 30.0 22.0 40.0 52.0 
0.0 0.0 0.0 0.0 0.0 3.0 51.0 50.0 29.0 30.0 22.0 40.0 52.0 38.0 
0.0 0.0 0.0 0.0 0.0 3.0 51.0 50.0 29.0 30.0 22.0 40.0 52.0 38.0 0.0 
0.0 0.0 0.0 0.0 0.0 3.0 51.0 50.0 29.0 30.0 22.0 40.0 52.0 38.0 0.0 0.0 
0.0 0.0 0.0 0.0 0.0 3.0 51.0 50.0 29.0 30.0 22.0 40.0 52.0 38.0 0.0 0.0 0.0 
0.0 
0.0 0.0 
0.0 0.0 0.0 
0.0 0.0 0.0 0.0 
0.0 0.0 0.0 0.0 5.0 
0.0 0.0 0.0 0.0 5.0 39.0 
0.0 0.0 0.0 0.0 5.0 39.0 84.0 
0.0 
0.0 0.0 0.0 0.0 5.0 39.0 84.0 86.0 
0.0 0.0 
0.0 0.0 0.0 0.0 5.0 39.0 84.0 86.0 94.0 
0.0 0.0 0.0 0.0 5.0 39.0 84.0 86.0 94.0 62.0 
0.0 0.0 0.0 
0.0 0.0 0.0 0.0 5.0 39.0 84.0 86.0 94.0 62.0 36.0 
0.0 0.0 0.0 0.0 5.0 39.0 84.0 86.0 94.0 62.0 36.0 40.0 
0.0 0.0 0.0 0.0 
0.0 0.0 0.0 0.0 5.0 39.0 84.0 86.0 94.0 62.0 36.0 40.0 63.0 
0.0 0.0 0.0 0.0 2.0 
0.0 0.0 0.0 0.0 5.0 39.0 84.0 86.0 94.0 62.0 36.0 40.0 63.0 0.0 
0.0 0.0 0.0 0.0 5.0 39.0 84.0 86.0 94.0 62.0 36.0 40.0 63.0 0.0 0.0 
0.0 0.0 0.0 0.0 5.0 39.0 84.0 86.0 94.0 62.0 36.0 40.0 63.0 0.0 0.0 0.0 
0.0 0.0 0.0 0.0 5.0 39.0 84.0 86.0 94.0 62.0 36.0 40.0 63.0 0.0 0.0 0.0 0.0 
0.0 0.0 0.0 0.0 2.0 67.0 
0.0 0.0 0.0 0.0 2.0 67.0 17.0 
0.0 0.0 0.0 0.0 2.0 67.0 17.0 42.0 
0.0 0.0 0.0 0.0 2.0 67.0 17.0 42.0 51.0 
0.0 0.0 0.0 0.0 2.0 67.0 17.0 42.0 51.0 69.0 
0.0 0.0 0.0 0.0 2.0 67.0 17.0 42.0 51.0 69.0 71.0 
0.0 0.0 0.0 0.0 2.0 67.0 17.0 42.0 51.0 69.0 71.0 57.0 
0.0 0.0 0.0 0.0 2.0 67.0 17.0 42.0 51.0 69.0 71.0 57.0 36.0 
0.0 0.0 0.0 0.0 2.0 67.0 17.0 42.0 51.0 69.0 71.0 57.0 36.0 35.0 
0.0 0.0 0.0 0.0 2.0 67.0 17.0 42.0 51.0 69.0 71.0 57.0 36.0 35.0 0.0 
0.0 0.0 0.0 0.0 2.0 67.0 17.0 42.0 51.0 69.0 71.0 57.0 36.0 35.0 0.0 0.0 
0.0 0.0 0.0 0.0 2.0 67.0 17.0 42.0 51.0 69.0 71.0 57.0 36.0 35.0 0.0 0.0 0.0 
0.0 
0.0 0.0 
0.0 0.0 0.0 
0.0 0.0 0.0 0.0 
0.0 0.0 0.0 0.0 0.0 
0.0 0.0 0.0 0.0 0.0 0.0 
0.0 0.0 0.0 0.0 0.0 0.0 1.0 
0.0 0.0 0.0 0.0 0.0 0.0 1.0 14.0 
0.0 
0.0 0.0 0.0 0.0 0.0 0.0 1.0 14.0 52.0 
0.0 0.0 
0.0 0.0 0.0 0.0 0.0 0.0 1.0 14.0 52.0 77.0 
0.0 0.0 0.0 0.0 0.0 0.0 1.0 14.0 52.0 77.0 87.0 
0.0 0.0 0.0 
0.0 0.0 0.0 0.0 0.0 0.0 1.0 14.0 52.0 77.0 87.0 91.0 
0.0 0.0 0.0 0.0 0.0 0.0 1.0 14.0 52.0 77.0 87.0 91.0 86.0 
0.0 0.0 0.0 0.0 0.0 0.0 1.0 14.0 52.0 77.0 87.0 91.0 86.0 59.0 
0.0 0.0 0.0 0.0 
0.0 0.0 0.0 0.0 0.0 0.0 1.0 14.0 52.0 77.0 87.0 91.0 86.0 59.0 42.0 
0.0 0.0 0.0 0.0 0.0 0.0 1.0 14.0 52.0 77.0 87.0 91.0 86.0 59.0 42.0 42.0 
0.0 0.0 0.0 0.0 0.0 
0.0 0.0 0.0 0.0 0.0 0.0 1.0 14.0 52.0 77.0 87.0 91.0 86.0 59.0 42.0 42.0 61.0 
0.0 0.0 0.0 0.0 0.0 0.0 
0.0 0.0 0.0 0.0 0.0 0.0 1.0 14.0 52.0 77.0 87.0 91.0 86.0 59.0 42.0 42.0 61.0 45.0 
0.0 0.0 0.0 0.0 0.0 0.0 0.0 
0.0 0.0 0.0 0.0 0.0 0.0 1.0 14.0 52.0 77.0 87.0 91.0 86.0 59.0 42.0 42.0 61.0 45.0 28.0 
0.0 0.0 0.0 0.0 0.0 0.0 1.0 14.0 52.0 77.0 87.0 91.0 86.0 59.0 42.0 42.0 61.0 45.0 28.0 51.0 
0.0 0.0 0.0 0.0 0.0 0.0 1.0 14.0 52.0 77.0 87.0 91.0 86.0 59.0 42.0 42.0 61.0 45.0 28.0 51.0 2.0 
0.0 0.0 0.0 0.0 0.0 0.0 1.0 14.0 52.0 77.0 87.0 91.0 86.0 59.0 42.0 42.0 61.0 45.0 28.0 51.0 2.0 0.0 
0.0 0.0 0.0 0.0 0.0 0.0 1.0 14.0 52.0 77.0 87.0 91.0 86.0 59.0 42.0 42.0 61.0 45.0 28.0 51.0 2.0 0.0 0.0 
0.0 0.0 0.0 0.0 0.0 0.0 1.0 14.0 52.0 77.0 87.0 91.0 86.0 59.0 42.0 42.0 61.0 45.0 28.0 51.0 2.0 0.0 0.0 1.0 
0.0 0.0 0.0 0.0 0.0 0.0 1.0 14.0 52.0 77.0 87.0 91.0 86.0 59.0 42.0 42.0 61.0 45.0 28.0 51.0 2.0 0.0 0.0 1.0 0.0 
0.0 0.0 0.0 0.0 0.0 0.0 1.0 14.0 52.0 77.0 87.0 91.0 86.0 59.0 42.0 42.0 61.0 45.0 28.0 51.0 2.0 0.0 0.0 1.0 0.0 0.0 
0.0 0.0 0.0 0.0 0.0 0.0 0.0 57.0 
0.0 0.0 0.0 0.0 0.0 0.0 0.0 57.0 30.0 
0.0 0.0 0.0 0.0 0.0 0.0 0.0 57.0 30.0 30.0 
0.0 0.0 0.0 0.0 0.0 0.0 0.0 57.0 30.0 30.0 29.0 
0.0 0.0 0.0 0.0 0.0 0.0 0.0 57.0 30.0 30.0 29.0 24.0 
0.0 0.0 0.0 0.0 0.0 0.0 0.0 57.0 30.0 30.0 29.0 24.0 21.0 
0.0 0.0 0.0 0.0 0.0 0.0 0.0 57.0 30.0 30.0 29.0 24.0 21.0 40.0 
0.0 0.0 0.0 0.0 0.0 0.0 0.0 57.0 30.0 30.0 29.0 24.0 21.0 40.0 55.0 
0.0 0.0 0.0 0.0 0.0 0.0 0.0 57.0 30.0 30.0 29.0 24.0 21.0 40.0 55.0 57.0 
0.0 0.0 0.0 0.0 0.0 0.0 0.0 57.0 30.0 30.0 29.0 24.0 21.0 40.0 55.0 57.0 71.0 
0.0 0.0 0.0 0.0 0.0 0.0 0.0 57.0 30.0 30.0 29.0 24.0 21.0 40.0 55.0 57.0 71.0 53.0 
0.0 0.0 0.0 0.0 0.0 0.0 0.0 57.0 30.0 30.0 29.0 24.0 21.0 40.0 55.0 57.0 71.0 53.0 43.0 
0.0 0.0 0.0 0.0 0.0 0.0 0.0 57.0 30.0 30.0 29.0 24.0 21.0 40.0 55.0 57.0 71.0 53.0 43.0 59.0 
0.0 0.0 0.0 0.0 0.0 0.0 0.0 57.0 30.0 30.0 29.0 24.0 21.0 40.0 55.0 57.0 71.0 53.0 43.0 59.0 28.0 
0.0 0.0 0.0 0.0 0.0 0.0 0.0 57.0 30.0 30.0 29.0 24.0 21.0 40.0 55.0 57.0 71.0 53.0 43.0 59.0 28.0 0.0 
0.0 0.0 0.0 0.0 0.0 0.0 0.0 57.0 30.0 30.0 29.0 24.0 21.0 40.0 55.0 57.0 71.0 53.0 43.0 59.0 28.0 0.0 0.0 
0.0 0.0 0.0 0.0 0.0 0.0 0.0 57.0 30.0 30.0 29.0 24.0 21.0 40.0 55.0 57.0 71.0 53.0 43.0 59.0 28.0 0.0 0.0 0.0 
0.0 0.0 0.0 0.0 0.0 0.0 0.0 57.0 30.0 30.0 29.0 24.0 21.0 40.0 55.0 57.0 71.0 53.0 43.0 59.0 28.0 0.0 0.0 0.0 0.0 
0.0 0.0 0.0 0.0 0.0 0.0 0.0 57.0 30.0 30.0 29.0 24.0 21.0 40.0 55.0 57.0 71.0 53.0 43.0 59.0 28.0 0.0 0.0 0.0 0.0 0.0 
