0.0 
0.0 0.0 
0.0 0.0 0.0 
0.0 0.0 0.0 0.0 
0.0 0.0 0.0 0.0 0.0 
0.0 0.0 0.0 0.0 0.0 0.0 
0.0 0.0 0.0 0.0 0.0 0.0 0.0 
0.0 0.0 0.0 0.0 0.0 0.0 0.0 0.0 
0.0 0.0 0.0 0.0 0.0 0.0 0.0 0.0 0.0 
0.0 0.0 0.0 0.0 0.0 0.0 0.0 0.0 0.0 1.0 
0.0 0.0 0.0 0.0 0.0 0.0 0.0 0.0 0.0 1.0 4.0 
0.0 0.0 0.0 0.0 0.0 0.0 0.0 0.0 0.0 1.0 4.0 14.0 
0.0 0.0 0.0 0.0 0.0 0.0 0.0 0.0 0.0 1.0 4.0 14.0 31.0 
0.0 0.0 0.0 0.0 0.0 0.0 0.0 0.0 0.0 1.0 4.0 14.0 31.0 66.0 
0.0 0.0 0.0 0.0 0.0 0.0 0.0 0.0 0.0 1.0 4.0 14.0 31.0 66.0 87.0 
0.0 0.0 0.0 0.0 0.0 0.0 0.0 0.0 0.0 1.0 4.0 14.0 31.0 66.0 87.0 99.0 
0.0 0.0 0.0 0.0 0.0 0.0 0.0 0.0 0.0 1.0 4.0 14.0 31.0 66.0 87.0 99.0 92.0 
0.0 0.0 0.0 0.0 0.0 0.0 0.0 0.0 0.0 1.0 4.0 14.0 31.0 66.0 87.0 99.0 92.0 121.0 
0.0 0.0 0.0 0.0 0.0 0.0 0.0 0.0 0.0 1.0 4.0 14.0 31.0 66.0 87.0 99.0 92.0 121.0 103.0 
0.0 0.0 0.0 0.0 0.0 0.0 0.0 0.0 0.0 1.0 4.0 14.0 31.0 66.0 87.0 99.0 92.0 121.0 103.0 108.0 
0.0 0.0 0.0 0.0 0.0 0.0 0.0 0.0 0.0 1.0 4.0 14.0 31.0 66.0 87.0 99.0 92.0 121.0 103.0 108.0 70.0 
0.0 0.0 0.0 0.0 0.0 0.0 0.0 0.0 0.0 1.0 4.0 14.0 31.0 66.0 87.0 99.0 92.0 121.0 103.0 108.0 70.0 71.0 
0.0 0.0 0.0 0.0 0.0 0.0 0.0 0.0 0.0 1.0 4.0 14.0 31.0 66.0 87.0 99.0 92.0 121.0 103.0 108.0 70.0 71.0 43.0 
0.0 0.0 0.0 0.0 0.0 0.0 0.0 0.0 0.0 1.0 4.0 14.0 31.0 66.0 87.0 99.0 92.0 121.0 103.0 108.0 70.0 71.0 43.0 23.0 
0.0 0.0 0.0 0.0 0.0 0.0 0.0 0.0 0.0 1.0 4.0 14.0 31.0 66.0 87.0 99.0 92.0 121.0 103.0 108.0 70.0 71.0 43.0 23.0 12.0 
0.0 0.0 0.0 0.0 0.0 0.0 0.0 0.0 0.0 1.0 4.0 14.0 31.0 66.0 87.0 99.0 92.0 121.0 103.0 108.0 70.0 71.0 43.0 23.0 12.0 2.0 
0.0 0.0 0.0 0.0 0.0 0.0 0.0 0.0 0.0 1.0 4.0 14.0 31.0 66.0 87.0 99.0 92.0 121.0 103.0 108.0 70.0 71.0 43.0 23.0 12.0 2.0 0.0 
0.0 0.0 0.0 0.0 0.0 0.0 0.0 0.0 0.0 1.0 4.0 14.0 31.0 66.0 87.0 99.0 92.0 121.0 103.0 108.0 70.0 71.0 43.0 23.0 12.0 2.0 0.0 0.0 
0.0 0.0 0.0 0.0 0.0 0.0 0.0 0.0 0.0 1.0 4.0 14.0 31.0 66.0 87.0 99.0 92.0 121.0 103.0 108.0 70.0 71.0 43.0 23.0 12.0 2.0 0.0 0.0 0.0 
0.0 0.0 0.0 0.0 0.0 0.0 0.0 0.0 0.0 1.0 4.0 14.0 31.0 66.0 87.0 99.0 92.0 121.0 103.0 108.0 70.0 71.0 43.0 23.0 12.0 2.0 0.0 0.0 0.0 0.0 
0.0 0.0 0.0 0.0 0.0 0.0 0.0 0.0 0.0 1.0 4.0 14.0 31.0 66.0 87.0 99.0 92.0 121.0 103.0 108.0 70.0 71.0 43.0 23.0 12.0 2.0 0.0 0.0 0.0 0.0 0.0 
0.0 0.0 0.0 0.0 0.0 0.0 0.0 0.0 0.0 1.0 4.0 14.0 31.0 66.0 87.0 99.0 92.0 121.0 103.0 108.0 70.0 71.0 43.0 23.0 12.0 2.0 0.0 0.0 0.0 0.0 0.0 0.0 
0.0 0.0 0.0 0.0 0.0 0.0 0.0 0.0 0.0 1.0 4.0 14.0 31.0 66.0 87.0 99.0 92.0 121.0 103.0 108.0 70.0 71.0 43.0 23.0 12.0 2.0 0.0 0.0 0.0 0.0 0.0 0.0 0.0 
0.0 
0.0 0.0 
0.0 0.0 0.0 
0.0 0.0 0.0 0.0 
0.0 0.0 0.0 0.0 0.0 
0.0 0.0 0.0 0.0 0.0 0.0 
0.0 0.0 0.0 0.0 0.0 0.0 0.0 
0.0 0.0 0.0 0.0 0.0 0.0 0.0 0.0 
0.0 0.0 0.0 0.0 0.0 0.0 0.0 0.0 0.0 
0.0 0.0 0.0 0.0 0.0 0.0 0.0 0.0 0.0 1.0 
0.0 0.0 0.0 0.0 0.0 0.0 0.0 0.0 0.0 1.0 1.0 
0.0 0.0 0.0 0.0 0.0 0.0 0.0 0.0 0.0 1.0 1.0 5.0 
0.0 0.0 0.0 0.0 0.0 0.0 0.0 0.0 0.0 1.0 1.0 5.0 18.0 
0.0 0.0 0.0 0.0 0.0 0.0 0.0 0.0 0.0 1.0 1.0 5.0 18.0 33.0 
0.0 0.0 0.0 0.0 0.0 0.0 0.0 0.0 0.0 1.0 1.0 5.0 18.0 33.0 69.0 
0.0 0.0 0.0 0.0 0.0 0.0 0.0 0.0 0.0 1.0 1.0 5.0 18.0 33.0 69.0 90.0 
0.0 0.0 0.0 0.0 0.0 0.0 0.0 0.0 0.0 1.0 1.0 5.0 18.0 33.0 69.0 90.0 121.0 
0.0 0.0 0.0 0.0 0.0 0.0 0.0 0.0 0.0 1.0 1.0 5.0 18.0 33.0 69.0 90.0 121.0 100.0 
0.0 0.0 0.0 0.0 0.0 0.0 0.0 0.0 0.0 1.0 1.0 5.0 18.0 33.0 69.0 90.0 121.0 100.0 100.0 
0.0 0.0 0.0 0.0 0.0 0.0 0.0 0.0 0.0 1.0 1.0 5.0 18.0 33.0 69.0 90.0 121.0 100.0 100.0 78.0 
0.0 0.0 0.0 0.0 0.0 0.0 0.0 0.0 0.0 1.0 1.0 5.0 18.0 33.0 69.0 90.0 121.0 100.0 100.0 78.0 61.0 
0.0 0.0 0.0 0.0 0.0 0.0 0.0 0.0 0.0 1.0 1.0 5.0 18.0 33.0 69.0 90.0 121.0 100.0 100.0 78.0 61.0 40.0 
0.0 0.0 0.0 0.0 0.0 0.0 0.0 0.0 0.0 1.0 1.0 5.0 18.0 33.0 69.0 90.0 121.0 100.0 100.0 78.0 61.0 40.0 18.0 
0.0 0.0 0.0 0.0 0.0 0.0 0.0 0.0 0.0 1.0 1.0 5.0 18.0 33.0 69.0 90.0 121.0 100.0 100.0 78.0 61.0 40.0 18.0 6.0 
0.0 0.0 0.0 0.0 0.0 0.0 0.0 0.0 0.0 1.0 1.0 5.0 18.0 33.0 69.0 90.0 121.0 100.0 100.0 78.0 61.0 40.0 18.0 6.0 0.0 
0.0 0.0 0.0 0.0 0.0 0.0 0.0 0.0 0.0 1.0 1.0 5.0 18.0 33.0 69.0 90.0 121.0 100.0 100.0 78.0 61.0 40.0 18.0 6.0 0.0 2.0 
0.0 0.0 0.0 0.0 0.0 0.0 0.0 0.0 0.0 1.0 1.0 5.0 18.0 33.0 69.0 90.0 121.0 100.0 100.0 78.0 61.0 40.0 18.0 6.0 0.0 2.0 0.0 
0.0 0.0 0.0 0.0 0.0 0.0 0.0 0.0 0.0 1.0 1.0 5.0 18.0 33.0 69.0 90.0 121.0 100.0 100.0 78.0 61.0 40.0 18.0 6.0 0.0 2.0 0.0 0.0 
0.0 0.0 0.0 0.0 0.0 0.0 0.0 0.0 0.0 1.0 1.0 5.0 18.0 33.0 69.0 90.0 121.0 100.0 100.0 78.0 61.0 40.0 18.0 6.0 0.0 2.0 0.0 0.0 0.0 
0.0 0.0 0.0 0.0 0.0 0.0 0.0 0.0 0.0 1.0 1.0 5.0 18.0 33.0 69.0 90.0 121.0 100.0 100.0 78.0 61.0 40.0 18.0 6.0 0.0 2.0 0.0 0.0 0.0 0.0 
0.0 0.0 0.0 0.0 0.0 0.0 0.0 0.0 0.0 1.0 1.0 5.0 18.0 33.0 69.0 90.0 121.0 100.0 100.0 78.0 61.0 40.0 18.0 6.0 0.0 2.0 0.0 0.0 0.0 0.0 0.0 
0.0 0.0 0.0 0.0 0.0 0.0 0.0 0.0 0.0 1.0 1.0 5.0 18.0 33.0 69.0 90.0 121.0 100.0 100.0 78.0 61.0 40.0 18.0 6.0 0.0 2.0 0.0 0.0 0.0 0.0 0.0 0.0 
0.0 0.0 0.0 0.0 0.0 0.0 0.0 0.0 0.0 1.0 1.0 5.0 18.0 33.0 69.0 90.0 121.0 100.0 100.0 78.0 61.0 40.0 18.0 6.0 0.0 2.0 0.0 0.0 0.0 0.0 0.0 0.0 0.0 
