0.0 
0.0 0.0 
0.0 0.0 0.0 
0.0 0.0 0.0 0.0 
0.0 0.0 0.0 0.0 0.0 
0.0 0.0 0.0 0.0 0.0 0.0 
0.0 0.0 0.0 0.0 0.0 0.0 0.0 
0.0 0.0 0.0 0.0 0.0 0.0 0.0 2.0 
0.0 0.0 0.0 0.0 0.0 0.0 0.0 2.0 3.0 
0.0 0.0 0.0 0.0 0.0 0.0 0.0 2.0 3.0 3.0 
0.0 0.0 0.0 0.0 0.0 0.0 0.0 2.0 3.0 3.0 12.0 
0.0 0.0 0.0 0.0 0.0 0.0 0.0 2.0 3.0 3.0 12.0 21.0 
0.0 0.0 0.0 0.0 0.0 0.0 0.0 2.0 3.0 3.0 12.0 21.0 48.0 
0.0 0.0 0.0 0.0 0.0 0.0 0.0 2.0 3.0 3.0 12.0 21.0 48.0 82.0 
0.0 0.0 0.0 0.0 0.0 0.0 0.0 2.0 3.0 3.0 12.0 21.0 48.0 82.0 85.0 
0.0 0.0 0.0 0.0 0.0 0.0 0.0 2.0 3.0 3.0 12.0 21.0 48.0 82.0 85.0 104.0 
0.0 0.0 0.0 0.0 0.0 0.0 0.0 2.0 3.0 3.0 12.0 21.0 48.0 82.0 85.0 104.0 96.0 
0.0 0.0 0.0 0.0 0.0 0.0 0.0 2.0 3.0 3.0 12.0 21.0 48.0 82.0 85.0 104.0 96.0 108.0 
0.0 0.0 0.0 0.0 0.0 0.0 0.0 2.0 3.0 3.0 12.0 21.0 48.0 82.0 85.0 104.0 96.0 108.0 107.0 
0.0 0.0 0.0 0.0 0.0 0.0 0.0 2.0 3.0 3.0 12.0 21.0 48.0 82.0 85.0 104.0 96.0 108.0 107.0 84.0 
0.0 0.0 0.0 0.0 0.0 0.0 0.0 2.0 3.0 3.0 12.0 21.0 48.0 82.0 85.0 104.0 96.0 108.0 107.0 84.0 78.0 
0.0 0.0 0.0 0.0 0.0 0.0 0.0 2.0 3.0 3.0 12.0 21.0 48.0 82.0 85.0 104.0 96.0 108.0 107.0 84.0 78.0 57.0 
0.0 0.0 0.0 0.0 0.0 0.0 0.0 2.0 3.0 3.0 12.0 21.0 48.0 82.0 85.0 104.0 96.0 108.0 107.0 84.0 78.0 57.0 42.0 
0.0 0.0 0.0 0.0 0.0 0.0 0.0 2.0 3.0 3.0 12.0 21.0 48.0 82.0 85.0 104.0 96.0 108.0 107.0 84.0 78.0 57.0 42.0 22.0 
0.0 0.0 0.0 0.0 0.0 0.0 0.0 2.0 3.0 3.0 12.0 21.0 48.0 82.0 85.0 104.0 96.0 108.0 107.0 84.0 78.0 57.0 42.0 22.0 13.0 
0.0 0.0 0.0 0.0 0.0 0.0 0.0 2.0 3.0 3.0 12.0 21.0 48.0 82.0 85.0 104.0 96.0 108.0 107.0 84.0 78.0 57.0 42.0 22.0 13.0 10.0 
0.0 0.0 0.0 0.0 0.0 0.0 0.0 2.0 3.0 3.0 12.0 21.0 48.0 82.0 85.0 104.0 96.0 108.0 107.0 84.0 78.0 57.0 42.0 22.0 13.0 10.0 3.0 
0.0 0.0 0.0 0.0 0.0 0.0 0.0 2.0 3.0 3.0 12.0 21.0 48.0 82.0 85.0 104.0 96.0 108.0 107.0 84.0 78.0 57.0 42.0 22.0 13.0 10.0 3.0 1.0 
0.0 0.0 0.0 0.0 0.0 0.0 0.0 2.0 3.0 3.0 12.0 21.0 48.0 82.0 85.0 104.0 96.0 108.0 107.0 84.0 78.0 57.0 42.0 22.0 13.0 10.0 3.0 1.0 0.0 
0.0 0.0 0.0 0.0 0.0 0.0 0.0 2.0 3.0 3.0 12.0 21.0 48.0 82.0 85.0 104.0 96.0 108.0 107.0 84.0 78.0 57.0 42.0 22.0 13.0 10.0 3.0 1.0 0.0 0.0 
0.0 0.0 0.0 0.0 0.0 0.0 0.0 2.0 3.0 3.0 12.0 21.0 48.0 82.0 85.0 104.0 96.0 108.0 107.0 84.0 78.0 57.0 42.0 22.0 13.0 10.0 3.0 1.0 0.0 0.0 0.0 
0.0 0.0 0.0 0.0 0.0 0.0 0.0 2.0 3.0 3.0 12.0 21.0 48.0 82.0 85.0 104.0 96.0 108.0 107.0 84.0 78.0 57.0 42.0 22.0 13.0 10.0 3.0 1.0 0.0 0.0 0.0 0.0 
0.0 0.0 0.0 0.0 0.0 0.0 0.0 2.0 3.0 3.0 12.0 21.0 48.0 82.0 85.0 104.0 96.0 108.0 107.0 84.0 78.0 57.0 42.0 22.0 13.0 10.0 3.0 1.0 0.0 0.0 0.0 0.0 0.0 
0.0 
0.0 0.0 
0.0 0.0 0.0 
0.0 0.0 0.0 0.0 
0.0 0.0 0.0 0.0 0.0 
0.0 0.0 0.0 0.0 0.0 0.0 
0.0 0.0 0.0 0.0 0.0 0.0 0.0 
0.0 0.0 0.0 0.0 0.0 0.0 0.0 0.0 
0.0 0.0 0.0 0.0 0.0 0.0 0.0 0.0 0.0 
0.0 0.0 0.0 0.0 0.0 0.0 0.0 0.0 0.0 1.0 
0.0 0.0 0.0 0.0 0.0 0.0 0.0 0.0 0.0 1.0 9.0 
0.0 0.0 0.0 0.0 0.0 0.0 0.0 0.0 0.0 1.0 9.0 19.0 
0.0 0.0 0.0 0.0 0.0 0.0 0.0 0.0 0.0 1.0 9.0 19.0 30.0 
0.0 0.0 0.0 0.0 0.0 0.0 0.0 0.0 0.0 1.0 9.0 19.0 30.0 48.0 
0.0 0.0 0.0 0.0 0.0 0.0 0.0 0.0 0.0 1.0 9.0 19.0 30.0 48.0 74.0 
0.0 0.0 0.0 0.0 0.0 0.0 0.0 0.0 0.0 1.0 9.0 19.0 30.0 48.0 74.0 99.0 
0.0 0.0 0.0 0.0 0.0 0.0 0.0 0.0 0.0 1.0 9.0 19.0 30.0 48.0 74.0 99.0 122.0 
0.0 0.0 0.0 0.0 0.0 0.0 0.0 0.0 0.0 1.0 9.0 19.0 30.0 48.0 74.0 99.0 122.0 118.0 
0.0 0.0 0.0 0.0 0.0 0.0 0.0 0.0 0.0 1.0 9.0 19.0 30.0 48.0 74.0 99.0 122.0 118.0 90.0 
0.0 0.0 0.0 0.0 0.0 0.0 0.0 0.0 0.0 1.0 9.0 19.0 30.0 48.0 74.0 99.0 122.0 118.0 90.0 69.0 
0.0 0.0 0.0 0.0 0.0 0.0 0.0 0.0 0.0 1.0 9.0 19.0 30.0 48.0 74.0 99.0 122.0 118.0 90.0 69.0 73.0 
0.0 0.0 0.0 0.0 0.0 0.0 0.0 0.0 0.0 1.0 9.0 19.0 30.0 48.0 74.0 99.0 122.0 118.0 90.0 69.0 73.0 45.0 
0.0 0.0 0.0 0.0 0.0 0.0 0.0 0.0 0.0 1.0 9.0 19.0 30.0 48.0 74.0 99.0 122.0 118.0 90.0 69.0 73.0 45.0 25.0 
0.0 0.0 0.0 0.0 0.0 0.0 0.0 0.0 0.0 1.0 9.0 19.0 30.0 48.0 74.0 99.0 122.0 118.0 90.0 69.0 73.0 45.0 25.0 11.0 
0.0 0.0 0.0 0.0 0.0 0.0 0.0 0.0 0.0 1.0 9.0 19.0 30.0 48.0 74.0 99.0 122.0 118.0 90.0 69.0 73.0 45.0 25.0 11.0 6.0 
0.0 0.0 0.0 0.0 0.0 0.0 0.0 0.0 0.0 1.0 9.0 19.0 30.0 48.0 74.0 99.0 122.0 118.0 90.0 69.0 73.0 45.0 25.0 11.0 6.0 5.0 
0.0 0.0 0.0 0.0 0.0 0.0 0.0 0.0 0.0 1.0 9.0 19.0 30.0 48.0 74.0 99.0 122.0 118.0 90.0 69.0 73.0 45.0 25.0 11.0 6.0 5.0 1.0 
0.0 0.0 0.0 0.0 0.0 0.0 0.0 0.0 0.0 1.0 9.0 19.0 30.0 48.0 74.0 99.0 122.0 118.0 90.0 69.0 73.0 45.0 25.0 11.0 6.0 5.0 1.0 1.0 
0.0 0.0 0.0 0.0 0.0 0.0 0.0 0.0 0.0 1.0 9.0 19.0 30.0 48.0 74.0 99.0 122.0 118.0 90.0 69.0 73.0 45.0 25.0 11.0 6.0 5.0 1.0 1.0 1.0 
0.0 0.0 0.0 0.0 0.0 0.0 0.0 0.0 0.0 1.0 9.0 19.0 30.0 48.0 74.0 99.0 122.0 118.0 90.0 69.0 73.0 45.0 25.0 11.0 6.0 5.0 1.0 1.0 1.0 0.0 
0.0 0.0 0.0 0.0 0.0 0.0 0.0 0.0 0.0 1.0 9.0 19.0 30.0 48.0 74.0 99.0 122.0 118.0 90.0 69.0 73.0 45.0 25.0 11.0 6.0 5.0 1.0 1.0 1.0 0.0 0.0 
0.0 0.0 0.0 0.0 0.0 0.0 0.0 0.0 0.0 1.0 9.0 19.0 30.0 48.0 74.0 99.0 122.0 118.0 90.0 69.0 73.0 45.0 25.0 11.0 6.0 5.0 1.0 1.0 1.0 0.0 0.0 0.0 
0.0 0.0 0.0 0.0 0.0 0.0 0.0 0.0 0.0 1.0 9.0 19.0 30.0 48.0 74.0 99.0 122.0 118.0 90.0 69.0 73.0 45.0 25.0 11.0 6.0 5.0 1.0 1.0 1.0 0.0 0.0 0.0 0.0 
