0.0 
0.0 0.0 
0.0 0.0 0.0 
0.0 0.0 0.0 0.0 
0.0 0.0 0.0 0.0 0.0 
0.0 0.0 0.0 0.0 0.0 0.0 
0.0 0.0 0.0 0.0 0.0 0.0 0.0 
0.0 0.0 0.0 0.0 0.0 0.0 0.0 1.0 
0.0 0.0 0.0 0.0 0.0 0.0 0.0 1.0 3.0 
0.0 0.0 0.0 0.0 0.0 0.0 0.0 1.0 3.0 7.0 
0.0 0.0 0.0 0.0 0.0 0.0 0.0 1.0 3.0 7.0 14.0 
0.0 0.0 0.0 0.0 0.0 0.0 0.0 1.0 3.0 7.0 14.0 25.0 
0.0 0.0 0.0 0.0 0.0 0.0 0.0 1.0 3.0 7.0 14.0 25.0 37.0 
0.0 0.0 0.0 0.0 0.0 0.0 0.0 1.0 3.0 7.0 14.0 25.0 37.0 72.0 
0.0 0.0 0.0 0.0 0.0 0.0 0.0 1.0 3.0 7.0 14.0 25.0 37.0 72.0 87.0 
0.0 0.0 0.0 0.0 0.0 0.0 0.0 1.0 3.0 7.0 14.0 25.0 37.0 72.0 87.0 105.0 
0.0 0.0 0.0 0.0 0.0 0.0 0.0 1.0 3.0 7.0 14.0 25.0 37.0 72.0 87.0 105.0 97.0 
0.0 0.0 0.0 0.0 0.0 0.0 0.0 1.0 3.0 7.0 14.0 25.0 37.0 72.0 87.0 105.0 97.0 99.0 
0.0 0.0 0.0 0.0 0.0 0.0 0.0 1.0 3.0 7.0 14.0 25.0 37.0 72.0 87.0 105.0 97.0 99.0 109.0 
0.0 0.0 0.0 0.0 0.0 0.0 0.0 1.0 3.0 7.0 14.0 25.0 37.0 72.0 87.0 105.0 97.0 99.0 109.0 96.0 
0.0 0.0 0.0 0.0 0.0 0.0 0.0 1.0 3.0 7.0 14.0 25.0 37.0 72.0 87.0 105.0 97.0 99.0 109.0 96.0 81.0 
0.0 0.0 0.0 0.0 0.0 0.0 0.0 1.0 3.0 7.0 14.0 25.0 37.0 72.0 87.0 105.0 97.0 99.0 109.0 96.0 81.0 66.0 
0.0 0.0 0.0 0.0 0.0 0.0 0.0 1.0 3.0 7.0 14.0 25.0 37.0 72.0 87.0 105.0 97.0 99.0 109.0 96.0 81.0 66.0 52.0 
0.0 0.0 0.0 0.0 0.0 0.0 0.0 1.0 3.0 7.0 14.0 25.0 37.0 72.0 87.0 105.0 97.0 99.0 109.0 96.0 81.0 66.0 52.0 29.0 
0.0 0.0 0.0 0.0 0.0 0.0 0.0 1.0 3.0 7.0 14.0 25.0 37.0 72.0 87.0 105.0 97.0 99.0 109.0 96.0 81.0 66.0 52.0 29.0 15.0 
0.0 0.0 0.0 0.0 0.0 0.0 0.0 1.0 3.0 7.0 14.0 25.0 37.0 72.0 87.0 105.0 97.0 99.0 109.0 96.0 81.0 66.0 52.0 29.0 15.0 10.0 
0.0 0.0 0.0 0.0 0.0 0.0 0.0 1.0 3.0 7.0 14.0 25.0 37.0 72.0 87.0 105.0 97.0 99.0 109.0 96.0 81.0 66.0 52.0 29.0 15.0 10.0 4.0 
0.0 0.0 0.0 0.0 0.0 0.0 0.0 1.0 3.0 7.0 14.0 25.0 37.0 72.0 87.0 105.0 97.0 99.0 109.0 96.0 81.0 66.0 52.0 29.0 15.0 10.0 4.0 0.0 
0.0 0.0 0.0 0.0 0.0 0.0 0.0 1.0 3.0 7.0 14.0 25.0 37.0 72.0 87.0 105.0 97.0 99.0 109.0 96.0 81.0 66.0 52.0 29.0 15.0 10.0 4.0 0.0 0.0 
0.0 0.0 0.0 0.0 0.0 0.0 0.0 1.0 3.0 7.0 14.0 25.0 37.0 72.0 87.0 105.0 97.0 99.0 109.0 96.0 81.0 66.0 52.0 29.0 15.0 10.0 4.0 0.0 0.0 0.0 
0.0 0.0 0.0 0.0 0.0 0.0 0.0 1.0 3.0 7.0 14.0 25.0 37.0 72.0 87.0 105.0 97.0 99.0 109.0 96.0 81.0 66.0 52.0 29.0 15.0 10.0 4.0 0.0 0.0 0.0 0.0 
0.0 0.0 0.0 0.0 0.0 0.0 0.0 1.0 3.0 7.0 14.0 25.0 37.0 72.0 87.0 105.0 97.0 99.0 109.0 96.0 81.0 66.0 52.0 29.0 15.0 10.0 4.0 0.0 0.0 0.0 0.0 0.0 
0.0 0.0 0.0 0.0 0.0 0.0 0.0 1.0 3.0 7.0 14.0 25.0 37.0 72.0 87.0 105.0 97.0 99.0 109.0 96.0 81.0 66.0 52.0 29.0 15.0 10.0 4.0 0.0 0.0 0.0 0.0 0.0 0.0 
0.0 
0.0 0.0 
0.0 0.0 0.0 
0.0 0.0 0.0 0.0 
0.0 0.0 0.0 0.0 0.0 
0.0 0.0 0.0 0.0 0.0 0.0 
0.0 0.0 0.0 0.0 0.0 0.0 1.0 
0.0 0.0 0.0 0.0 0.0 0.0 1.0 2.0 
0.0 0.0 0.0 0.0 0.0 0.0 1.0 2.0 1.0 
0.0 0.0 0.0 0.0 0.0 0.0 1.0 2.0 1.0 1.0 
0.0 0.0 0.0 0.0 0.0 0.0 1.0 2.0 1.0 1.0 4.0 
0.0 0.0 0.0 0.0 0.0 0.0 1.0 2.0 1.0 1.0 4.0 12.0 
0.0 0.0 0.0 0.0 0.0 0.0 1.0 2.0 1.0 1.0 4.0 12.0 22.0 
0.0 0.0 0.0 0.0 0.0 0.0 1.0 2.0 1.0 1.0 4.0 12.0 22.0 48.0 
0.0 0.0 0.0 0.0 0.0 0.0 1.0 2.0 1.0 1.0 4.0 12.0 22.0 48.0 83.0 
0.0 0.0 0.0 0.0 0.0 0.0 1.0 2.0 1.0 1.0 4.0 12.0 22.0 48.0 83.0 99.0 
0.0 0.0 0.0 0.0 0.0 0.0 1.0 2.0 1.0 1.0 4.0 12.0 22.0 48.0 83.0 99.0 100.0 
0.0 0.0 0.0 0.0 0.0 0.0 1.0 2.0 1.0 1.0 4.0 12.0 22.0 48.0 83.0 99.0 100.0 104.0 
0.0 0.0 0.0 0.0 0.0 0.0 1.0 2.0 1.0 1.0 4.0 12.0 22.0 48.0 83.0 99.0 100.0 104.0 94.0 
0.0 0.0 0.0 0.0 0.0 0.0 1.0 2.0 1.0 1.0 4.0 12.0 22.0 48.0 83.0 99.0 100.0 104.0 94.0 82.0 
0.0 0.0 0.0 0.0 0.0 0.0 1.0 2.0 1.0 1.0 4.0 12.0 22.0 48.0 83.0 99.0 100.0 104.0 94.0 82.0 59.0 
0.0 0.0 0.0 0.0 0.0 0.0 1.0 2.0 1.0 1.0 4.0 12.0 22.0 48.0 83.0 99.0 100.0 104.0 94.0 82.0 59.0 33.0 
0.0 0.0 0.0 0.0 0.0 0.0 1.0 2.0 1.0 1.0 4.0 12.0 22.0 48.0 83.0 99.0 100.0 104.0 94.0 82.0 59.0 33.0 16.0 
0.0 0.0 0.0 0.0 0.0 0.0 1.0 2.0 1.0 1.0 4.0 12.0 22.0 48.0 83.0 99.0 100.0 104.0 94.0 82.0 59.0 33.0 16.0 8.0 
0.0 0.0 0.0 0.0 0.0 0.0 1.0 2.0 1.0 1.0 4.0 12.0 22.0 48.0 83.0 99.0 100.0 104.0 94.0 82.0 59.0 33.0 16.0 8.0 2.0 
0.0 0.0 0.0 0.0 0.0 0.0 1.0 2.0 1.0 1.0 4.0 12.0 22.0 48.0 83.0 99.0 100.0 104.0 94.0 82.0 59.0 33.0 16.0 8.0 2.0 0.0 
0.0 0.0 0.0 0.0 0.0 0.0 1.0 2.0 1.0 1.0 4.0 12.0 22.0 48.0 83.0 99.0 100.0 104.0 94.0 82.0 59.0 33.0 16.0 8.0 2.0 0.0 0.0 
0.0 0.0 0.0 0.0 0.0 0.0 1.0 2.0 1.0 1.0 4.0 12.0 22.0 48.0 83.0 99.0 100.0 104.0 94.0 82.0 59.0 33.0 16.0 8.0 2.0 0.0 0.0 0.0 
0.0 0.0 0.0 0.0 0.0 0.0 1.0 2.0 1.0 1.0 4.0 12.0 22.0 48.0 83.0 99.0 100.0 104.0 94.0 82.0 59.0 33.0 16.0 8.0 2.0 0.0 0.0 0.0 0.0 
0.0 0.0 0.0 0.0 0.0 0.0 1.0 2.0 1.0 1.0 4.0 12.0 22.0 48.0 83.0 99.0 100.0 104.0 94.0 82.0 59.0 33.0 16.0 8.0 2.0 0.0 0.0 0.0 0.0 0.0 
0.0 0.0 0.0 0.0 0.0 0.0 1.0 2.0 1.0 1.0 4.0 12.0 22.0 48.0 83.0 99.0 100.0 104.0 94.0 82.0 59.0 33.0 16.0 8.0 2.0 0.0 0.0 0.0 0.0 0.0 0.0 
0.0 0.0 0.0 0.0 0.0 0.0 1.0 2.0 1.0 1.0 4.0 12.0 22.0 48.0 83.0 99.0 100.0 104.0 94.0 82.0 59.0 33.0 16.0 8.0 2.0 0.0 0.0 0.0 0.0 0.0 0.0 0.0 
0.0 0.0 0.0 0.0 0.0 0.0 1.0 2.0 1.0 1.0 4.0 12.0 22.0 48.0 83.0 99.0 100.0 104.0 94.0 82.0 59.0 33.0 16.0 8.0 2.0 0.0 0.0 0.0 0.0 0.0 0.0 0.0 0.0 
