0.0 
0.0 0.0 
0.0 0.0 0.0 
0.0 0.0 0.0 0.0 
0.0 0.0 0.0 0.0 1.0 
0.0 0.0 0.0 0.0 1.0 1.0 
0.0 0.0 0.0 0.0 1.0 1.0 0.0 
0.0 0.0 0.0 0.0 1.0 1.0 0.0 1.0 
0.0 0.0 0.0 0.0 1.0 1.0 0.0 1.0 4.0 
0.0 0.0 0.0 0.0 1.0 1.0 0.0 1.0 4.0 9.0 
0.0 0.0 0.0 0.0 1.0 1.0 0.0 1.0 4.0 9.0 10.0 
0.0 0.0 0.0 0.0 1.0 1.0 0.0 1.0 4.0 9.0 10.0 26.0 
0.0 0.0 0.0 0.0 1.0 1.0 0.0 1.0 4.0 9.0 10.0 26.0 48.0 
0.0 0.0 0.0 0.0 1.0 1.0 0.0 1.0 4.0 9.0 10.0 26.0 48.0 68.0 
0.0 0.0 0.0 0.0 1.0 1.0 0.0 1.0 4.0 9.0 10.0 26.0 48.0 68.0 91.0 
0.0 0.0 0.0 0.0 1.0 1.0 0.0 1.0 4.0 9.0 10.0 26.0 48.0 68.0 91.0 106.0 
0.0 0.0 0.0 0.0 1.0 1.0 0.0 1.0 4.0 9.0 10.0 26.0 48.0 68.0 91.0 106.0 106.0 
0.0 0.0 0.0 0.0 1.0 1.0 0.0 1.0 4.0 9.0 10.0 26.0 48.0 68.0 91.0 106.0 106.0 104.0 
0.0 0.0 0.0 0.0 1.0 1.0 0.0 1.0 4.0 9.0 10.0 26.0 48.0 68.0 91.0 106.0 106.0 104.0 107.0 
0.0 0.0 0.0 0.0 1.0 1.0 0.0 1.0 4.0 9.0 10.0 26.0 48.0 68.0 91.0 106.0 106.0 104.0 107.0 99.0 
0.0 0.0 0.0 0.0 1.0 1.0 0.0 1.0 4.0 9.0 10.0 26.0 48.0 68.0 91.0 106.0 106.0 104.0 107.0 99.0 78.0 
0.0 0.0 0.0 0.0 1.0 1.0 0.0 1.0 4.0 9.0 10.0 26.0 48.0 68.0 91.0 106.0 106.0 104.0 107.0 99.0 78.0 74.0 
0.0 0.0 0.0 0.0 1.0 1.0 0.0 1.0 4.0 9.0 10.0 26.0 48.0 68.0 91.0 106.0 106.0 104.0 107.0 99.0 78.0 74.0 47.0 
0.0 0.0 0.0 0.0 1.0 1.0 0.0 1.0 4.0 9.0 10.0 26.0 48.0 68.0 91.0 106.0 106.0 104.0 107.0 99.0 78.0 74.0 47.0 31.0 
0.0 0.0 0.0 0.0 1.0 1.0 0.0 1.0 4.0 9.0 10.0 26.0 48.0 68.0 91.0 106.0 106.0 104.0 107.0 99.0 78.0 74.0 47.0 31.0 18.0 
0.0 0.0 0.0 0.0 1.0 1.0 0.0 1.0 4.0 9.0 10.0 26.0 48.0 68.0 91.0 106.0 106.0 104.0 107.0 99.0 78.0 74.0 47.0 31.0 18.0 8.0 
0.0 0.0 0.0 0.0 1.0 1.0 0.0 1.0 4.0 9.0 10.0 26.0 48.0 68.0 91.0 106.0 106.0 104.0 107.0 99.0 78.0 74.0 47.0 31.0 18.0 8.0 3.0 
0.0 0.0 0.0 0.0 1.0 1.0 0.0 1.0 4.0 9.0 10.0 26.0 48.0 68.0 91.0 106.0 106.0 104.0 107.0 99.0 78.0 74.0 47.0 31.0 18.0 8.0 3.0 2.0 
0.0 0.0 0.0 0.0 1.0 1.0 0.0 1.0 4.0 9.0 10.0 26.0 48.0 68.0 91.0 106.0 106.0 104.0 107.0 99.0 78.0 74.0 47.0 31.0 18.0 8.0 3.0 2.0 0.0 
0.0 0.0 0.0 0.0 1.0 1.0 0.0 1.0 4.0 9.0 10.0 26.0 48.0 68.0 91.0 106.0 106.0 104.0 107.0 99.0 78.0 74.0 47.0 31.0 18.0 8.0 3.0 2.0 0.0 1.0 
0.0 0.0 0.0 0.0 1.0 1.0 0.0 1.0 4.0 9.0 10.0 26.0 48.0 68.0 91.0 106.0 106.0 104.0 107.0 99.0 78.0 74.0 47.0 31.0 18.0 8.0 3.0 2.0 0.0 1.0 0.0 
0.0 0.0 0.0 0.0 1.0 1.0 0.0 1.0 4.0 9.0 10.0 26.0 48.0 68.0 91.0 106.0 106.0 104.0 107.0 99.0 78.0 74.0 47.0 31.0 18.0 8.0 3.0 2.0 0.0 1.0 0.0 0.0 
0.0 0.0 0.0 0.0 1.0 1.0 0.0 1.0 4.0 9.0 10.0 26.0 48.0 68.0 91.0 106.0 106.0 104.0 107.0 99.0 78.0 74.0 47.0 31.0 18.0 8.0 3.0 2.0 0.0 1.0 0.0 0.0 0.0 
0.0 
0.0 0.0 
0.0 0.0 0.0 
0.0 0.0 0.0 0.0 
0.0 0.0 0.0 0.0 0.0 
0.0 0.0 0.0 0.0 0.0 0.0 
0.0 0.0 0.0 0.0 0.0 0.0 0.0 
0.0 0.0 0.0 0.0 0.0 0.0 0.0 1.0 
0.0 0.0 0.0 0.0 0.0 0.0 0.0 1.0 3.0 
0.0 0.0 0.0 0.0 0.0 0.0 0.0 1.0 3.0 4.0 
0.0 0.0 0.0 0.0 0.0 0.0 0.0 1.0 3.0 4.0 15.0 
0.0 0.0 0.0 0.0 0.0 0.0 0.0 1.0 3.0 4.0 15.0 24.0 
0.0 0.0 0.0 0.0 0.0 0.0 0.0 1.0 3.0 4.0 15.0 24.0 34.0 
0.0 0.0 0.0 0.0 0.0 0.0 0.0 1.0 3.0 4.0 15.0 24.0 34.0 63.0 
0.0 0.0 0.0 0.0 0.0 0.0 0.0 1.0 3.0 4.0 15.0 24.0 34.0 63.0 90.0 
0.0 0.0 0.0 0.0 0.0 0.0 0.0 1.0 3.0 4.0 15.0 24.0 34.0 63.0 90.0 98.0 
0.0 0.0 0.0 0.0 0.0 0.0 0.0 1.0 3.0 4.0 15.0 24.0 34.0 63.0 90.0 98.0 113.0 
0.0 0.0 0.0 0.0 0.0 0.0 0.0 1.0 3.0 4.0 15.0 24.0 34.0 63.0 90.0 98.0 113.0 104.0 
0.0 0.0 0.0 0.0 0.0 0.0 0.0 1.0 3.0 4.0 15.0 24.0 34.0 63.0 90.0 98.0 113.0 104.0 106.0 
0.0 0.0 0.0 0.0 0.0 0.0 0.0 1.0 3.0 4.0 15.0 24.0 34.0 63.0 90.0 98.0 113.0 104.0 106.0 83.0 
0.0 0.0 0.0 0.0 0.0 0.0 0.0 1.0 3.0 4.0 15.0 24.0 34.0 63.0 90.0 98.0 113.0 104.0 106.0 83.0 64.0 
0.0 0.0 0.0 0.0 0.0 0.0 0.0 1.0 3.0 4.0 15.0 24.0 34.0 63.0 90.0 98.0 113.0 104.0 106.0 83.0 64.0 47.0 
0.0 0.0 0.0 0.0 0.0 0.0 0.0 1.0 3.0 4.0 15.0 24.0 34.0 63.0 90.0 98.0 113.0 104.0 106.0 83.0 64.0 47.0 26.0 
0.0 0.0 0.0 0.0 0.0 0.0 0.0 1.0 3.0 4.0 15.0 24.0 34.0 63.0 90.0 98.0 113.0 104.0 106.0 83.0 64.0 47.0 26.0 17.0 
0.0 0.0 0.0 0.0 0.0 0.0 0.0 1.0 3.0 4.0 15.0 24.0 34.0 63.0 90.0 98.0 113.0 104.0 106.0 83.0 64.0 47.0 26.0 17.0 6.0 
0.0 0.0 0.0 0.0 0.0 0.0 0.0 1.0 3.0 4.0 15.0 24.0 34.0 63.0 90.0 98.0 113.0 104.0 106.0 83.0 64.0 47.0 26.0 17.0 6.0 3.0 
0.0 0.0 0.0 0.0 0.0 0.0 0.0 1.0 3.0 4.0 15.0 24.0 34.0 63.0 90.0 98.0 113.0 104.0 106.0 83.0 64.0 47.0 26.0 17.0 6.0 3.0 2.0 
0.0 0.0 0.0 0.0 0.0 0.0 0.0 1.0 3.0 4.0 15.0 24.0 34.0 63.0 90.0 98.0 113.0 104.0 106.0 83.0 64.0 47.0 26.0 17.0 6.0 3.0 2.0 0.0 
0.0 0.0 0.0 0.0 0.0 0.0 0.0 1.0 3.0 4.0 15.0 24.0 34.0 63.0 90.0 98.0 113.0 104.0 106.0 83.0 64.0 47.0 26.0 17.0 6.0 3.0 2.0 0.0 0.0 
0.0 0.0 0.0 0.0 0.0 0.0 0.0 1.0 3.0 4.0 15.0 24.0 34.0 63.0 90.0 98.0 113.0 104.0 106.0 83.0 64.0 47.0 26.0 17.0 6.0 3.0 2.0 0.0 0.0 0.0 
0.0 0.0 0.0 0.0 0.0 0.0 0.0 1.0 3.0 4.0 15.0 24.0 34.0 63.0 90.0 98.0 113.0 104.0 106.0 83.0 64.0 47.0 26.0 17.0 6.0 3.0 2.0 0.0 0.0 0.0 0.0 
0.0 0.0 0.0 0.0 0.0 0.0 0.0 1.0 3.0 4.0 15.0 24.0 34.0 63.0 90.0 98.0 113.0 104.0 106.0 83.0 64.0 47.0 26.0 17.0 6.0 3.0 2.0 0.0 0.0 0.0 0.0 0.0 
0.0 0.0 0.0 0.0 0.0 0.0 0.0 1.0 3.0 4.0 15.0 24.0 34.0 63.0 90.0 98.0 113.0 104.0 106.0 83.0 64.0 47.0 26.0 17.0 6.0 3.0 2.0 0.0 0.0 0.0 0.0 0.0 0.0 
