0.0 
0.0 0.0 
0.0 0.0 0.0 
0.0 0.0 0.0 0.0 
0.0 0.0 0.0 0.0 0.0 
0.0 0.0 0.0 0.0 0.0 0.0 
0.0 0.0 0.0 0.0 0.0 0.0 0.0 
0.0 0.0 0.0 0.0 0.0 0.0 0.0 1.0 
0.0 0.0 0.0 0.0 0.0 0.0 0.0 1.0 1.0 
0.0 0.0 0.0 0.0 0.0 0.0 0.0 1.0 1.0 2.0 
0.0 0.0 0.0 0.0 0.0 0.0 0.0 1.0 1.0 2.0 10.0 
0.0 0.0 0.0 0.0 0.0 0.0 0.0 1.0 1.0 2.0 10.0 16.0 
0.0 0.0 0.0 0.0 0.0 0.0 0.0 1.0 1.0 2.0 10.0 16.0 33.0 
0.0 0.0 0.0 0.0 0.0 0.0 0.0 1.0 1.0 2.0 10.0 16.0 33.0 61.0 
0.0 0.0 0.0 0.0 0.0 0.0 0.0 1.0 1.0 2.0 10.0 16.0 33.0 61.0 89.0 
0.0 0.0 0.0 0.0 0.0 0.0 0.0 1.0 1.0 2.0 10.0 16.0 33.0 61.0 89.0 103.0 
0.0 0.0 0.0 0.0 0.0 0.0 0.0 1.0 1.0 2.0 10.0 16.0 33.0 61.0 89.0 103.0 112.0 
0.0 0.0 0.0 0.0 0.0 0.0 0.0 1.0 1.0 2.0 10.0 16.0 33.0 61.0 89.0 103.0 112.0 102.0 
0.0 0.0 0.0 0.0 0.0 0.0 0.0 1.0 1.0 2.0 10.0 16.0 33.0 61.0 89.0 103.0 112.0 102.0 98.0 
0.0 0.0 0.0 0.0 0.0 0.0 0.0 1.0 1.0 2.0 10.0 16.0 33.0 61.0 89.0 103.0 112.0 102.0 98.0 97.0 
0.0 0.0 0.0 0.0 0.0 0.0 0.0 1.0 1.0 2.0 10.0 16.0 33.0 61.0 89.0 103.0 112.0 102.0 98.0 97.0 81.0 
0.0 0.0 0.0 0.0 0.0 0.0 0.0 1.0 1.0 2.0 10.0 16.0 33.0 61.0 89.0 103.0 112.0 102.0 98.0 97.0 81.0 72.0 
0.0 0.0 0.0 0.0 0.0 0.0 0.0 1.0 1.0 2.0 10.0 16.0 33.0 61.0 89.0 103.0 112.0 102.0 98.0 97.0 81.0 72.0 44.0 
0.0 0.0 0.0 0.0 0.0 0.0 0.0 1.0 1.0 2.0 10.0 16.0 33.0 61.0 89.0 103.0 112.0 102.0 98.0 97.0 81.0 72.0 44.0 23.0 
0.0 0.0 0.0 0.0 0.0 0.0 0.0 1.0 1.0 2.0 10.0 16.0 33.0 61.0 89.0 103.0 112.0 102.0 98.0 97.0 81.0 72.0 44.0 23.0 8.0 
0.0 0.0 0.0 0.0 0.0 0.0 0.0 1.0 1.0 2.0 10.0 16.0 33.0 61.0 89.0 103.0 112.0 102.0 98.0 97.0 81.0 72.0 44.0 23.0 8.0 1.0 
0.0 0.0 0.0 0.0 0.0 0.0 0.0 1.0 1.0 2.0 10.0 16.0 33.0 61.0 89.0 103.0 112.0 102.0 98.0 97.0 81.0 72.0 44.0 23.0 8.0 1.0 1.0 
0.0 0.0 0.0 0.0 0.0 0.0 0.0 1.0 1.0 2.0 10.0 16.0 33.0 61.0 89.0 103.0 112.0 102.0 98.0 97.0 81.0 72.0 44.0 23.0 8.0 1.0 1.0 0.0 
0.0 0.0 0.0 0.0 0.0 0.0 0.0 1.0 1.0 2.0 10.0 16.0 33.0 61.0 89.0 103.0 112.0 102.0 98.0 97.0 81.0 72.0 44.0 23.0 8.0 1.0 1.0 0.0 0.0 
0.0 0.0 0.0 0.0 0.0 0.0 0.0 1.0 1.0 2.0 10.0 16.0 33.0 61.0 89.0 103.0 112.0 102.0 98.0 97.0 81.0 72.0 44.0 23.0 8.0 1.0 1.0 0.0 0.0 0.0 
0.0 0.0 0.0 0.0 0.0 0.0 0.0 1.0 1.0 2.0 10.0 16.0 33.0 61.0 89.0 103.0 112.0 102.0 98.0 97.0 81.0 72.0 44.0 23.0 8.0 1.0 1.0 0.0 0.0 0.0 0.0 
0.0 0.0 0.0 0.0 0.0 0.0 0.0 1.0 1.0 2.0 10.0 16.0 33.0 61.0 89.0 103.0 112.0 102.0 98.0 97.0 81.0 72.0 44.0 23.0 8.0 1.0 1.0 0.0 0.0 0.0 0.0 0.0 
0.0 0.0 0.0 0.0 0.0 0.0 0.0 1.0 1.0 2.0 10.0 16.0 33.0 61.0 89.0 103.0 112.0 102.0 98.0 97.0 81.0 72.0 44.0 23.0 8.0 1.0 1.0 0.0 0.0 0.0 0.0 0.0 0.0 
0.0 
0.0 0.0 
0.0 0.0 0.0 
0.0 0.0 0.0 0.0 
0.0 0.0 0.0 0.0 0.0 
0.0 0.0 0.0 0.0 0.0 0.0 
0.0 0.0 0.0 0.0 0.0 0.0 0.0 
0.0 0.0 0.0 0.0 0.0 0.0 0.0 0.0 
0.0 0.0 0.0 0.0 0.0 0.0 0.0 0.0 0.0 
0.0 0.0 0.0 0.0 0.0 0.0 0.0 0.0 0.0 1.0 
0.0 0.0 0.0 0.0 0.0 0.0 0.0 0.0 0.0 1.0 3.0 
0.0 0.0 0.0 0.0 0.0 0.0 0.0 0.0 0.0 1.0 3.0 4.0 
0.0 0.0 0.0 0.0 0.0 0.0 0.0 0.0 0.0 1.0 3.0 4.0 17.0 
0.0 0.0 0.0 0.0 0.0 0.0 0.0 0.0 0.0 1.0 3.0 4.0 17.0 42.0 
0.0 0.0 0.0 0.0 0.0 0.0 0.0 0.0 0.0 1.0 3.0 4.0 17.0 42.0 81.0 
0.0 0.0 0.0 0.0 0.0 0.0 0.0 0.0 0.0 1.0 3.0 4.0 17.0 42.0 81.0 81.0 
0.0 0.0 0.0 0.0 0.0 0.0 0.0 0.0 0.0 1.0 3.0 4.0 17.0 42.0 81.0 81.0 125.0 
0.0 0.0 0.0 0.0 0.0 0.0 0.0 0.0 0.0 1.0 3.0 4.0 17.0 42.0 81.0 81.0 125.0 99.0 
0.0 0.0 0.0 0.0 0.0 0.0 0.0 0.0 0.0 1.0 3.0 4.0 17.0 42.0 81.0 81.0 125.0 99.0 103.0 
0.0 0.0 0.0 0.0 0.0 0.0 0.0 0.0 0.0 1.0 3.0 4.0 17.0 42.0 81.0 81.0 125.0 99.0 103.0 85.0 
0.0 0.0 0.0 0.0 0.0 0.0 0.0 0.0 0.0 1.0 3.0 4.0 17.0 42.0 81.0 81.0 125.0 99.0 103.0 85.0 55.0 
0.0 0.0 0.0 0.0 0.0 0.0 0.0 0.0 0.0 1.0 3.0 4.0 17.0 42.0 81.0 81.0 125.0 99.0 103.0 85.0 55.0 43.0 
0.0 0.0 0.0 0.0 0.0 0.0 0.0 0.0 0.0 1.0 3.0 4.0 17.0 42.0 81.0 81.0 125.0 99.0 103.0 85.0 55.0 43.0 18.0 
0.0 0.0 0.0 0.0 0.0 0.0 0.0 0.0 0.0 1.0 3.0 4.0 17.0 42.0 81.0 81.0 125.0 99.0 103.0 85.0 55.0 43.0 18.0 9.0 
0.0 0.0 0.0 0.0 0.0 0.0 0.0 0.0 0.0 1.0 3.0 4.0 17.0 42.0 81.0 81.0 125.0 99.0 103.0 85.0 55.0 43.0 18.0 9.0 2.0 
0.0 0.0 0.0 0.0 0.0 0.0 0.0 0.0 0.0 1.0 3.0 4.0 17.0 42.0 81.0 81.0 125.0 99.0 103.0 85.0 55.0 43.0 18.0 9.0 2.0 1.0 
0.0 0.0 0.0 0.0 0.0 0.0 0.0 0.0 0.0 1.0 3.0 4.0 17.0 42.0 81.0 81.0 125.0 99.0 103.0 85.0 55.0 43.0 18.0 9.0 2.0 1.0 0.0 
0.0 0.0 0.0 0.0 0.0 0.0 0.0 0.0 0.0 1.0 3.0 4.0 17.0 42.0 81.0 81.0 125.0 99.0 103.0 85.0 55.0 43.0 18.0 9.0 2.0 1.0 0.0 1.0 
0.0 0.0 0.0 0.0 0.0 0.0 0.0 0.0 0.0 1.0 3.0 4.0 17.0 42.0 81.0 81.0 125.0 99.0 103.0 85.0 55.0 43.0 18.0 9.0 2.0 1.0 0.0 1.0 1.0 
0.0 0.0 0.0 0.0 0.0 0.0 0.0 0.0 0.0 1.0 3.0 4.0 17.0 42.0 81.0 81.0 125.0 99.0 103.0 85.0 55.0 43.0 18.0 9.0 2.0 1.0 0.0 1.0 1.0 0.0 
0.0 0.0 0.0 0.0 0.0 0.0 0.0 0.0 0.0 1.0 3.0 4.0 17.0 42.0 81.0 81.0 125.0 99.0 103.0 85.0 55.0 43.0 18.0 9.0 2.0 1.0 0.0 1.0 1.0 0.0 0.0 
0.0 0.0 0.0 0.0 0.0 0.0 0.0 0.0 0.0 1.0 3.0 4.0 17.0 42.0 81.0 81.0 125.0 99.0 103.0 85.0 55.0 43.0 18.0 9.0 2.0 1.0 0.0 1.0 1.0 0.0 0.0 0.0 
0.0 0.0 0.0 0.0 0.0 0.0 0.0 0.0 0.0 1.0 3.0 4.0 17.0 42.0 81.0 81.0 125.0 99.0 103.0 85.0 55.0 43.0 18.0 9.0 2.0 1.0 0.0 1.0 1.0 0.0 0.0 0.0 0.0 
