0.0 
0.0 0.0 
0.0 0.0 0.0 
0.0 0.0 0.0 0.0 
0.0 0.0 0.0 0.0 0.0 
0.0 0.0 0.0 0.0 0.0 0.0 
0.0 0.0 0.0 0.0 0.0 0.0 0.0 
0.0 0.0 0.0 0.0 0.0 0.0 0.0 0.0 
0.0 0.0 0.0 0.0 0.0 0.0 0.0 0.0 1.0 
0.0 0.0 0.0 0.0 0.0 0.0 0.0 0.0 1.0 3.0 
0.0 0.0 0.0 0.0 0.0 0.0 0.0 0.0 1.0 3.0 5.0 
0.0 0.0 0.0 0.0 0.0 0.0 0.0 0.0 1.0 3.0 5.0 9.0 
0.0 0.0 0.0 0.0 0.0 0.0 0.0 0.0 1.0 3.0 5.0 9.0 19.0 
0.0 0.0 0.0 0.0 0.0 0.0 0.0 0.0 1.0 3.0 5.0 9.0 19.0 44.0 
0.0 0.0 0.0 0.0 0.0 0.0 0.0 0.0 1.0 3.0 5.0 9.0 19.0 44.0 72.0 
0.0 0.0 0.0 0.0 0.0 0.0 0.0 0.0 1.0 3.0 5.0 9.0 19.0 44.0 72.0 97.0 
0.0 0.0 0.0 0.0 0.0 0.0 0.0 0.0 1.0 3.0 5.0 9.0 19.0 44.0 72.0 97.0 101.0 
0.0 0.0 0.0 0.0 0.0 0.0 0.0 0.0 1.0 3.0 5.0 9.0 19.0 44.0 72.0 97.0 101.0 108.0 
0.0 0.0 0.0 0.0 0.0 0.0 0.0 0.0 1.0 3.0 5.0 9.0 19.0 44.0 72.0 97.0 101.0 108.0 89.0 
0.0 0.0 0.0 0.0 0.0 0.0 0.0 0.0 1.0 3.0 5.0 9.0 19.0 44.0 72.0 97.0 101.0 108.0 89.0 99.0 
0.0 0.0 0.0 0.0 0.0 0.0 0.0 0.0 1.0 3.0 5.0 9.0 19.0 44.0 72.0 97.0 101.0 108.0 89.0 99.0 70.0 
0.0 0.0 0.0 0.0 0.0 0.0 0.0 0.0 1.0 3.0 5.0 9.0 19.0 44.0 72.0 97.0 101.0 108.0 89.0 99.0 70.0 62.0 
0.0 0.0 0.0 0.0 0.0 0.0 0.0 0.0 1.0 3.0 5.0 9.0 19.0 44.0 72.0 97.0 101.0 108.0 89.0 99.0 70.0 62.0 27.0 
0.0 0.0 0.0 0.0 0.0 0.0 0.0 0.0 1.0 3.0 5.0 9.0 19.0 44.0 72.0 97.0 101.0 108.0 89.0 99.0 70.0 62.0 27.0 11.0 
0.0 0.0 0.0 0.0 0.0 0.0 0.0 0.0 1.0 3.0 5.0 9.0 19.0 44.0 72.0 97.0 101.0 108.0 89.0 99.0 70.0 62.0 27.0 11.0 3.0 
0.0 0.0 0.0 0.0 0.0 0.0 0.0 0.0 1.0 3.0 5.0 9.0 19.0 44.0 72.0 97.0 101.0 108.0 89.0 99.0 70.0 62.0 27.0 11.0 3.0 3.0 
0.0 0.0 0.0 0.0 0.0 0.0 0.0 0.0 1.0 3.0 5.0 9.0 19.0 44.0 72.0 97.0 101.0 108.0 89.0 99.0 70.0 62.0 27.0 11.0 3.0 3.0 0.0 
0.0 0.0 0.0 0.0 0.0 0.0 0.0 0.0 1.0 3.0 5.0 9.0 19.0 44.0 72.0 97.0 101.0 108.0 89.0 99.0 70.0 62.0 27.0 11.0 3.0 3.0 0.0 0.0 
0.0 0.0 0.0 0.0 0.0 0.0 0.0 0.0 1.0 3.0 5.0 9.0 19.0 44.0 72.0 97.0 101.0 108.0 89.0 99.0 70.0 62.0 27.0 11.0 3.0 3.0 0.0 0.0 0.0 
0.0 0.0 0.0 0.0 0.0 0.0 0.0 0.0 1.0 3.0 5.0 9.0 19.0 44.0 72.0 97.0 101.0 108.0 89.0 99.0 70.0 62.0 27.0 11.0 3.0 3.0 0.0 0.0 0.0 0.0 
0.0 0.0 0.0 0.0 0.0 0.0 0.0 0.0 1.0 3.0 5.0 9.0 19.0 44.0 72.0 97.0 101.0 108.0 89.0 99.0 70.0 62.0 27.0 11.0 3.0 3.0 0.0 0.0 0.0 0.0 0.0 
0.0 0.0 0.0 0.0 0.0 0.0 0.0 0.0 1.0 3.0 5.0 9.0 19.0 44.0 72.0 97.0 101.0 108.0 89.0 99.0 70.0 62.0 27.0 11.0 3.0 3.0 0.0 0.0 0.0 0.0 0.0 0.0 
0.0 0.0 0.0 0.0 0.0 0.0 0.0 0.0 1.0 3.0 5.0 9.0 19.0 44.0 72.0 97.0 101.0 108.0 89.0 99.0 70.0 62.0 27.0 11.0 3.0 3.0 0.0 0.0 0.0 0.0 0.0 0.0 0.0 
0.0 
0.0 0.0 
0.0 0.0 0.0 
0.0 0.0 0.0 0.0 
0.0 0.0 0.0 0.0 0.0 
0.0 0.0 0.0 0.0 0.0 0.0 
0.0 0.0 0.0 0.0 0.0 0.0 0.0 
0.0 0.0 0.0 0.0 0.0 0.0 0.0 0.0 
0.0 0.0 0.0 0.0 0.0 0.0 0.0 0.0 0.0 
0.0 0.0 0.0 0.0 0.0 0.0 0.0 0.0 0.0 1.0 
0.0 0.0 0.0 0.0 0.0 0.0 0.0 0.0 0.0 1.0 1.0 
0.0 0.0 0.0 0.0 0.0 0.0 0.0 0.0 0.0 1.0 1.0 6.0 
0.0 0.0 0.0 0.0 0.0 0.0 0.0 0.0 0.0 1.0 1.0 6.0 19.0 
0.0 0.0 0.0 0.0 0.0 0.0 0.0 0.0 0.0 1.0 1.0 6.0 19.0 35.0 
0.0 0.0 0.0 0.0 0.0 0.0 0.0 0.0 0.0 1.0 1.0 6.0 19.0 35.0 61.0 
0.0 0.0 0.0 0.0 0.0 0.0 0.0 0.0 0.0 1.0 1.0 6.0 19.0 35.0 61.0 95.0 
0.0 0.0 0.0 0.0 0.0 0.0 0.0 0.0 0.0 1.0 1.0 6.0 19.0 35.0 61.0 95.0 121.0 
0.0 0.0 0.0 0.0 0.0 0.0 0.0 0.0 0.0 1.0 1.0 6.0 19.0 35.0 61.0 95.0 121.0 98.0 
0.0 0.0 0.0 0.0 0.0 0.0 0.0 0.0 0.0 1.0 1.0 6.0 19.0 35.0 61.0 95.0 121.0 98.0 93.0 
0.0 0.0 0.0 0.0 0.0 0.0 0.0 0.0 0.0 1.0 1.0 6.0 19.0 35.0 61.0 95.0 121.0 98.0 93.0 76.0 
0.0 0.0 0.0 0.0 0.0 0.0 0.0 0.0 0.0 1.0 1.0 6.0 19.0 35.0 61.0 95.0 121.0 98.0 93.0 76.0 49.0 
0.0 0.0 0.0 0.0 0.0 0.0 0.0 0.0 0.0 1.0 1.0 6.0 19.0 35.0 61.0 95.0 121.0 98.0 93.0 76.0 49.0 19.0 
0.0 0.0 0.0 0.0 0.0 0.0 0.0 0.0 0.0 1.0 1.0 6.0 19.0 35.0 61.0 95.0 121.0 98.0 93.0 76.0 49.0 19.0 11.0 
0.0 0.0 0.0 0.0 0.0 0.0 0.0 0.0 0.0 1.0 1.0 6.0 19.0 35.0 61.0 95.0 121.0 98.0 93.0 76.0 49.0 19.0 11.0 2.0 
0.0 0.0 0.0 0.0 0.0 0.0 0.0 0.0 0.0 1.0 1.0 6.0 19.0 35.0 61.0 95.0 121.0 98.0 93.0 76.0 49.0 19.0 11.0 2.0 0.0 
0.0 0.0 0.0 0.0 0.0 0.0 0.0 0.0 0.0 1.0 1.0 6.0 19.0 35.0 61.0 95.0 121.0 98.0 93.0 76.0 49.0 19.0 11.0 2.0 0.0 0.0 
0.0 0.0 0.0 0.0 0.0 0.0 0.0 0.0 0.0 1.0 1.0 6.0 19.0 35.0 61.0 95.0 121.0 98.0 93.0 76.0 49.0 19.0 11.0 2.0 0.0 0.0 0.0 
0.0 0.0 0.0 0.0 0.0 0.0 0.0 0.0 0.0 1.0 1.0 6.0 19.0 35.0 61.0 95.0 121.0 98.0 93.0 76.0 49.0 19.0 11.0 2.0 0.0 0.0 0.0 0.0 
0.0 0.0 0.0 0.0 0.0 0.0 0.0 0.0 0.0 1.0 1.0 6.0 19.0 35.0 61.0 95.0 121.0 98.0 93.0 76.0 49.0 19.0 11.0 2.0 0.0 0.0 0.0 0.0 0.0 
0.0 0.0 0.0 0.0 0.0 0.0 0.0 0.0 0.0 1.0 1.0 6.0 19.0 35.0 61.0 95.0 121.0 98.0 93.0 76.0 49.0 19.0 11.0 2.0 0.0 0.0 0.0 0.0 0.0 0.0 
0.0 0.0 0.0 0.0 0.0 0.0 0.0 0.0 0.0 1.0 1.0 6.0 19.0 35.0 61.0 95.0 121.0 98.0 93.0 76.0 49.0 19.0 11.0 2.0 0.0 0.0 0.0 0.0 0.0 0.0 0.0 
0.0 0.0 0.0 0.0 0.0 0.0 0.0 0.0 0.0 1.0 1.0 6.0 19.0 35.0 61.0 95.0 121.0 98.0 93.0 76.0 49.0 19.0 11.0 2.0 0.0 0.0 0.0 0.0 0.0 0.0 0.0 0.0 
0.0 0.0 0.0 0.0 0.0 0.0 0.0 0.0 0.0 1.0 1.0 6.0 19.0 35.0 61.0 95.0 121.0 98.0 93.0 76.0 49.0 19.0 11.0 2.0 0.0 0.0 0.0 0.0 0.0 0.0 0.0 0.0 0.0 
