0.0 
0.0 0.0 
0.0 0.0 0.0 
0.0 0.0 0.0 0.0 
0.0 0.0 0.0 0.0 0.0 
0.0 0.0 0.0 0.0 0.0 0.0 
0.0 0.0 0.0 0.0 0.0 0.0 0.0 
0.0 0.0 0.0 0.0 0.0 0.0 0.0 0.0 
0.0 0.0 0.0 0.0 0.0 0.0 0.0 0.0 1.0 
0.0 0.0 0.0 0.0 0.0 0.0 0.0 0.0 1.0 1.0 
0.0 0.0 0.0 0.0 0.0 0.0 0.0 0.0 1.0 1.0 0.0 
0.0 0.0 0.0 0.0 0.0 0.0 0.0 0.0 1.0 1.0 0.0 10.0 
0.0 0.0 0.0 0.0 0.0 0.0 0.0 0.0 1.0 1.0 0.0 10.0 21.0 
0.0 0.0 0.0 0.0 0.0 0.0 0.0 0.0 1.0 1.0 0.0 10.0 21.0 50.0 
0.0 0.0 0.0 0.0 0.0 0.0 0.0 0.0 1.0 1.0 0.0 10.0 21.0 50.0 76.0 
0.0 0.0 0.0 0.0 0.0 0.0 0.0 0.0 1.0 1.0 0.0 10.0 21.0 50.0 76.0 102.0 
0.0 0.0 0.0 0.0 0.0 0.0 0.0 0.0 1.0 1.0 0.0 10.0 21.0 50.0 76.0 102.0 90.0 
0.0 0.0 0.0 0.0 0.0 0.0 0.0 0.0 1.0 1.0 0.0 10.0 21.0 50.0 76.0 102.0 90.0 77.0 
0.0 0.0 0.0 0.0 0.0 0.0 0.0 0.0 1.0 1.0 0.0 10.0 21.0 50.0 76.0 102.0 90.0 77.0 83.0 
0.0 0.0 0.0 0.0 0.0 0.0 0.0 0.0 1.0 1.0 0.0 10.0 21.0 50.0 76.0 102.0 90.0 77.0 83.0 92.0 
0.0 0.0 0.0 0.0 0.0 0.0 0.0 0.0 1.0 1.0 0.0 10.0 21.0 50.0 76.0 102.0 90.0 77.0 83.0 92.0 88.0 
0.0 0.0 0.0 0.0 0.0 0.0 0.0 0.0 1.0 1.0 0.0 10.0 21.0 50.0 76.0 102.0 90.0 77.0 83.0 92.0 88.0 63.0 
0.0 0.0 0.0 0.0 0.0 0.0 0.0 0.0 1.0 1.0 0.0 10.0 21.0 50.0 76.0 102.0 90.0 77.0 83.0 92.0 88.0 63.0 28.0 
0.0 0.0 0.0 0.0 0.0 0.0 0.0 0.0 1.0 1.0 0.0 10.0 21.0 50.0 76.0 102.0 90.0 77.0 83.0 92.0 88.0 63.0 28.0 11.0 
0.0 0.0 0.0 0.0 0.0 0.0 0.0 0.0 1.0 1.0 0.0 10.0 21.0 50.0 76.0 102.0 90.0 77.0 83.0 92.0 88.0 63.0 28.0 11.0 2.0 
0.0 0.0 0.0 0.0 0.0 0.0 0.0 0.0 1.0 1.0 0.0 10.0 21.0 50.0 76.0 102.0 90.0 77.0 83.0 92.0 88.0 63.0 28.0 11.0 2.0 1.0 
0.0 0.0 0.0 0.0 0.0 0.0 0.0 0.0 1.0 1.0 0.0 10.0 21.0 50.0 76.0 102.0 90.0 77.0 83.0 92.0 88.0 63.0 28.0 11.0 2.0 1.0 2.0 
0.0 0.0 0.0 0.0 0.0 0.0 0.0 0.0 1.0 1.0 0.0 10.0 21.0 50.0 76.0 102.0 90.0 77.0 83.0 92.0 88.0 63.0 28.0 11.0 2.0 1.0 2.0 1.0 
0.0 0.0 0.0 0.0 0.0 0.0 0.0 0.0 1.0 1.0 0.0 10.0 21.0 50.0 76.0 102.0 90.0 77.0 83.0 92.0 88.0 63.0 28.0 11.0 2.0 1.0 2.0 1.0 0.0 
0.0 0.0 0.0 0.0 0.0 0.0 0.0 0.0 1.0 1.0 0.0 10.0 21.0 50.0 76.0 102.0 90.0 77.0 83.0 92.0 88.0 63.0 28.0 11.0 2.0 1.0 2.0 1.0 0.0 0.0 
0.0 0.0 0.0 0.0 0.0 0.0 0.0 0.0 1.0 1.0 0.0 10.0 21.0 50.0 76.0 102.0 90.0 77.0 83.0 92.0 88.0 63.0 28.0 11.0 2.0 1.0 2.0 1.0 0.0 0.0 0.0 
0.0 0.0 0.0 0.0 0.0 0.0 0.0 0.0 1.0 1.0 0.0 10.0 21.0 50.0 76.0 102.0 90.0 77.0 83.0 92.0 88.0 63.0 28.0 11.0 2.0 1.0 2.0 1.0 0.0 0.0 0.0 0.0 
0.0 0.0 0.0 0.0 0.0 0.0 0.0 0.0 1.0 1.0 0.0 10.0 21.0 50.0 76.0 102.0 90.0 77.0 83.0 92.0 88.0 63.0 28.0 11.0 2.0 1.0 2.0 1.0 0.0 0.0 0.0 0.0 0.0 
0.0 
0.0 0.0 
0.0 0.0 0.0 
0.0 0.0 0.0 0.0 
0.0 0.0 0.0 0.0 0.0 
0.0 0.0 0.0 0.0 0.0 0.0 
0.0 0.0 0.0 0.0 0.0 0.0 0.0 
0.0 0.0 0.0 0.0 0.0 0.0 0.0 1.0 
0.0 0.0 0.0 0.0 0.0 0.0 0.0 1.0 1.0 
0.0 0.0 0.0 0.0 0.0 0.0 0.0 1.0 1.0 0.0 
0.0 0.0 0.0 0.0 0.0 0.0 0.0 1.0 1.0 0.0 0.0 
0.0 0.0 0.0 0.0 0.0 0.0 0.0 1.0 1.0 0.0 0.0 3.0 
0.0 0.0 0.0 0.0 0.0 0.0 0.0 1.0 1.0 0.0 0.0 3.0 10.0 
0.0 0.0 0.0 0.0 0.0 0.0 0.0 1.0 1.0 0.0 0.0 3.0 10.0 33.0 
0.0 0.0 0.0 0.0 0.0 0.0 0.0 1.0 1.0 0.0 0.0 3.0 10.0 33.0 53.0 
0.0 0.0 0.0 0.0 0.0 0.0 0.0 1.0 1.0 0.0 0.0 3.0 10.0 33.0 53.0 98.0 
0.0 0.0 0.0 0.0 0.0 0.0 0.0 1.0 1.0 0.0 0.0 3.0 10.0 33.0 53.0 98.0 99.0 
0.0 0.0 0.0 0.0 0.0 0.0 0.0 1.0 1.0 0.0 0.0 3.0 10.0 33.0 53.0 98.0 99.0 109.0 
0.0 0.0 0.0 0.0 0.0 0.0 0.0 1.0 1.0 0.0 0.0 3.0 10.0 33.0 53.0 98.0 99.0 109.0 95.0 
0.0 0.0 0.0 0.0 0.0 0.0 0.0 1.0 1.0 0.0 0.0 3.0 10.0 33.0 53.0 98.0 99.0 109.0 95.0 75.0 
0.0 0.0 0.0 0.0 0.0 0.0 0.0 1.0 1.0 0.0 0.0 3.0 10.0 33.0 53.0 98.0 99.0 109.0 95.0 75.0 43.0 
0.0 0.0 0.0 0.0 0.0 0.0 0.0 1.0 1.0 0.0 0.0 3.0 10.0 33.0 53.0 98.0 99.0 109.0 95.0 75.0 43.0 25.0 
0.0 0.0 0.0 0.0 0.0 0.0 0.0 1.0 1.0 0.0 0.0 3.0 10.0 33.0 53.0 98.0 99.0 109.0 95.0 75.0 43.0 25.0 10.0 
0.0 0.0 0.0 0.0 0.0 0.0 0.0 1.0 1.0 0.0 0.0 3.0 10.0 33.0 53.0 98.0 99.0 109.0 95.0 75.0 43.0 25.0 10.0 3.0 
0.0 0.0 0.0 0.0 0.0 0.0 0.0 1.0 1.0 0.0 0.0 3.0 10.0 33.0 53.0 98.0 99.0 109.0 95.0 75.0 43.0 25.0 10.0 3.0 1.0 
0.0 0.0 0.0 0.0 0.0 0.0 0.0 1.0 1.0 0.0 0.0 3.0 10.0 33.0 53.0 98.0 99.0 109.0 95.0 75.0 43.0 25.0 10.0 3.0 1.0 0.0 
0.0 0.0 0.0 0.0 0.0 0.0 0.0 1.0 1.0 0.0 0.0 3.0 10.0 33.0 53.0 98.0 99.0 109.0 95.0 75.0 43.0 25.0 10.0 3.0 1.0 0.0 0.0 
0.0 0.0 0.0 0.0 0.0 0.0 0.0 1.0 1.0 0.0 0.0 3.0 10.0 33.0 53.0 98.0 99.0 109.0 95.0 75.0 43.0 25.0 10.0 3.0 1.0 0.0 0.0 0.0 
0.0 0.0 0.0 0.0 0.0 0.0 0.0 1.0 1.0 0.0 0.0 3.0 10.0 33.0 53.0 98.0 99.0 109.0 95.0 75.0 43.0 25.0 10.0 3.0 1.0 0.0 0.0 0.0 0.0 
0.0 0.0 0.0 0.0 0.0 0.0 0.0 1.0 1.0 0.0 0.0 3.0 10.0 33.0 53.0 98.0 99.0 109.0 95.0 75.0 43.0 25.0 10.0 3.0 1.0 0.0 0.0 0.0 0.0 0.0 
0.0 0.0 0.0 0.0 0.0 0.0 0.0 1.0 1.0 0.0 0.0 3.0 10.0 33.0 53.0 98.0 99.0 109.0 95.0 75.0 43.0 25.0 10.0 3.0 1.0 0.0 0.0 0.0 0.0 0.0 0.0 
0.0 0.0 0.0 0.0 0.0 0.0 0.0 1.0 1.0 0.0 0.0 3.0 10.0 33.0 53.0 98.0 99.0 109.0 95.0 75.0 43.0 25.0 10.0 3.0 1.0 0.0 0.0 0.0 0.0 0.0 0.0 0.0 
0.0 0.0 0.0 0.0 0.0 0.0 0.0 1.0 1.0 0.0 0.0 3.0 10.0 33.0 53.0 98.0 99.0 109.0 95.0 75.0 43.0 25.0 10.0 3.0 1.0 0.0 0.0 0.0 0.0 0.0 0.0 0.0 0.0 
