0.0 
0.0 0.0 
0.0 0.0 0.0 
0.0 0.0 0.0 0.0 
0.0 0.0 0.0 0.0 0.0 
0.0 0.0 0.0 0.0 0.0 0.0 
0.0 0.0 0.0 0.0 0.0 0.0 0.0 
0.0 0.0 0.0 0.0 0.0 0.0 0.0 0.0 
0.0 0.0 0.0 0.0 0.0 0.0 0.0 0.0 0.0 
0.0 0.0 0.0 0.0 0.0 0.0 0.0 0.0 0.0 2.0 
0.0 0.0 0.0 0.0 0.0 0.0 0.0 0.0 0.0 2.0 4.0 
0.0 0.0 0.0 0.0 0.0 0.0 0.0 0.0 0.0 2.0 4.0 12.0 
0.0 0.0 0.0 0.0 0.0 0.0 0.0 0.0 0.0 2.0 4.0 12.0 26.0 
0.0 0.0 0.0 0.0 0.0 0.0 0.0 0.0 0.0 2.0 4.0 12.0 26.0 55.0 
0.0 0.0 0.0 0.0 0.0 0.0 0.0 0.0 0.0 2.0 4.0 12.0 26.0 55.0 73.0 
0.0 0.0 0.0 0.0 0.0 0.0 0.0 0.0 0.0 2.0 4.0 12.0 26.0 55.0 73.0 89.0 
0.0 0.0 0.0 0.0 0.0 0.0 0.0 0.0 0.0 2.0 4.0 12.0 26.0 55.0 73.0 89.0 100.0 
0.0 0.0 0.0 0.0 0.0 0.0 0.0 0.0 0.0 2.0 4.0 12.0 26.0 55.0 73.0 89.0 100.0 98.0 
0.0 0.0 0.0 0.0 0.0 0.0 0.0 0.0 0.0 2.0 4.0 12.0 26.0 55.0 73.0 89.0 100.0 98.0 98.0 
0.0 0.0 0.0 0.0 0.0 0.0 0.0 0.0 0.0 2.0 4.0 12.0 26.0 55.0 73.0 89.0 100.0 98.0 98.0 98.0 
0.0 0.0 0.0 0.0 0.0 0.0 0.0 0.0 0.0 2.0 4.0 12.0 26.0 55.0 73.0 89.0 100.0 98.0 98.0 98.0 95.0 
0.0 0.0 0.0 0.0 0.0 0.0 0.0 0.0 0.0 2.0 4.0 12.0 26.0 55.0 73.0 89.0 100.0 98.0 98.0 98.0 95.0 61.0 
0.0 0.0 0.0 0.0 0.0 0.0 0.0 0.0 0.0 2.0 4.0 12.0 26.0 55.0 73.0 89.0 100.0 98.0 98.0 98.0 95.0 61.0 48.0 
0.0 0.0 0.0 0.0 0.0 0.0 0.0 0.0 0.0 2.0 4.0 12.0 26.0 55.0 73.0 89.0 100.0 98.0 98.0 98.0 95.0 61.0 48.0 19.0 
0.0 0.0 0.0 0.0 0.0 0.0 0.0 0.0 0.0 2.0 4.0 12.0 26.0 55.0 73.0 89.0 100.0 98.0 98.0 98.0 95.0 61.0 48.0 19.0 5.0 
0.0 0.0 0.0 0.0 0.0 0.0 0.0 0.0 0.0 2.0 4.0 12.0 26.0 55.0 73.0 89.0 100.0 98.0 98.0 98.0 95.0 61.0 48.0 19.0 5.0 4.0 
0.0 0.0 0.0 0.0 0.0 0.0 0.0 0.0 0.0 2.0 4.0 12.0 26.0 55.0 73.0 89.0 100.0 98.0 98.0 98.0 95.0 61.0 48.0 19.0 5.0 4.0 2.0 
0.0 0.0 0.0 0.0 0.0 0.0 0.0 0.0 0.0 2.0 4.0 12.0 26.0 55.0 73.0 89.0 100.0 98.0 98.0 98.0 95.0 61.0 48.0 19.0 5.0 4.0 2.0 0.0 
0.0 0.0 0.0 0.0 0.0 0.0 0.0 0.0 0.0 2.0 4.0 12.0 26.0 55.0 73.0 89.0 100.0 98.0 98.0 98.0 95.0 61.0 48.0 19.0 5.0 4.0 2.0 0.0 0.0 
0.0 0.0 0.0 0.0 0.0 0.0 0.0 0.0 0.0 2.0 4.0 12.0 26.0 55.0 73.0 89.0 100.0 98.0 98.0 98.0 95.0 61.0 48.0 19.0 5.0 4.0 2.0 0.0 0.0 0.0 
0.0 0.0 0.0 0.0 0.0 0.0 0.0 0.0 0.0 2.0 4.0 12.0 26.0 55.0 73.0 89.0 100.0 98.0 98.0 98.0 95.0 61.0 48.0 19.0 5.0 4.0 2.0 0.0 0.0 0.0 0.0 
0.0 0.0 0.0 0.0 0.0 0.0 0.0 0.0 0.0 2.0 4.0 12.0 26.0 55.0 73.0 89.0 100.0 98.0 98.0 98.0 95.0 61.0 48.0 19.0 5.0 4.0 2.0 0.0 0.0 0.0 0.0 0.0 
0.0 0.0 0.0 0.0 0.0 0.0 0.0 0.0 0.0 2.0 4.0 12.0 26.0 55.0 73.0 89.0 100.0 98.0 98.0 98.0 95.0 61.0 48.0 19.0 5.0 4.0 2.0 0.0 0.0 0.0 0.0 0.0 0.0 
0.0 
0.0 0.0 
0.0 0.0 0.0 
0.0 0.0 0.0 0.0 
0.0 0.0 0.0 0.0 0.0 
0.0 0.0 0.0 0.0 0.0 0.0 
0.0 0.0 0.0 0.0 0.0 0.0 0.0 
0.0 0.0 0.0 0.0 0.0 0.0 0.0 0.0 
0.0 0.0 0.0 0.0 0.0 0.0 0.0 0.0 0.0 
0.0 0.0 0.0 0.0 0.0 0.0 0.0 0.0 0.0 2.0 
0.0 0.0 0.0 0.0 0.0 0.0 0.0 0.0 0.0 2.0 4.0 
0.0 0.0 0.0 0.0 0.0 0.0 0.0 0.0 0.0 2.0 4.0 6.0 
0.0 0.0 0.0 0.0 0.0 0.0 0.0 0.0 0.0 2.0 4.0 6.0 19.0 
0.0 0.0 0.0 0.0 0.0 0.0 0.0 0.0 0.0 2.0 4.0 6.0 19.0 32.0 
0.0 0.0 0.0 0.0 0.0 0.0 0.0 0.0 0.0 2.0 4.0 6.0 19.0 32.0 61.0 
0.0 0.0 0.0 0.0 0.0 0.0 0.0 0.0 0.0 2.0 4.0 6.0 19.0 32.0 61.0 93.0 
0.0 0.0 0.0 0.0 0.0 0.0 0.0 0.0 0.0 2.0 4.0 6.0 19.0 32.0 61.0 93.0 97.0 
0.0 0.0 0.0 0.0 0.0 0.0 0.0 0.0 0.0 2.0 4.0 6.0 19.0 32.0 61.0 93.0 97.0 114.0 
0.0 0.0 0.0 0.0 0.0 0.0 0.0 0.0 0.0 2.0 4.0 6.0 19.0 32.0 61.0 93.0 97.0 114.0 97.0 
0.0 0.0 0.0 0.0 0.0 0.0 0.0 0.0 0.0 2.0 4.0 6.0 19.0 32.0 61.0 93.0 97.0 114.0 97.0 78.0 
0.0 0.0 0.0 0.0 0.0 0.0 0.0 0.0 0.0 2.0 4.0 6.0 19.0 32.0 61.0 93.0 97.0 114.0 97.0 78.0 54.0 
0.0 0.0 0.0 0.0 0.0 0.0 0.0 0.0 0.0 2.0 4.0 6.0 19.0 32.0 61.0 93.0 97.0 114.0 97.0 78.0 54.0 18.0 
0.0 0.0 0.0 0.0 0.0 0.0 0.0 0.0 0.0 2.0 4.0 6.0 19.0 32.0 61.0 93.0 97.0 114.0 97.0 78.0 54.0 18.0 10.0 
0.0 0.0 0.0 0.0 0.0 0.0 0.0 0.0 0.0 2.0 4.0 6.0 19.0 32.0 61.0 93.0 97.0 114.0 97.0 78.0 54.0 18.0 10.0 7.0 
0.0 0.0 0.0 0.0 0.0 0.0 0.0 0.0 0.0 2.0 4.0 6.0 19.0 32.0 61.0 93.0 97.0 114.0 97.0 78.0 54.0 18.0 10.0 7.0 1.0 
0.0 0.0 0.0 0.0 0.0 0.0 0.0 0.0 0.0 2.0 4.0 6.0 19.0 32.0 61.0 93.0 97.0 114.0 97.0 78.0 54.0 18.0 10.0 7.0 1.0 1.0 
0.0 0.0 0.0 0.0 0.0 0.0 0.0 0.0 0.0 2.0 4.0 6.0 19.0 32.0 61.0 93.0 97.0 114.0 97.0 78.0 54.0 18.0 10.0 7.0 1.0 1.0 2.0 
0.0 0.0 0.0 0.0 0.0 0.0 0.0 0.0 0.0 2.0 4.0 6.0 19.0 32.0 61.0 93.0 97.0 114.0 97.0 78.0 54.0 18.0 10.0 7.0 1.0 1.0 2.0 1.0 
0.0 0.0 0.0 0.0 0.0 0.0 0.0 0.0 0.0 2.0 4.0 6.0 19.0 32.0 61.0 93.0 97.0 114.0 97.0 78.0 54.0 18.0 10.0 7.0 1.0 1.0 2.0 1.0 0.0 
0.0 0.0 0.0 0.0 0.0 0.0 0.0 0.0 0.0 2.0 4.0 6.0 19.0 32.0 61.0 93.0 97.0 114.0 97.0 78.0 54.0 18.0 10.0 7.0 1.0 1.0 2.0 1.0 0.0 0.0 
0.0 0.0 0.0 0.0 0.0 0.0 0.0 0.0 0.0 2.0 4.0 6.0 19.0 32.0 61.0 93.0 97.0 114.0 97.0 78.0 54.0 18.0 10.0 7.0 1.0 1.0 2.0 1.0 0.0 0.0 0.0 
0.0 0.0 0.0 0.0 0.0 0.0 0.0 0.0 0.0 2.0 4.0 6.0 19.0 32.0 61.0 93.0 97.0 114.0 97.0 78.0 54.0 18.0 10.0 7.0 1.0 1.0 2.0 1.0 0.0 0.0 0.0 0.0 
0.0 0.0 0.0 0.0 0.0 0.0 0.0 0.0 0.0 2.0 4.0 6.0 19.0 32.0 61.0 93.0 97.0 114.0 97.0 78.0 54.0 18.0 10.0 7.0 1.0 1.0 2.0 1.0 0.0 0.0 0.0 0.0 0.0 
