0.0 
0.0 0.0 
0.0 0.0 0.0 
0.0 0.0 0.0 0.0 
0.0 0.0 0.0 0.0 0.0 
0.0 0.0 0.0 0.0 0.0 1.0 
0.0 0.0 0.0 0.0 0.0 1.0 2.0 
0.0 0.0 0.0 0.0 0.0 1.0 2.0 3.0 
0.0 0.0 0.0 0.0 0.0 1.0 2.0 3.0 5.0 
0.0 0.0 0.0 0.0 0.0 1.0 2.0 3.0 5.0 8.0 
0.0 0.0 0.0 0.0 0.0 1.0 2.0 3.0 5.0 8.0 21.0 
0.0 0.0 0.0 0.0 0.0 1.0 2.0 3.0 5.0 8.0 21.0 30.0 
0.0 0.0 0.0 0.0 0.0 1.0 2.0 3.0 5.0 8.0 21.0 30.0 41.0 
0.0 0.0 0.0 0.0 0.0 1.0 2.0 3.0 5.0 8.0 21.0 30.0 41.0 66.0 
0.0 0.0 0.0 0.0 0.0 1.0 2.0 3.0 5.0 8.0 21.0 30.0 41.0 66.0 89.0 
0.0 0.0 0.0 0.0 0.0 1.0 2.0 3.0 5.0 8.0 21.0 30.0 41.0 66.0 89.0 108.0 
0.0 0.0 0.0 0.0 0.0 1.0 2.0 3.0 5.0 8.0 21.0 30.0 41.0 66.0 89.0 108.0 104.0 
0.0 0.0 0.0 0.0 0.0 1.0 2.0 3.0 5.0 8.0 21.0 30.0 41.0 66.0 89.0 108.0 104.0 97.0 
0.0 0.0 0.0 0.0 0.0 1.0 2.0 3.0 5.0 8.0 21.0 30.0 41.0 66.0 89.0 108.0 104.0 97.0 88.0 
0.0 0.0 0.0 0.0 0.0 1.0 2.0 3.0 5.0 8.0 21.0 30.0 41.0 66.0 89.0 108.0 104.0 97.0 88.0 97.0 
0.0 0.0 0.0 0.0 0.0 1.0 2.0 3.0 5.0 8.0 21.0 30.0 41.0 66.0 89.0 108.0 104.0 97.0 88.0 97.0 96.0 
0.0 0.0 0.0 0.0 0.0 1.0 2.0 3.0 5.0 8.0 21.0 30.0 41.0 66.0 89.0 108.0 104.0 97.0 88.0 97.0 96.0 72.0 
0.0 0.0 0.0 0.0 0.0 1.0 2.0 3.0 5.0 8.0 21.0 30.0 41.0 66.0 89.0 108.0 104.0 97.0 88.0 97.0 96.0 72.0 55.0 
0.0 0.0 0.0 0.0 0.0 1.0 2.0 3.0 5.0 8.0 21.0 30.0 41.0 66.0 89.0 108.0 104.0 97.0 88.0 97.0 96.0 72.0 55.0 32.0 
0.0 0.0 0.0 0.0 0.0 1.0 2.0 3.0 5.0 8.0 21.0 30.0 41.0 66.0 89.0 108.0 104.0 97.0 88.0 97.0 96.0 72.0 55.0 32.0 20.0 
0.0 0.0 0.0 0.0 0.0 1.0 2.0 3.0 5.0 8.0 21.0 30.0 41.0 66.0 89.0 108.0 104.0 97.0 88.0 97.0 96.0 72.0 55.0 32.0 20.0 12.0 
0.0 0.0 0.0 0.0 0.0 1.0 2.0 3.0 5.0 8.0 21.0 30.0 41.0 66.0 89.0 108.0 104.0 97.0 88.0 97.0 96.0 72.0 55.0 32.0 20.0 12.0 3.0 
0.0 0.0 0.0 0.0 0.0 1.0 2.0 3.0 5.0 8.0 21.0 30.0 41.0 66.0 89.0 108.0 104.0 97.0 88.0 97.0 96.0 72.0 55.0 32.0 20.0 12.0 3.0 4.0 
0.0 0.0 0.0 0.0 0.0 1.0 2.0 3.0 5.0 8.0 21.0 30.0 41.0 66.0 89.0 108.0 104.0 97.0 88.0 97.0 96.0 72.0 55.0 32.0 20.0 12.0 3.0 4.0 1.0 
0.0 0.0 0.0 0.0 0.0 1.0 2.0 3.0 5.0 8.0 21.0 30.0 41.0 66.0 89.0 108.0 104.0 97.0 88.0 97.0 96.0 72.0 55.0 32.0 20.0 12.0 3.0 4.0 1.0 0.0 
0.0 0.0 0.0 0.0 0.0 1.0 2.0 3.0 5.0 8.0 21.0 30.0 41.0 66.0 89.0 108.0 104.0 97.0 88.0 97.0 96.0 72.0 55.0 32.0 20.0 12.0 3.0 4.0 1.0 0.0 0.0 
0.0 0.0 0.0 0.0 0.0 1.0 2.0 3.0 5.0 8.0 21.0 30.0 41.0 66.0 89.0 108.0 104.0 97.0 88.0 97.0 96.0 72.0 55.0 32.0 20.0 12.0 3.0 4.0 1.0 0.0 0.0 0.0 
0.0 0.0 0.0 0.0 0.0 1.0 2.0 3.0 5.0 8.0 21.0 30.0 41.0 66.0 89.0 108.0 104.0 97.0 88.0 97.0 96.0 72.0 55.0 32.0 20.0 12.0 3.0 4.0 1.0 0.0 0.0 0.0 0.0 
0.0 
0.0 0.0 
0.0 0.0 0.0 
0.0 0.0 0.0 0.0 
0.0 0.0 0.0 0.0 0.0 
0.0 0.0 0.0 0.0 0.0 0.0 
0.0 0.0 0.0 0.0 0.0 0.0 1.0 
0.0 0.0 0.0 0.0 0.0 0.0 1.0 2.0 
0.0 0.0 0.0 0.0 0.0 0.0 1.0 2.0 1.0 
0.0 0.0 0.0 0.0 0.0 0.0 1.0 2.0 1.0 4.0 
0.0 0.0 0.0 0.0 0.0 0.0 1.0 2.0 1.0 4.0 9.0 
0.0 0.0 0.0 0.0 0.0 0.0 1.0 2.0 1.0 4.0 9.0 13.0 
0.0 0.0 0.0 0.0 0.0 0.0 1.0 2.0 1.0 4.0 9.0 13.0 42.0 
0.0 0.0 0.0 0.0 0.0 0.0 1.0 2.0 1.0 4.0 9.0 13.0 42.0 69.0 
0.0 0.0 0.0 0.0 0.0 0.0 1.0 2.0 1.0 4.0 9.0 13.0 42.0 69.0 73.0 
0.0 0.0 0.0 0.0 0.0 0.0 1.0 2.0 1.0 4.0 9.0 13.0 42.0 69.0 73.0 100.0 
0.0 0.0 0.0 0.0 0.0 0.0 1.0 2.0 1.0 4.0 9.0 13.0 42.0 69.0 73.0 100.0 108.0 
0.0 0.0 0.0 0.0 0.0 0.0 1.0 2.0 1.0 4.0 9.0 13.0 42.0 69.0 73.0 100.0 108.0 111.0 
0.0 0.0 0.0 0.0 0.0 0.0 1.0 2.0 1.0 4.0 9.0 13.0 42.0 69.0 73.0 100.0 108.0 111.0 90.0 
0.0 0.0 0.0 0.0 0.0 0.0 1.0 2.0 1.0 4.0 9.0 13.0 42.0 69.0 73.0 100.0 108.0 111.0 90.0 84.0 
0.0 0.0 0.0 0.0 0.0 0.0 1.0 2.0 1.0 4.0 9.0 13.0 42.0 69.0 73.0 100.0 108.0 111.0 90.0 84.0 74.0 
0.0 0.0 0.0 0.0 0.0 0.0 1.0 2.0 1.0 4.0 9.0 13.0 42.0 69.0 73.0 100.0 108.0 111.0 90.0 84.0 74.0 49.0 
0.0 0.0 0.0 0.0 0.0 0.0 1.0 2.0 1.0 4.0 9.0 13.0 42.0 69.0 73.0 100.0 108.0 111.0 90.0 84.0 74.0 49.0 35.0 
0.0 0.0 0.0 0.0 0.0 0.0 1.0 2.0 1.0 4.0 9.0 13.0 42.0 69.0 73.0 100.0 108.0 111.0 90.0 84.0 74.0 49.0 35.0 16.0 
0.0 0.0 0.0 0.0 0.0 0.0 1.0 2.0 1.0 4.0 9.0 13.0 42.0 69.0 73.0 100.0 108.0 111.0 90.0 84.0 74.0 49.0 35.0 16.0 6.0 
0.0 0.0 0.0 0.0 0.0 0.0 1.0 2.0 1.0 4.0 9.0 13.0 42.0 69.0 73.0 100.0 108.0 111.0 90.0 84.0 74.0 49.0 35.0 16.0 6.0 4.0 
0.0 0.0 0.0 0.0 0.0 0.0 1.0 2.0 1.0 4.0 9.0 13.0 42.0 69.0 73.0 100.0 108.0 111.0 90.0 84.0 74.0 49.0 35.0 16.0 6.0 4.0 0.0 
0.0 0.0 0.0 0.0 0.0 0.0 1.0 2.0 1.0 4.0 9.0 13.0 42.0 69.0 73.0 100.0 108.0 111.0 90.0 84.0 74.0 49.0 35.0 16.0 6.0 4.0 0.0 1.0 
0.0 0.0 0.0 0.0 0.0 0.0 1.0 2.0 1.0 4.0 9.0 13.0 42.0 69.0 73.0 100.0 108.0 111.0 90.0 84.0 74.0 49.0 35.0 16.0 6.0 4.0 0.0 1.0 1.0 
0.0 0.0 0.0 0.0 0.0 0.0 1.0 2.0 1.0 4.0 9.0 13.0 42.0 69.0 73.0 100.0 108.0 111.0 90.0 84.0 74.0 49.0 35.0 16.0 6.0 4.0 0.0 1.0 1.0 0.0 
0.0 0.0 0.0 0.0 0.0 0.0 1.0 2.0 1.0 4.0 9.0 13.0 42.0 69.0 73.0 100.0 108.0 111.0 90.0 84.0 74.0 49.0 35.0 16.0 6.0 4.0 0.0 1.0 1.0 0.0 0.0 
0.0 0.0 0.0 0.0 0.0 0.0 1.0 2.0 1.0 4.0 9.0 13.0 42.0 69.0 73.0 100.0 108.0 111.0 90.0 84.0 74.0 49.0 35.0 16.0 6.0 4.0 0.0 1.0 1.0 0.0 0.0 0.0 
0.0 0.0 0.0 0.0 0.0 0.0 1.0 2.0 1.0 4.0 9.0 13.0 42.0 69.0 73.0 100.0 108.0 111.0 90.0 84.0 74.0 49.0 35.0 16.0 6.0 4.0 0.0 1.0 1.0 0.0 0.0 0.0 0.0 
