0.0 
0.0 0.0 
0.0 0.0 0.0 
0.0 0.0 0.0 0.0 
0.0 0.0 0.0 0.0 0.0 
0.0 0.0 0.0 0.0 0.0 0.0 
0.0 0.0 0.0 0.0 0.0 0.0 0.0 
0.0 0.0 0.0 0.0 0.0 0.0 0.0 0.0 
0.0 0.0 0.0 0.0 0.0 0.0 0.0 0.0 0.0 
0.0 0.0 0.0 0.0 0.0 0.0 0.0 0.0 0.0 6.0 
0.0 0.0 0.0 0.0 0.0 0.0 0.0 0.0 0.0 6.0 8.0 
0.0 0.0 0.0 0.0 0.0 0.0 0.0 0.0 0.0 6.0 8.0 16.0 
0.0 0.0 0.0 0.0 0.0 0.0 0.0 0.0 0.0 6.0 8.0 16.0 48.0 
0.0 0.0 0.0 0.0 0.0 0.0 0.0 0.0 0.0 6.0 8.0 16.0 48.0 67.0 
0.0 0.0 0.0 0.0 0.0 0.0 0.0 0.0 0.0 6.0 8.0 16.0 48.0 67.0 82.0 
0.0 0.0 0.0 0.0 0.0 0.0 0.0 0.0 0.0 6.0 8.0 16.0 48.0 67.0 82.0 106.0 
0.0 0.0 0.0 0.0 0.0 0.0 0.0 0.0 0.0 6.0 8.0 16.0 48.0 67.0 82.0 106.0 109.0 
0.0 0.0 0.0 0.0 0.0 0.0 0.0 0.0 0.0 6.0 8.0 16.0 48.0 67.0 82.0 106.0 109.0 93.0 
0.0 0.0 0.0 0.0 0.0 0.0 0.0 0.0 0.0 6.0 8.0 16.0 48.0 67.0 82.0 106.0 109.0 93.0 102.0 
0.0 0.0 0.0 0.0 0.0 0.0 0.0 0.0 0.0 6.0 8.0 16.0 48.0 67.0 82.0 106.0 109.0 93.0 102.0 94.0 
0.0 0.0 0.0 0.0 0.0 0.0 0.0 0.0 0.0 6.0 8.0 16.0 48.0 67.0 82.0 106.0 109.0 93.0 102.0 94.0 98.0 
0.0 0.0 0.0 0.0 0.0 0.0 0.0 0.0 0.0 6.0 8.0 16.0 48.0 67.0 82.0 106.0 109.0 93.0 102.0 94.0 98.0 70.0 
0.0 0.0 0.0 0.0 0.0 0.0 0.0 0.0 0.0 6.0 8.0 16.0 48.0 67.0 82.0 106.0 109.0 93.0 102.0 94.0 98.0 70.0 39.0 
0.0 0.0 0.0 0.0 0.0 0.0 0.0 0.0 0.0 6.0 8.0 16.0 48.0 67.0 82.0 106.0 109.0 93.0 102.0 94.0 98.0 70.0 39.0 26.0 
0.0 0.0 0.0 0.0 0.0 0.0 0.0 0.0 0.0 6.0 8.0 16.0 48.0 67.0 82.0 106.0 109.0 93.0 102.0 94.0 98.0 70.0 39.0 26.0 12.0 
0.0 0.0 0.0 0.0 0.0 0.0 0.0 0.0 0.0 6.0 8.0 16.0 48.0 67.0 82.0 106.0 109.0 93.0 102.0 94.0 98.0 70.0 39.0 26.0 12.0 5.0 
0.0 0.0 0.0 0.0 0.0 0.0 0.0 0.0 0.0 6.0 8.0 16.0 48.0 67.0 82.0 106.0 109.0 93.0 102.0 94.0 98.0 70.0 39.0 26.0 12.0 5.0 1.0 
0.0 0.0 0.0 0.0 0.0 0.0 0.0 0.0 0.0 6.0 8.0 16.0 48.0 67.0 82.0 106.0 109.0 93.0 102.0 94.0 98.0 70.0 39.0 26.0 12.0 5.0 1.0 1.0 
0.0 0.0 0.0 0.0 0.0 0.0 0.0 0.0 0.0 6.0 8.0 16.0 48.0 67.0 82.0 106.0 109.0 93.0 102.0 94.0 98.0 70.0 39.0 26.0 12.0 5.0 1.0 1.0 0.0 
0.0 0.0 0.0 0.0 0.0 0.0 0.0 0.0 0.0 6.0 8.0 16.0 48.0 67.0 82.0 106.0 109.0 93.0 102.0 94.0 98.0 70.0 39.0 26.0 12.0 5.0 1.0 1.0 0.0 0.0 
0.0 0.0 0.0 0.0 0.0 0.0 0.0 0.0 0.0 6.0 8.0 16.0 48.0 67.0 82.0 106.0 109.0 93.0 102.0 94.0 98.0 70.0 39.0 26.0 12.0 5.0 1.0 1.0 0.0 0.0 0.0 
0.0 0.0 0.0 0.0 0.0 0.0 0.0 0.0 0.0 6.0 8.0 16.0 48.0 67.0 82.0 106.0 109.0 93.0 102.0 94.0 98.0 70.0 39.0 26.0 12.0 5.0 1.0 1.0 0.0 0.0 0.0 0.0 
0.0 0.0 0.0 0.0 0.0 0.0 0.0 0.0 0.0 6.0 8.0 16.0 48.0 67.0 82.0 106.0 109.0 93.0 102.0 94.0 98.0 70.0 39.0 26.0 12.0 5.0 1.0 1.0 0.0 0.0 0.0 0.0 0.0 
0.0 
0.0 0.0 
0.0 0.0 0.0 
0.0 0.0 0.0 0.0 
0.0 0.0 0.0 0.0 0.0 
0.0 0.0 0.0 0.0 0.0 0.0 
0.0 0.0 0.0 0.0 0.0 0.0 0.0 
0.0 0.0 0.0 0.0 0.0 0.0 0.0 1.0 
0.0 0.0 0.0 0.0 0.0 0.0 0.0 1.0 1.0 
0.0 0.0 0.0 0.0 0.0 0.0 0.0 1.0 1.0 4.0 
0.0 0.0 0.0 0.0 0.0 0.0 0.0 1.0 1.0 4.0 7.0 
0.0 0.0 0.0 0.0 0.0 0.0 0.0 1.0 1.0 4.0 7.0 16.0 
0.0 0.0 0.0 0.0 0.0 0.0 0.0 1.0 1.0 4.0 7.0 16.0 28.0 
0.0 0.0 0.0 0.0 0.0 0.0 0.0 1.0 1.0 4.0 7.0 16.0 28.0 51.0 
0.0 0.0 0.0 0.0 0.0 0.0 0.0 1.0 1.0 4.0 7.0 16.0 28.0 51.0 77.0 
0.0 0.0 0.0 0.0 0.0 0.0 0.0 1.0 1.0 4.0 7.0 16.0 28.0 51.0 77.0 99.0 
0.0 0.0 0.0 0.0 0.0 0.0 0.0 1.0 1.0 4.0 7.0 16.0 28.0 51.0 77.0 99.0 118.0 
0.0 0.0 0.0 0.0 0.0 0.0 0.0 1.0 1.0 4.0 7.0 16.0 28.0 51.0 77.0 99.0 118.0 109.0 
0.0 0.0 0.0 0.0 0.0 0.0 0.0 1.0 1.0 4.0 7.0 16.0 28.0 51.0 77.0 99.0 118.0 109.0 83.0 
0.0 0.0 0.0 0.0 0.0 0.0 0.0 1.0 1.0 4.0 7.0 16.0 28.0 51.0 77.0 99.0 118.0 109.0 83.0 94.0 
0.0 0.0 0.0 0.0 0.0 0.0 0.0 1.0 1.0 4.0 7.0 16.0 28.0 51.0 77.0 99.0 118.0 109.0 83.0 94.0 70.0 
0.0 0.0 0.0 0.0 0.0 0.0 0.0 1.0 1.0 4.0 7.0 16.0 28.0 51.0 77.0 99.0 118.0 109.0 83.0 94.0 70.0 41.0 
0.0 0.0 0.0 0.0 0.0 0.0 0.0 1.0 1.0 4.0 7.0 16.0 28.0 51.0 77.0 99.0 118.0 109.0 83.0 94.0 70.0 41.0 23.0 
0.0 0.0 0.0 0.0 0.0 0.0 0.0 1.0 1.0 4.0 7.0 16.0 28.0 51.0 77.0 99.0 118.0 109.0 83.0 94.0 70.0 41.0 23.0 7.0 
0.0 0.0 0.0 0.0 0.0 0.0 0.0 1.0 1.0 4.0 7.0 16.0 28.0 51.0 77.0 99.0 118.0 109.0 83.0 94.0 70.0 41.0 23.0 7.0 2.0 
0.0 0.0 0.0 0.0 0.0 0.0 0.0 1.0 1.0 4.0 7.0 16.0 28.0 51.0 77.0 99.0 118.0 109.0 83.0 94.0 70.0 41.0 23.0 7.0 2.0 2.0 
0.0 0.0 0.0 0.0 0.0 0.0 0.0 1.0 1.0 4.0 7.0 16.0 28.0 51.0 77.0 99.0 118.0 109.0 83.0 94.0 70.0 41.0 23.0 7.0 2.0 2.0 1.0 
0.0 0.0 0.0 0.0 0.0 0.0 0.0 1.0 1.0 4.0 7.0 16.0 28.0 51.0 77.0 99.0 118.0 109.0 83.0 94.0 70.0 41.0 23.0 7.0 2.0 2.0 1.0 1.0 
0.0 0.0 0.0 0.0 0.0 0.0 0.0 1.0 1.0 4.0 7.0 16.0 28.0 51.0 77.0 99.0 118.0 109.0 83.0 94.0 70.0 41.0 23.0 7.0 2.0 2.0 1.0 1.0 0.0 
0.0 0.0 0.0 0.0 0.0 0.0 0.0 1.0 1.0 4.0 7.0 16.0 28.0 51.0 77.0 99.0 118.0 109.0 83.0 94.0 70.0 41.0 23.0 7.0 2.0 2.0 1.0 1.0 0.0 0.0 
0.0 0.0 0.0 0.0 0.0 0.0 0.0 1.0 1.0 4.0 7.0 16.0 28.0 51.0 77.0 99.0 118.0 109.0 83.0 94.0 70.0 41.0 23.0 7.0 2.0 2.0 1.0 1.0 0.0 0.0 0.0 
0.0 0.0 0.0 0.0 0.0 0.0 0.0 1.0 1.0 4.0 7.0 16.0 28.0 51.0 77.0 99.0 118.0 109.0 83.0 94.0 70.0 41.0 23.0 7.0 2.0 2.0 1.0 1.0 0.0 0.0 0.0 0.0 
0.0 0.0 0.0 0.0 0.0 0.0 0.0 1.0 1.0 4.0 7.0 16.0 28.0 51.0 77.0 99.0 118.0 109.0 83.0 94.0 70.0 41.0 23.0 7.0 2.0 2.0 1.0 1.0 0.0 0.0 0.0 0.0 0.0 
