0.0 
0.0 0.0 
0.0 0.0 0.0 
0.0 0.0 0.0 0.0 
0.0 0.0 0.0 0.0 0.0 
0.0 0.0 0.0 0.0 0.0 0.0 
0.0 0.0 0.0 0.0 0.0 0.0 0.0 
0.0 0.0 0.0 0.0 0.0 0.0 0.0 0.0 
0.0 0.0 0.0 0.0 0.0 0.0 0.0 0.0 3.0 
0.0 0.0 0.0 0.0 0.0 0.0 0.0 0.0 3.0 3.0 
0.0 0.0 0.0 0.0 0.0 0.0 0.0 0.0 3.0 3.0 1.0 
0.0 0.0 0.0 0.0 0.0 0.0 0.0 0.0 3.0 3.0 1.0 3.0 
0.0 0.0 0.0 0.0 0.0 0.0 0.0 0.0 3.0 3.0 1.0 3.0 7.0 
0.0 0.0 0.0 0.0 0.0 0.0 0.0 0.0 3.0 3.0 1.0 3.0 7.0 8.0 
0.0 0.0 0.0 0.0 0.0 0.0 0.0 0.0 3.0 3.0 1.0 3.0 7.0 8.0 7.0 
0.0 0.0 0.0 0.0 0.0 0.0 0.0 0.0 3.0 3.0 1.0 3.0 7.0 8.0 7.0 9.0 
0.0 0.0 0.0 0.0 0.0 0.0 0.0 0.0 3.0 3.0 1.0 3.0 7.0 8.0 7.0 9.0 15.0 
0.0 0.0 0.0 0.0 0.0 0.0 0.0 0.0 3.0 3.0 1.0 3.0 7.0 8.0 7.0 9.0 15.0 12.0 
0.0 0.0 0.0 0.0 0.0 0.0 0.0 0.0 3.0 3.0 1.0 3.0 7.0 8.0 7.0 9.0 15.0 12.0 14.0 
0.0 0.0 0.0 0.0 0.0 0.0 0.0 0.0 3.0 3.0 1.0 3.0 7.0 8.0 7.0 9.0 15.0 12.0 14.0 18.0 
0.0 0.0 0.0 0.0 0.0 0.0 0.0 0.0 3.0 3.0 1.0 3.0 7.0 8.0 7.0 9.0 15.0 12.0 14.0 18.0 20.0 
