0.0 
0.0 0.0 
0.0 0.0 0.0 
0.0 0.0 0.0 0.0 
0.0 0.0 0.0 0.0 0.0 
0.0 0.0 0.0 0.0 0.0 1.0 
0.0 0.0 0.0 0.0 0.0 1.0 11.0 
0.0 0.0 0.0 0.0 0.0 1.0 11.0 34.0 
0.0 0.0 0.0 0.0 0.0 1.0 11.0 34.0 69.0 
0.0 0.0 0.0 0.0 0.0 1.0 11.0 34.0 69.0 64.0 
0.0 0.0 0.0 0.0 0.0 1.0 11.0 34.0 69.0 64.0 67.0 
0.0 0.0 0.0 0.0 0.0 1.0 11.0 34.0 69.0 64.0 67.0 58.0 
0.0 0.0 0.0 0.0 0.0 1.0 11.0 34.0 69.0 64.0 67.0 58.0 57.0 
0.0 0.0 0.0 0.0 0.0 1.0 11.0 34.0 69.0 64.0 67.0 58.0 57.0 71.0 
0.0 0.0 0.0 0.0 0.0 1.0 11.0 34.0 69.0 64.0 67.0 58.0 57.0 71.0 80.0 
0.0 0.0 0.0 0.0 0.0 1.0 11.0 34.0 69.0 64.0 67.0 58.0 57.0 71.0 80.0 63.0 
0.0 0.0 0.0 0.0 0.0 1.0 11.0 34.0 69.0 64.0 67.0 58.0 57.0 71.0 80.0 63.0 43.0 
0.0 0.0 0.0 0.0 0.0 1.0 11.0 34.0 69.0 64.0 67.0 58.0 57.0 71.0 80.0 63.0 43.0 8.0 
0.0 0.0 0.0 0.0 0.0 1.0 11.0 34.0 69.0 64.0 67.0 58.0 57.0 71.0 80.0 63.0 43.0 8.0 1.0 
0.0 0.0 0.0 0.0 0.0 1.0 11.0 34.0 69.0 64.0 67.0 58.0 57.0 71.0 80.0 63.0 43.0 8.0 1.0 0.0 
0.0 0.0 0.0 0.0 0.0 1.0 11.0 34.0 69.0 64.0 67.0 58.0 57.0 71.0 80.0 63.0 43.0 8.0 1.0 0.0 0.0 
0.0 
0.0 0.0 
0.0 0.0 0.0 
0.0 0.0 0.0 0.0 
0.0 0.0 0.0 0.0 0.0 
0.0 0.0 0.0 0.0 0.0 0.0 
0.0 0.0 0.0 0.0 0.0 0.0 5.0 
0.0 0.0 0.0 0.0 0.0 0.0 5.0 21.0 
0.0 0.0 0.0 0.0 0.0 0.0 5.0 21.0 55.0 
0.0 0.0 0.0 0.0 0.0 0.0 5.0 21.0 55.0 84.0 
0.0 0.0 0.0 0.0 0.0 0.0 5.0 21.0 55.0 84.0 118.0 
0.0 0.0 0.0 0.0 0.0 0.0 5.0 21.0 55.0 84.0 118.0 91.0 
0.0 0.0 0.0 0.0 0.0 0.0 5.0 21.0 55.0 84.0 118.0 91.0 85.0 
0.0 0.0 0.0 0.0 0.0 0.0 5.0 21.0 55.0 84.0 118.0 91.0 85.0 84.0 
0.0 0.0 0.0 0.0 0.0 0.0 5.0 21.0 55.0 84.0 118.0 91.0 85.0 84.0 44.0 
0.0 0.0 0.0 0.0 0.0 0.0 5.0 21.0 55.0 84.0 118.0 91.0 85.0 84.0 44.0 11.0 
0.0 0.0 0.0 0.0 0.0 0.0 5.0 21.0 55.0 84.0 118.0 91.0 85.0 84.0 44.0 11.0 2.0 
0.0 0.0 0.0 0.0 0.0 0.0 5.0 21.0 55.0 84.0 118.0 91.0 85.0 84.0 44.0 11.0 2.0 1.0 
0.0 0.0 0.0 0.0 0.0 0.0 5.0 21.0 55.0 84.0 118.0 91.0 85.0 84.0 44.0 11.0 2.0 1.0 0.0 
0.0 0.0 0.0 0.0 0.0 0.0 5.0 21.0 55.0 84.0 118.0 91.0 85.0 84.0 44.0 11.0 2.0 1.0 0.0 0.0 
0.0 0.0 0.0 0.0 0.0 0.0 5.0 21.0 55.0 84.0 118.0 91.0 85.0 84.0 44.0 11.0 2.0 1.0 0.0 0.0 0.0 
0.0 
0.0 0.0 
0.0 0.0 0.0 
0.0 0.0 0.0 0.0 
0.0 0.0 0.0 0.0 2.0 
0.0 0.0 0.0 0.0 2.0 3.0 
0.0 0.0 0.0 0.0 2.0 3.0 14.0 
0.0 0.0 0.0 0.0 2.0 3.0 14.0 52.0 
0.0 0.0 0.0 0.0 2.0 3.0 14.0 52.0 80.0 
0.0 0.0 0.0 0.0 2.0 3.0 14.0 52.0 80.0 97.0 
0.0 0.0 0.0 0.0 2.0 3.0 14.0 52.0 80.0 97.0 69.0 
0.0 0.0 0.0 0.0 2.0 3.0 14.0 52.0 80.0 97.0 69.0 38.0 
0.0 0.0 0.0 0.0 2.0 3.0 14.0 52.0 80.0 97.0 69.0 38.0 42.0 
0.0 0.0 0.0 0.0 2.0 3.0 14.0 52.0 80.0 97.0 69.0 38.0 42.0 57.0 
0.0 0.0 0.0 0.0 2.0 3.0 14.0 52.0 80.0 97.0 69.0 38.0 42.0 57.0 40.0 
0.0 0.0 0.0 0.0 2.0 3.0 14.0 52.0 80.0 97.0 69.0 38.0 42.0 57.0 40.0 68.0 
0.0 0.0 0.0 0.0 2.0 3.0 14.0 52.0 80.0 97.0 69.0 38.0 42.0 57.0 40.0 68.0 47.0 
0.0 0.0 0.0 0.0 2.0 3.0 14.0 52.0 80.0 97.0 69.0 38.0 42.0 57.0 40.0 68.0 47.0 15.0 
0.0 0.0 0.0 0.0 2.0 3.0 14.0 52.0 80.0 97.0 69.0 38.0 42.0 57.0 40.0 68.0 47.0 15.0 3.0 
0.0 0.0 0.0 0.0 2.0 3.0 14.0 52.0 80.0 97.0 69.0 38.0 42.0 57.0 40.0 68.0 47.0 15.0 3.0 0.0 
0.0 0.0 0.0 0.0 2.0 3.0 14.0 52.0 80.0 97.0 69.0 38.0 42.0 57.0 40.0 68.0 47.0 15.0 3.0 0.0 0.0 
0.0 
0.0 0.0 
0.0 0.0 0.0 
0.0 0.0 0.0 0.0 
0.0 0.0 0.0 0.0 0.0 
0.0 0.0 0.0 0.0 0.0 1.0 
0.0 0.0 0.0 0.0 0.0 1.0 5.0 
0.0 0.0 0.0 0.0 0.0 1.0 5.0 15.0 
0.0 0.0 0.0 0.0 0.0 1.0 5.0 15.0 60.0 
0.0 0.0 0.0 0.0 0.0 1.0 5.0 15.0 60.0 101.0 
0.0 0.0 0.0 0.0 0.0 1.0 5.0 15.0 60.0 101.0 92.0 
0.0 0.0 0.0 0.0 0.0 1.0 5.0 15.0 60.0 101.0 92.0 33.0 
0.0 0.0 0.0 0.0 0.0 1.0 5.0 15.0 60.0 101.0 92.0 33.0 75.0 
0.0 0.0 0.0 0.0 0.0 1.0 5.0 15.0 60.0 101.0 92.0 33.0 75.0 76.0 
0.0 0.0 0.0 0.0 0.0 1.0 5.0 15.0 60.0 101.0 92.0 33.0 75.0 76.0 49.0 
0.0 0.0 0.0 0.0 0.0 1.0 5.0 15.0 60.0 101.0 92.0 33.0 75.0 76.0 49.0 16.0 
0.0 0.0 0.0 0.0 0.0 1.0 5.0 15.0 60.0 101.0 92.0 33.0 75.0 76.0 49.0 16.0 6.0 
0.0 0.0 0.0 0.0 0.0 1.0 5.0 15.0 60.0 101.0 92.0 33.0 75.0 76.0 49.0 16.0 6.0 2.0 
0.0 0.0 0.0 0.0 0.0 1.0 5.0 15.0 60.0 101.0 92.0 33.0 75.0 76.0 49.0 16.0 6.0 2.0 0.0 
0.0 0.0 0.0 0.0 0.0 1.0 5.0 15.0 60.0 101.0 92.0 33.0 75.0 76.0 49.0 16.0 6.0 2.0 0.0 0.0 
0.0 0.0 0.0 0.0 0.0 1.0 5.0 15.0 60.0 101.0 92.0 33.0 75.0 76.0 49.0 16.0 6.0 2.0 0.0 0.0 0.0 
