0.0 
0.0 1.0 
0.0 1.0 1.0 
0.0 1.0 1.0 2.0 
0.0 1.0 1.0 2.0 6.0 
0.0 1.0 1.0 2.0 6.0 19.0 
0.0 1.0 1.0 2.0 6.0 19.0 40.0 
0.0 1.0 1.0 2.0 6.0 19.0 40.0 70.0 
0.0 1.0 1.0 2.0 6.0 19.0 40.0 70.0 73.0 
0.0 1.0 1.0 2.0 6.0 19.0 40.0 70.0 73.0 99.0 
0.0 1.0 1.0 2.0 6.0 19.0 40.0 70.0 73.0 99.0 105.0 
0.0 1.0 1.0 2.0 6.0 19.0 40.0 70.0 73.0 99.0 105.0 100.0 
0.0 1.0 1.0 2.0 6.0 19.0 40.0 70.0 73.0 99.0 105.0 100.0 88.0 
0.0 1.0 1.0 2.0 6.0 19.0 40.0 70.0 73.0 99.0 105.0 100.0 88.0 87.0 
0.0 1.0 1.0 2.0 6.0 19.0 40.0 70.0 73.0 99.0 105.0 100.0 88.0 87.0 82.0 
0.0 1.0 1.0 2.0 6.0 19.0 40.0 70.0 73.0 99.0 105.0 100.0 88.0 87.0 82.0 79.0 
0.0 1.0 1.0 2.0 6.0 19.0 40.0 70.0 73.0 99.0 105.0 100.0 88.0 87.0 82.0 79.0 58.0 
0.0 1.0 1.0 2.0 6.0 19.0 40.0 70.0 73.0 99.0 105.0 100.0 88.0 87.0 82.0 79.0 58.0 30.0 
0.0 1.0 1.0 2.0 6.0 19.0 40.0 70.0 73.0 99.0 105.0 100.0 88.0 87.0 82.0 79.0 58.0 30.0 7.0 
0.0 1.0 1.0 2.0 6.0 19.0 40.0 70.0 73.0 99.0 105.0 100.0 88.0 87.0 82.0 79.0 58.0 30.0 7.0 3.0 
0.0 1.0 1.0 2.0 6.0 19.0 40.0 70.0 73.0 99.0 105.0 100.0 88.0 87.0 82.0 79.0 58.0 30.0 7.0 3.0 1.0 
0.0 
0.0 0.0 
0.0 0.0 0.0 
0.0 0.0 0.0 1.0 
0.0 0.0 0.0 1.0 4.0 
0.0 0.0 0.0 1.0 4.0 8.0 
0.0 0.0 0.0 1.0 4.0 8.0 19.0 
0.0 0.0 0.0 1.0 4.0 8.0 19.0 49.0 
0.0 0.0 0.0 1.0 4.0 8.0 19.0 49.0 80.0 
0.0 0.0 0.0 1.0 4.0 8.0 19.0 49.0 80.0 96.0 
0.0 0.0 0.0 1.0 4.0 8.0 19.0 49.0 80.0 96.0 105.0 
0.0 0.0 0.0 1.0 4.0 8.0 19.0 49.0 80.0 96.0 105.0 102.0 
0.0 0.0 0.0 1.0 4.0 8.0 19.0 49.0 80.0 96.0 105.0 102.0 92.0 
0.0 0.0 0.0 1.0 4.0 8.0 19.0 49.0 80.0 96.0 105.0 102.0 92.0 92.0 
0.0 0.0 0.0 1.0 4.0 8.0 19.0 49.0 80.0 96.0 105.0 102.0 92.0 92.0 65.0 
0.0 0.0 0.0 1.0 4.0 8.0 19.0 49.0 80.0 96.0 105.0 102.0 92.0 92.0 65.0 38.0 
0.0 0.0 0.0 1.0 4.0 8.0 19.0 49.0 80.0 96.0 105.0 102.0 92.0 92.0 65.0 38.0 19.0 
0.0 0.0 0.0 1.0 4.0 8.0 19.0 49.0 80.0 96.0 105.0 102.0 92.0 92.0 65.0 38.0 19.0 4.0 
0.0 0.0 0.0 1.0 4.0 8.0 19.0 49.0 80.0 96.0 105.0 102.0 92.0 92.0 65.0 38.0 19.0 4.0 2.0 
0.0 0.0 0.0 1.0 4.0 8.0 19.0 49.0 80.0 96.0 105.0 102.0 92.0 92.0 65.0 38.0 19.0 4.0 2.0 1.0 
0.0 0.0 0.0 1.0 4.0 8.0 19.0 49.0 80.0 96.0 105.0 102.0 92.0 92.0 65.0 38.0 19.0 4.0 2.0 1.0 0.0 
0.0 
0.0 0.0 
0.0 0.0 0.0 
0.0 0.0 0.0 3.0 
0.0 0.0 0.0 3.0 5.0 
0.0 0.0 0.0 3.0 5.0 19.0 
0.0 0.0 0.0 3.0 5.0 19.0 41.0 
0.0 0.0 0.0 3.0 5.0 19.0 41.0 70.0 
0.0 0.0 0.0 3.0 5.0 19.0 41.0 70.0 80.0 
0.0 0.0 0.0 3.0 5.0 19.0 41.0 70.0 80.0 98.0 
0.0 0.0 0.0 3.0 5.0 19.0 41.0 70.0 80.0 98.0 89.0 
0.0 0.0 0.0 3.0 5.0 19.0 41.0 70.0 80.0 98.0 89.0 83.0 
0.0 0.0 0.0 3.0 5.0 19.0 41.0 70.0 80.0 98.0 89.0 83.0 79.0 
0.0 0.0 0.0 3.0 5.0 19.0 41.0 70.0 80.0 98.0 89.0 83.0 79.0 96.0 
0.0 0.0 0.0 3.0 5.0 19.0 41.0 70.0 80.0 98.0 89.0 83.0 79.0 96.0 74.0 
0.0 0.0 0.0 3.0 5.0 19.0 41.0 70.0 80.0 98.0 89.0 83.0 79.0 96.0 74.0 72.0 
0.0 0.0 0.0 3.0 5.0 19.0 41.0 70.0 80.0 98.0 89.0 83.0 79.0 96.0 74.0 72.0 55.0 
0.0 0.0 0.0 3.0 5.0 19.0 41.0 70.0 80.0 98.0 89.0 83.0 79.0 96.0 74.0 72.0 55.0 31.0 
0.0 0.0 0.0 3.0 5.0 19.0 41.0 70.0 80.0 98.0 89.0 83.0 79.0 96.0 74.0 72.0 55.0 31.0 13.0 
0.0 0.0 0.0 3.0 5.0 19.0 41.0 70.0 80.0 98.0 89.0 83.0 79.0 96.0 74.0 72.0 55.0 31.0 13.0 2.0 
0.0 0.0 0.0 3.0 5.0 19.0 41.0 70.0 80.0 98.0 89.0 83.0 79.0 96.0 74.0 72.0 55.0 31.0 13.0 2.0 1.0 
0.0 
0.0 0.0 
0.0 0.0 1.0 
0.0 0.0 1.0 0.0 
0.0 0.0 1.0 0.0 2.0 
0.0 0.0 1.0 0.0 2.0 6.0 
0.0 0.0 1.0 0.0 2.0 6.0 17.0 
0.0 0.0 1.0 0.0 2.0 6.0 17.0 41.0 
0.0 0.0 1.0 0.0 2.0 6.0 17.0 41.0 62.0 
0.0 0.0 1.0 0.0 2.0 6.0 17.0 41.0 62.0 89.0 
0.0 0.0 1.0 0.0 2.0 6.0 17.0 41.0 62.0 89.0 107.0 
0.0 0.0 1.0 0.0 2.0 6.0 17.0 41.0 62.0 89.0 107.0 95.0 
0.0 0.0 1.0 0.0 2.0 6.0 17.0 41.0 62.0 89.0 107.0 95.0 97.0 
0.0 0.0 1.0 0.0 2.0 6.0 17.0 41.0 62.0 89.0 107.0 95.0 97.0 79.0 
0.0 0.0 1.0 0.0 2.0 6.0 17.0 41.0 62.0 89.0 107.0 95.0 97.0 79.0 73.0 
0.0 0.0 1.0 0.0 2.0 6.0 17.0 41.0 62.0 89.0 107.0 95.0 97.0 79.0 73.0 38.0 
0.0 0.0 1.0 0.0 2.0 6.0 17.0 41.0 62.0 89.0 107.0 95.0 97.0 79.0 73.0 38.0 15.0 
0.0 0.0 1.0 0.0 2.0 6.0 17.0 41.0 62.0 89.0 107.0 95.0 97.0 79.0 73.0 38.0 15.0 9.0 
0.0 0.0 1.0 0.0 2.0 6.0 17.0 41.0 62.0 89.0 107.0 95.0 97.0 79.0 73.0 38.0 15.0 9.0 5.0 
0.0 0.0 1.0 0.0 2.0 6.0 17.0 41.0 62.0 89.0 107.0 95.0 97.0 79.0 73.0 38.0 15.0 9.0 5.0 1.0 
0.0 0.0 1.0 0.0 2.0 6.0 17.0 41.0 62.0 89.0 107.0 95.0 97.0 79.0 73.0 38.0 15.0 9.0 5.0 1.0 0.0 
