5.0 
5.0 10.0 
5.0 10.0 12.0 
5.0 10.0 12.0 20.0 
5.0 10.0 12.0 20.0 27.0 
5.0 10.0 12.0 20.0 27.0 50.0 
5.0 10.0 12.0 20.0 27.0 50.0 63.0 
5.0 10.0 12.0 20.0 27.0 50.0 63.0 82.0 
5.0 10.0 12.0 20.0 27.0 50.0 63.0 82.0 82.0 
5.0 10.0 12.0 20.0 27.0 50.0 63.0 82.0 82.0 84.0 
5.0 10.0 12.0 20.0 27.0 50.0 63.0 82.0 82.0 84.0 102.0 
5.0 10.0 12.0 20.0 27.0 50.0 63.0 82.0 82.0 84.0 102.0 107.0 
5.0 10.0 12.0 20.0 27.0 50.0 63.0 82.0 82.0 84.0 102.0 107.0 119.0 
5.0 10.0 12.0 20.0 27.0 50.0 63.0 82.0 82.0 84.0 102.0 107.0 119.0 105.0 
5.0 10.0 12.0 20.0 27.0 50.0 63.0 82.0 82.0 84.0 102.0 107.0 119.0 105.0 89.0 
5.0 10.0 12.0 20.0 27.0 50.0 63.0 82.0 82.0 84.0 102.0 107.0 119.0 105.0 89.0 72.0 
5.0 10.0 12.0 20.0 27.0 50.0 63.0 82.0 82.0 84.0 102.0 107.0 119.0 105.0 89.0 72.0 80.0 
5.0 10.0 12.0 20.0 27.0 50.0 63.0 82.0 82.0 84.0 102.0 107.0 119.0 105.0 89.0 72.0 80.0 61.0 
5.0 10.0 12.0 20.0 27.0 50.0 63.0 82.0 82.0 84.0 102.0 107.0 119.0 105.0 89.0 72.0 80.0 61.0 40.0 
5.0 10.0 12.0 20.0 27.0 50.0 63.0 82.0 82.0 84.0 102.0 107.0 119.0 105.0 89.0 72.0 80.0 61.0 40.0 21.0 
5.0 10.0 12.0 20.0 27.0 50.0 63.0 82.0 82.0 84.0 102.0 107.0 119.0 105.0 89.0 72.0 80.0 61.0 40.0 21.0 9.0 
1.0 
1.0 7.0 
1.0 7.0 9.0 
1.0 7.0 9.0 13.0 
1.0 7.0 9.0 13.0 24.0 
1.0 7.0 9.0 13.0 24.0 35.0 
1.0 7.0 9.0 13.0 24.0 35.0 50.0 
1.0 7.0 9.0 13.0 24.0 35.0 50.0 75.0 
1.0 7.0 9.0 13.0 24.0 35.0 50.0 75.0 96.0 
1.0 7.0 9.0 13.0 24.0 35.0 50.0 75.0 96.0 97.0 
1.0 7.0 9.0 13.0 24.0 35.0 50.0 75.0 96.0 97.0 109.0 
1.0 7.0 9.0 13.0 24.0 35.0 50.0 75.0 96.0 97.0 109.0 109.0 
1.0 7.0 9.0 13.0 24.0 35.0 50.0 75.0 96.0 97.0 109.0 109.0 97.0 
2.0 
2.0 3.0 
2.0 3.0 13.0 
2.0 3.0 13.0 23.0 
2.0 3.0 13.0 23.0 34.0 
2.0 3.0 13.0 23.0 34.0 47.0 
2.0 3.0 13.0 23.0 34.0 47.0 79.0 
2.0 3.0 13.0 23.0 34.0 47.0 79.0 91.0 
2.0 3.0 13.0 23.0 34.0 47.0 79.0 91.0 96.0 
2.0 3.0 13.0 23.0 34.0 47.0 79.0 91.0 96.0 105.0 
2.0 3.0 13.0 23.0 34.0 47.0 79.0 91.0 96.0 105.0 119.0 
2.0 3.0 13.0 23.0 34.0 47.0 79.0 91.0 96.0 105.0 119.0 98.0 
2.0 3.0 13.0 23.0 34.0 47.0 79.0 91.0 96.0 105.0 119.0 98.0 110.0 
2.0 3.0 13.0 23.0 34.0 47.0 79.0 91.0 96.0 105.0 119.0 98.0 110.0 99.0 
2.0 3.0 13.0 23.0 34.0 47.0 79.0 91.0 96.0 105.0 119.0 98.0 110.0 99.0 101.0 
2.0 3.0 13.0 23.0 34.0 47.0 79.0 91.0 96.0 105.0 119.0 98.0 110.0 99.0 101.0 96.0 
2.0 3.0 13.0 23.0 34.0 47.0 79.0 91.0 96.0 105.0 119.0 98.0 110.0 99.0 101.0 96.0 64.0 
2.0 3.0 13.0 23.0 34.0 47.0 79.0 91.0 96.0 105.0 119.0 98.0 110.0 99.0 101.0 96.0 64.0 61.0 
2.0 3.0 13.0 23.0 34.0 47.0 79.0 91.0 96.0 105.0 119.0 98.0 110.0 99.0 101.0 96.0 64.0 61.0 52.0 
2.0 3.0 13.0 23.0 34.0 47.0 79.0 91.0 96.0 105.0 119.0 98.0 110.0 99.0 101.0 96.0 64.0 61.0 52.0 30.0 
2.0 3.0 13.0 23.0 34.0 47.0 79.0 91.0 96.0 105.0 119.0 98.0 110.0 99.0 101.0 96.0 64.0 61.0 52.0 30.0 13.0 
2.0 
2.0 4.0 
2.0 4.0 5.0 
2.0 4.0 5.0 10.0 
2.0 4.0 5.0 10.0 18.0 
2.0 4.0 5.0 10.0 18.0 33.0 
2.0 4.0 5.0 10.0 18.0 33.0 53.0 
2.0 4.0 5.0 10.0 18.0 33.0 53.0 70.0 
2.0 4.0 5.0 10.0 18.0 33.0 53.0 70.0 85.0 
2.0 4.0 5.0 10.0 18.0 33.0 53.0 70.0 85.0 96.0 
2.0 4.0 5.0 10.0 18.0 33.0 53.0 70.0 85.0 96.0 114.0 
2.0 4.0 5.0 10.0 18.0 33.0 53.0 70.0 85.0 96.0 114.0 106.0 
2.0 4.0 5.0 10.0 18.0 33.0 53.0 70.0 85.0 96.0 114.0 106.0 89.0 
2.0 4.0 5.0 10.0 18.0 33.0 53.0 70.0 85.0 96.0 114.0 106.0 89.0 95.0 
2.0 4.0 5.0 10.0 18.0 33.0 53.0 70.0 85.0 96.0 114.0 106.0 89.0 95.0 92.0 
2.0 4.0 5.0 10.0 18.0 33.0 53.0 70.0 85.0 96.0 114.0 106.0 89.0 95.0 92.0 69.0 
2.0 4.0 5.0 10.0 18.0 33.0 53.0 70.0 85.0 96.0 114.0 106.0 89.0 95.0 92.0 69.0 52.0 
2.0 4.0 5.0 10.0 18.0 33.0 53.0 70.0 85.0 96.0 114.0 106.0 89.0 95.0 92.0 69.0 52.0 36.0 
2.0 4.0 5.0 10.0 18.0 33.0 53.0 70.0 85.0 96.0 114.0 106.0 89.0 95.0 92.0 69.0 52.0 36.0 17.0 
2.0 4.0 5.0 10.0 18.0 33.0 53.0 70.0 85.0 96.0 114.0 106.0 89.0 95.0 92.0 69.0 52.0 36.0 17.0 18.0 
2.0 4.0 5.0 10.0 18.0 33.0 53.0 70.0 85.0 96.0 114.0 106.0 89.0 95.0 92.0 69.0 52.0 36.0 17.0 18.0 9.0 
