0.0 
0.0 2.0 
0.0 2.0 7.0 
0.0 2.0 7.0 8.0 
0.0 2.0 7.0 8.0 16.0 
0.0 2.0 7.0 8.0 16.0 34.0 
0.0 2.0 7.0 8.0 16.0 34.0 59.0 
0.0 2.0 7.0 8.0 16.0 34.0 59.0 71.0 
0.0 2.0 7.0 8.0 16.0 34.0 59.0 71.0 101.0 
0.0 2.0 7.0 8.0 16.0 34.0 59.0 71.0 101.0 97.0 
0.0 2.0 7.0 8.0 16.0 34.0 59.0 71.0 101.0 97.0 111.0 
0.0 2.0 7.0 8.0 16.0 34.0 59.0 71.0 101.0 97.0 111.0 104.0 
0.0 2.0 7.0 8.0 16.0 34.0 59.0 71.0 101.0 97.0 111.0 104.0 109.0 
0.0 2.0 7.0 8.0 16.0 34.0 59.0 71.0 101.0 97.0 111.0 104.0 109.0 100.0 
0.0 2.0 7.0 8.0 16.0 34.0 59.0 71.0 101.0 97.0 111.0 104.0 109.0 100.0 82.0 
0.0 2.0 7.0 8.0 16.0 34.0 59.0 71.0 101.0 97.0 111.0 104.0 109.0 100.0 82.0 78.0 
0.0 2.0 7.0 8.0 16.0 34.0 59.0 71.0 101.0 97.0 111.0 104.0 109.0 100.0 82.0 78.0 81.0 
0.0 2.0 7.0 8.0 16.0 34.0 59.0 71.0 101.0 97.0 111.0 104.0 109.0 100.0 82.0 78.0 81.0 55.0 
0.0 2.0 7.0 8.0 16.0 34.0 59.0 71.0 101.0 97.0 111.0 104.0 109.0 100.0 82.0 78.0 81.0 55.0 38.0 
0.0 2.0 7.0 8.0 16.0 34.0 59.0 71.0 101.0 97.0 111.0 104.0 109.0 100.0 82.0 78.0 81.0 55.0 38.0 28.0 
0.0 2.0 7.0 8.0 16.0 34.0 59.0 71.0 101.0 97.0 111.0 104.0 109.0 100.0 82.0 78.0 81.0 55.0 38.0 28.0 9.0 
0.0 
0.0 1.0 
0.0 1.0 4.0 
0.0 1.0 4.0 10.0 
0.0 1.0 4.0 10.0 16.0 
0.0 1.0 4.0 10.0 16.0 27.0 
0.0 1.0 4.0 10.0 16.0 27.0 41.0 
0.0 1.0 4.0 10.0 16.0 27.0 41.0 65.0 
0.0 1.0 4.0 10.0 16.0 27.0 41.0 65.0 87.0 
0.0 1.0 4.0 10.0 16.0 27.0 41.0 65.0 87.0 102.0 
0.0 1.0 4.0 10.0 16.0 27.0 41.0 65.0 87.0 102.0 100.0 
0.0 1.0 4.0 10.0 16.0 27.0 41.0 65.0 87.0 102.0 100.0 98.0 
0.0 1.0 4.0 10.0 16.0 27.0 41.0 65.0 87.0 102.0 100.0 98.0 106.0 
1.0 
1.0 3.0 
1.0 3.0 6.0 
1.0 3.0 6.0 13.0 
1.0 3.0 6.0 13.0 21.0 
1.0 3.0 6.0 13.0 21.0 33.0 
1.0 3.0 6.0 13.0 21.0 33.0 59.0 
1.0 3.0 6.0 13.0 21.0 33.0 59.0 80.0 
1.0 3.0 6.0 13.0 21.0 33.0 59.0 80.0 95.0 
1.0 3.0 6.0 13.0 21.0 33.0 59.0 80.0 95.0 92.0 
1.0 3.0 6.0 13.0 21.0 33.0 59.0 80.0 95.0 92.0 94.0 
1.0 3.0 6.0 13.0 21.0 33.0 59.0 80.0 95.0 92.0 94.0 115.0 
1.0 3.0 6.0 13.0 21.0 33.0 59.0 80.0 95.0 92.0 94.0 115.0 81.0 
1.0 3.0 6.0 13.0 21.0 33.0 59.0 80.0 95.0 92.0 94.0 115.0 81.0 106.0 
1.0 3.0 6.0 13.0 21.0 33.0 59.0 80.0 95.0 92.0 94.0 115.0 81.0 106.0 87.0 
1.0 3.0 6.0 13.0 21.0 33.0 59.0 80.0 95.0 92.0 94.0 115.0 81.0 106.0 87.0 81.0 
1.0 3.0 6.0 13.0 21.0 33.0 59.0 80.0 95.0 92.0 94.0 115.0 81.0 106.0 87.0 81.0 60.0 
1.0 3.0 6.0 13.0 21.0 33.0 59.0 80.0 95.0 92.0 94.0 115.0 81.0 106.0 87.0 81.0 60.0 59.0 
1.0 3.0 6.0 13.0 21.0 33.0 59.0 80.0 95.0 92.0 94.0 115.0 81.0 106.0 87.0 81.0 60.0 59.0 39.0 
1.0 3.0 6.0 13.0 21.0 33.0 59.0 80.0 95.0 92.0 94.0 115.0 81.0 106.0 87.0 81.0 60.0 59.0 39.0 21.0 
1.0 3.0 6.0 13.0 21.0 33.0 59.0 80.0 95.0 92.0 94.0 115.0 81.0 106.0 87.0 81.0 60.0 59.0 39.0 21.0 13.0 
0.0 
0.0 1.0 
0.0 1.0 4.0 
0.0 1.0 4.0 8.0 
0.0 1.0 4.0 8.0 11.0 
0.0 1.0 4.0 8.0 11.0 25.0 
0.0 1.0 4.0 8.0 11.0 25.0 47.0 
0.0 1.0 4.0 8.0 11.0 25.0 47.0 70.0 
0.0 1.0 4.0 8.0 11.0 25.0 47.0 70.0 80.0 
0.0 1.0 4.0 8.0 11.0 25.0 47.0 70.0 80.0 105.0 
0.0 1.0 4.0 8.0 11.0 25.0 47.0 70.0 80.0 105.0 114.0 
0.0 1.0 4.0 8.0 11.0 25.0 47.0 70.0 80.0 105.0 114.0 101.0 
0.0 1.0 4.0 8.0 11.0 25.0 47.0 70.0 80.0 105.0 114.0 101.0 88.0 
0.0 1.0 4.0 8.0 11.0 25.0 47.0 70.0 80.0 105.0 114.0 101.0 88.0 86.0 
0.0 1.0 4.0 8.0 11.0 25.0 47.0 70.0 80.0 105.0 114.0 101.0 88.0 86.0 78.0 
0.0 1.0 4.0 8.0 11.0 25.0 47.0 70.0 80.0 105.0 114.0 101.0 88.0 86.0 78.0 58.0 
0.0 1.0 4.0 8.0 11.0 25.0 47.0 70.0 80.0 105.0 114.0 101.0 88.0 86.0 78.0 58.0 46.0 
0.0 1.0 4.0 8.0 11.0 25.0 47.0 70.0 80.0 105.0 114.0 101.0 88.0 86.0 78.0 58.0 46.0 17.0 
0.0 1.0 4.0 8.0 11.0 25.0 47.0 70.0 80.0 105.0 114.0 101.0 88.0 86.0 78.0 58.0 46.0 17.0 12.0 
0.0 1.0 4.0 8.0 11.0 25.0 47.0 70.0 80.0 105.0 114.0 101.0 88.0 86.0 78.0 58.0 46.0 17.0 12.0 11.0 
0.0 1.0 4.0 8.0 11.0 25.0 47.0 70.0 80.0 105.0 114.0 101.0 88.0 86.0 78.0 58.0 46.0 17.0 12.0 11.0 6.0 
