0.0 
0.0 0.0 
0.0 0.0 0.0 
0.0 0.0 0.0 2.0 
0.0 0.0 0.0 2.0 7.0 
0.0 0.0 0.0 2.0 7.0 21.0 
0.0 0.0 0.0 2.0 7.0 21.0 45.0 
0.0 0.0 0.0 2.0 7.0 21.0 45.0 74.0 
0.0 0.0 0.0 2.0 7.0 21.0 45.0 74.0 86.0 
0.0 0.0 0.0 2.0 7.0 21.0 45.0 74.0 86.0 84.0 
0.0 0.0 0.0 2.0 7.0 21.0 45.0 74.0 86.0 84.0 91.0 
0.0 0.0 0.0 2.0 7.0 21.0 45.0 74.0 86.0 84.0 91.0 98.0 
0.0 0.0 0.0 2.0 7.0 21.0 45.0 74.0 86.0 84.0 91.0 98.0 100.0 
0.0 0.0 0.0 2.0 7.0 21.0 45.0 74.0 86.0 84.0 91.0 98.0 100.0 92.0 
0.0 0.0 0.0 2.0 7.0 21.0 45.0 74.0 86.0 84.0 91.0 98.0 100.0 92.0 91.0 
0.0 0.0 0.0 2.0 7.0 21.0 45.0 74.0 86.0 84.0 91.0 98.0 100.0 92.0 91.0 74.0 
0.0 0.0 0.0 2.0 7.0 21.0 45.0 74.0 86.0 84.0 91.0 98.0 100.0 92.0 91.0 74.0 58.0 
0.0 0.0 0.0 2.0 7.0 21.0 45.0 74.0 86.0 84.0 91.0 98.0 100.0 92.0 91.0 74.0 58.0 29.0 
0.0 0.0 0.0 2.0 7.0 21.0 45.0 74.0 86.0 84.0 91.0 98.0 100.0 92.0 91.0 74.0 58.0 29.0 11.0 
0.0 0.0 0.0 2.0 7.0 21.0 45.0 74.0 86.0 84.0 91.0 98.0 100.0 92.0 91.0 74.0 58.0 29.0 11.0 2.0 
0.0 0.0 0.0 2.0 7.0 21.0 45.0 74.0 86.0 84.0 91.0 98.0 100.0 92.0 91.0 74.0 58.0 29.0 11.0 2.0 0.0 
0.0 
0.0 0.0 
0.0 0.0 0.0 
0.0 0.0 0.0 1.0 
0.0 0.0 0.0 1.0 5.0 
0.0 0.0 0.0 1.0 5.0 9.0 
0.0 0.0 0.0 1.0 5.0 9.0 18.0 
0.0 0.0 0.0 1.0 5.0 9.0 18.0 42.0 
0.0 0.0 0.0 1.0 5.0 9.0 18.0 42.0 74.0 
0.0 0.0 0.0 1.0 5.0 9.0 18.0 42.0 74.0 104.0 
0.0 0.0 0.0 1.0 5.0 9.0 18.0 42.0 74.0 104.0 106.0 
0.0 0.0 0.0 1.0 5.0 9.0 18.0 42.0 74.0 104.0 106.0 103.0 
0.0 0.0 0.0 1.0 5.0 9.0 18.0 42.0 74.0 104.0 106.0 103.0 88.0 
0.0 0.0 0.0 1.0 5.0 9.0 18.0 42.0 74.0 104.0 106.0 103.0 88.0 101.0 
0.0 0.0 0.0 1.0 5.0 9.0 18.0 42.0 74.0 104.0 106.0 103.0 88.0 101.0 64.0 
0.0 0.0 0.0 1.0 5.0 9.0 18.0 42.0 74.0 104.0 106.0 103.0 88.0 101.0 64.0 42.0 
0.0 0.0 0.0 1.0 5.0 9.0 18.0 42.0 74.0 104.0 106.0 103.0 88.0 101.0 64.0 42.0 19.0 
0.0 0.0 0.0 1.0 5.0 9.0 18.0 42.0 74.0 104.0 106.0 103.0 88.0 101.0 64.0 42.0 19.0 7.0 
0.0 0.0 0.0 1.0 5.0 9.0 18.0 42.0 74.0 104.0 106.0 103.0 88.0 101.0 64.0 42.0 19.0 7.0 3.0 
0.0 0.0 0.0 1.0 5.0 9.0 18.0 42.0 74.0 104.0 106.0 103.0 88.0 101.0 64.0 42.0 19.0 7.0 3.0 1.0 
0.0 0.0 0.0 1.0 5.0 9.0 18.0 42.0 74.0 104.0 106.0 103.0 88.0 101.0 64.0 42.0 19.0 7.0 3.0 1.0 0.0 
0.0 
0.0 0.0 
0.0 0.0 3.0 
0.0 0.0 3.0 4.0 
0.0 0.0 3.0 4.0 8.0 
0.0 0.0 3.0 4.0 8.0 18.0 
0.0 0.0 3.0 4.0 8.0 18.0 44.0 
0.0 0.0 3.0 4.0 8.0 18.0 44.0 65.0 
0.0 0.0 3.0 4.0 8.0 18.0 44.0 65.0 89.0 
0.0 0.0 3.0 4.0 8.0 18.0 44.0 65.0 89.0 98.0 
0.0 0.0 3.0 4.0 8.0 18.0 44.0 65.0 89.0 98.0 89.0 
0.0 0.0 3.0 4.0 8.0 18.0 44.0 65.0 89.0 98.0 89.0 109.0 
0.0 0.0 3.0 4.0 8.0 18.0 44.0 65.0 89.0 98.0 89.0 109.0 108.0 
0.0 0.0 3.0 4.0 8.0 18.0 44.0 65.0 89.0 98.0 89.0 109.0 108.0 77.0 
0.0 0.0 3.0 4.0 8.0 18.0 44.0 65.0 89.0 98.0 89.0 109.0 108.0 77.0 89.0 
0.0 0.0 3.0 4.0 8.0 18.0 44.0 65.0 89.0 98.0 89.0 109.0 108.0 77.0 89.0 74.0 
0.0 0.0 3.0 4.0 8.0 18.0 44.0 65.0 89.0 98.0 89.0 109.0 108.0 77.0 89.0 74.0 49.0 
0.0 0.0 3.0 4.0 8.0 18.0 44.0 65.0 89.0 98.0 89.0 109.0 108.0 77.0 89.0 74.0 49.0 43.0 
0.0 0.0 3.0 4.0 8.0 18.0 44.0 65.0 89.0 98.0 89.0 109.0 108.0 77.0 89.0 74.0 49.0 43.0 15.0 
0.0 0.0 3.0 4.0 8.0 18.0 44.0 65.0 89.0 98.0 89.0 109.0 108.0 77.0 89.0 74.0 49.0 43.0 15.0 7.0 
0.0 0.0 3.0 4.0 8.0 18.0 44.0 65.0 89.0 98.0 89.0 109.0 108.0 77.0 89.0 74.0 49.0 43.0 15.0 7.0 4.0 
0.0 
0.0 0.0 
0.0 0.0 0.0 
0.0 0.0 0.0 0.0 
0.0 0.0 0.0 0.0 2.0 
0.0 0.0 0.0 0.0 2.0 11.0 
0.0 0.0 0.0 0.0 2.0 11.0 23.0 
0.0 0.0 0.0 0.0 2.0 11.0 23.0 38.0 
0.0 0.0 0.0 0.0 2.0 11.0 23.0 38.0 70.0 
0.0 0.0 0.0 0.0 2.0 11.0 23.0 38.0 70.0 90.0 
0.0 0.0 0.0 0.0 2.0 11.0 23.0 38.0 70.0 90.0 116.0 
0.0 0.0 0.0 0.0 2.0 11.0 23.0 38.0 70.0 90.0 116.0 80.0 
0.0 0.0 0.0 0.0 2.0 11.0 23.0 38.0 70.0 90.0 116.0 80.0 85.0 
0.0 0.0 0.0 0.0 2.0 11.0 23.0 38.0 70.0 90.0 116.0 80.0 85.0 79.0 
0.0 0.0 0.0 0.0 2.0 11.0 23.0 38.0 70.0 90.0 116.0 80.0 85.0 79.0 64.0 
0.0 0.0 0.0 0.0 2.0 11.0 23.0 38.0 70.0 90.0 116.0 80.0 85.0 79.0 64.0 39.0 
0.0 0.0 0.0 0.0 2.0 11.0 23.0 38.0 70.0 90.0 116.0 80.0 85.0 79.0 64.0 39.0 17.0 
0.0 0.0 0.0 0.0 2.0 11.0 23.0 38.0 70.0 90.0 116.0 80.0 85.0 79.0 64.0 39.0 17.0 6.0 
0.0 0.0 0.0 0.0 2.0 11.0 23.0 38.0 70.0 90.0 116.0 80.0 85.0 79.0 64.0 39.0 17.0 6.0 0.0 
0.0 0.0 0.0 0.0 2.0 11.0 23.0 38.0 70.0 90.0 116.0 80.0 85.0 79.0 64.0 39.0 17.0 6.0 0.0 1.0 
0.0 0.0 0.0 0.0 2.0 11.0 23.0 38.0 70.0 90.0 116.0 80.0 85.0 79.0 64.0 39.0 17.0 6.0 0.0 1.0 0.0 
