0.0 
0.0 2.0 
0.0 2.0 3.0 
0.0 2.0 3.0 9.0 
0.0 2.0 3.0 9.0 17.0 
0.0 2.0 3.0 9.0 17.0 23.0 
0.0 2.0 3.0 9.0 17.0 23.0 45.0 
0.0 2.0 3.0 9.0 17.0 23.0 45.0 67.0 
0.0 2.0 3.0 9.0 17.0 23.0 45.0 67.0 82.0 
0.0 2.0 3.0 9.0 17.0 23.0 45.0 67.0 82.0 104.0 
0.0 2.0 3.0 9.0 17.0 23.0 45.0 67.0 82.0 104.0 124.0 
0.0 2.0 3.0 9.0 17.0 23.0 45.0 67.0 82.0 104.0 124.0 113.0 
0.0 2.0 3.0 9.0 17.0 23.0 45.0 67.0 82.0 104.0 124.0 113.0 103.0 
0.0 2.0 3.0 9.0 17.0 23.0 45.0 67.0 82.0 104.0 124.0 113.0 103.0 95.0 
0.0 2.0 3.0 9.0 17.0 23.0 45.0 67.0 82.0 104.0 124.0 113.0 103.0 95.0 91.0 
0.0 2.0 3.0 9.0 17.0 23.0 45.0 67.0 82.0 104.0 124.0 113.0 103.0 95.0 91.0 90.0 
0.0 2.0 3.0 9.0 17.0 23.0 45.0 67.0 82.0 104.0 124.0 113.0 103.0 95.0 91.0 90.0 59.0 
0.0 2.0 3.0 9.0 17.0 23.0 45.0 67.0 82.0 104.0 124.0 113.0 103.0 95.0 91.0 90.0 59.0 38.0 
0.0 2.0 3.0 9.0 17.0 23.0 45.0 67.0 82.0 104.0 124.0 113.0 103.0 95.0 91.0 90.0 59.0 38.0 25.0 
0.0 2.0 3.0 9.0 17.0 23.0 45.0 67.0 82.0 104.0 124.0 113.0 103.0 95.0 91.0 90.0 59.0 38.0 25.0 16.0 
0.0 2.0 3.0 9.0 17.0 23.0 45.0 67.0 82.0 104.0 124.0 113.0 103.0 95.0 91.0 90.0 59.0 38.0 25.0 16.0 5.0 
0.0 
0.0 1.0 
0.0 1.0 2.0 
0.0 1.0 2.0 6.0 
0.0 1.0 2.0 6.0 16.0 
0.0 1.0 2.0 6.0 16.0 22.0 
0.0 1.0 2.0 6.0 16.0 22.0 38.0 
0.0 1.0 2.0 6.0 16.0 22.0 38.0 56.0 
0.0 1.0 2.0 6.0 16.0 22.0 38.0 56.0 80.0 
0.0 1.0 2.0 6.0 16.0 22.0 38.0 56.0 80.0 95.0 
0.0 1.0 2.0 6.0 16.0 22.0 38.0 56.0 80.0 95.0 109.0 
0.0 1.0 2.0 6.0 16.0 22.0 38.0 56.0 80.0 95.0 109.0 90.0 
0.0 1.0 2.0 6.0 16.0 22.0 38.0 56.0 80.0 95.0 109.0 90.0 100.0 
0.0 1.0 2.0 6.0 16.0 22.0 38.0 56.0 80.0 95.0 109.0 90.0 100.0 82.0 
0.0 1.0 2.0 6.0 16.0 22.0 38.0 56.0 80.0 95.0 109.0 90.0 100.0 82.0 83.0 
0.0 1.0 2.0 6.0 16.0 22.0 38.0 56.0 80.0 95.0 109.0 90.0 100.0 82.0 83.0 61.0 
0.0 1.0 2.0 6.0 16.0 22.0 38.0 56.0 80.0 95.0 109.0 90.0 100.0 82.0 83.0 61.0 37.0 
0.0 1.0 2.0 6.0 16.0 22.0 38.0 56.0 80.0 95.0 109.0 90.0 100.0 82.0 83.0 61.0 37.0 17.0 
2.0 
2.0 3.0 
2.0 3.0 5.0 
2.0 3.0 5.0 11.0 
2.0 3.0 5.0 11.0 17.0 
2.0 3.0 5.0 11.0 17.0 36.0 
2.0 3.0 5.0 11.0 17.0 36.0 57.0 
2.0 3.0 5.0 11.0 17.0 36.0 57.0 77.0 
2.0 3.0 5.0 11.0 17.0 36.0 57.0 77.0 91.0 
2.0 3.0 5.0 11.0 17.0 36.0 57.0 77.0 91.0 93.0 
2.0 3.0 5.0 11.0 17.0 36.0 57.0 77.0 91.0 93.0 120.0 
2.0 3.0 5.0 11.0 17.0 36.0 57.0 77.0 91.0 93.0 120.0 82.0 
2.0 3.0 5.0 11.0 17.0 36.0 57.0 77.0 91.0 93.0 120.0 82.0 99.0 
2.0 3.0 5.0 11.0 17.0 36.0 57.0 77.0 91.0 93.0 120.0 82.0 99.0 93.0 
2.0 3.0 5.0 11.0 17.0 36.0 57.0 77.0 91.0 93.0 120.0 82.0 99.0 93.0 102.0 
2.0 3.0 5.0 11.0 17.0 36.0 57.0 77.0 91.0 93.0 120.0 82.0 99.0 93.0 102.0 74.0 
2.0 3.0 5.0 11.0 17.0 36.0 57.0 77.0 91.0 93.0 120.0 82.0 99.0 93.0 102.0 74.0 68.0 
2.0 3.0 5.0 11.0 17.0 36.0 57.0 77.0 91.0 93.0 120.0 82.0 99.0 93.0 102.0 74.0 68.0 42.0 
2.0 3.0 5.0 11.0 17.0 36.0 57.0 77.0 91.0 93.0 120.0 82.0 99.0 93.0 102.0 74.0 68.0 42.0 31.0 
2.0 3.0 5.0 11.0 17.0 36.0 57.0 77.0 91.0 93.0 120.0 82.0 99.0 93.0 102.0 74.0 68.0 42.0 31.0 18.0 
2.0 3.0 5.0 11.0 17.0 36.0 57.0 77.0 91.0 93.0 120.0 82.0 99.0 93.0 102.0 74.0 68.0 42.0 31.0 18.0 8.0 
0.0 
0.0 3.0 
0.0 3.0 4.0 
0.0 3.0 4.0 6.0 
0.0 3.0 4.0 6.0 11.0 
0.0 3.0 4.0 6.0 11.0 19.0 
0.0 3.0 4.0 6.0 11.0 19.0 34.0 
0.0 3.0 4.0 6.0 11.0 19.0 34.0 54.0 
0.0 3.0 4.0 6.0 11.0 19.0 34.0 54.0 95.0 
0.0 3.0 4.0 6.0 11.0 19.0 34.0 54.0 95.0 102.0 
0.0 3.0 4.0 6.0 11.0 19.0 34.0 54.0 95.0 102.0 102.0 
0.0 3.0 4.0 6.0 11.0 19.0 34.0 54.0 95.0 102.0 102.0 111.0 
0.0 3.0 4.0 6.0 11.0 19.0 34.0 54.0 95.0 102.0 102.0 111.0 95.0 
0.0 3.0 4.0 6.0 11.0 19.0 34.0 54.0 95.0 102.0 102.0 111.0 95.0 100.0 
0.0 3.0 4.0 6.0 11.0 19.0 34.0 54.0 95.0 102.0 102.0 111.0 95.0 100.0 69.0 
0.0 3.0 4.0 6.0 11.0 19.0 34.0 54.0 95.0 102.0 102.0 111.0 95.0 100.0 69.0 58.0 
0.0 3.0 4.0 6.0 11.0 19.0 34.0 54.0 95.0 102.0 102.0 111.0 95.0 100.0 69.0 58.0 38.0 
0.0 3.0 4.0 6.0 11.0 19.0 34.0 54.0 95.0 102.0 102.0 111.0 95.0 100.0 69.0 58.0 38.0 21.0 
0.0 3.0 4.0 6.0 11.0 19.0 34.0 54.0 95.0 102.0 102.0 111.0 95.0 100.0 69.0 58.0 38.0 21.0 10.0 
0.0 3.0 4.0 6.0 11.0 19.0 34.0 54.0 95.0 102.0 102.0 111.0 95.0 100.0 69.0 58.0 38.0 21.0 10.0 4.0 
0.0 3.0 4.0 6.0 11.0 19.0 34.0 54.0 95.0 102.0 102.0 111.0 95.0 100.0 69.0 58.0 38.0 21.0 10.0 4.0 3.0 
