1.0 
1.0 3.0 
1.0 3.0 8.0 
1.0 3.0 8.0 18.0 
1.0 3.0 8.0 18.0 35.0 
1.0 3.0 8.0 18.0 35.0 57.0 
1.0 3.0 8.0 18.0 35.0 57.0 64.0 
1.0 3.0 8.0 18.0 35.0 57.0 64.0 89.0 
1.0 3.0 8.0 18.0 35.0 57.0 64.0 89.0 92.0 
1.0 3.0 8.0 18.0 35.0 57.0 64.0 89.0 92.0 103.0 
1.0 3.0 8.0 18.0 35.0 57.0 64.0 89.0 92.0 103.0 108.0 
1.0 3.0 8.0 18.0 35.0 57.0 64.0 89.0 92.0 103.0 108.0 110.0 
1.0 3.0 8.0 18.0 35.0 57.0 64.0 89.0 92.0 103.0 108.0 110.0 93.0 
1.0 3.0 8.0 18.0 35.0 57.0 64.0 89.0 92.0 103.0 108.0 110.0 93.0 109.0 
1.0 3.0 8.0 18.0 35.0 57.0 64.0 89.0 92.0 103.0 108.0 110.0 93.0 109.0 96.0 
1.0 3.0 8.0 18.0 35.0 57.0 64.0 89.0 92.0 103.0 108.0 110.0 93.0 109.0 96.0 85.0 
1.0 3.0 8.0 18.0 35.0 57.0 64.0 89.0 92.0 103.0 108.0 110.0 93.0 109.0 96.0 85.0 74.0 
1.0 3.0 8.0 18.0 35.0 57.0 64.0 89.0 92.0 103.0 108.0 110.0 93.0 109.0 96.0 85.0 74.0 57.0 
1.0 3.0 8.0 18.0 35.0 57.0 64.0 89.0 92.0 103.0 108.0 110.0 93.0 109.0 96.0 85.0 74.0 57.0 43.0 
1.0 3.0 8.0 18.0 35.0 57.0 64.0 89.0 92.0 103.0 108.0 110.0 93.0 109.0 96.0 85.0 74.0 57.0 43.0 37.0 
1.0 3.0 8.0 18.0 35.0 57.0 64.0 89.0 92.0 103.0 108.0 110.0 93.0 109.0 96.0 85.0 74.0 57.0 43.0 37.0 23.0 
2.0 
2.0 4.0 
2.0 4.0 4.0 
2.0 4.0 4.0 13.0 
2.0 4.0 4.0 13.0 26.0 
2.0 4.0 4.0 13.0 26.0 41.0 
2.0 4.0 4.0 13.0 26.0 41.0 51.0 
2.0 4.0 4.0 13.0 26.0 41.0 51.0 70.0 
2.0 4.0 4.0 13.0 26.0 41.0 51.0 70.0 96.0 
2.0 4.0 4.0 13.0 26.0 41.0 51.0 70.0 96.0 99.0 
2.0 4.0 4.0 13.0 26.0 41.0 51.0 70.0 96.0 99.0 116.0 
2.0 4.0 4.0 13.0 26.0 41.0 51.0 70.0 96.0 99.0 116.0 102.0 
7.0 
7.0 11.0 
7.0 11.0 13.0 
7.0 11.0 13.0 27.0 
7.0 11.0 13.0 27.0 29.0 
7.0 11.0 13.0 27.0 29.0 53.0 
7.0 11.0 13.0 27.0 29.0 53.0 63.0 
7.0 11.0 13.0 27.0 29.0 53.0 63.0 87.0 
7.0 11.0 13.0 27.0 29.0 53.0 63.0 87.0 95.0 
7.0 11.0 13.0 27.0 29.0 53.0 63.0 87.0 95.0 103.0 
7.0 11.0 13.0 27.0 29.0 53.0 63.0 87.0 95.0 103.0 105.0 
7.0 11.0 13.0 27.0 29.0 53.0 63.0 87.0 95.0 103.0 105.0 103.0 
7.0 11.0 13.0 27.0 29.0 53.0 63.0 87.0 95.0 103.0 105.0 103.0 96.0 
7.0 11.0 13.0 27.0 29.0 53.0 63.0 87.0 95.0 103.0 105.0 103.0 96.0 107.0 
7.0 11.0 13.0 27.0 29.0 53.0 63.0 87.0 95.0 103.0 105.0 103.0 96.0 107.0 111.0 
7.0 11.0 13.0 27.0 29.0 53.0 63.0 87.0 95.0 103.0 105.0 103.0 96.0 107.0 111.0 84.0 
7.0 11.0 13.0 27.0 29.0 53.0 63.0 87.0 95.0 103.0 105.0 103.0 96.0 107.0 111.0 84.0 80.0 
7.0 11.0 13.0 27.0 29.0 53.0 63.0 87.0 95.0 103.0 105.0 103.0 96.0 107.0 111.0 84.0 80.0 66.0 
7.0 11.0 13.0 27.0 29.0 53.0 63.0 87.0 95.0 103.0 105.0 103.0 96.0 107.0 111.0 84.0 80.0 66.0 45.0 
7.0 11.0 13.0 27.0 29.0 53.0 63.0 87.0 95.0 103.0 105.0 103.0 96.0 107.0 111.0 84.0 80.0 66.0 45.0 29.0 
7.0 11.0 13.0 27.0 29.0 53.0 63.0 87.0 95.0 103.0 105.0 103.0 96.0 107.0 111.0 84.0 80.0 66.0 45.0 29.0 17.0 
1.0 
1.0 3.0 
1.0 3.0 7.0 
1.0 3.0 7.0 15.0 
1.0 3.0 7.0 15.0 25.0 
1.0 3.0 7.0 15.0 25.0 43.0 
1.0 3.0 7.0 15.0 25.0 43.0 58.0 
1.0 3.0 7.0 15.0 25.0 43.0 58.0 66.0 
1.0 3.0 7.0 15.0 25.0 43.0 58.0 66.0 92.0 
1.0 3.0 7.0 15.0 25.0 43.0 58.0 66.0 92.0 107.0 
1.0 3.0 7.0 15.0 25.0 43.0 58.0 66.0 92.0 107.0 120.0 
1.0 3.0 7.0 15.0 25.0 43.0 58.0 66.0 92.0 107.0 120.0 89.0 
1.0 3.0 7.0 15.0 25.0 43.0 58.0 66.0 92.0 107.0 120.0 89.0 89.0 
1.0 3.0 7.0 15.0 25.0 43.0 58.0 66.0 92.0 107.0 120.0 89.0 89.0 100.0 
1.0 3.0 7.0 15.0 25.0 43.0 58.0 66.0 92.0 107.0 120.0 89.0 89.0 100.0 69.0 
1.0 3.0 7.0 15.0 25.0 43.0 58.0 66.0 92.0 107.0 120.0 89.0 89.0 100.0 69.0 58.0 
1.0 3.0 7.0 15.0 25.0 43.0 58.0 66.0 92.0 107.0 120.0 89.0 89.0 100.0 69.0 58.0 40.0 
1.0 3.0 7.0 15.0 25.0 43.0 58.0 66.0 92.0 107.0 120.0 89.0 89.0 100.0 69.0 58.0 40.0 29.0 
1.0 3.0 7.0 15.0 25.0 43.0 58.0 66.0 92.0 107.0 120.0 89.0 89.0 100.0 69.0 58.0 40.0 29.0 20.0 
1.0 3.0 7.0 15.0 25.0 43.0 58.0 66.0 92.0 107.0 120.0 89.0 89.0 100.0 69.0 58.0 40.0 29.0 20.0 13.0 
1.0 3.0 7.0 15.0 25.0 43.0 58.0 66.0 92.0 107.0 120.0 89.0 89.0 100.0 69.0 58.0 40.0 29.0 20.0 13.0 14.0 
