0.0 
0.0 0.0 
0.0 0.0 0.0 
0.0 0.0 0.0 0.0 
0.0 0.0 0.0 0.0 0.0 
0.0 0.0 0.0 0.0 0.0 0.0 
0.0 0.0 0.0 0.0 0.0 0.0 0.0 
0.0 0.0 0.0 0.0 0.0 0.0 0.0 23.0 
0.0 0.0 0.0 0.0 0.0 0.0 0.0 23.0 45.0 
0.0 0.0 0.0 0.0 0.0 0.0 0.0 23.0 45.0 37.0 
0.0 0.0 0.0 0.0 0.0 0.0 0.0 23.0 45.0 37.0 41.0 
0.0 0.0 0.0 0.0 0.0 0.0 0.0 23.0 45.0 37.0 41.0 18.0 
0.0 0.0 0.0 0.0 0.0 0.0 0.0 23.0 45.0 37.0 41.0 18.0 39.0 
0.0 0.0 0.0 0.0 0.0 0.0 0.0 23.0 45.0 37.0 41.0 18.0 39.0 20.0 
0.0 0.0 0.0 0.0 0.0 0.0 0.0 23.0 45.0 37.0 41.0 18.0 39.0 20.0 41.0 
0.0 0.0 0.0 0.0 0.0 0.0 0.0 23.0 45.0 37.0 41.0 18.0 39.0 20.0 41.0 38.0 
0.0 0.0 0.0 0.0 0.0 0.0 0.0 23.0 45.0 37.0 41.0 18.0 39.0 20.0 41.0 38.0 39.0 
0.0 0.0 0.0 0.0 0.0 0.0 0.0 23.0 45.0 37.0 41.0 18.0 39.0 20.0 41.0 38.0 39.0 0.0 
0.0 0.0 0.0 0.0 0.0 0.0 0.0 23.0 45.0 37.0 41.0 18.0 39.0 20.0 41.0 38.0 39.0 0.0 0.0 
0.0 0.0 0.0 0.0 0.0 0.0 0.0 23.0 45.0 37.0 41.0 18.0 39.0 20.0 41.0 38.0 39.0 0.0 0.0 0.0 
0.0 0.0 0.0 0.0 0.0 0.0 0.0 23.0 45.0 37.0 41.0 18.0 39.0 20.0 41.0 38.0 39.0 0.0 0.0 0.0 0.0 
0.0 
0.0 0.0 
0.0 0.0 0.0 
0.0 0.0 0.0 0.0 
0.0 0.0 0.0 0.0 0.0 
0.0 0.0 0.0 0.0 0.0 0.0 
0.0 0.0 0.0 0.0 0.0 0.0 0.0 
0.0 0.0 0.0 0.0 0.0 0.0 0.0 0.0 
0.0 0.0 0.0 0.0 0.0 0.0 0.0 0.0 31.0 
0.0 0.0 0.0 0.0 0.0 0.0 0.0 0.0 31.0 92.0 
0.0 0.0 0.0 0.0 0.0 0.0 0.0 0.0 31.0 92.0 53.0 
0.0 0.0 0.0 0.0 0.0 0.0 0.0 0.0 31.0 92.0 53.0 0.0 
0.0 0.0 0.0 0.0 0.0 0.0 0.0 0.0 31.0 92.0 53.0 0.0 46.0 
0.0 0.0 0.0 0.0 0.0 0.0 0.0 0.0 31.0 92.0 53.0 0.0 46.0 17.0 
0.0 0.0 0.0 0.0 0.0 0.0 0.0 0.0 31.0 92.0 53.0 0.0 46.0 17.0 48.0 
0.0 0.0 0.0 0.0 0.0 0.0 0.0 0.0 31.0 92.0 53.0 0.0 46.0 17.0 48.0 2.0 
0.0 0.0 0.0 0.0 0.0 0.0 0.0 0.0 31.0 92.0 53.0 0.0 46.0 17.0 48.0 2.0 0.0 
0.0 0.0 0.0 0.0 0.0 0.0 0.0 0.0 31.0 92.0 53.0 0.0 46.0 17.0 48.0 2.0 0.0 0.0 
0.0 0.0 0.0 0.0 0.0 0.0 0.0 0.0 31.0 92.0 53.0 0.0 46.0 17.0 48.0 2.0 0.0 0.0 0.0 
0.0 0.0 0.0 0.0 0.0 0.0 0.0 0.0 31.0 92.0 53.0 0.0 46.0 17.0 48.0 2.0 0.0 0.0 0.0 0.0 
0.0 0.0 0.0 0.0 0.0 0.0 0.0 0.0 31.0 92.0 53.0 0.0 46.0 17.0 48.0 2.0 0.0 0.0 0.0 0.0 0.0 
0.0 
0.0 0.0 
0.0 0.0 0.0 
0.0 0.0 0.0 0.0 
0.0 0.0 0.0 0.0 0.0 
0.0 0.0 0.0 0.0 0.0 0.0 
0.0 0.0 0.0 0.0 0.0 0.0 0.0 
0.0 0.0 0.0 0.0 0.0 0.0 0.0 37.0 
0.0 0.0 0.0 0.0 0.0 0.0 0.0 37.0 43.0 
0.0 0.0 0.0 0.0 0.0 0.0 0.0 37.0 43.0 42.0 
0.0 0.0 0.0 0.0 0.0 0.0 0.0 37.0 43.0 42.0 22.0 
0.0 0.0 0.0 0.0 0.0 0.0 0.0 37.0 43.0 42.0 22.0 25.0 
0.0 0.0 0.0 0.0 0.0 0.0 0.0 37.0 43.0 42.0 22.0 25.0 25.0 
0.0 0.0 0.0 0.0 0.0 0.0 0.0 37.0 43.0 42.0 22.0 25.0 25.0 13.0 
0.0 0.0 0.0 0.0 0.0 0.0 0.0 37.0 43.0 42.0 22.0 25.0 25.0 13.0 35.0 
0.0 0.0 0.0 0.0 0.0 0.0 0.0 37.0 43.0 42.0 22.0 25.0 25.0 13.0 35.0 46.0 
0.0 0.0 0.0 0.0 0.0 0.0 0.0 37.0 43.0 42.0 22.0 25.0 25.0 13.0 35.0 46.0 39.0 
0.0 0.0 0.0 0.0 0.0 0.0 0.0 37.0 43.0 42.0 22.0 25.0 25.0 13.0 35.0 46.0 39.0 0.0 
0.0 0.0 0.0 0.0 0.0 0.0 0.0 37.0 43.0 42.0 22.0 25.0 25.0 13.0 35.0 46.0 39.0 0.0 0.0 
0.0 0.0 0.0 0.0 0.0 0.0 0.0 37.0 43.0 42.0 22.0 25.0 25.0 13.0 35.0 46.0 39.0 0.0 0.0 0.0 
0.0 0.0 0.0 0.0 0.0 0.0 0.0 37.0 43.0 42.0 22.0 25.0 25.0 13.0 35.0 46.0 39.0 0.0 0.0 0.0 0.0 
0.0 
0.0 0.0 
0.0 0.0 0.0 
0.0 0.0 0.0 0.0 
0.0 0.0 0.0 0.0 0.0 
0.0 0.0 0.0 0.0 0.0 0.0 
0.0 0.0 0.0 0.0 0.0 0.0 0.0 
0.0 0.0 0.0 0.0 0.0 0.0 0.0 0.0 
0.0 0.0 0.0 0.0 0.0 0.0 0.0 0.0 30.0 
0.0 0.0 0.0 0.0 0.0 0.0 0.0 0.0 30.0 97.0 
0.0 0.0 0.0 0.0 0.0 0.0 0.0 0.0 30.0 97.0 2.0 
0.0 0.0 0.0 0.0 0.0 0.0 0.0 0.0 30.0 97.0 2.0 7.0 
0.0 0.0 0.0 0.0 0.0 0.0 0.0 0.0 30.0 97.0 2.0 7.0 51.0 
0.0 0.0 0.0 0.0 0.0 0.0 0.0 0.0 30.0 97.0 2.0 7.0 51.0 17.0 
0.0 0.0 0.0 0.0 0.0 0.0 0.0 0.0 30.0 97.0 2.0 7.0 51.0 17.0 48.0 
0.0 0.0 0.0 0.0 0.0 0.0 0.0 0.0 30.0 97.0 2.0 7.0 51.0 17.0 48.0 3.0 
0.0 0.0 0.0 0.0 0.0 0.0 0.0 0.0 30.0 97.0 2.0 7.0 51.0 17.0 48.0 3.0 0.0 
0.0 0.0 0.0 0.0 0.0 0.0 0.0 0.0 30.0 97.0 2.0 7.0 51.0 17.0 48.0 3.0 0.0 0.0 
0.0 0.0 0.0 0.0 0.0 0.0 0.0 0.0 30.0 97.0 2.0 7.0 51.0 17.0 48.0 3.0 0.0 0.0 0.0 
0.0 0.0 0.0 0.0 0.0 0.0 0.0 0.0 30.0 97.0 2.0 7.0 51.0 17.0 48.0 3.0 0.0 0.0 0.0 0.0 
0.0 0.0 0.0 0.0 0.0 0.0 0.0 0.0 30.0 97.0 2.0 7.0 51.0 17.0 48.0 3.0 0.0 0.0 0.0 0.0 0.0 
