1.0 
1.0 4.0 
1.0 4.0 9.0 
1.0 4.0 9.0 18.0 
1.0 4.0 9.0 18.0 27.0 
1.0 4.0 9.0 18.0 27.0 37.0 
1.0 4.0 9.0 18.0 27.0 37.0 56.0 
1.0 4.0 9.0 18.0 27.0 37.0 56.0 89.0 
1.0 4.0 9.0 18.0 27.0 37.0 56.0 89.0 92.0 
1.0 4.0 9.0 18.0 27.0 37.0 56.0 89.0 92.0 91.0 
1.0 4.0 9.0 18.0 27.0 37.0 56.0 89.0 92.0 91.0 103.0 
1.0 4.0 9.0 18.0 27.0 37.0 56.0 89.0 92.0 91.0 103.0 103.0 
1.0 4.0 9.0 18.0 27.0 37.0 56.0 89.0 92.0 91.0 103.0 103.0 83.0 
1.0 4.0 9.0 18.0 27.0 37.0 56.0 89.0 92.0 91.0 103.0 103.0 83.0 103.0 
1.0 4.0 9.0 18.0 27.0 37.0 56.0 89.0 92.0 91.0 103.0 103.0 83.0 103.0 101.0 
1.0 4.0 9.0 18.0 27.0 37.0 56.0 89.0 92.0 91.0 103.0 103.0 83.0 103.0 101.0 78.0 
1.0 4.0 9.0 18.0 27.0 37.0 56.0 89.0 92.0 91.0 103.0 103.0 83.0 103.0 101.0 78.0 73.0 
1.0 4.0 9.0 18.0 27.0 37.0 56.0 89.0 92.0 91.0 103.0 103.0 83.0 103.0 101.0 78.0 73.0 55.0 
1.0 4.0 9.0 18.0 27.0 37.0 56.0 89.0 92.0 91.0 103.0 103.0 83.0 103.0 101.0 78.0 73.0 55.0 38.0 
1.0 4.0 9.0 18.0 27.0 37.0 56.0 89.0 92.0 91.0 103.0 103.0 83.0 103.0 101.0 78.0 73.0 55.0 38.0 27.0 
1.0 4.0 9.0 18.0 27.0 37.0 56.0 89.0 92.0 91.0 103.0 103.0 83.0 103.0 101.0 78.0 73.0 55.0 38.0 27.0 19.0 
0.0 
0.0 1.0 
0.0 1.0 5.0 
0.0 1.0 5.0 14.0 
0.0 1.0 5.0 14.0 26.0 
0.0 1.0 5.0 14.0 26.0 26.0 
0.0 1.0 5.0 14.0 26.0 26.0 40.0 
0.0 1.0 5.0 14.0 26.0 26.0 40.0 59.0 
0.0 1.0 5.0 14.0 26.0 26.0 40.0 59.0 90.0 
0.0 1.0 5.0 14.0 26.0 26.0 40.0 59.0 90.0 96.0 
0.0 1.0 5.0 14.0 26.0 26.0 40.0 59.0 90.0 96.0 123.0 
0.0 1.0 5.0 14.0 26.0 26.0 40.0 59.0 90.0 96.0 123.0 105.0 
0.0 1.0 5.0 14.0 26.0 26.0 40.0 59.0 90.0 96.0 123.0 105.0 82.0 
0.0 1.0 5.0 14.0 26.0 26.0 40.0 59.0 90.0 96.0 123.0 105.0 82.0 93.0 
0.0 1.0 5.0 14.0 26.0 26.0 40.0 59.0 90.0 96.0 123.0 105.0 82.0 93.0 76.0 
0.0 1.0 5.0 14.0 26.0 26.0 40.0 59.0 90.0 96.0 123.0 105.0 82.0 93.0 76.0 65.0 
0.0 
0.0 4.0 
0.0 4.0 6.0 
0.0 4.0 6.0 14.0 
0.0 4.0 6.0 14.0 26.0 
0.0 4.0 6.0 14.0 26.0 49.0 
0.0 4.0 6.0 14.0 26.0 49.0 66.0 
0.0 4.0 6.0 14.0 26.0 49.0 66.0 72.0 
0.0 4.0 6.0 14.0 26.0 49.0 66.0 72.0 78.0 
0.0 4.0 6.0 14.0 26.0 49.0 66.0 72.0 78.0 92.0 
0.0 4.0 6.0 14.0 26.0 49.0 66.0 72.0 78.0 92.0 125.0 
0.0 4.0 6.0 14.0 26.0 49.0 66.0 72.0 78.0 92.0 125.0 99.0 
0.0 4.0 6.0 14.0 26.0 49.0 66.0 72.0 78.0 92.0 125.0 99.0 108.0 
0.0 4.0 6.0 14.0 26.0 49.0 66.0 72.0 78.0 92.0 125.0 99.0 108.0 87.0 
0.0 4.0 6.0 14.0 26.0 49.0 66.0 72.0 78.0 92.0 125.0 99.0 108.0 87.0 94.0 
0.0 4.0 6.0 14.0 26.0 49.0 66.0 72.0 78.0 92.0 125.0 99.0 108.0 87.0 94.0 99.0 
0.0 4.0 6.0 14.0 26.0 49.0 66.0 72.0 78.0 92.0 125.0 99.0 108.0 87.0 94.0 99.0 73.0 
0.0 4.0 6.0 14.0 26.0 49.0 66.0 72.0 78.0 92.0 125.0 99.0 108.0 87.0 94.0 99.0 73.0 58.0 
0.0 4.0 6.0 14.0 26.0 49.0 66.0 72.0 78.0 92.0 125.0 99.0 108.0 87.0 94.0 99.0 73.0 58.0 41.0 
0.0 4.0 6.0 14.0 26.0 49.0 66.0 72.0 78.0 92.0 125.0 99.0 108.0 87.0 94.0 99.0 73.0 58.0 41.0 26.0 
0.0 4.0 6.0 14.0 26.0 49.0 66.0 72.0 78.0 92.0 125.0 99.0 108.0 87.0 94.0 99.0 73.0 58.0 41.0 26.0 15.0 
1.0 
1.0 1.0 
1.0 1.0 8.0 
1.0 1.0 8.0 17.0 
1.0 1.0 8.0 17.0 20.0 
1.0 1.0 8.0 17.0 20.0 36.0 
1.0 1.0 8.0 17.0 20.0 36.0 52.0 
1.0 1.0 8.0 17.0 20.0 36.0 52.0 76.0 
1.0 1.0 8.0 17.0 20.0 36.0 52.0 76.0 87.0 
1.0 1.0 8.0 17.0 20.0 36.0 52.0 76.0 87.0 93.0 
1.0 1.0 8.0 17.0 20.0 36.0 52.0 76.0 87.0 93.0 98.0 
1.0 1.0 8.0 17.0 20.0 36.0 52.0 76.0 87.0 93.0 98.0 107.0 
1.0 1.0 8.0 17.0 20.0 36.0 52.0 76.0 87.0 93.0 98.0 107.0 91.0 
1.0 1.0 8.0 17.0 20.0 36.0 52.0 76.0 87.0 93.0 98.0 107.0 91.0 88.0 
1.0 1.0 8.0 17.0 20.0 36.0 52.0 76.0 87.0 93.0 98.0 107.0 91.0 88.0 82.0 
1.0 1.0 8.0 17.0 20.0 36.0 52.0 76.0 87.0 93.0 98.0 107.0 91.0 88.0 82.0 72.0 
1.0 1.0 8.0 17.0 20.0 36.0 52.0 76.0 87.0 93.0 98.0 107.0 91.0 88.0 82.0 72.0 47.0 
1.0 1.0 8.0 17.0 20.0 36.0 52.0 76.0 87.0 93.0 98.0 107.0 91.0 88.0 82.0 72.0 47.0 31.0 
1.0 1.0 8.0 17.0 20.0 36.0 52.0 76.0 87.0 93.0 98.0 107.0 91.0 88.0 82.0 72.0 47.0 31.0 26.0 
1.0 1.0 8.0 17.0 20.0 36.0 52.0 76.0 87.0 93.0 98.0 107.0 91.0 88.0 82.0 72.0 47.0 31.0 26.0 11.0 
1.0 1.0 8.0 17.0 20.0 36.0 52.0 76.0 87.0 93.0 98.0 107.0 91.0 88.0 82.0 72.0 47.0 31.0 26.0 11.0 4.0 
