0.0 
0.0 1.0 
0.0 1.0 3.0 
0.0 1.0 3.0 8.0 
0.0 1.0 3.0 8.0 11.0 
0.0 1.0 3.0 8.0 11.0 20.0 
0.0 1.0 3.0 8.0 11.0 20.0 41.0 
0.0 1.0 3.0 8.0 11.0 20.0 41.0 73.0 
0.0 1.0 3.0 8.0 11.0 20.0 41.0 73.0 94.0 
0.0 1.0 3.0 8.0 11.0 20.0 41.0 73.0 94.0 90.0 
0.0 1.0 3.0 8.0 11.0 20.0 41.0 73.0 94.0 90.0 96.0 
0.0 1.0 3.0 8.0 11.0 20.0 41.0 73.0 94.0 90.0 96.0 114.0 
0.0 1.0 3.0 8.0 11.0 20.0 41.0 73.0 94.0 90.0 96.0 114.0 86.0 
0.0 1.0 3.0 8.0 11.0 20.0 41.0 73.0 94.0 90.0 96.0 114.0 86.0 85.0 
0.0 1.0 3.0 8.0 11.0 20.0 41.0 73.0 94.0 90.0 96.0 114.0 86.0 85.0 90.0 
0.0 1.0 3.0 8.0 11.0 20.0 41.0 73.0 94.0 90.0 96.0 114.0 86.0 85.0 90.0 79.0 
0.0 1.0 3.0 8.0 11.0 20.0 41.0 73.0 94.0 90.0 96.0 114.0 86.0 85.0 90.0 79.0 58.0 
0.0 1.0 3.0 8.0 11.0 20.0 41.0 73.0 94.0 90.0 96.0 114.0 86.0 85.0 90.0 79.0 58.0 33.0 
0.0 1.0 3.0 8.0 11.0 20.0 41.0 73.0 94.0 90.0 96.0 114.0 86.0 85.0 90.0 79.0 58.0 33.0 14.0 
0.0 1.0 3.0 8.0 11.0 20.0 41.0 73.0 94.0 90.0 96.0 114.0 86.0 85.0 90.0 79.0 58.0 33.0 14.0 6.0 
0.0 1.0 3.0 8.0 11.0 20.0 41.0 73.0 94.0 90.0 96.0 114.0 86.0 85.0 90.0 79.0 58.0 33.0 14.0 6.0 2.0 
1.0 
1.0 1.0 
1.0 1.0 1.0 
1.0 1.0 1.0 1.0 
1.0 1.0 1.0 1.0 0.0 
1.0 1.0 1.0 1.0 0.0 8.0 
1.0 1.0 1.0 1.0 0.0 8.0 25.0 
1.0 1.0 1.0 1.0 0.0 8.0 25.0 47.0 
1.0 1.0 1.0 1.0 0.0 8.0 25.0 47.0 85.0 
1.0 1.0 1.0 1.0 0.0 8.0 25.0 47.0 85.0 106.0 
1.0 1.0 1.0 1.0 0.0 8.0 25.0 47.0 85.0 106.0 100.0 
1.0 1.0 1.0 1.0 0.0 8.0 25.0 47.0 85.0 106.0 100.0 106.0 
1.0 1.0 1.0 1.0 0.0 8.0 25.0 47.0 85.0 106.0 100.0 106.0 110.0 
1.0 1.0 1.0 1.0 0.0 8.0 25.0 47.0 85.0 106.0 100.0 106.0 110.0 87.0 
1.0 1.0 1.0 1.0 0.0 8.0 25.0 47.0 85.0 106.0 100.0 106.0 110.0 87.0 67.0 
0.0 
0.0 0.0 
0.0 0.0 1.0 
0.0 0.0 1.0 4.0 
0.0 0.0 1.0 4.0 8.0 
0.0 0.0 1.0 4.0 8.0 23.0 
0.0 0.0 1.0 4.0 8.0 23.0 49.0 
0.0 0.0 1.0 4.0 8.0 23.0 49.0 64.0 
0.0 0.0 1.0 4.0 8.0 23.0 49.0 64.0 85.0 
0.0 0.0 1.0 4.0 8.0 23.0 49.0 64.0 85.0 97.0 
0.0 0.0 1.0 4.0 8.0 23.0 49.0 64.0 85.0 97.0 103.0 
0.0 0.0 1.0 4.0 8.0 23.0 49.0 64.0 85.0 97.0 103.0 95.0 
0.0 0.0 1.0 4.0 8.0 23.0 49.0 64.0 85.0 97.0 103.0 95.0 94.0 
0.0 0.0 1.0 4.0 8.0 23.0 49.0 64.0 85.0 97.0 103.0 95.0 94.0 92.0 
0.0 0.0 1.0 4.0 8.0 23.0 49.0 64.0 85.0 97.0 103.0 95.0 94.0 92.0 99.0 
0.0 0.0 1.0 4.0 8.0 23.0 49.0 64.0 85.0 97.0 103.0 95.0 94.0 92.0 99.0 80.0 
0.0 0.0 1.0 4.0 8.0 23.0 49.0 64.0 85.0 97.0 103.0 95.0 94.0 92.0 99.0 80.0 62.0 
0.0 0.0 1.0 4.0 8.0 23.0 49.0 64.0 85.0 97.0 103.0 95.0 94.0 92.0 99.0 80.0 62.0 35.0 
0.0 0.0 1.0 4.0 8.0 23.0 49.0 64.0 85.0 97.0 103.0 95.0 94.0 92.0 99.0 80.0 62.0 35.0 17.0 
0.0 0.0 1.0 4.0 8.0 23.0 49.0 64.0 85.0 97.0 103.0 95.0 94.0 92.0 99.0 80.0 62.0 35.0 17.0 7.0 
0.0 0.0 1.0 4.0 8.0 23.0 49.0 64.0 85.0 97.0 103.0 95.0 94.0 92.0 99.0 80.0 62.0 35.0 17.0 7.0 6.0 
0.0 
0.0 1.0 
0.0 1.0 2.0 
0.0 1.0 2.0 3.0 
0.0 1.0 2.0 3.0 5.0 
0.0 1.0 2.0 3.0 5.0 12.0 
0.0 1.0 2.0 3.0 5.0 12.0 26.0 
0.0 1.0 2.0 3.0 5.0 12.0 26.0 54.0 
0.0 1.0 2.0 3.0 5.0 12.0 26.0 54.0 72.0 
0.0 1.0 2.0 3.0 5.0 12.0 26.0 54.0 72.0 97.0 
0.0 1.0 2.0 3.0 5.0 12.0 26.0 54.0 72.0 97.0 104.0 
0.0 1.0 2.0 3.0 5.0 12.0 26.0 54.0 72.0 97.0 104.0 102.0 
0.0 1.0 2.0 3.0 5.0 12.0 26.0 54.0 72.0 97.0 104.0 102.0 98.0 
0.0 1.0 2.0 3.0 5.0 12.0 26.0 54.0 72.0 97.0 104.0 102.0 98.0 86.0 
0.0 1.0 2.0 3.0 5.0 12.0 26.0 54.0 72.0 97.0 104.0 102.0 98.0 86.0 61.0 
0.0 1.0 2.0 3.0 5.0 12.0 26.0 54.0 72.0 97.0 104.0 102.0 98.0 86.0 61.0 41.0 
0.0 1.0 2.0 3.0 5.0 12.0 26.0 54.0 72.0 97.0 104.0 102.0 98.0 86.0 61.0 41.0 17.0 
0.0 1.0 2.0 3.0 5.0 12.0 26.0 54.0 72.0 97.0 104.0 102.0 98.0 86.0 61.0 41.0 17.0 7.0 
0.0 1.0 2.0 3.0 5.0 12.0 26.0 54.0 72.0 97.0 104.0 102.0 98.0 86.0 61.0 41.0 17.0 7.0 4.0 
0.0 1.0 2.0 3.0 5.0 12.0 26.0 54.0 72.0 97.0 104.0 102.0 98.0 86.0 61.0 41.0 17.0 7.0 4.0 2.0 
0.0 1.0 2.0 3.0 5.0 12.0 26.0 54.0 72.0 97.0 104.0 102.0 98.0 86.0 61.0 41.0 17.0 7.0 4.0 2.0 1.0 
