1.0 
1.0 3.0 
1.0 3.0 6.0 
1.0 3.0 6.0 9.0 
1.0 3.0 6.0 9.0 15.0 
1.0 3.0 6.0 9.0 15.0 35.0 
1.0 3.0 6.0 9.0 15.0 35.0 56.0 
1.0 3.0 6.0 9.0 15.0 35.0 56.0 84.0 
1.0 3.0 6.0 9.0 15.0 35.0 56.0 84.0 82.0 
1.0 3.0 6.0 9.0 15.0 35.0 56.0 84.0 82.0 84.0 
1.0 3.0 6.0 9.0 15.0 35.0 56.0 84.0 82.0 84.0 108.0 
1.0 3.0 6.0 9.0 15.0 35.0 56.0 84.0 82.0 84.0 108.0 86.0 
1.0 3.0 6.0 9.0 15.0 35.0 56.0 84.0 82.0 84.0 108.0 86.0 92.0 
1.0 3.0 6.0 9.0 15.0 35.0 56.0 84.0 82.0 84.0 108.0 86.0 92.0 97.0 
1.0 3.0 6.0 9.0 15.0 35.0 56.0 84.0 82.0 84.0 108.0 86.0 92.0 97.0 81.0 
1.0 3.0 6.0 9.0 15.0 35.0 56.0 84.0 82.0 84.0 108.0 86.0 92.0 97.0 81.0 79.0 
1.0 3.0 6.0 9.0 15.0 35.0 56.0 84.0 82.0 84.0 108.0 86.0 92.0 97.0 81.0 79.0 68.0 
1.0 3.0 6.0 9.0 15.0 35.0 56.0 84.0 82.0 84.0 108.0 86.0 92.0 97.0 81.0 79.0 68.0 45.0 
1.0 3.0 6.0 9.0 15.0 35.0 56.0 84.0 82.0 84.0 108.0 86.0 92.0 97.0 81.0 79.0 68.0 45.0 31.0 
1.0 3.0 6.0 9.0 15.0 35.0 56.0 84.0 82.0 84.0 108.0 86.0 92.0 97.0 81.0 79.0 68.0 45.0 31.0 19.0 
1.0 3.0 6.0 9.0 15.0 35.0 56.0 84.0 82.0 84.0 108.0 86.0 92.0 97.0 81.0 79.0 68.0 45.0 31.0 19.0 10.0 
2.0 
2.0 3.0 
2.0 3.0 2.0 
2.0 3.0 2.0 4.0 
2.0 3.0 2.0 4.0 13.0 
2.0 3.0 2.0 4.0 13.0 25.0 
2.0 3.0 2.0 4.0 13.0 25.0 38.0 
2.0 3.0 2.0 4.0 13.0 25.0 38.0 56.0 
2.0 3.0 2.0 4.0 13.0 25.0 38.0 56.0 84.0 
2.0 3.0 2.0 4.0 13.0 25.0 38.0 56.0 84.0 97.0 
2.0 3.0 2.0 4.0 13.0 25.0 38.0 56.0 84.0 97.0 113.0 
2.0 
2.0 1.0 
2.0 1.0 8.0 
2.0 1.0 8.0 11.0 
2.0 1.0 8.0 11.0 20.0 
2.0 1.0 8.0 11.0 20.0 24.0 
2.0 1.0 8.0 11.0 20.0 24.0 46.0 
2.0 1.0 8.0 11.0 20.0 24.0 46.0 77.0 
2.0 1.0 8.0 11.0 20.0 24.0 46.0 77.0 100.0 
2.0 1.0 8.0 11.0 20.0 24.0 46.0 77.0 100.0 93.0 
2.0 1.0 8.0 11.0 20.0 24.0 46.0 77.0 100.0 93.0 93.0 
2.0 1.0 8.0 11.0 20.0 24.0 46.0 77.0 100.0 93.0 93.0 98.0 
2.0 1.0 8.0 11.0 20.0 24.0 46.0 77.0 100.0 93.0 93.0 98.0 100.0 
2.0 1.0 8.0 11.0 20.0 24.0 46.0 77.0 100.0 93.0 93.0 98.0 100.0 104.0 
2.0 1.0 8.0 11.0 20.0 24.0 46.0 77.0 100.0 93.0 93.0 98.0 100.0 104.0 90.0 
2.0 1.0 8.0 11.0 20.0 24.0 46.0 77.0 100.0 93.0 93.0 98.0 100.0 104.0 90.0 87.0 
2.0 1.0 8.0 11.0 20.0 24.0 46.0 77.0 100.0 93.0 93.0 98.0 100.0 104.0 90.0 87.0 72.0 
2.0 1.0 8.0 11.0 20.0 24.0 46.0 77.0 100.0 93.0 93.0 98.0 100.0 104.0 90.0 87.0 72.0 51.0 
2.0 1.0 8.0 11.0 20.0 24.0 46.0 77.0 100.0 93.0 93.0 98.0 100.0 104.0 90.0 87.0 72.0 51.0 27.0 
2.0 1.0 8.0 11.0 20.0 24.0 46.0 77.0 100.0 93.0 93.0 98.0 100.0 104.0 90.0 87.0 72.0 51.0 27.0 13.0 
2.0 1.0 8.0 11.0 20.0 24.0 46.0 77.0 100.0 93.0 93.0 98.0 100.0 104.0 90.0 87.0 72.0 51.0 27.0 13.0 7.0 
0.0 
0.0 2.0 
0.0 2.0 4.0 
0.0 2.0 4.0 8.0 
0.0 2.0 4.0 8.0 11.0 
0.0 2.0 4.0 8.0 11.0 21.0 
0.0 2.0 4.0 8.0 11.0 21.0 43.0 
0.0 2.0 4.0 8.0 11.0 21.0 43.0 55.0 
0.0 2.0 4.0 8.0 11.0 21.0 43.0 55.0 76.0 
0.0 2.0 4.0 8.0 11.0 21.0 43.0 55.0 76.0 97.0 
0.0 2.0 4.0 8.0 11.0 21.0 43.0 55.0 76.0 97.0 105.0 
0.0 2.0 4.0 8.0 11.0 21.0 43.0 55.0 76.0 97.0 105.0 111.0 
0.0 2.0 4.0 8.0 11.0 21.0 43.0 55.0 76.0 97.0 105.0 111.0 104.0 
0.0 2.0 4.0 8.0 11.0 21.0 43.0 55.0 76.0 97.0 105.0 111.0 104.0 86.0 
0.0 2.0 4.0 8.0 11.0 21.0 43.0 55.0 76.0 97.0 105.0 111.0 104.0 86.0 82.0 
0.0 2.0 4.0 8.0 11.0 21.0 43.0 55.0 76.0 97.0 105.0 111.0 104.0 86.0 82.0 61.0 
0.0 2.0 4.0 8.0 11.0 21.0 43.0 55.0 76.0 97.0 105.0 111.0 104.0 86.0 82.0 61.0 38.0 
0.0 2.0 4.0 8.0 11.0 21.0 43.0 55.0 76.0 97.0 105.0 111.0 104.0 86.0 82.0 61.0 38.0 23.0 
0.0 2.0 4.0 8.0 11.0 21.0 43.0 55.0 76.0 97.0 105.0 111.0 104.0 86.0 82.0 61.0 38.0 23.0 14.0 
0.0 2.0 4.0 8.0 11.0 21.0 43.0 55.0 76.0 97.0 105.0 111.0 104.0 86.0 82.0 61.0 38.0 23.0 14.0 11.0 
0.0 2.0 4.0 8.0 11.0 21.0 43.0 55.0 76.0 97.0 105.0 111.0 104.0 86.0 82.0 61.0 38.0 23.0 14.0 11.0 2.0 
