0.0 
0.0 0.0 
0.0 0.0 0.0 
0.0 0.0 0.0 0.0 
0.0 0.0 0.0 0.0 1.0 
0.0 0.0 0.0 0.0 1.0 9.0 
0.0 0.0 0.0 0.0 1.0 9.0 24.0 
0.0 0.0 0.0 0.0 1.0 9.0 24.0 51.0 
0.0 0.0 0.0 0.0 1.0 9.0 24.0 51.0 95.0 
0.0 0.0 0.0 0.0 1.0 9.0 24.0 51.0 95.0 85.0 
0.0 0.0 0.0 0.0 1.0 9.0 24.0 51.0 95.0 85.0 71.0 
0.0 0.0 0.0 0.0 1.0 9.0 24.0 51.0 95.0 85.0 71.0 90.0 
0.0 0.0 0.0 0.0 1.0 9.0 24.0 51.0 95.0 85.0 71.0 90.0 77.0 
0.0 0.0 0.0 0.0 1.0 9.0 24.0 51.0 95.0 85.0 71.0 90.0 77.0 61.0 
0.0 0.0 0.0 0.0 1.0 9.0 24.0 51.0 95.0 85.0 71.0 90.0 77.0 61.0 65.0 
0.0 0.0 0.0 0.0 1.0 9.0 24.0 51.0 95.0 85.0 71.0 90.0 77.0 61.0 65.0 58.0 
0.0 0.0 0.0 0.0 1.0 9.0 24.0 51.0 95.0 85.0 71.0 90.0 77.0 61.0 65.0 58.0 51.0 
0.0 0.0 0.0 0.0 1.0 9.0 24.0 51.0 95.0 85.0 71.0 90.0 77.0 61.0 65.0 58.0 51.0 16.0 
0.0 0.0 0.0 0.0 1.0 9.0 24.0 51.0 95.0 85.0 71.0 90.0 77.0 61.0 65.0 58.0 51.0 16.0 3.0 
0.0 0.0 0.0 0.0 1.0 9.0 24.0 51.0 95.0 85.0 71.0 90.0 77.0 61.0 65.0 58.0 51.0 16.0 3.0 0.0 
0.0 0.0 0.0 0.0 1.0 9.0 24.0 51.0 95.0 85.0 71.0 90.0 77.0 61.0 65.0 58.0 51.0 16.0 3.0 0.0 0.0 
0.0 
0.0 0.0 
0.0 0.0 0.0 
0.0 0.0 0.0 0.0 
0.0 0.0 0.0 0.0 0.0 
0.0 0.0 0.0 0.0 0.0 1.0 
0.0 0.0 0.0 0.0 0.0 1.0 10.0 
0.0 0.0 0.0 0.0 0.0 1.0 10.0 27.0 
0.0 0.0 0.0 0.0 0.0 1.0 10.0 27.0 57.0 
0.0 0.0 0.0 0.0 0.0 1.0 10.0 27.0 57.0 93.0 
0.0 0.0 0.0 0.0 0.0 1.0 10.0 27.0 57.0 93.0 118.0 
0.0 0.0 0.0 0.0 0.0 1.0 10.0 27.0 57.0 93.0 118.0 101.0 
0.0 0.0 0.0 0.0 0.0 1.0 10.0 27.0 57.0 93.0 118.0 101.0 94.0 
0.0 0.0 0.0 0.0 0.0 1.0 10.0 27.0 57.0 93.0 118.0 101.0 94.0 87.0 
0.0 0.0 0.0 0.0 0.0 1.0 10.0 27.0 57.0 93.0 118.0 101.0 94.0 87.0 53.0 
0.0 0.0 0.0 0.0 0.0 1.0 10.0 27.0 57.0 93.0 118.0 101.0 94.0 87.0 53.0 24.0 
0.0 0.0 0.0 0.0 0.0 1.0 10.0 27.0 57.0 93.0 118.0 101.0 94.0 87.0 53.0 24.0 10.0 
0.0 0.0 0.0 0.0 0.0 1.0 10.0 27.0 57.0 93.0 118.0 101.0 94.0 87.0 53.0 24.0 10.0 2.0 
0.0 0.0 0.0 0.0 0.0 1.0 10.0 27.0 57.0 93.0 118.0 101.0 94.0 87.0 53.0 24.0 10.0 2.0 0.0 
0.0 0.0 0.0 0.0 0.0 1.0 10.0 27.0 57.0 93.0 118.0 101.0 94.0 87.0 53.0 24.0 10.0 2.0 0.0 0.0 
0.0 0.0 0.0 0.0 0.0 1.0 10.0 27.0 57.0 93.0 118.0 101.0 94.0 87.0 53.0 24.0 10.0 2.0 0.0 0.0 0.0 
0.0 
0.0 0.0 
0.0 0.0 0.0 
0.0 0.0 0.0 0.0 
0.0 0.0 0.0 0.0 1.0 
0.0 0.0 0.0 0.0 1.0 12.0 
0.0 0.0 0.0 0.0 1.0 12.0 29.0 
0.0 0.0 0.0 0.0 1.0 12.0 29.0 61.0 
0.0 0.0 0.0 0.0 1.0 12.0 29.0 61.0 82.0 
0.0 0.0 0.0 0.0 1.0 12.0 29.0 61.0 82.0 61.0 
0.0 0.0 0.0 0.0 1.0 12.0 29.0 61.0 82.0 61.0 88.0 
0.0 0.0 0.0 0.0 1.0 12.0 29.0 61.0 82.0 61.0 88.0 89.0 
0.0 0.0 0.0 0.0 1.0 12.0 29.0 61.0 82.0 61.0 88.0 89.0 86.0 
0.0 0.0 0.0 0.0 1.0 12.0 29.0 61.0 82.0 61.0 88.0 89.0 86.0 80.0 
0.0 0.0 0.0 0.0 1.0 12.0 29.0 61.0 82.0 61.0 88.0 89.0 86.0 80.0 87.0 
0.0 0.0 0.0 0.0 1.0 12.0 29.0 61.0 82.0 61.0 88.0 89.0 86.0 80.0 87.0 81.0 
0.0 0.0 0.0 0.0 1.0 12.0 29.0 61.0 82.0 61.0 88.0 89.0 86.0 80.0 87.0 81.0 53.0 
0.0 0.0 0.0 0.0 1.0 12.0 29.0 61.0 82.0 61.0 88.0 89.0 86.0 80.0 87.0 81.0 53.0 24.0 
0.0 0.0 0.0 0.0 1.0 12.0 29.0 61.0 82.0 61.0 88.0 89.0 86.0 80.0 87.0 81.0 53.0 24.0 3.0 
0.0 0.0 0.0 0.0 1.0 12.0 29.0 61.0 82.0 61.0 88.0 89.0 86.0 80.0 87.0 81.0 53.0 24.0 3.0 0.0 
0.0 0.0 0.0 0.0 1.0 12.0 29.0 61.0 82.0 61.0 88.0 89.0 86.0 80.0 87.0 81.0 53.0 24.0 3.0 0.0 0.0 
0.0 
0.0 0.0 
0.0 0.0 0.0 
0.0 0.0 0.0 0.0 
0.0 0.0 0.0 0.0 0.0 
0.0 0.0 0.0 0.0 0.0 4.0 
0.0 0.0 0.0 0.0 0.0 4.0 12.0 
0.0 0.0 0.0 0.0 0.0 4.0 12.0 33.0 
0.0 0.0 0.0 0.0 0.0 4.0 12.0 33.0 59.0 
0.0 0.0 0.0 0.0 0.0 4.0 12.0 33.0 59.0 92.0 
0.0 0.0 0.0 0.0 0.0 4.0 12.0 33.0 59.0 92.0 106.0 
0.0 0.0 0.0 0.0 0.0 4.0 12.0 33.0 59.0 92.0 106.0 68.0 
0.0 0.0 0.0 0.0 0.0 4.0 12.0 33.0 59.0 92.0 106.0 68.0 76.0 
0.0 0.0 0.0 0.0 0.0 4.0 12.0 33.0 59.0 92.0 106.0 68.0 76.0 88.0 
0.0 0.0 0.0 0.0 0.0 4.0 12.0 33.0 59.0 92.0 106.0 68.0 76.0 88.0 59.0 
0.0 0.0 0.0 0.0 0.0 4.0 12.0 33.0 59.0 92.0 106.0 68.0 76.0 88.0 59.0 23.0 
0.0 0.0 0.0 0.0 0.0 4.0 12.0 33.0 59.0 92.0 106.0 68.0 76.0 88.0 59.0 23.0 9.0 
0.0 0.0 0.0 0.0 0.0 4.0 12.0 33.0 59.0 92.0 106.0 68.0 76.0 88.0 59.0 23.0 9.0 4.0 
0.0 0.0 0.0 0.0 0.0 4.0 12.0 33.0 59.0 92.0 106.0 68.0 76.0 88.0 59.0 23.0 9.0 4.0 2.0 
0.0 0.0 0.0 0.0 0.0 4.0 12.0 33.0 59.0 92.0 106.0 68.0 76.0 88.0 59.0 23.0 9.0 4.0 2.0 0.0 
0.0 0.0 0.0 0.0 0.0 4.0 12.0 33.0 59.0 92.0 106.0 68.0 76.0 88.0 59.0 23.0 9.0 4.0 2.0 0.0 0.0 
