0.0 
0.0 0.0 
0.0 0.0 0.0 
0.0 0.0 0.0 0.0 
0.0 0.0 0.0 0.0 0.0 
0.0 0.0 0.0 0.0 0.0 2.0 
0.0 0.0 0.0 0.0 0.0 2.0 15.0 
0.0 0.0 0.0 0.0 0.0 2.0 15.0 51.0 
0.0 0.0 0.0 0.0 0.0 2.0 15.0 51.0 72.0 
0.0 0.0 0.0 0.0 0.0 2.0 15.0 51.0 72.0 68.0 
0.0 0.0 0.0 0.0 0.0 2.0 15.0 51.0 72.0 68.0 40.0 
0.0 0.0 0.0 0.0 0.0 2.0 15.0 51.0 72.0 68.0 40.0 69.0 
0.0 0.0 0.0 0.0 0.0 2.0 15.0 51.0 72.0 68.0 40.0 69.0 59.0 
0.0 0.0 0.0 0.0 0.0 2.0 15.0 51.0 72.0 68.0 40.0 69.0 59.0 50.0 
0.0 0.0 0.0 0.0 0.0 2.0 15.0 51.0 72.0 68.0 40.0 69.0 59.0 50.0 57.0 
0.0 0.0 0.0 0.0 0.0 2.0 15.0 51.0 72.0 68.0 40.0 69.0 59.0 50.0 57.0 79.0 
0.0 0.0 0.0 0.0 0.0 2.0 15.0 51.0 72.0 68.0 40.0 69.0 59.0 50.0 57.0 79.0 37.0 
0.0 0.0 0.0 0.0 0.0 2.0 15.0 51.0 72.0 68.0 40.0 69.0 59.0 50.0 57.0 79.0 37.0 4.0 
0.0 0.0 0.0 0.0 0.0 2.0 15.0 51.0 72.0 68.0 40.0 69.0 59.0 50.0 57.0 79.0 37.0 4.0 2.0 
0.0 0.0 0.0 0.0 0.0 2.0 15.0 51.0 72.0 68.0 40.0 69.0 59.0 50.0 57.0 79.0 37.0 4.0 2.0 0.0 
0.0 0.0 0.0 0.0 0.0 2.0 15.0 51.0 72.0 68.0 40.0 69.0 59.0 50.0 57.0 79.0 37.0 4.0 2.0 0.0 0.0 
0.0 
0.0 0.0 
0.0 0.0 0.0 
0.0 0.0 0.0 0.0 
0.0 0.0 0.0 0.0 0.0 
0.0 0.0 0.0 0.0 0.0 0.0 
0.0 0.0 0.0 0.0 0.0 0.0 1.0 
0.0 0.0 0.0 0.0 0.0 0.0 1.0 12.0 
0.0 0.0 0.0 0.0 0.0 0.0 1.0 12.0 38.0 
0.0 0.0 0.0 0.0 0.0 0.0 1.0 12.0 38.0 84.0 
0.0 0.0 0.0 0.0 0.0 0.0 1.0 12.0 38.0 84.0 91.0 
0.0 0.0 0.0 0.0 0.0 0.0 1.0 12.0 38.0 84.0 91.0 61.0 
0.0 0.0 0.0 0.0 0.0 0.0 1.0 12.0 38.0 84.0 91.0 61.0 83.0 
0.0 0.0 0.0 0.0 0.0 0.0 1.0 12.0 38.0 84.0 91.0 61.0 83.0 78.0 
0.0 0.0 0.0 0.0 0.0 0.0 1.0 12.0 38.0 84.0 91.0 61.0 83.0 78.0 51.0 
0.0 0.0 0.0 0.0 0.0 0.0 1.0 12.0 38.0 84.0 91.0 61.0 83.0 78.0 51.0 9.0 
0.0 0.0 0.0 0.0 0.0 0.0 1.0 12.0 38.0 84.0 91.0 61.0 83.0 78.0 51.0 9.0 5.0 
0.0 0.0 0.0 0.0 0.0 0.0 1.0 12.0 38.0 84.0 91.0 61.0 83.0 78.0 51.0 9.0 5.0 1.0 
0.0 0.0 0.0 0.0 0.0 0.0 1.0 12.0 38.0 84.0 91.0 61.0 83.0 78.0 51.0 9.0 5.0 1.0 1.0 
0.0 0.0 0.0 0.0 0.0 0.0 1.0 12.0 38.0 84.0 91.0 61.0 83.0 78.0 51.0 9.0 5.0 1.0 1.0 0.0 
0.0 0.0 0.0 0.0 0.0 0.0 1.0 12.0 38.0 84.0 91.0 61.0 83.0 78.0 51.0 9.0 5.0 1.0 1.0 0.0 0.0 
0.0 
0.0 0.0 
0.0 0.0 0.0 
0.0 0.0 0.0 0.0 
0.0 0.0 0.0 0.0 0.0 
0.0 0.0 0.0 0.0 0.0 1.0 
0.0 0.0 0.0 0.0 0.0 1.0 12.0 
0.0 0.0 0.0 0.0 0.0 1.0 12.0 46.0 
0.0 0.0 0.0 0.0 0.0 1.0 12.0 46.0 76.0 
0.0 0.0 0.0 0.0 0.0 1.0 12.0 46.0 76.0 83.0 
0.0 0.0 0.0 0.0 0.0 1.0 12.0 46.0 76.0 83.0 72.0 
0.0 0.0 0.0 0.0 0.0 1.0 12.0 46.0 76.0 83.0 72.0 43.0 
0.0 0.0 0.0 0.0 0.0 1.0 12.0 46.0 76.0 83.0 72.0 43.0 40.0 
0.0 0.0 0.0 0.0 0.0 1.0 12.0 46.0 76.0 83.0 72.0 43.0 40.0 38.0 
0.0 0.0 0.0 0.0 0.0 1.0 12.0 46.0 76.0 83.0 72.0 43.0 40.0 38.0 52.0 
0.0 0.0 0.0 0.0 0.0 1.0 12.0 46.0 76.0 83.0 72.0 43.0 40.0 38.0 52.0 52.0 
0.0 0.0 0.0 0.0 0.0 1.0 12.0 46.0 76.0 83.0 72.0 43.0 40.0 38.0 52.0 52.0 43.0 
0.0 0.0 0.0 0.0 0.0 1.0 12.0 46.0 76.0 83.0 72.0 43.0 40.0 38.0 52.0 52.0 43.0 3.0 
0.0 0.0 0.0 0.0 0.0 1.0 12.0 46.0 76.0 83.0 72.0 43.0 40.0 38.0 52.0 52.0 43.0 3.0 0.0 
0.0 0.0 0.0 0.0 0.0 1.0 12.0 46.0 76.0 83.0 72.0 43.0 40.0 38.0 52.0 52.0 43.0 3.0 0.0 0.0 
0.0 0.0 0.0 0.0 0.0 1.0 12.0 46.0 76.0 83.0 72.0 43.0 40.0 38.0 52.0 52.0 43.0 3.0 0.0 0.0 0.0 
0.0 
0.0 0.0 
0.0 0.0 0.0 
0.0 0.0 0.0 0.0 
0.0 0.0 0.0 0.0 0.0 
0.0 0.0 0.0 0.0 0.0 1.0 
0.0 0.0 0.0 0.0 0.0 1.0 2.0 
0.0 0.0 0.0 0.0 0.0 1.0 2.0 17.0 
0.0 0.0 0.0 0.0 0.0 1.0 2.0 17.0 45.0 
0.0 0.0 0.0 0.0 0.0 1.0 2.0 17.0 45.0 100.0 
0.0 0.0 0.0 0.0 0.0 1.0 2.0 17.0 45.0 100.0 100.0 
0.0 0.0 0.0 0.0 0.0 1.0 2.0 17.0 45.0 100.0 100.0 97.0 
0.0 0.0 0.0 0.0 0.0 1.0 2.0 17.0 45.0 100.0 100.0 97.0 83.0 
0.0 0.0 0.0 0.0 0.0 1.0 2.0 17.0 45.0 100.0 100.0 97.0 83.0 92.0 
0.0 0.0 0.0 0.0 0.0 1.0 2.0 17.0 45.0 100.0 100.0 97.0 83.0 92.0 51.0 
0.0 0.0 0.0 0.0 0.0 1.0 2.0 17.0 45.0 100.0 100.0 97.0 83.0 92.0 51.0 13.0 
0.0 0.0 0.0 0.0 0.0 1.0 2.0 17.0 45.0 100.0 100.0 97.0 83.0 92.0 51.0 13.0 3.0 
0.0 0.0 0.0 0.0 0.0 1.0 2.0 17.0 45.0 100.0 100.0 97.0 83.0 92.0 51.0 13.0 3.0 1.0 
0.0 0.0 0.0 0.0 0.0 1.0 2.0 17.0 45.0 100.0 100.0 97.0 83.0 92.0 51.0 13.0 3.0 1.0 0.0 
0.0 0.0 0.0 0.0 0.0 1.0 2.0 17.0 45.0 100.0 100.0 97.0 83.0 92.0 51.0 13.0 3.0 1.0 0.0 0.0 
0.0 0.0 0.0 0.0 0.0 1.0 2.0 17.0 45.0 100.0 100.0 97.0 83.0 92.0 51.0 13.0 3.0 1.0 0.0 0.0 0.0 
