0.0 
0.0 0.0 
0.0 0.0 0.0 
0.0 0.0 0.0 0.0 
0.0 0.0 0.0 0.0 2.0 
0.0 0.0 0.0 0.0 2.0 12.0 
0.0 0.0 0.0 0.0 2.0 12.0 35.0 
0.0 0.0 0.0 0.0 2.0 12.0 35.0 58.0 
0.0 0.0 0.0 0.0 2.0 12.0 35.0 58.0 78.0 
0.0 0.0 0.0 0.0 2.0 12.0 35.0 58.0 78.0 116.0 
0.0 0.0 0.0 0.0 2.0 12.0 35.0 58.0 78.0 116.0 101.0 
0.0 0.0 0.0 0.0 2.0 12.0 35.0 58.0 78.0 116.0 101.0 94.0 
0.0 0.0 0.0 0.0 2.0 12.0 35.0 58.0 78.0 116.0 101.0 94.0 89.0 
0.0 0.0 0.0 0.0 2.0 12.0 35.0 58.0 78.0 116.0 101.0 94.0 89.0 75.0 
0.0 0.0 0.0 0.0 2.0 12.0 35.0 58.0 78.0 116.0 101.0 94.0 89.0 75.0 82.0 
0.0 0.0 0.0 0.0 2.0 12.0 35.0 58.0 78.0 116.0 101.0 94.0 89.0 75.0 82.0 60.0 
0.0 0.0 0.0 0.0 2.0 12.0 35.0 58.0 78.0 116.0 101.0 94.0 89.0 75.0 82.0 60.0 59.0 
0.0 0.0 0.0 0.0 2.0 12.0 35.0 58.0 78.0 116.0 101.0 94.0 89.0 75.0 82.0 60.0 59.0 24.0 
0.0 0.0 0.0 0.0 2.0 12.0 35.0 58.0 78.0 116.0 101.0 94.0 89.0 75.0 82.0 60.0 59.0 24.0 4.0 
0.0 0.0 0.0 0.0 2.0 12.0 35.0 58.0 78.0 116.0 101.0 94.0 89.0 75.0 82.0 60.0 59.0 24.0 4.0 2.0 
0.0 0.0 0.0 0.0 2.0 12.0 35.0 58.0 78.0 116.0 101.0 94.0 89.0 75.0 82.0 60.0 59.0 24.0 4.0 2.0 0.0 
0.0 
0.0 0.0 
0.0 0.0 0.0 
0.0 0.0 0.0 0.0 
0.0 0.0 0.0 0.0 2.0 
0.0 0.0 0.0 0.0 2.0 4.0 
0.0 0.0 0.0 0.0 2.0 4.0 16.0 
0.0 0.0 0.0 0.0 2.0 4.0 16.0 30.0 
0.0 0.0 0.0 0.0 2.0 4.0 16.0 30.0 64.0 
0.0 0.0 0.0 0.0 2.0 4.0 16.0 30.0 64.0 84.0 
0.0 0.0 0.0 0.0 2.0 4.0 16.0 30.0 64.0 84.0 110.0 
0.0 0.0 0.0 0.0 2.0 4.0 16.0 30.0 64.0 84.0 110.0 92.0 
0.0 0.0 0.0 0.0 2.0 4.0 16.0 30.0 64.0 84.0 110.0 92.0 99.0 
0.0 0.0 0.0 0.0 2.0 4.0 16.0 30.0 64.0 84.0 110.0 92.0 99.0 103.0 
0.0 0.0 0.0 0.0 2.0 4.0 16.0 30.0 64.0 84.0 110.0 92.0 99.0 103.0 57.0 
0.0 0.0 0.0 0.0 2.0 4.0 16.0 30.0 64.0 84.0 110.0 92.0 99.0 103.0 57.0 20.0 
0.0 0.0 0.0 0.0 2.0 4.0 16.0 30.0 64.0 84.0 110.0 92.0 99.0 103.0 57.0 20.0 12.0 
0.0 0.0 0.0 0.0 2.0 4.0 16.0 30.0 64.0 84.0 110.0 92.0 99.0 103.0 57.0 20.0 12.0 5.0 
0.0 0.0 0.0 0.0 2.0 4.0 16.0 30.0 64.0 84.0 110.0 92.0 99.0 103.0 57.0 20.0 12.0 5.0 1.0 
0.0 0.0 0.0 0.0 2.0 4.0 16.0 30.0 64.0 84.0 110.0 92.0 99.0 103.0 57.0 20.0 12.0 5.0 1.0 0.0 
0.0 0.0 0.0 0.0 2.0 4.0 16.0 30.0 64.0 84.0 110.0 92.0 99.0 103.0 57.0 20.0 12.0 5.0 1.0 0.0 0.0 
0.0 
0.0 0.0 
0.0 0.0 0.0 
0.0 0.0 0.0 0.0 
0.0 0.0 0.0 0.0 3.0 
0.0 0.0 0.0 0.0 3.0 12.0 
0.0 0.0 0.0 0.0 3.0 12.0 29.0 
0.0 0.0 0.0 0.0 3.0 12.0 29.0 56.0 
0.0 0.0 0.0 0.0 3.0 12.0 29.0 56.0 86.0 
0.0 0.0 0.0 0.0 3.0 12.0 29.0 56.0 86.0 76.0 
0.0 0.0 0.0 0.0 3.0 12.0 29.0 56.0 86.0 76.0 102.0 
0.0 0.0 0.0 0.0 3.0 12.0 29.0 56.0 86.0 76.0 102.0 72.0 
0.0 0.0 0.0 0.0 3.0 12.0 29.0 56.0 86.0 76.0 102.0 72.0 63.0 
0.0 0.0 0.0 0.0 3.0 12.0 29.0 56.0 86.0 76.0 102.0 72.0 63.0 85.0 
0.0 0.0 0.0 0.0 3.0 12.0 29.0 56.0 86.0 76.0 102.0 72.0 63.0 85.0 66.0 
0.0 0.0 0.0 0.0 3.0 12.0 29.0 56.0 86.0 76.0 102.0 72.0 63.0 85.0 66.0 73.0 
0.0 0.0 0.0 0.0 3.0 12.0 29.0 56.0 86.0 76.0 102.0 72.0 63.0 85.0 66.0 73.0 53.0 
0.0 0.0 0.0 0.0 3.0 12.0 29.0 56.0 86.0 76.0 102.0 72.0 63.0 85.0 66.0 73.0 53.0 29.0 
0.0 0.0 0.0 0.0 3.0 12.0 29.0 56.0 86.0 76.0 102.0 72.0 63.0 85.0 66.0 73.0 53.0 29.0 11.0 
0.0 0.0 0.0 0.0 3.0 12.0 29.0 56.0 86.0 76.0 102.0 72.0 63.0 85.0 66.0 73.0 53.0 29.0 11.0 1.0 
0.0 0.0 0.0 0.0 3.0 12.0 29.0 56.0 86.0 76.0 102.0 72.0 63.0 85.0 66.0 73.0 53.0 29.0 11.0 1.0 0.0 
0.0 
0.0 0.0 
0.0 0.0 0.0 
0.0 0.0 0.0 0.0 
0.0 0.0 0.0 0.0 0.0 
0.0 0.0 0.0 0.0 0.0 4.0 
0.0 0.0 0.0 0.0 0.0 4.0 19.0 
0.0 0.0 0.0 0.0 0.0 4.0 19.0 43.0 
0.0 0.0 0.0 0.0 0.0 4.0 19.0 43.0 68.0 
0.0 0.0 0.0 0.0 0.0 4.0 19.0 43.0 68.0 98.0 
0.0 0.0 0.0 0.0 0.0 4.0 19.0 43.0 68.0 98.0 111.0 
0.0 0.0 0.0 0.0 0.0 4.0 19.0 43.0 68.0 98.0 111.0 103.0 
0.0 0.0 0.0 0.0 0.0 4.0 19.0 43.0 68.0 98.0 111.0 103.0 100.0 
0.0 0.0 0.0 0.0 0.0 4.0 19.0 43.0 68.0 98.0 111.0 103.0 100.0 90.0 
0.0 0.0 0.0 0.0 0.0 4.0 19.0 43.0 68.0 98.0 111.0 103.0 100.0 90.0 61.0 
0.0 0.0 0.0 0.0 0.0 4.0 19.0 43.0 68.0 98.0 111.0 103.0 100.0 90.0 61.0 27.0 
0.0 0.0 0.0 0.0 0.0 4.0 19.0 43.0 68.0 98.0 111.0 103.0 100.0 90.0 61.0 27.0 9.0 
0.0 0.0 0.0 0.0 0.0 4.0 19.0 43.0 68.0 98.0 111.0 103.0 100.0 90.0 61.0 27.0 9.0 3.0 
0.0 0.0 0.0 0.0 0.0 4.0 19.0 43.0 68.0 98.0 111.0 103.0 100.0 90.0 61.0 27.0 9.0 3.0 1.0 
0.0 0.0 0.0 0.0 0.0 4.0 19.0 43.0 68.0 98.0 111.0 103.0 100.0 90.0 61.0 27.0 9.0 3.0 1.0 0.0 
0.0 0.0 0.0 0.0 0.0 4.0 19.0 43.0 68.0 98.0 111.0 103.0 100.0 90.0 61.0 27.0 9.0 3.0 1.0 0.0 0.0 
