0.0 
0.0 0.0 
0.0 0.0 0.0 
0.0 0.0 0.0 0.0 
0.0 0.0 0.0 0.0 0.0 
0.0 0.0 0.0 0.0 0.0 7.0 
0.0 0.0 0.0 0.0 0.0 7.0 18.0 
0.0 0.0 0.0 0.0 0.0 7.0 18.0 49.0 
0.0 0.0 0.0 0.0 0.0 7.0 18.0 49.0 68.0 
0.0 0.0 0.0 0.0 0.0 7.0 18.0 49.0 68.0 108.0 
0.0 0.0 0.0 0.0 0.0 7.0 18.0 49.0 68.0 108.0 101.0 
0.0 0.0 0.0 0.0 0.0 7.0 18.0 49.0 68.0 108.0 101.0 63.0 
0.0 0.0 0.0 0.0 0.0 7.0 18.0 49.0 68.0 108.0 101.0 63.0 29.0 
0.0 0.0 0.0 0.0 0.0 7.0 18.0 49.0 68.0 108.0 101.0 63.0 29.0 68.0 
0.0 0.0 0.0 0.0 0.0 7.0 18.0 49.0 68.0 108.0 101.0 63.0 29.0 68.0 62.0 
0.0 0.0 0.0 0.0 0.0 7.0 18.0 49.0 68.0 108.0 101.0 63.0 29.0 68.0 62.0 56.0 
0.0 0.0 0.0 0.0 0.0 7.0 18.0 49.0 68.0 108.0 101.0 63.0 29.0 68.0 62.0 56.0 42.0 
0.0 0.0 0.0 0.0 0.0 7.0 18.0 49.0 68.0 108.0 101.0 63.0 29.0 68.0 62.0 56.0 42.0 17.0 
0.0 0.0 0.0 0.0 0.0 7.0 18.0 49.0 68.0 108.0 101.0 63.0 29.0 68.0 62.0 56.0 42.0 17.0 1.0 
0.0 0.0 0.0 0.0 0.0 7.0 18.0 49.0 68.0 108.0 101.0 63.0 29.0 68.0 62.0 56.0 42.0 17.0 1.0 1.0 
0.0 0.0 0.0 0.0 0.0 7.0 18.0 49.0 68.0 108.0 101.0 63.0 29.0 68.0 62.0 56.0 42.0 17.0 1.0 1.0 1.0 
0.0 
0.0 0.0 
0.0 0.0 0.0 
0.0 0.0 0.0 0.0 
0.0 0.0 0.0 0.0 0.0 
0.0 0.0 0.0 0.0 0.0 2.0 
0.0 0.0 0.0 0.0 0.0 2.0 7.0 
0.0 0.0 0.0 0.0 0.0 2.0 7.0 26.0 
0.0 0.0 0.0 0.0 0.0 2.0 7.0 26.0 55.0 
0.0 0.0 0.0 0.0 0.0 2.0 7.0 26.0 55.0 88.0 
0.0 0.0 0.0 0.0 0.0 2.0 7.0 26.0 55.0 88.0 105.0 
0.0 0.0 0.0 0.0 0.0 2.0 7.0 26.0 55.0 88.0 105.0 85.0 
0.0 0.0 0.0 0.0 0.0 2.0 7.0 26.0 55.0 88.0 105.0 85.0 102.0 
0.0 0.0 0.0 0.0 0.0 2.0 7.0 26.0 55.0 88.0 105.0 85.0 102.0 73.0 
0.0 0.0 0.0 0.0 0.0 2.0 7.0 26.0 55.0 88.0 105.0 85.0 102.0 73.0 47.0 
0.0 0.0 0.0 0.0 0.0 2.0 7.0 26.0 55.0 88.0 105.0 85.0 102.0 73.0 47.0 21.0 
0.0 0.0 0.0 0.0 0.0 2.0 7.0 26.0 55.0 88.0 105.0 85.0 102.0 73.0 47.0 21.0 6.0 
0.0 0.0 0.0 0.0 0.0 2.0 7.0 26.0 55.0 88.0 105.0 85.0 102.0 73.0 47.0 21.0 6.0 2.0 
0.0 0.0 0.0 0.0 0.0 2.0 7.0 26.0 55.0 88.0 105.0 85.0 102.0 73.0 47.0 21.0 6.0 2.0 0.0 
0.0 0.0 0.0 0.0 0.0 2.0 7.0 26.0 55.0 88.0 105.0 85.0 102.0 73.0 47.0 21.0 6.0 2.0 0.0 0.0 
0.0 0.0 0.0 0.0 0.0 2.0 7.0 26.0 55.0 88.0 105.0 85.0 102.0 73.0 47.0 21.0 6.0 2.0 0.0 0.0 0.0 
0.0 
0.0 0.0 
0.0 0.0 0.0 
0.0 0.0 0.0 0.0 
0.0 0.0 0.0 0.0 1.0 
0.0 0.0 0.0 0.0 1.0 3.0 
0.0 0.0 0.0 0.0 1.0 3.0 19.0 
0.0 0.0 0.0 0.0 1.0 3.0 19.0 52.0 
0.0 0.0 0.0 0.0 1.0 3.0 19.0 52.0 88.0 
0.0 0.0 0.0 0.0 1.0 3.0 19.0 52.0 88.0 63.0 
0.0 0.0 0.0 0.0 1.0 3.0 19.0 52.0 88.0 63.0 75.0 
0.0 0.0 0.0 0.0 1.0 3.0 19.0 52.0 88.0 63.0 75.0 63.0 
0.0 0.0 0.0 0.0 1.0 3.0 19.0 52.0 88.0 63.0 75.0 63.0 57.0 
0.0 0.0 0.0 0.0 1.0 3.0 19.0 52.0 88.0 63.0 75.0 63.0 57.0 47.0 
0.0 0.0 0.0 0.0 1.0 3.0 19.0 52.0 88.0 63.0 75.0 63.0 57.0 47.0 70.0 
0.0 0.0 0.0 0.0 1.0 3.0 19.0 52.0 88.0 63.0 75.0 63.0 57.0 47.0 70.0 76.0 
0.0 0.0 0.0 0.0 1.0 3.0 19.0 52.0 88.0 63.0 75.0 63.0 57.0 47.0 70.0 76.0 38.0 
0.0 0.0 0.0 0.0 1.0 3.0 19.0 52.0 88.0 63.0 75.0 63.0 57.0 47.0 70.0 76.0 38.0 6.0 
0.0 0.0 0.0 0.0 1.0 3.0 19.0 52.0 88.0 63.0 75.0 63.0 57.0 47.0 70.0 76.0 38.0 6.0 2.0 
0.0 0.0 0.0 0.0 1.0 3.0 19.0 52.0 88.0 63.0 75.0 63.0 57.0 47.0 70.0 76.0 38.0 6.0 2.0 0.0 
0.0 0.0 0.0 0.0 1.0 3.0 19.0 52.0 88.0 63.0 75.0 63.0 57.0 47.0 70.0 76.0 38.0 6.0 2.0 0.0 1.0 
0.0 
0.0 0.0 
0.0 0.0 0.0 
0.0 0.0 0.0 0.0 
0.0 0.0 0.0 0.0 1.0 
0.0 0.0 0.0 0.0 1.0 1.0 
0.0 0.0 0.0 0.0 1.0 1.0 6.0 
0.0 0.0 0.0 0.0 1.0 1.0 6.0 25.0 
0.0 0.0 0.0 0.0 1.0 1.0 6.0 25.0 54.0 
0.0 0.0 0.0 0.0 1.0 1.0 6.0 25.0 54.0 94.0 
0.0 0.0 0.0 0.0 1.0 1.0 6.0 25.0 54.0 94.0 115.0 
0.0 0.0 0.0 0.0 1.0 1.0 6.0 25.0 54.0 94.0 115.0 105.0 
0.0 0.0 0.0 0.0 1.0 1.0 6.0 25.0 54.0 94.0 115.0 105.0 92.0 
0.0 0.0 0.0 0.0 1.0 1.0 6.0 25.0 54.0 94.0 115.0 105.0 92.0 72.0 
0.0 0.0 0.0 0.0 1.0 1.0 6.0 25.0 54.0 94.0 115.0 105.0 92.0 72.0 46.0 
0.0 0.0 0.0 0.0 1.0 1.0 6.0 25.0 54.0 94.0 115.0 105.0 92.0 72.0 46.0 23.0 
0.0 0.0 0.0 0.0 1.0 1.0 6.0 25.0 54.0 94.0 115.0 105.0 92.0 72.0 46.0 23.0 7.0 
0.0 0.0 0.0 0.0 1.0 1.0 6.0 25.0 54.0 94.0 115.0 105.0 92.0 72.0 46.0 23.0 7.0 2.0 
0.0 0.0 0.0 0.0 1.0 1.0 6.0 25.0 54.0 94.0 115.0 105.0 92.0 72.0 46.0 23.0 7.0 2.0 0.0 
0.0 0.0 0.0 0.0 1.0 1.0 6.0 25.0 54.0 94.0 115.0 105.0 92.0 72.0 46.0 23.0 7.0 2.0 0.0 0.0 
0.0 0.0 0.0 0.0 1.0 1.0 6.0 25.0 54.0 94.0 115.0 105.0 92.0 72.0 46.0 23.0 7.0 2.0 0.0 0.0 0.0 
