0.0 
0.0 1.0 
0.0 1.0 1.0 
0.0 1.0 1.0 2.0 
0.0 1.0 1.0 2.0 6.0 
0.0 1.0 1.0 2.0 6.0 15.0 
0.0 1.0 1.0 2.0 6.0 15.0 27.0 
0.0 1.0 1.0 2.0 6.0 15.0 27.0 55.0 
0.0 1.0 1.0 2.0 6.0 15.0 27.0 55.0 90.0 
0.0 1.0 1.0 2.0 6.0 15.0 27.0 55.0 90.0 92.0 
0.0 1.0 1.0 2.0 6.0 15.0 27.0 55.0 90.0 92.0 84.0 
0.0 1.0 1.0 2.0 6.0 15.0 27.0 55.0 90.0 92.0 84.0 84.0 
0.0 1.0 1.0 2.0 6.0 15.0 27.0 55.0 90.0 92.0 84.0 84.0 87.0 
0.0 1.0 1.0 2.0 6.0 15.0 27.0 55.0 90.0 92.0 84.0 84.0 87.0 79.0 
0.0 1.0 1.0 2.0 6.0 15.0 27.0 55.0 90.0 92.0 84.0 84.0 87.0 79.0 97.0 
0.0 1.0 1.0 2.0 6.0 15.0 27.0 55.0 90.0 92.0 84.0 84.0 87.0 79.0 97.0 75.0 
0.0 1.0 1.0 2.0 6.0 15.0 27.0 55.0 90.0 92.0 84.0 84.0 87.0 79.0 97.0 75.0 50.0 
0.0 1.0 1.0 2.0 6.0 15.0 27.0 55.0 90.0 92.0 84.0 84.0 87.0 79.0 97.0 75.0 50.0 28.0 
0.0 1.0 1.0 2.0 6.0 15.0 27.0 55.0 90.0 92.0 84.0 84.0 87.0 79.0 97.0 75.0 50.0 28.0 10.0 
0.0 1.0 1.0 2.0 6.0 15.0 27.0 55.0 90.0 92.0 84.0 84.0 87.0 79.0 97.0 75.0 50.0 28.0 10.0 2.0 
0.0 1.0 1.0 2.0 6.0 15.0 27.0 55.0 90.0 92.0 84.0 84.0 87.0 79.0 97.0 75.0 50.0 28.0 10.0 2.0 1.0 
0.0 
0.0 0.0 
0.0 0.0 0.0 
0.0 0.0 0.0 0.0 
0.0 0.0 0.0 0.0 0.0 
0.0 0.0 0.0 0.0 0.0 1.0 
0.0 0.0 0.0 0.0 0.0 1.0 13.0 
0.0 0.0 0.0 0.0 0.0 1.0 13.0 31.0 
0.0 0.0 0.0 0.0 0.0 1.0 13.0 31.0 81.0 
0.0 0.0 0.0 0.0 0.0 1.0 13.0 31.0 81.0 98.0 
0.0 0.0 0.0 0.0 0.0 1.0 13.0 31.0 81.0 98.0 95.0 
0.0 0.0 0.0 0.0 0.0 1.0 13.0 31.0 81.0 98.0 95.0 107.0 
0.0 0.0 0.0 0.0 0.0 1.0 13.0 31.0 81.0 98.0 95.0 107.0 98.0 
0.0 0.0 0.0 0.0 0.0 1.0 13.0 31.0 81.0 98.0 95.0 107.0 98.0 80.0 
0.0 0.0 0.0 0.0 0.0 1.0 13.0 31.0 81.0 98.0 95.0 107.0 98.0 80.0 58.0 
0.0 0.0 0.0 0.0 0.0 1.0 13.0 31.0 81.0 98.0 95.0 107.0 98.0 80.0 58.0 37.0 
0.0 0.0 0.0 0.0 0.0 1.0 13.0 31.0 81.0 98.0 95.0 107.0 98.0 80.0 58.0 37.0 11.0 
0.0 0.0 0.0 0.0 0.0 1.0 13.0 31.0 81.0 98.0 95.0 107.0 98.0 80.0 58.0 37.0 11.0 5.0 
0.0 
0.0 0.0 
0.0 0.0 1.0 
0.0 0.0 1.0 3.0 
0.0 0.0 1.0 3.0 4.0 
0.0 0.0 1.0 3.0 4.0 12.0 
0.0 0.0 1.0 3.0 4.0 12.0 36.0 
0.0 0.0 1.0 3.0 4.0 12.0 36.0 63.0 
0.0 0.0 1.0 3.0 4.0 12.0 36.0 63.0 84.0 
0.0 0.0 1.0 3.0 4.0 12.0 36.0 63.0 84.0 96.0 
0.0 0.0 1.0 3.0 4.0 12.0 36.0 63.0 84.0 96.0 93.0 
0.0 0.0 1.0 3.0 4.0 12.0 36.0 63.0 84.0 96.0 93.0 103.0 
0.0 0.0 1.0 3.0 4.0 12.0 36.0 63.0 84.0 96.0 93.0 103.0 93.0 
0.0 0.0 1.0 3.0 4.0 12.0 36.0 63.0 84.0 96.0 93.0 103.0 93.0 90.0 
0.0 0.0 1.0 3.0 4.0 12.0 36.0 63.0 84.0 96.0 93.0 103.0 93.0 90.0 87.0 
0.0 0.0 1.0 3.0 4.0 12.0 36.0 63.0 84.0 96.0 93.0 103.0 93.0 90.0 87.0 75.0 
0.0 0.0 1.0 3.0 4.0 12.0 36.0 63.0 84.0 96.0 93.0 103.0 93.0 90.0 87.0 75.0 47.0 
0.0 0.0 1.0 3.0 4.0 12.0 36.0 63.0 84.0 96.0 93.0 103.0 93.0 90.0 87.0 75.0 47.0 26.0 
0.0 0.0 1.0 3.0 4.0 12.0 36.0 63.0 84.0 96.0 93.0 103.0 93.0 90.0 87.0 75.0 47.0 26.0 9.0 
0.0 0.0 1.0 3.0 4.0 12.0 36.0 63.0 84.0 96.0 93.0 103.0 93.0 90.0 87.0 75.0 47.0 26.0 9.0 0.0 
0.0 0.0 1.0 3.0 4.0 12.0 36.0 63.0 84.0 96.0 93.0 103.0 93.0 90.0 87.0 75.0 47.0 26.0 9.0 0.0 1.0 
0.0 
0.0 0.0 
0.0 0.0 1.0 
0.0 0.0 1.0 1.0 
0.0 0.0 1.0 1.0 3.0 
0.0 0.0 1.0 1.0 3.0 7.0 
0.0 0.0 1.0 1.0 3.0 7.0 15.0 
0.0 0.0 1.0 1.0 3.0 7.0 15.0 45.0 
0.0 0.0 1.0 1.0 3.0 7.0 15.0 45.0 60.0 
0.0 0.0 1.0 1.0 3.0 7.0 15.0 45.0 60.0 90.0 
0.0 0.0 1.0 1.0 3.0 7.0 15.0 45.0 60.0 90.0 107.0 
0.0 0.0 1.0 1.0 3.0 7.0 15.0 45.0 60.0 90.0 107.0 88.0 
0.0 0.0 1.0 1.0 3.0 7.0 15.0 45.0 60.0 90.0 107.0 88.0 89.0 
0.0 0.0 1.0 1.0 3.0 7.0 15.0 45.0 60.0 90.0 107.0 88.0 89.0 81.0 
0.0 0.0 1.0 1.0 3.0 7.0 15.0 45.0 60.0 90.0 107.0 88.0 89.0 81.0 64.0 
0.0 0.0 1.0 1.0 3.0 7.0 15.0 45.0 60.0 90.0 107.0 88.0 89.0 81.0 64.0 30.0 
0.0 0.0 1.0 1.0 3.0 7.0 15.0 45.0 60.0 90.0 107.0 88.0 89.0 81.0 64.0 30.0 16.0 
0.0 0.0 1.0 1.0 3.0 7.0 15.0 45.0 60.0 90.0 107.0 88.0 89.0 81.0 64.0 30.0 16.0 6.0 
0.0 0.0 1.0 1.0 3.0 7.0 15.0 45.0 60.0 90.0 107.0 88.0 89.0 81.0 64.0 30.0 16.0 6.0 2.0 
0.0 0.0 1.0 1.0 3.0 7.0 15.0 45.0 60.0 90.0 107.0 88.0 89.0 81.0 64.0 30.0 16.0 6.0 2.0 0.0 
0.0 0.0 1.0 1.0 3.0 7.0 15.0 45.0 60.0 90.0 107.0 88.0 89.0 81.0 64.0 30.0 16.0 6.0 2.0 0.0 0.0 
