0.0 
0.0 0.0 
0.0 0.0 0.0 
0.0 0.0 0.0 0.0 
0.0 0.0 0.0 0.0 0.0 
0.0 0.0 0.0 0.0 0.0 1.0 
0.0 0.0 0.0 0.0 0.0 1.0 6.0 
0.0 0.0 0.0 0.0 0.0 1.0 6.0 42.0 
0.0 0.0 0.0 0.0 0.0 1.0 6.0 42.0 57.0 
0.0 0.0 0.0 0.0 0.0 1.0 6.0 42.0 57.0 65.0 
0.0 0.0 0.0 0.0 0.0 1.0 6.0 42.0 57.0 65.0 41.0 
0.0 0.0 0.0 0.0 0.0 1.0 6.0 42.0 57.0 65.0 41.0 41.0 
0.0 0.0 0.0 0.0 0.0 1.0 6.0 42.0 57.0 65.0 41.0 41.0 32.0 
0.0 0.0 0.0 0.0 0.0 1.0 6.0 42.0 57.0 65.0 41.0 41.0 32.0 34.0 
0.0 0.0 0.0 0.0 0.0 1.0 6.0 42.0 57.0 65.0 41.0 41.0 32.0 34.0 53.0 
0.0 0.0 0.0 0.0 0.0 1.0 6.0 42.0 57.0 65.0 41.0 41.0 32.0 34.0 53.0 68.0 
0.0 0.0 0.0 0.0 0.0 1.0 6.0 42.0 57.0 65.0 41.0 41.0 32.0 34.0 53.0 68.0 39.0 
0.0 0.0 0.0 0.0 0.0 1.0 6.0 42.0 57.0 65.0 41.0 41.0 32.0 34.0 53.0 68.0 39.0 2.0 
0.0 0.0 0.0 0.0 0.0 1.0 6.0 42.0 57.0 65.0 41.0 41.0 32.0 34.0 53.0 68.0 39.0 2.0 0.0 
0.0 0.0 0.0 0.0 0.0 1.0 6.0 42.0 57.0 65.0 41.0 41.0 32.0 34.0 53.0 68.0 39.0 2.0 0.0 0.0 
0.0 0.0 0.0 0.0 0.0 1.0 6.0 42.0 57.0 65.0 41.0 41.0 32.0 34.0 53.0 68.0 39.0 2.0 0.0 0.0 0.0 
0.0 
0.0 0.0 
0.0 0.0 0.0 
0.0 0.0 0.0 0.0 
0.0 0.0 0.0 0.0 0.0 
0.0 0.0 0.0 0.0 0.0 0.0 
0.0 0.0 0.0 0.0 0.0 0.0 1.0 
0.0 0.0 0.0 0.0 0.0 0.0 1.0 6.0 
0.0 0.0 0.0 0.0 0.0 0.0 1.0 6.0 38.0 
0.0 0.0 0.0 0.0 0.0 0.0 1.0 6.0 38.0 90.0 
0.0 0.0 0.0 0.0 0.0 0.0 1.0 6.0 38.0 90.0 79.0 
0.0 0.0 0.0 0.0 0.0 0.0 1.0 6.0 38.0 90.0 79.0 63.0 
0.0 0.0 0.0 0.0 0.0 0.0 1.0 6.0 38.0 90.0 79.0 63.0 70.0 
0.0 0.0 0.0 0.0 0.0 0.0 1.0 6.0 38.0 90.0 79.0 63.0 70.0 60.0 
0.0 0.0 0.0 0.0 0.0 0.0 1.0 6.0 38.0 90.0 79.0 63.0 70.0 60.0 49.0 
0.0 0.0 0.0 0.0 0.0 0.0 1.0 6.0 38.0 90.0 79.0 63.0 70.0 60.0 49.0 5.0 
0.0 0.0 0.0 0.0 0.0 0.0 1.0 6.0 38.0 90.0 79.0 63.0 70.0 60.0 49.0 5.0 2.0 
0.0 0.0 0.0 0.0 0.0 0.0 1.0 6.0 38.0 90.0 79.0 63.0 70.0 60.0 49.0 5.0 2.0 0.0 
0.0 0.0 0.0 0.0 0.0 0.0 1.0 6.0 38.0 90.0 79.0 63.0 70.0 60.0 49.0 5.0 2.0 0.0 0.0 
0.0 0.0 0.0 0.0 0.0 0.0 1.0 6.0 38.0 90.0 79.0 63.0 70.0 60.0 49.0 5.0 2.0 0.0 0.0 0.0 
0.0 0.0 0.0 0.0 0.0 0.0 1.0 6.0 38.0 90.0 79.0 63.0 70.0 60.0 49.0 5.0 2.0 0.0 0.0 0.0 0.0 
0.0 
0.0 0.0 
0.0 0.0 0.0 
0.0 0.0 0.0 0.0 
0.0 0.0 0.0 0.0 0.0 
0.0 0.0 0.0 0.0 0.0 0.0 
0.0 0.0 0.0 0.0 0.0 0.0 6.0 
0.0 0.0 0.0 0.0 0.0 0.0 6.0 45.0 
0.0 0.0 0.0 0.0 0.0 0.0 6.0 45.0 64.0 
0.0 0.0 0.0 0.0 0.0 0.0 6.0 45.0 64.0 52.0 
0.0 0.0 0.0 0.0 0.0 0.0 6.0 45.0 64.0 52.0 57.0 
0.0 0.0 0.0 0.0 0.0 0.0 6.0 45.0 64.0 52.0 57.0 42.0 
0.0 0.0 0.0 0.0 0.0 0.0 6.0 45.0 64.0 52.0 57.0 42.0 54.0 
0.0 0.0 0.0 0.0 0.0 0.0 6.0 45.0 64.0 52.0 57.0 42.0 54.0 41.0 
0.0 0.0 0.0 0.0 0.0 0.0 6.0 45.0 64.0 52.0 57.0 42.0 54.0 41.0 31.0 
0.0 0.0 0.0 0.0 0.0 0.0 6.0 45.0 64.0 52.0 57.0 42.0 54.0 41.0 31.0 65.0 
0.0 0.0 0.0 0.0 0.0 0.0 6.0 45.0 64.0 52.0 57.0 42.0 54.0 41.0 31.0 65.0 34.0 
0.0 0.0 0.0 0.0 0.0 0.0 6.0 45.0 64.0 52.0 57.0 42.0 54.0 41.0 31.0 65.0 34.0 0.0 
0.0 0.0 0.0 0.0 0.0 0.0 6.0 45.0 64.0 52.0 57.0 42.0 54.0 41.0 31.0 65.0 34.0 0.0 0.0 
0.0 0.0 0.0 0.0 0.0 0.0 6.0 45.0 64.0 52.0 57.0 42.0 54.0 41.0 31.0 65.0 34.0 0.0 0.0 0.0 
0.0 0.0 0.0 0.0 0.0 0.0 6.0 45.0 64.0 52.0 57.0 42.0 54.0 41.0 31.0 65.0 34.0 0.0 0.0 0.0 0.0 
0.0 
0.0 0.0 
0.0 0.0 0.0 
0.0 0.0 0.0 0.0 
0.0 0.0 0.0 0.0 0.0 
0.0 0.0 0.0 0.0 0.0 0.0 
0.0 0.0 0.0 0.0 0.0 0.0 0.0 
0.0 0.0 0.0 0.0 0.0 0.0 0.0 8.0 
0.0 0.0 0.0 0.0 0.0 0.0 0.0 8.0 37.0 
0.0 0.0 0.0 0.0 0.0 0.0 0.0 8.0 37.0 74.0 
0.0 0.0 0.0 0.0 0.0 0.0 0.0 8.0 37.0 74.0 106.0 
0.0 0.0 0.0 0.0 0.0 0.0 0.0 8.0 37.0 74.0 106.0 5.0 
0.0 0.0 0.0 0.0 0.0 0.0 0.0 8.0 37.0 74.0 106.0 5.0 57.0 
0.0 0.0 0.0 0.0 0.0 0.0 0.0 8.0 37.0 74.0 106.0 5.0 57.0 34.0 
0.0 0.0 0.0 0.0 0.0 0.0 0.0 8.0 37.0 74.0 106.0 5.0 57.0 34.0 50.0 
0.0 0.0 0.0 0.0 0.0 0.0 0.0 8.0 37.0 74.0 106.0 5.0 57.0 34.0 50.0 7.0 
0.0 0.0 0.0 0.0 0.0 0.0 0.0 8.0 37.0 74.0 106.0 5.0 57.0 34.0 50.0 7.0 1.0 
0.0 0.0 0.0 0.0 0.0 0.0 0.0 8.0 37.0 74.0 106.0 5.0 57.0 34.0 50.0 7.0 1.0 0.0 
0.0 0.0 0.0 0.0 0.0 0.0 0.0 8.0 37.0 74.0 106.0 5.0 57.0 34.0 50.0 7.0 1.0 0.0 0.0 
0.0 0.0 0.0 0.0 0.0 0.0 0.0 8.0 37.0 74.0 106.0 5.0 57.0 34.0 50.0 7.0 1.0 0.0 0.0 0.0 
0.0 0.0 0.0 0.0 0.0 0.0 0.0 8.0 37.0 74.0 106.0 5.0 57.0 34.0 50.0 7.0 1.0 0.0 0.0 0.0 0.0 
