0.0 
0.0 0.0 
0.0 0.0 0.0 
0.0 0.0 0.0 0.0 
0.0 0.0 0.0 0.0 0.0 
0.0 0.0 0.0 0.0 0.0 0.0 
0.0 0.0 0.0 0.0 0.0 0.0 2.0 
0.0 0.0 0.0 0.0 0.0 0.0 2.0 40.0 
0.0 0.0 0.0 0.0 0.0 0.0 2.0 40.0 47.0 
0.0 0.0 0.0 0.0 0.0 0.0 2.0 40.0 47.0 45.0 
0.0 0.0 0.0 0.0 0.0 0.0 2.0 40.0 47.0 45.0 48.0 
0.0 0.0 0.0 0.0 0.0 0.0 2.0 40.0 47.0 45.0 48.0 40.0 
0.0 0.0 0.0 0.0 0.0 0.0 2.0 40.0 47.0 45.0 48.0 40.0 36.0 
0.0 0.0 0.0 0.0 0.0 0.0 2.0 40.0 47.0 45.0 48.0 40.0 36.0 15.0 
0.0 0.0 0.0 0.0 0.0 0.0 2.0 40.0 47.0 45.0 48.0 40.0 36.0 15.0 14.0 
0.0 0.0 0.0 0.0 0.0 0.0 2.0 40.0 47.0 45.0 48.0 40.0 36.0 15.0 14.0 34.0 
0.0 0.0 0.0 0.0 0.0 0.0 2.0 40.0 47.0 45.0 48.0 40.0 36.0 15.0 14.0 34.0 43.0 
0.0 0.0 0.0 0.0 0.0 0.0 2.0 40.0 47.0 45.0 48.0 40.0 36.0 15.0 14.0 34.0 43.0 1.0 
0.0 0.0 0.0 0.0 0.0 0.0 2.0 40.0 47.0 45.0 48.0 40.0 36.0 15.0 14.0 34.0 43.0 1.0 0.0 
0.0 0.0 0.0 0.0 0.0 0.0 2.0 40.0 47.0 45.0 48.0 40.0 36.0 15.0 14.0 34.0 43.0 1.0 0.0 0.0 
0.0 0.0 0.0 0.0 0.0 0.0 2.0 40.0 47.0 45.0 48.0 40.0 36.0 15.0 14.0 34.0 43.0 1.0 0.0 0.0 0.0 
0.0 
0.0 0.0 
0.0 0.0 0.0 
0.0 0.0 0.0 0.0 
0.0 0.0 0.0 0.0 0.0 
0.0 0.0 0.0 0.0 0.0 0.0 
0.0 0.0 0.0 0.0 0.0 0.0 1.0 
0.0 0.0 0.0 0.0 0.0 0.0 1.0 6.0 
0.0 0.0 0.0 0.0 0.0 0.0 1.0 6.0 43.0 
0.0 0.0 0.0 0.0 0.0 0.0 1.0 6.0 43.0 88.0 
0.0 0.0 0.0 0.0 0.0 0.0 1.0 6.0 43.0 88.0 48.0 
0.0 0.0 0.0 0.0 0.0 0.0 1.0 6.0 43.0 88.0 48.0 59.0 
0.0 0.0 0.0 0.0 0.0 0.0 1.0 6.0 43.0 88.0 48.0 59.0 47.0 
0.0 0.0 0.0 0.0 0.0 0.0 1.0 6.0 43.0 88.0 48.0 59.0 47.0 40.0 
0.0 0.0 0.0 0.0 0.0 0.0 1.0 6.0 43.0 88.0 48.0 59.0 47.0 40.0 48.0 
0.0 0.0 0.0 0.0 0.0 0.0 1.0 6.0 43.0 88.0 48.0 59.0 47.0 40.0 48.0 3.0 
0.0 0.0 0.0 0.0 0.0 0.0 1.0 6.0 43.0 88.0 48.0 59.0 47.0 40.0 48.0 3.0 0.0 
0.0 0.0 0.0 0.0 0.0 0.0 1.0 6.0 43.0 88.0 48.0 59.0 47.0 40.0 48.0 3.0 0.0 0.0 
0.0 0.0 0.0 0.0 0.0 0.0 1.0 6.0 43.0 88.0 48.0 59.0 47.0 40.0 48.0 3.0 0.0 0.0 0.0 
0.0 0.0 0.0 0.0 0.0 0.0 1.0 6.0 43.0 88.0 48.0 59.0 47.0 40.0 48.0 3.0 0.0 0.0 0.0 0.0 
0.0 0.0 0.0 0.0 0.0 0.0 1.0 6.0 43.0 88.0 48.0 59.0 47.0 40.0 48.0 3.0 0.0 0.0 0.0 0.0 0.0 
0.0 
0.0 0.0 
0.0 0.0 0.0 
0.0 0.0 0.0 0.0 
0.0 0.0 0.0 0.0 0.0 
0.0 0.0 0.0 0.0 0.0 0.0 
0.0 0.0 0.0 0.0 0.0 0.0 4.0 
0.0 0.0 0.0 0.0 0.0 0.0 4.0 38.0 
0.0 0.0 0.0 0.0 0.0 0.0 4.0 38.0 79.0 
0.0 0.0 0.0 0.0 0.0 0.0 4.0 38.0 79.0 46.0 
0.0 0.0 0.0 0.0 0.0 0.0 4.0 38.0 79.0 46.0 43.0 
0.0 0.0 0.0 0.0 0.0 0.0 4.0 38.0 79.0 46.0 43.0 35.0 
0.0 0.0 0.0 0.0 0.0 0.0 4.0 38.0 79.0 46.0 43.0 35.0 28.0 
0.0 0.0 0.0 0.0 0.0 0.0 4.0 38.0 79.0 46.0 43.0 35.0 28.0 28.0 
0.0 0.0 0.0 0.0 0.0 0.0 4.0 38.0 79.0 46.0 43.0 35.0 28.0 28.0 36.0 
0.0 0.0 0.0 0.0 0.0 0.0 4.0 38.0 79.0 46.0 43.0 35.0 28.0 28.0 36.0 26.0 
0.0 0.0 0.0 0.0 0.0 0.0 4.0 38.0 79.0 46.0 43.0 35.0 28.0 28.0 36.0 26.0 41.0 
0.0 0.0 0.0 0.0 0.0 0.0 4.0 38.0 79.0 46.0 43.0 35.0 28.0 28.0 36.0 26.0 41.0 1.0 
0.0 0.0 0.0 0.0 0.0 0.0 4.0 38.0 79.0 46.0 43.0 35.0 28.0 28.0 36.0 26.0 41.0 1.0 0.0 
0.0 0.0 0.0 0.0 0.0 0.0 4.0 38.0 79.0 46.0 43.0 35.0 28.0 28.0 36.0 26.0 41.0 1.0 0.0 0.0 
0.0 0.0 0.0 0.0 0.0 0.0 4.0 38.0 79.0 46.0 43.0 35.0 28.0 28.0 36.0 26.0 41.0 1.0 0.0 0.0 0.0 
0.0 
0.0 0.0 
0.0 0.0 0.0 
0.0 0.0 0.0 0.0 
0.0 0.0 0.0 0.0 0.0 
0.0 0.0 0.0 0.0 0.0 1.0 
0.0 0.0 0.0 0.0 0.0 1.0 1.0 
0.0 0.0 0.0 0.0 0.0 1.0 1.0 5.0 
0.0 0.0 0.0 0.0 0.0 1.0 1.0 5.0 34.0 
0.0 0.0 0.0 0.0 0.0 1.0 1.0 5.0 34.0 103.0 
0.0 0.0 0.0 0.0 0.0 1.0 1.0 5.0 34.0 103.0 45.0 
0.0 0.0 0.0 0.0 0.0 1.0 1.0 5.0 34.0 103.0 45.0 11.0 
0.0 0.0 0.0 0.0 0.0 1.0 1.0 5.0 34.0 103.0 45.0 11.0 49.0 
0.0 0.0 0.0 0.0 0.0 1.0 1.0 5.0 34.0 103.0 45.0 11.0 49.0 19.0 
0.0 0.0 0.0 0.0 0.0 1.0 1.0 5.0 34.0 103.0 45.0 11.0 49.0 19.0 50.0 
0.0 0.0 0.0 0.0 0.0 1.0 1.0 5.0 34.0 103.0 45.0 11.0 49.0 19.0 50.0 1.0 
0.0 0.0 0.0 0.0 0.0 1.0 1.0 5.0 34.0 103.0 45.0 11.0 49.0 19.0 50.0 1.0 0.0 
0.0 0.0 0.0 0.0 0.0 1.0 1.0 5.0 34.0 103.0 45.0 11.0 49.0 19.0 50.0 1.0 0.0 0.0 
0.0 0.0 0.0 0.0 0.0 1.0 1.0 5.0 34.0 103.0 45.0 11.0 49.0 19.0 50.0 1.0 0.0 0.0 0.0 
0.0 0.0 0.0 0.0 0.0 1.0 1.0 5.0 34.0 103.0 45.0 11.0 49.0 19.0 50.0 1.0 0.0 0.0 0.0 0.0 
0.0 0.0 0.0 0.0 0.0 1.0 1.0 5.0 34.0 103.0 45.0 11.0 49.0 19.0 50.0 1.0 0.0 0.0 0.0 0.0 0.0 
