0.0 
0.0 2.0 
0.0 2.0 4.0 
0.0 2.0 4.0 4.0 
0.0 2.0 4.0 4.0 7.0 
0.0 2.0 4.0 4.0 7.0 25.0 
0.0 2.0 4.0 4.0 7.0 25.0 57.0 
0.0 2.0 4.0 4.0 7.0 25.0 57.0 73.0 
0.0 2.0 4.0 4.0 7.0 25.0 57.0 73.0 93.0 
0.0 2.0 4.0 4.0 7.0 25.0 57.0 73.0 93.0 85.0 
0.0 2.0 4.0 4.0 7.0 25.0 57.0 73.0 93.0 85.0 93.0 
0.0 2.0 4.0 4.0 7.0 25.0 57.0 73.0 93.0 85.0 93.0 108.0 
0.0 2.0 4.0 4.0 7.0 25.0 57.0 73.0 93.0 85.0 93.0 108.0 97.0 
0.0 2.0 4.0 4.0 7.0 25.0 57.0 73.0 93.0 85.0 93.0 108.0 97.0 98.0 
0.0 2.0 4.0 4.0 7.0 25.0 57.0 73.0 93.0 85.0 93.0 108.0 97.0 98.0 101.0 
0.0 2.0 4.0 4.0 7.0 25.0 57.0 73.0 93.0 85.0 93.0 108.0 97.0 98.0 101.0 74.0 
0.0 2.0 4.0 4.0 7.0 25.0 57.0 73.0 93.0 85.0 93.0 108.0 97.0 98.0 101.0 74.0 56.0 
0.0 2.0 4.0 4.0 7.0 25.0 57.0 73.0 93.0 85.0 93.0 108.0 97.0 98.0 101.0 74.0 56.0 37.0 
0.0 2.0 4.0 4.0 7.0 25.0 57.0 73.0 93.0 85.0 93.0 108.0 97.0 98.0 101.0 74.0 56.0 37.0 13.0 
0.0 2.0 4.0 4.0 7.0 25.0 57.0 73.0 93.0 85.0 93.0 108.0 97.0 98.0 101.0 74.0 56.0 37.0 13.0 10.0 
0.0 2.0 4.0 4.0 7.0 25.0 57.0 73.0 93.0 85.0 93.0 108.0 97.0 98.0 101.0 74.0 56.0 37.0 13.0 10.0 4.0 
0.0 
0.0 0.0 
0.0 0.0 2.0 
0.0 0.0 2.0 6.0 
0.0 0.0 2.0 6.0 8.0 
0.0 0.0 2.0 6.0 8.0 19.0 
0.0 0.0 2.0 6.0 8.0 19.0 34.0 
0.0 0.0 2.0 6.0 8.0 19.0 34.0 53.0 
0.0 0.0 2.0 6.0 8.0 19.0 34.0 53.0 84.0 
0.0 0.0 2.0 6.0 8.0 19.0 34.0 53.0 84.0 102.0 
0.0 0.0 2.0 6.0 8.0 19.0 34.0 53.0 84.0 102.0 105.0 
0.0 0.0 2.0 6.0 8.0 19.0 34.0 53.0 84.0 102.0 105.0 104.0 
0.0 0.0 2.0 6.0 8.0 19.0 34.0 53.0 84.0 102.0 105.0 104.0 93.0 
0.0 0.0 2.0 6.0 8.0 19.0 34.0 53.0 84.0 102.0 105.0 104.0 93.0 83.0 
0.0 0.0 2.0 6.0 8.0 19.0 34.0 53.0 84.0 102.0 105.0 104.0 93.0 83.0 73.0 
0.0 
0.0 0.0 
0.0 0.0 0.0 
0.0 0.0 0.0 4.0 
0.0 0.0 0.0 4.0 16.0 
0.0 0.0 0.0 4.0 16.0 20.0 
0.0 0.0 0.0 4.0 16.0 20.0 44.0 
0.0 0.0 0.0 4.0 16.0 20.0 44.0 75.0 
0.0 0.0 0.0 4.0 16.0 20.0 44.0 75.0 91.0 
0.0 0.0 0.0 4.0 16.0 20.0 44.0 75.0 91.0 97.0 
0.0 0.0 0.0 4.0 16.0 20.0 44.0 75.0 91.0 97.0 106.0 
0.0 0.0 0.0 4.0 16.0 20.0 44.0 75.0 91.0 97.0 106.0 99.0 
0.0 0.0 0.0 4.0 16.0 20.0 44.0 75.0 91.0 97.0 106.0 99.0 99.0 
0.0 0.0 0.0 4.0 16.0 20.0 44.0 75.0 91.0 97.0 106.0 99.0 99.0 94.0 
0.0 0.0 0.0 4.0 16.0 20.0 44.0 75.0 91.0 97.0 106.0 99.0 99.0 94.0 100.0 
0.0 0.0 0.0 4.0 16.0 20.0 44.0 75.0 91.0 97.0 106.0 99.0 99.0 94.0 100.0 84.0 
0.0 0.0 0.0 4.0 16.0 20.0 44.0 75.0 91.0 97.0 106.0 99.0 99.0 94.0 100.0 84.0 61.0 
0.0 0.0 0.0 4.0 16.0 20.0 44.0 75.0 91.0 97.0 106.0 99.0 99.0 94.0 100.0 84.0 61.0 32.0 
0.0 0.0 0.0 4.0 16.0 20.0 44.0 75.0 91.0 97.0 106.0 99.0 99.0 94.0 100.0 84.0 61.0 32.0 22.0 
0.0 0.0 0.0 4.0 16.0 20.0 44.0 75.0 91.0 97.0 106.0 99.0 99.0 94.0 100.0 84.0 61.0 32.0 22.0 12.0 
0.0 0.0 0.0 4.0 16.0 20.0 44.0 75.0 91.0 97.0 106.0 99.0 99.0 94.0 100.0 84.0 61.0 32.0 22.0 12.0 5.0 
0.0 
0.0 0.0 
0.0 0.0 0.0 
0.0 0.0 0.0 1.0 
0.0 0.0 0.0 1.0 3.0 
0.0 0.0 0.0 1.0 3.0 10.0 
0.0 0.0 0.0 1.0 3.0 10.0 30.0 
0.0 0.0 0.0 1.0 3.0 10.0 30.0 50.0 
0.0 0.0 0.0 1.0 3.0 10.0 30.0 50.0 89.0 
0.0 0.0 0.0 1.0 3.0 10.0 30.0 50.0 89.0 97.0 
0.0 0.0 0.0 1.0 3.0 10.0 30.0 50.0 89.0 97.0 109.0 
0.0 0.0 0.0 1.0 3.0 10.0 30.0 50.0 89.0 97.0 109.0 99.0 
0.0 0.0 0.0 1.0 3.0 10.0 30.0 50.0 89.0 97.0 109.0 99.0 108.0 
0.0 0.0 0.0 1.0 3.0 10.0 30.0 50.0 89.0 97.0 109.0 99.0 108.0 95.0 
0.0 0.0 0.0 1.0 3.0 10.0 30.0 50.0 89.0 97.0 109.0 99.0 108.0 95.0 67.0 
0.0 0.0 0.0 1.0 3.0 10.0 30.0 50.0 89.0 97.0 109.0 99.0 108.0 95.0 67.0 44.0 
0.0 0.0 0.0 1.0 3.0 10.0 30.0 50.0 89.0 97.0 109.0 99.0 108.0 95.0 67.0 44.0 24.0 
0.0 0.0 0.0 1.0 3.0 10.0 30.0 50.0 89.0 97.0 109.0 99.0 108.0 95.0 67.0 44.0 24.0 17.0 
0.0 0.0 0.0 1.0 3.0 10.0 30.0 50.0 89.0 97.0 109.0 99.0 108.0 95.0 67.0 44.0 24.0 17.0 12.0 
0.0 0.0 0.0 1.0 3.0 10.0 30.0 50.0 89.0 97.0 109.0 99.0 108.0 95.0 67.0 44.0 24.0 17.0 12.0 2.0 
0.0 0.0 0.0 1.0 3.0 10.0 30.0 50.0 89.0 97.0 109.0 99.0 108.0 95.0 67.0 44.0 24.0 17.0 12.0 2.0 1.0 
