0.0 
0.0 0.0 
0.0 0.0 3.0 
0.0 0.0 3.0 7.0 
0.0 0.0 3.0 7.0 11.0 
0.0 0.0 3.0 7.0 11.0 21.0 
0.0 0.0 3.0 7.0 11.0 21.0 53.0 
0.0 0.0 3.0 7.0 11.0 21.0 53.0 72.0 
0.0 0.0 3.0 7.0 11.0 21.0 53.0 72.0 88.0 
0.0 0.0 3.0 7.0 11.0 21.0 53.0 72.0 88.0 95.0 
0.0 0.0 3.0 7.0 11.0 21.0 53.0 72.0 88.0 95.0 105.0 
0.0 0.0 3.0 7.0 11.0 21.0 53.0 72.0 88.0 95.0 105.0 114.0 
0.0 0.0 3.0 7.0 11.0 21.0 53.0 72.0 88.0 95.0 105.0 114.0 103.0 
0.0 0.0 3.0 7.0 11.0 21.0 53.0 72.0 88.0 95.0 105.0 114.0 103.0 113.0 
0.0 0.0 3.0 7.0 11.0 21.0 53.0 72.0 88.0 95.0 105.0 114.0 103.0 113.0 101.0 
0.0 0.0 3.0 7.0 11.0 21.0 53.0 72.0 88.0 95.0 105.0 114.0 103.0 113.0 101.0 82.0 
0.0 0.0 3.0 7.0 11.0 21.0 53.0 72.0 88.0 95.0 105.0 114.0 103.0 113.0 101.0 82.0 68.0 
0.0 0.0 3.0 7.0 11.0 21.0 53.0 72.0 88.0 95.0 105.0 114.0 103.0 113.0 101.0 82.0 68.0 35.0 
0.0 0.0 3.0 7.0 11.0 21.0 53.0 72.0 88.0 95.0 105.0 114.0 103.0 113.0 101.0 82.0 68.0 35.0 26.0 
0.0 0.0 3.0 7.0 11.0 21.0 53.0 72.0 88.0 95.0 105.0 114.0 103.0 113.0 101.0 82.0 68.0 35.0 26.0 18.0 
0.0 0.0 3.0 7.0 11.0 21.0 53.0 72.0 88.0 95.0 105.0 114.0 103.0 113.0 101.0 82.0 68.0 35.0 26.0 18.0 9.0 
2.0 
2.0 2.0 
2.0 2.0 0.0 
2.0 2.0 0.0 3.0 
2.0 2.0 0.0 3.0 13.0 
2.0 2.0 0.0 3.0 13.0 25.0 
2.0 2.0 0.0 3.0 13.0 25.0 40.0 
2.0 2.0 0.0 3.0 13.0 25.0 40.0 59.0 
2.0 2.0 0.0 3.0 13.0 25.0 40.0 59.0 78.0 
2.0 2.0 0.0 3.0 13.0 25.0 40.0 59.0 78.0 93.0 
2.0 2.0 0.0 3.0 13.0 25.0 40.0 59.0 78.0 93.0 119.0 
2.0 2.0 0.0 3.0 13.0 25.0 40.0 59.0 78.0 93.0 119.0 91.0 
2.0 2.0 0.0 3.0 13.0 25.0 40.0 59.0 78.0 93.0 119.0 91.0 107.0 
2.0 2.0 0.0 3.0 13.0 25.0 40.0 59.0 78.0 93.0 119.0 91.0 107.0 95.0 
2.0 
2.0 2.0 
2.0 2.0 5.0 
2.0 2.0 5.0 8.0 
2.0 2.0 5.0 8.0 17.0 
2.0 2.0 5.0 8.0 17.0 34.0 
2.0 2.0 5.0 8.0 17.0 34.0 52.0 
2.0 2.0 5.0 8.0 17.0 34.0 52.0 74.0 
2.0 2.0 5.0 8.0 17.0 34.0 52.0 74.0 101.0 
2.0 2.0 5.0 8.0 17.0 34.0 52.0 74.0 101.0 105.0 
2.0 2.0 5.0 8.0 17.0 34.0 52.0 74.0 101.0 105.0 109.0 
2.0 2.0 5.0 8.0 17.0 34.0 52.0 74.0 101.0 105.0 109.0 98.0 
2.0 2.0 5.0 8.0 17.0 34.0 52.0 74.0 101.0 105.0 109.0 98.0 114.0 
2.0 2.0 5.0 8.0 17.0 34.0 52.0 74.0 101.0 105.0 109.0 98.0 114.0 99.0 
2.0 2.0 5.0 8.0 17.0 34.0 52.0 74.0 101.0 105.0 109.0 98.0 114.0 99.0 80.0 
2.0 2.0 5.0 8.0 17.0 34.0 52.0 74.0 101.0 105.0 109.0 98.0 114.0 99.0 80.0 72.0 
2.0 2.0 5.0 8.0 17.0 34.0 52.0 74.0 101.0 105.0 109.0 98.0 114.0 99.0 80.0 72.0 66.0 
2.0 2.0 5.0 8.0 17.0 34.0 52.0 74.0 101.0 105.0 109.0 98.0 114.0 99.0 80.0 72.0 66.0 43.0 
2.0 2.0 5.0 8.0 17.0 34.0 52.0 74.0 101.0 105.0 109.0 98.0 114.0 99.0 80.0 72.0 66.0 43.0 28.0 
2.0 2.0 5.0 8.0 17.0 34.0 52.0 74.0 101.0 105.0 109.0 98.0 114.0 99.0 80.0 72.0 66.0 43.0 28.0 13.0 
2.0 2.0 5.0 8.0 17.0 34.0 52.0 74.0 101.0 105.0 109.0 98.0 114.0 99.0 80.0 72.0 66.0 43.0 28.0 13.0 4.0 
0.0 
0.0 0.0 
0.0 0.0 2.0 
0.0 0.0 2.0 2.0 
0.0 0.0 2.0 2.0 6.0 
0.0 0.0 2.0 2.0 6.0 20.0 
0.0 0.0 2.0 2.0 6.0 20.0 31.0 
0.0 0.0 2.0 2.0 6.0 20.0 31.0 56.0 
0.0 0.0 2.0 2.0 6.0 20.0 31.0 56.0 77.0 
0.0 0.0 2.0 2.0 6.0 20.0 31.0 56.0 77.0 88.0 
0.0 0.0 2.0 2.0 6.0 20.0 31.0 56.0 77.0 88.0 117.0 
0.0 0.0 2.0 2.0 6.0 20.0 31.0 56.0 77.0 88.0 117.0 102.0 
0.0 0.0 2.0 2.0 6.0 20.0 31.0 56.0 77.0 88.0 117.0 102.0 90.0 
0.0 0.0 2.0 2.0 6.0 20.0 31.0 56.0 77.0 88.0 117.0 102.0 90.0 90.0 
0.0 0.0 2.0 2.0 6.0 20.0 31.0 56.0 77.0 88.0 117.0 102.0 90.0 90.0 76.0 
0.0 0.0 2.0 2.0 6.0 20.0 31.0 56.0 77.0 88.0 117.0 102.0 90.0 90.0 76.0 51.0 
0.0 0.0 2.0 2.0 6.0 20.0 31.0 56.0 77.0 88.0 117.0 102.0 90.0 90.0 76.0 51.0 22.0 
0.0 0.0 2.0 2.0 6.0 20.0 31.0 56.0 77.0 88.0 117.0 102.0 90.0 90.0 76.0 51.0 22.0 12.0 
0.0 0.0 2.0 2.0 6.0 20.0 31.0 56.0 77.0 88.0 117.0 102.0 90.0 90.0 76.0 51.0 22.0 12.0 5.0 
0.0 0.0 2.0 2.0 6.0 20.0 31.0 56.0 77.0 88.0 117.0 102.0 90.0 90.0 76.0 51.0 22.0 12.0 5.0 3.0 
0.0 0.0 2.0 2.0 6.0 20.0 31.0 56.0 77.0 88.0 117.0 102.0 90.0 90.0 76.0 51.0 22.0 12.0 5.0 3.0 3.0 
