1.0 
1.0 3.0 
1.0 3.0 9.0 
1.0 3.0 9.0 20.0 
1.0 3.0 9.0 20.0 31.0 
1.0 3.0 9.0 20.0 31.0 46.0 
1.0 3.0 9.0 20.0 31.0 46.0 71.0 
1.0 3.0 9.0 20.0 31.0 46.0 71.0 66.0 
1.0 3.0 9.0 20.0 31.0 46.0 71.0 66.0 91.0 
1.0 3.0 9.0 20.0 31.0 46.0 71.0 66.0 91.0 99.0 
1.0 3.0 9.0 20.0 31.0 46.0 71.0 66.0 91.0 99.0 91.0 
1.0 3.0 9.0 20.0 31.0 46.0 71.0 66.0 91.0 99.0 91.0 93.0 
1.0 3.0 9.0 20.0 31.0 46.0 71.0 66.0 91.0 99.0 91.0 93.0 109.0 
1.0 3.0 9.0 20.0 31.0 46.0 71.0 66.0 91.0 99.0 91.0 93.0 109.0 109.0 
1.0 3.0 9.0 20.0 31.0 46.0 71.0 66.0 91.0 99.0 91.0 93.0 109.0 109.0 93.0 
1.0 3.0 9.0 20.0 31.0 46.0 71.0 66.0 91.0 99.0 91.0 93.0 109.0 109.0 93.0 87.0 
1.0 3.0 9.0 20.0 31.0 46.0 71.0 66.0 91.0 99.0 91.0 93.0 109.0 109.0 93.0 87.0 73.0 
1.0 3.0 9.0 20.0 31.0 46.0 71.0 66.0 91.0 99.0 91.0 93.0 109.0 109.0 93.0 87.0 73.0 54.0 
1.0 3.0 9.0 20.0 31.0 46.0 71.0 66.0 91.0 99.0 91.0 93.0 109.0 109.0 93.0 87.0 73.0 54.0 37.0 
1.0 3.0 9.0 20.0 31.0 46.0 71.0 66.0 91.0 99.0 91.0 93.0 109.0 109.0 93.0 87.0 73.0 54.0 37.0 15.0 
1.0 3.0 9.0 20.0 31.0 46.0 71.0 66.0 91.0 99.0 91.0 93.0 109.0 109.0 93.0 87.0 73.0 54.0 37.0 15.0 17.0 
2.0 
2.0 4.0 
2.0 4.0 5.0 
2.0 4.0 5.0 9.0 
2.0 4.0 5.0 9.0 11.0 
2.0 4.0 5.0 9.0 11.0 29.0 
2.0 4.0 5.0 9.0 11.0 29.0 50.0 
2.0 4.0 5.0 9.0 11.0 29.0 50.0 68.0 
2.0 4.0 5.0 9.0 11.0 29.0 50.0 68.0 90.0 
2.0 4.0 5.0 9.0 11.0 29.0 50.0 68.0 90.0 103.0 
2.0 4.0 5.0 9.0 11.0 29.0 50.0 68.0 90.0 103.0 98.0 
2.0 4.0 5.0 9.0 11.0 29.0 50.0 68.0 90.0 103.0 98.0 98.0 
2.0 4.0 5.0 9.0 11.0 29.0 50.0 68.0 90.0 103.0 98.0 98.0 92.0 
0.0 
0.0 4.0 
0.0 4.0 9.0 
0.0 4.0 9.0 17.0 
0.0 4.0 9.0 17.0 35.0 
0.0 4.0 9.0 17.0 35.0 49.0 
0.0 4.0 9.0 17.0 35.0 49.0 65.0 
0.0 4.0 9.0 17.0 35.0 49.0 65.0 90.0 
0.0 4.0 9.0 17.0 35.0 49.0 65.0 90.0 105.0 
0.0 4.0 9.0 17.0 35.0 49.0 65.0 90.0 105.0 111.0 
0.0 4.0 9.0 17.0 35.0 49.0 65.0 90.0 105.0 111.0 104.0 
0.0 4.0 9.0 17.0 35.0 49.0 65.0 90.0 105.0 111.0 104.0 106.0 
0.0 4.0 9.0 17.0 35.0 49.0 65.0 90.0 105.0 111.0 104.0 106.0 98.0 
0.0 4.0 9.0 17.0 35.0 49.0 65.0 90.0 105.0 111.0 104.0 106.0 98.0 104.0 
0.0 4.0 9.0 17.0 35.0 49.0 65.0 90.0 105.0 111.0 104.0 106.0 98.0 104.0 98.0 
0.0 4.0 9.0 17.0 35.0 49.0 65.0 90.0 105.0 111.0 104.0 106.0 98.0 104.0 98.0 79.0 
0.0 4.0 9.0 17.0 35.0 49.0 65.0 90.0 105.0 111.0 104.0 106.0 98.0 104.0 98.0 79.0 53.0 
0.0 4.0 9.0 17.0 35.0 49.0 65.0 90.0 105.0 111.0 104.0 106.0 98.0 104.0 98.0 79.0 53.0 52.0 
0.0 4.0 9.0 17.0 35.0 49.0 65.0 90.0 105.0 111.0 104.0 106.0 98.0 104.0 98.0 79.0 53.0 52.0 34.0 
0.0 4.0 9.0 17.0 35.0 49.0 65.0 90.0 105.0 111.0 104.0 106.0 98.0 104.0 98.0 79.0 53.0 52.0 34.0 20.0 
0.0 4.0 9.0 17.0 35.0 49.0 65.0 90.0 105.0 111.0 104.0 106.0 98.0 104.0 98.0 79.0 53.0 52.0 34.0 20.0 9.0 
0.0 
0.0 2.0 
0.0 2.0 6.0 
0.0 2.0 6.0 5.0 
0.0 2.0 6.0 5.0 11.0 
0.0 2.0 6.0 5.0 11.0 28.0 
0.0 2.0 6.0 5.0 11.0 28.0 53.0 
0.0 2.0 6.0 5.0 11.0 28.0 53.0 78.0 
0.0 2.0 6.0 5.0 11.0 28.0 53.0 78.0 88.0 
0.0 2.0 6.0 5.0 11.0 28.0 53.0 78.0 88.0 99.0 
0.0 2.0 6.0 5.0 11.0 28.0 53.0 78.0 88.0 99.0 122.0 
0.0 2.0 6.0 5.0 11.0 28.0 53.0 78.0 88.0 99.0 122.0 113.0 
0.0 2.0 6.0 5.0 11.0 28.0 53.0 78.0 88.0 99.0 122.0 113.0 99.0 
0.0 2.0 6.0 5.0 11.0 28.0 53.0 78.0 88.0 99.0 122.0 113.0 99.0 98.0 
0.0 2.0 6.0 5.0 11.0 28.0 53.0 78.0 88.0 99.0 122.0 113.0 99.0 98.0 88.0 
0.0 2.0 6.0 5.0 11.0 28.0 53.0 78.0 88.0 99.0 122.0 113.0 99.0 98.0 88.0 66.0 
0.0 2.0 6.0 5.0 11.0 28.0 53.0 78.0 88.0 99.0 122.0 113.0 99.0 98.0 88.0 66.0 50.0 
0.0 2.0 6.0 5.0 11.0 28.0 53.0 78.0 88.0 99.0 122.0 113.0 99.0 98.0 88.0 66.0 50.0 34.0 
0.0 2.0 6.0 5.0 11.0 28.0 53.0 78.0 88.0 99.0 122.0 113.0 99.0 98.0 88.0 66.0 50.0 34.0 15.0 
0.0 2.0 6.0 5.0 11.0 28.0 53.0 78.0 88.0 99.0 122.0 113.0 99.0 98.0 88.0 66.0 50.0 34.0 15.0 7.0 
0.0 2.0 6.0 5.0 11.0 28.0 53.0 78.0 88.0 99.0 122.0 113.0 99.0 98.0 88.0 66.0 50.0 34.0 15.0 7.0 5.0 
