3.0 
3.0 13.0 
3.0 13.0 34.0 
3.0 13.0 34.0 71.0 
3.0 13.0 34.0 71.0 95.0 
3.0 13.0 34.0 71.0 95.0 89.0 
3.0 13.0 34.0 71.0 95.0 89.0 83.0 
3.0 13.0 34.0 71.0 95.0 89.0 83.0 97.0 
3.0 13.0 34.0 71.0 95.0 89.0 83.0 97.0 92.0 
3.0 13.0 34.0 71.0 95.0 89.0 83.0 97.0 92.0 72.0 
3.0 13.0 34.0 71.0 95.0 89.0 83.0 97.0 92.0 72.0 32.0 
2.0 
2.0 8.0 
2.0 8.0 27.0 
2.0 8.0 27.0 55.0 
2.0 8.0 27.0 55.0 92.0 
2.0 8.0 27.0 55.0 92.0 108.0 
2.0 8.0 27.0 55.0 92.0 108.0 107.0 
2.0 8.0 27.0 55.0 92.0 108.0 107.0 91.0 
2.0 8.0 27.0 55.0 92.0 108.0 107.0 91.0 64.0 
2.0 8.0 27.0 55.0 92.0 108.0 107.0 91.0 64.0 44.0 
2.0 8.0 27.0 55.0 92.0 108.0 107.0 91.0 64.0 44.0 12.0 
