11.0 
11.0 30.0 
11.0 30.0 56.0 
11.0 30.0 56.0 82.0 
11.0 30.0 56.0 82.0 94.0 
11.0 30.0 56.0 82.0 94.0 99.0 
11.0 30.0 56.0 82.0 94.0 99.0 107.0 
11.0 30.0 56.0 82.0 94.0 99.0 107.0 115.0 
11.0 30.0 56.0 82.0 94.0 99.0 107.0 115.0 95.0 
11.0 30.0 56.0 82.0 94.0 99.0 107.0 115.0 95.0 86.0 
11.0 30.0 56.0 82.0 94.0 99.0 107.0 115.0 95.0 86.0 60.0 
1.0 
1.0 15.0 
1.0 15.0 46.0 
1.0 15.0 46.0 72.0 
1.0 15.0 46.0 72.0 84.0 
1.0 15.0 46.0 72.0 84.0 118.0 
1.0 15.0 46.0 72.0 84.0 118.0 101.0 
1.0 15.0 46.0 72.0 84.0 118.0 101.0 96.0 
1.0 15.0 46.0 72.0 84.0 118.0 101.0 96.0 79.0 
1.0 15.0 46.0 72.0 84.0 118.0 101.0 96.0 79.0 57.0 
1.0 15.0 46.0 72.0 84.0 118.0 101.0 96.0 79.0 57.0 26.0 
