15.0 
15.0 26.0 
15.0 26.0 58.0 
15.0 26.0 58.0 83.0 
15.0 26.0 58.0 83.0 97.0 
15.0 26.0 58.0 83.0 97.0 91.0 
15.0 26.0 58.0 83.0 97.0 91.0 115.0 
15.0 26.0 58.0 83.0 97.0 91.0 115.0 105.0 
15.0 26.0 58.0 83.0 97.0 91.0 115.0 105.0 89.0 
15.0 26.0 58.0 83.0 97.0 91.0 115.0 105.0 89.0 79.0 
15.0 26.0 58.0 83.0 97.0 91.0 115.0 105.0 89.0 79.0 61.0 
10.0 
10.0 25.0 
10.0 25.0 40.0 
10.0 25.0 40.0 71.0 
10.0 25.0 40.0 71.0 79.0 
10.0 25.0 40.0 71.0 79.0 123.0 
10.0 25.0 40.0 71.0 79.0 123.0 99.0 
10.0 25.0 40.0 71.0 79.0 123.0 99.0 96.0 
10.0 25.0 40.0 71.0 79.0 123.0 99.0 96.0 69.0 
10.0 25.0 40.0 71.0 79.0 123.0 99.0 96.0 69.0 56.0 
10.0 25.0 40.0 71.0 79.0 123.0 99.0 96.0 69.0 56.0 36.0 
