1.0 
1.0 12.0 
1.0 12.0 25.0 
1.0 12.0 25.0 59.0 
1.0 12.0 25.0 59.0 80.0 
1.0 12.0 25.0 59.0 80.0 92.0 
1.0 12.0 25.0 59.0 80.0 92.0 113.0 
1.0 12.0 25.0 59.0 80.0 92.0 113.0 105.0 
1.0 12.0 25.0 59.0 80.0 92.0 113.0 105.0 77.0 
1.0 12.0 25.0 59.0 80.0 92.0 113.0 105.0 77.0 63.0 
1.0 12.0 25.0 59.0 80.0 92.0 113.0 105.0 77.0 63.0 19.0 
0.0 
0.0 5.0 
0.0 5.0 15.0 
0.0 5.0 15.0 41.0 
0.0 5.0 15.0 41.0 86.0 
0.0 5.0 15.0 41.0 86.0 107.0 
0.0 5.0 15.0 41.0 86.0 107.0 107.0 
0.0 5.0 15.0 41.0 86.0 107.0 107.0 85.0 
0.0 5.0 15.0 41.0 86.0 107.0 107.0 85.0 60.0 
0.0 5.0 15.0 41.0 86.0 107.0 107.0 85.0 60.0 23.0 
0.0 5.0 15.0 41.0 86.0 107.0 107.0 85.0 60.0 23.0 8.0 
