0.0 
0.0 1.0 
0.0 1.0 6.0 
0.0 1.0 6.0 41.0 
0.0 1.0 6.0 41.0 79.0 
0.0 1.0 6.0 41.0 79.0 96.0 
0.0 1.0 6.0 41.0 79.0 96.0 48.0 
0.0 1.0 6.0 41.0 79.0 96.0 48.0 67.0 
0.0 1.0 6.0 41.0 79.0 96.0 48.0 67.0 89.0 
0.0 1.0 6.0 41.0 79.0 96.0 48.0 67.0 89.0 47.0 
0.0 1.0 6.0 41.0 79.0 96.0 48.0 67.0 89.0 47.0 11.0 
0.0 
0.0 0.0 
0.0 0.0 1.0 
0.0 0.0 1.0 15.0 
0.0 0.0 1.0 15.0 59.0 
0.0 0.0 1.0 15.0 59.0 112.0 
0.0 0.0 1.0 15.0 59.0 112.0 82.0 
0.0 0.0 1.0 15.0 59.0 112.0 82.0 87.0 
0.0 0.0 1.0 15.0 59.0 112.0 82.0 87.0 48.0 
0.0 0.0 1.0 15.0 59.0 112.0 82.0 87.0 48.0 7.0 
0.0 0.0 1.0 15.0 59.0 112.0 82.0 87.0 48.0 7.0 2.0 
