0.0 
0.0 1.0 
0.0 1.0 13.0 
0.0 1.0 13.0 56.0 
0.0 1.0 13.0 56.0 75.0 
0.0 1.0 13.0 56.0 75.0 89.0 
0.0 1.0 13.0 56.0 75.0 89.0 71.0 
0.0 1.0 13.0 56.0 75.0 89.0 71.0 82.0 
0.0 1.0 13.0 56.0 75.0 89.0 71.0 82.0 84.0 
0.0 1.0 13.0 56.0 75.0 89.0 71.0 82.0 84.0 44.0 
0.0 1.0 13.0 56.0 75.0 89.0 71.0 82.0 84.0 44.0 15.0 
0.0 
0.0 1.0 
0.0 1.0 3.0 
0.0 1.0 3.0 24.0 
0.0 1.0 3.0 24.0 75.0 
0.0 1.0 3.0 24.0 75.0 109.0 
0.0 1.0 3.0 24.0 75.0 109.0 95.0 
0.0 1.0 3.0 24.0 75.0 109.0 95.0 103.0 
0.0 1.0 3.0 24.0 75.0 109.0 95.0 103.0 56.0 
0.0 1.0 3.0 24.0 75.0 109.0 95.0 103.0 56.0 11.0 
0.0 1.0 3.0 24.0 75.0 109.0 95.0 103.0 56.0 11.0 0.0 
