6.0 
6.0 16.0 
6.0 16.0 35.0 
6.0 16.0 35.0 62.0 
6.0 16.0 35.0 62.0 86.0 
6.0 16.0 35.0 62.0 86.0 105.0 
6.0 16.0 35.0 62.0 86.0 105.0 106.0 
6.0 16.0 35.0 62.0 86.0 105.0 106.0 98.0 
6.0 16.0 35.0 62.0 86.0 105.0 106.0 98.0 98.0 
6.0 16.0 35.0 62.0 86.0 105.0 106.0 98.0 98.0 66.0 
6.0 16.0 35.0 62.0 86.0 105.0 106.0 98.0 98.0 66.0 40.0 
0.0 
0.0 5.0 
0.0 5.0 25.0 
0.0 5.0 25.0 65.0 
0.0 5.0 25.0 65.0 82.0 
0.0 5.0 25.0 65.0 82.0 107.0 
0.0 5.0 25.0 65.0 82.0 107.0 98.0 
0.0 5.0 25.0 65.0 82.0 107.0 98.0 95.0 
0.0 5.0 25.0 65.0 82.0 107.0 98.0 95.0 83.0 
0.0 5.0 25.0 65.0 82.0 107.0 98.0 95.0 83.0 55.0 
0.0 5.0 25.0 65.0 82.0 107.0 98.0 95.0 83.0 55.0 22.0 
