0.0 
0.0 0.0 
0.0 0.0 0.0 
0.0 0.0 0.0 38.0 
0.0 0.0 0.0 38.0 72.0 
0.0 0.0 0.0 38.0 72.0 48.0 
0.0 0.0 0.0 38.0 72.0 48.0 31.0 
0.0 0.0 0.0 38.0 72.0 48.0 31.0 29.0 
0.0 0.0 0.0 38.0 72.0 48.0 31.0 29.0 60.0 
0.0 0.0 0.0 38.0 72.0 48.0 31.0 29.0 60.0 49.0 
0.0 0.0 0.0 38.0 72.0 48.0 31.0 29.0 60.0 49.0 0.0 
0.0 
0.0 0.0 
0.0 0.0 1.0 
0.0 0.0 1.0 8.0 
0.0 0.0 1.0 8.0 53.0 
0.0 0.0 1.0 8.0 53.0 90.0 
0.0 0.0 1.0 8.0 53.0 90.0 75.0 
0.0 0.0 1.0 8.0 53.0 90.0 75.0 34.0 
0.0 0.0 1.0 8.0 53.0 90.0 75.0 34.0 46.0 
0.0 0.0 1.0 8.0 53.0 90.0 75.0 34.0 46.0 1.0 
0.0 0.0 1.0 8.0 53.0 90.0 75.0 34.0 46.0 1.0 1.0 
