8.0 
8.0 19.0 
8.0 19.0 41.0 
8.0 19.0 41.0 70.0 
8.0 19.0 41.0 70.0 87.0 
8.0 19.0 41.0 70.0 87.0 92.0 
8.0 19.0 41.0 70.0 87.0 92.0 123.0 
8.0 19.0 41.0 70.0 87.0 92.0 123.0 96.0 
8.0 19.0 41.0 70.0 87.0 92.0 123.0 96.0 92.0 
8.0 19.0 41.0 70.0 87.0 92.0 123.0 96.0 92.0 67.0 
8.0 19.0 41.0 70.0 87.0 92.0 123.0 96.0 92.0 67.0 38.0 
5.0 
5.0 12.0 
5.0 12.0 30.0 
5.0 12.0 30.0 49.0 
5.0 12.0 30.0 49.0 79.0 
5.0 12.0 30.0 49.0 79.0 110.0 
5.0 12.0 30.0 49.0 79.0 110.0 111.0 
5.0 12.0 30.0 49.0 79.0 110.0 111.0 94.0 
5.0 12.0 30.0 49.0 79.0 110.0 111.0 94.0 79.0 
5.0 12.0 30.0 49.0 79.0 110.0 111.0 94.0 79.0 41.0 
5.0 12.0 30.0 49.0 79.0 110.0 111.0 94.0 79.0 41.0 11.0 
