0.0 
0.0 1.0 
0.0 1.0 9.0 
0.0 1.0 9.0 55.0 
0.0 1.0 9.0 55.0 89.0 
0.0 1.0 9.0 55.0 89.0 112.0 
0.0 1.0 9.0 55.0 89.0 112.0 52.0 
0.0 1.0 9.0 55.0 89.0 112.0 52.0 52.0 
0.0 1.0 9.0 55.0 89.0 112.0 52.0 52.0 51.0 
0.0 1.0 9.0 55.0 89.0 112.0 52.0 52.0 51.0 64.0 
0.0 1.0 9.0 55.0 89.0 112.0 52.0 52.0 51.0 64.0 17.0 
1.0 
1.0 1.0 
1.0 1.0 2.0 
1.0 1.0 2.0 25.0 
1.0 1.0 2.0 25.0 63.0 
1.0 1.0 2.0 25.0 63.0 113.0 
1.0 1.0 2.0 25.0 63.0 113.0 93.0 
1.0 1.0 2.0 25.0 63.0 113.0 93.0 89.0 
1.0 1.0 2.0 25.0 63.0 113.0 93.0 89.0 55.0 
1.0 1.0 2.0 25.0 63.0 113.0 93.0 89.0 55.0 8.0 
1.0 1.0 2.0 25.0 63.0 113.0 93.0 89.0 55.0 8.0 1.0 
