0.0 
0.0 2.0 
0.0 2.0 18.0 
0.0 2.0 18.0 67.0 
0.0 2.0 18.0 67.0 94.0 
0.0 2.0 18.0 67.0 94.0 77.0 
0.0 2.0 18.0 67.0 94.0 77.0 105.0 
0.0 2.0 18.0 67.0 94.0 77.0 105.0 94.0 
0.0 2.0 18.0 67.0 94.0 77.0 105.0 94.0 63.0 
0.0 2.0 18.0 67.0 94.0 77.0 105.0 94.0 63.0 57.0 
0.0 2.0 18.0 67.0 94.0 77.0 105.0 94.0 63.0 57.0 21.0 
0.0 
0.0 0.0 
0.0 0.0 8.0 
0.0 0.0 8.0 33.0 
0.0 0.0 8.0 33.0 73.0 
0.0 0.0 8.0 33.0 73.0 116.0 
0.0 0.0 8.0 33.0 73.0 116.0 95.0 
0.0 0.0 8.0 33.0 73.0 116.0 95.0 82.0 
0.0 0.0 8.0 33.0 73.0 116.0 95.0 82.0 57.0 
0.0 0.0 8.0 33.0 73.0 116.0 95.0 82.0 57.0 16.0 
0.0 0.0 8.0 33.0 73.0 116.0 95.0 82.0 57.0 16.0 5.0 
