4.0 
4.0 30.0 
4.0 30.0 46.0 
4.0 30.0 46.0 79.0 
4.0 30.0 46.0 79.0 100.0 
4.0 30.0 46.0 79.0 100.0 103.0 
4.0 30.0 46.0 79.0 100.0 103.0 117.0 
4.0 30.0 46.0 79.0 100.0 103.0 117.0 111.0 
4.0 30.0 46.0 79.0 100.0 103.0 117.0 111.0 94.0 
4.0 30.0 46.0 79.0 100.0 103.0 117.0 111.0 94.0 85.0 
4.0 30.0 46.0 79.0 100.0 103.0 117.0 111.0 94.0 85.0 62.0 
5.0 
5.0 17.0 
5.0 17.0 27.0 
5.0 17.0 27.0 66.0 
5.0 17.0 27.0 66.0 100.0 
5.0 17.0 27.0 66.0 100.0 116.0 
5.0 17.0 27.0 66.0 100.0 116.0 91.0 
5.0 17.0 27.0 66.0 100.0 116.0 91.0 85.0 
5.0 17.0 27.0 66.0 100.0 116.0 91.0 85.0 80.0 
5.0 17.0 27.0 66.0 100.0 116.0 91.0 85.0 80.0 55.0 
5.0 17.0 27.0 66.0 100.0 116.0 91.0 85.0 80.0 55.0 27.0 
