3.0 
3.0 10.0 
3.0 10.0 32.0 
3.0 10.0 32.0 68.0 
3.0 10.0 32.0 68.0 83.0 
3.0 10.0 32.0 68.0 83.0 114.0 
3.0 10.0 32.0 68.0 83.0 114.0 113.0 
3.0 10.0 32.0 68.0 83.0 114.0 113.0 98.0 
3.0 10.0 32.0 68.0 83.0 114.0 113.0 98.0 78.0 
3.0 10.0 32.0 68.0 83.0 114.0 113.0 98.0 78.0 58.0 
3.0 10.0 32.0 68.0 83.0 114.0 113.0 98.0 78.0 58.0 33.0 
0.0 
0.0 5.0 
0.0 5.0 23.0 
0.0 5.0 23.0 50.0 
0.0 5.0 23.0 50.0 78.0 
0.0 5.0 23.0 50.0 78.0 99.0 
0.0 5.0 23.0 50.0 78.0 99.0 107.0 
0.0 5.0 23.0 50.0 78.0 99.0 107.0 89.0 
0.0 5.0 23.0 50.0 78.0 99.0 107.0 89.0 70.0 
0.0 5.0 23.0 50.0 78.0 99.0 107.0 89.0 70.0 37.0 
0.0 5.0 23.0 50.0 78.0 99.0 107.0 89.0 70.0 37.0 13.0 
