1.0 
1.0 7.0 
1.0 7.0 24.0 
1.0 7.0 24.0 54.0 
1.0 7.0 24.0 54.0 90.0 
1.0 7.0 24.0 54.0 90.0 104.0 
1.0 7.0 24.0 54.0 90.0 104.0 101.0 
1.0 7.0 24.0 54.0 90.0 104.0 101.0 86.0 
1.0 7.0 24.0 54.0 90.0 104.0 101.0 86.0 87.0 
1.0 7.0 24.0 54.0 90.0 104.0 101.0 86.0 87.0 72.0 
1.0 7.0 24.0 54.0 90.0 104.0 101.0 86.0 87.0 72.0 25.0 
0.0 
0.0 5.0 
0.0 5.0 14.0 
0.0 5.0 14.0 42.0 
0.0 5.0 14.0 42.0 85.0 
0.0 5.0 14.0 42.0 85.0 113.0 
0.0 5.0 14.0 42.0 85.0 113.0 109.0 
0.0 5.0 14.0 42.0 85.0 113.0 109.0 93.0 
0.0 5.0 14.0 42.0 85.0 113.0 109.0 93.0 55.0 
0.0 5.0 14.0 42.0 85.0 113.0 109.0 93.0 55.0 33.0 
0.0 5.0 14.0 42.0 85.0 113.0 109.0 93.0 55.0 33.0 12.0 
