5.0 
5.0 16.0 
5.0 16.0 53.0 
5.0 16.0 53.0 72.0 
5.0 16.0 53.0 72.0 91.0 
5.0 16.0 53.0 72.0 91.0 115.0 
5.0 16.0 53.0 72.0 91.0 115.0 101.0 
5.0 16.0 53.0 72.0 91.0 115.0 101.0 98.0 
5.0 16.0 53.0 72.0 91.0 115.0 101.0 98.0 92.0 
5.0 16.0 53.0 72.0 91.0 115.0 101.0 98.0 92.0 74.0 
5.0 16.0 53.0 72.0 91.0 115.0 101.0 98.0 92.0 74.0 60.0 
2.0 
2.0 16.0 
2.0 16.0 37.0 
2.0 16.0 37.0 60.0 
2.0 16.0 37.0 60.0 92.0 
2.0 16.0 37.0 60.0 92.0 115.0 
2.0 16.0 37.0 60.0 92.0 115.0 105.0 
2.0 16.0 37.0 60.0 92.0 115.0 105.0 94.0 
2.0 16.0 37.0 60.0 92.0 115.0 105.0 94.0 77.0 
2.0 16.0 37.0 60.0 92.0 115.0 105.0 94.0 77.0 49.0 
2.0 16.0 37.0 60.0 92.0 115.0 105.0 94.0 77.0 49.0 20.0 
