1.0 
1.0 6.0 
1.0 6.0 21.0 
1.0 6.0 21.0 62.0 
1.0 6.0 21.0 62.0 97.0 
1.0 6.0 21.0 62.0 97.0 76.0 
1.0 6.0 21.0 62.0 97.0 76.0 109.0 
1.0 6.0 21.0 62.0 97.0 76.0 109.0 67.0 
1.0 6.0 21.0 62.0 97.0 76.0 109.0 67.0 75.0 
1.0 6.0 21.0 62.0 97.0 76.0 109.0 67.0 75.0 55.0 
1.0 6.0 21.0 62.0 97.0 76.0 109.0 67.0 75.0 55.0 20.0 
0.0 
0.0 2.0 
0.0 2.0 9.0 
0.0 2.0 9.0 38.0 
0.0 2.0 9.0 38.0 75.0 
0.0 2.0 9.0 38.0 75.0 95.0 
0.0 2.0 9.0 38.0 75.0 95.0 107.0 
0.0 2.0 9.0 38.0 75.0 95.0 107.0 84.0 
0.0 2.0 9.0 38.0 75.0 95.0 107.0 84.0 57.0 
0.0 2.0 9.0 38.0 75.0 95.0 107.0 84.0 57.0 19.0 
0.0 2.0 9.0 38.0 75.0 95.0 107.0 84.0 57.0 19.0 4.0 
