4.0 
4.0 16.0 
4.0 16.0 44.0 
4.0 16.0 44.0 73.0 
4.0 16.0 44.0 73.0 110.0 
4.0 16.0 44.0 73.0 110.0 121.0 
4.0 16.0 44.0 73.0 110.0 121.0 111.0 
4.0 16.0 44.0 73.0 110.0 121.0 111.0 98.0 
4.0 16.0 44.0 73.0 110.0 121.0 111.0 98.0 86.0 
4.0 16.0 44.0 73.0 110.0 121.0 111.0 98.0 86.0 75.0 
4.0 16.0 44.0 73.0 110.0 121.0 111.0 98.0 86.0 75.0 52.0 
2.0 
2.0 9.0 
2.0 9.0 20.0 
2.0 9.0 20.0 60.0 
2.0 9.0 20.0 60.0 90.0 
2.0 9.0 20.0 60.0 90.0 107.0 
2.0 9.0 20.0 60.0 90.0 107.0 90.0 
2.0 9.0 20.0 60.0 90.0 107.0 90.0 93.0 
2.0 9.0 20.0 60.0 90.0 107.0 90.0 93.0 77.0 
2.0 9.0 20.0 60.0 90.0 107.0 90.0 93.0 77.0 46.0 
2.0 9.0 20.0 60.0 90.0 107.0 90.0 93.0 77.0 46.0 23.0 
