0.0 
0.0 0.0 
0.0 0.0 2.0 
0.0 0.0 2.0 46.0 
0.0 0.0 2.0 46.0 75.0 
0.0 0.0 2.0 46.0 75.0 59.0 
0.0 0.0 2.0 46.0 75.0 59.0 60.0 
0.0 0.0 2.0 46.0 75.0 59.0 60.0 41.0 
0.0 0.0 2.0 46.0 75.0 59.0 60.0 41.0 76.0 
0.0 0.0 2.0 46.0 75.0 59.0 60.0 41.0 76.0 48.0 
0.0 0.0 2.0 46.0 75.0 59.0 60.0 41.0 76.0 48.0 2.0 
0.0 
0.0 0.0 
0.0 0.0 1.0 
0.0 0.0 1.0 12.0 
0.0 0.0 1.0 12.0 66.0 
0.0 0.0 1.0 12.0 66.0 107.0 
0.0 0.0 1.0 12.0 66.0 107.0 86.0 
0.0 0.0 1.0 12.0 66.0 107.0 86.0 95.0 
0.0 0.0 1.0 12.0 66.0 107.0 86.0 95.0 47.0 
0.0 0.0 1.0 12.0 66.0 107.0 86.0 95.0 47.0 5.0 
0.0 0.0 1.0 12.0 66.0 107.0 86.0 95.0 47.0 5.0 0.0 
