0.0 
0.0 0.0 
0.0 0.0 0.0 
0.0 0.0 0.0 25.0 
0.0 0.0 0.0 25.0 78.0 
0.0 0.0 0.0 25.0 78.0 52.0 
0.0 0.0 0.0 25.0 78.0 52.0 20.0 
0.0 0.0 0.0 25.0 78.0 52.0 20.0 46.0 
0.0 0.0 0.0 25.0 78.0 52.0 20.0 46.0 17.0 
0.0 0.0 0.0 25.0 78.0 52.0 20.0 46.0 17.0 61.0 
0.0 0.0 0.0 25.0 78.0 52.0 20.0 46.0 17.0 61.0 0.0 
0.0 
0.0 0.0 
0.0 0.0 0.0 
0.0 0.0 0.0 0.0 
0.0 0.0 0.0 0.0 54.0 
0.0 0.0 0.0 0.0 54.0 105.0 
0.0 0.0 0.0 0.0 54.0 105.0 66.0 
0.0 0.0 0.0 0.0 54.0 105.0 66.0 45.0 
0.0 0.0 0.0 0.0 54.0 105.0 66.0 45.0 45.0 
0.0 0.0 0.0 0.0 54.0 105.0 66.0 45.0 45.0 0.0 
0.0 0.0 0.0 0.0 54.0 105.0 66.0 45.0 45.0 0.0 0.0 
