0.0 
0.0 0.0 
0.0 0.0 1.0 
0.0 0.0 1.0 38.0 
0.0 0.0 1.0 38.0 81.0 
0.0 0.0 1.0 38.0 81.0 55.0 
0.0 0.0 1.0 38.0 81.0 55.0 41.0 
0.0 0.0 1.0 38.0 81.0 55.0 41.0 63.0 
0.0 0.0 1.0 38.0 81.0 55.0 41.0 63.0 24.0 
0.0 0.0 1.0 38.0 81.0 55.0 41.0 63.0 24.0 66.0 
0.0 0.0 1.0 38.0 81.0 55.0 41.0 63.0 24.0 66.0 4.0 
0.0 
0.0 0.0 
0.0 0.0 0.0 
0.0 0.0 0.0 6.0 
0.0 0.0 0.0 6.0 67.0 
0.0 0.0 0.0 6.0 67.0 68.0 
0.0 0.0 0.0 6.0 67.0 68.0 84.0 
0.0 0.0 0.0 6.0 67.0 68.0 84.0 81.0 
0.0 0.0 0.0 6.0 67.0 68.0 84.0 81.0 32.0 
0.0 0.0 0.0 6.0 67.0 68.0 84.0 81.0 32.0 1.0 
0.0 0.0 0.0 6.0 67.0 68.0 84.0 81.0 32.0 1.0 0.0 
