3.0 
3.0 10.0 
3.0 10.0 28.0 
3.0 10.0 28.0 65.0 
3.0 10.0 28.0 65.0 85.0 
3.0 10.0 28.0 65.0 85.0 99.0 
3.0 10.0 28.0 65.0 85.0 99.0 103.0 
3.0 10.0 28.0 65.0 85.0 99.0 103.0 107.0 
3.0 10.0 28.0 65.0 85.0 99.0 103.0 107.0 84.0 
3.0 10.0 28.0 65.0 85.0 99.0 103.0 107.0 84.0 70.0 
3.0 10.0 28.0 65.0 85.0 99.0 103.0 107.0 84.0 70.0 42.0 
1.0 
1.0 5.0 
1.0 5.0 20.0 
1.0 5.0 20.0 54.0 
1.0 5.0 20.0 54.0 92.0 
1.0 5.0 20.0 54.0 92.0 112.0 
1.0 5.0 20.0 54.0 92.0 112.0 111.0 
1.0 5.0 20.0 54.0 92.0 112.0 111.0 82.0 
1.0 5.0 20.0 54.0 92.0 112.0 111.0 82.0 74.0 
1.0 5.0 20.0 54.0 92.0 112.0 111.0 82.0 74.0 40.0 
1.0 5.0 20.0 54.0 92.0 112.0 111.0 82.0 74.0 40.0 14.0 
