0.0 
0.0 0.0 
0.0 0.0 0.0 
0.0 0.0 0.0 0.0 
0.0 0.0 0.0 0.0 0.0 
0.0 0.0 0.0 0.0 0.0 0.0 
0.0 0.0 0.0 0.0 0.0 0.0 0.0 
0.0 0.0 0.0 0.0 0.0 0.0 0.0 0.0 
0.0 0.0 0.0 0.0 0.0 0.0 0.0 0.0 0.0 
0.0 0.0 0.0 0.0 0.0 0.0 0.0 0.0 0.0 4.0 
0.0 0.0 0.0 0.0 0.0 0.0 0.0 0.0 0.0 4.0 8.0 
0.0 0.0 0.0 0.0 0.0 0.0 0.0 0.0 0.0 4.0 8.0 11.0 
0.0 0.0 0.0 0.0 0.0 0.0 0.0 0.0 0.0 4.0 8.0 11.0 27.0 
0.0 0.0 0.0 0.0 0.0 0.0 0.0 0.0 0.0 4.0 8.0 11.0 27.0 65.0 
0.0 0.0 0.0 0.0 0.0 0.0 0.0 0.0 0.0 4.0 8.0 11.0 27.0 65.0 94.0 
0.0 0.0 0.0 0.0 0.0 0.0 0.0 0.0 0.0 4.0 8.0 11.0 27.0 65.0 94.0 85.0 
0.0 0.0 0.0 0.0 0.0 0.0 0.0 0.0 0.0 4.0 8.0 11.0 27.0 65.0 94.0 85.0 114.0 
0.0 0.0 0.0 0.0 0.0 0.0 0.0 0.0 0.0 4.0 8.0 11.0 27.0 65.0 94.0 85.0 114.0 105.0 
0.0 0.0 0.0 0.0 0.0 0.0 0.0 0.0 0.0 4.0 8.0 11.0 27.0 65.0 94.0 85.0 114.0 105.0 94.0 
0.0 0.0 0.0 0.0 0.0 0.0 0.0 0.0 0.0 4.0 8.0 11.0 27.0 65.0 94.0 85.0 114.0 105.0 94.0 88.0 
0.0 0.0 0.0 0.0 0.0 0.0 0.0 0.0 0.0 4.0 8.0 11.0 27.0 65.0 94.0 85.0 114.0 105.0 94.0 88.0 89.0 
0.0 0.0 0.0 0.0 0.0 0.0 0.0 0.0 0.0 4.0 8.0 11.0 27.0 65.0 94.0 85.0 114.0 105.0 94.0 88.0 89.0 61.0 
0.0 0.0 0.0 0.0 0.0 0.0 0.0 0.0 0.0 4.0 8.0 11.0 27.0 65.0 94.0 85.0 114.0 105.0 94.0 88.0 89.0 61.0 35.0 
0.0 0.0 0.0 0.0 0.0 0.0 0.0 0.0 0.0 4.0 8.0 11.0 27.0 65.0 94.0 85.0 114.0 105.0 94.0 88.0 89.0 61.0 35.0 16.0 
0.0 0.0 0.0 0.0 0.0 0.0 0.0 0.0 0.0 4.0 8.0 11.0 27.0 65.0 94.0 85.0 114.0 105.0 94.0 88.0 89.0 61.0 35.0 16.0 1.0 
0.0 0.0 0.0 0.0 0.0 0.0 0.0 0.0 0.0 4.0 8.0 11.0 27.0 65.0 94.0 85.0 114.0 105.0 94.0 88.0 89.0 61.0 35.0 16.0 1.0 5.0 
0.0 0.0 0.0 0.0 0.0 0.0 0.0 0.0 0.0 4.0 8.0 11.0 27.0 65.0 94.0 85.0 114.0 105.0 94.0 88.0 89.0 61.0 35.0 16.0 1.0 5.0 2.0 
0.0 0.0 0.0 0.0 0.0 0.0 0.0 0.0 0.0 4.0 8.0 11.0 27.0 65.0 94.0 85.0 114.0 105.0 94.0 88.0 89.0 61.0 35.0 16.0 1.0 5.0 2.0 1.0 
0.0 0.0 0.0 0.0 0.0 0.0 0.0 0.0 0.0 4.0 8.0 11.0 27.0 65.0 94.0 85.0 114.0 105.0 94.0 88.0 89.0 61.0 35.0 16.0 1.0 5.0 2.0 1.0 0.0 
0.0 0.0 0.0 0.0 0.0 0.0 0.0 0.0 0.0 4.0 8.0 11.0 27.0 65.0 94.0 85.0 114.0 105.0 94.0 88.0 89.0 61.0 35.0 16.0 1.0 5.0 2.0 1.0 0.0 0.0 
0.0 0.0 0.0 0.0 0.0 0.0 0.0 0.0 0.0 4.0 8.0 11.0 27.0 65.0 94.0 85.0 114.0 105.0 94.0 88.0 89.0 61.0 35.0 16.0 1.0 5.0 2.0 1.0 0.0 0.0 0.0 
0.0 0.0 0.0 0.0 0.0 0.0 0.0 0.0 0.0 4.0 8.0 11.0 27.0 65.0 94.0 85.0 114.0 105.0 94.0 88.0 89.0 61.0 35.0 16.0 1.0 5.0 2.0 1.0 0.0 0.0 0.0 0.0 
0.0 0.0 0.0 0.0 0.0 0.0 0.0 0.0 0.0 4.0 8.0 11.0 27.0 65.0 94.0 85.0 114.0 105.0 94.0 88.0 89.0 61.0 35.0 16.0 1.0 5.0 2.0 1.0 0.0 0.0 0.0 0.0 0.0 
0.0 
0.0 0.0 
0.0 0.0 0.0 
0.0 0.0 0.0 0.0 
0.0 0.0 0.0 0.0 0.0 
0.0 0.0 0.0 0.0 0.0 0.0 
0.0 0.0 0.0 0.0 0.0 0.0 0.0 
0.0 0.0 0.0 0.0 0.0 0.0 0.0 0.0 
0.0 0.0 0.0 0.0 0.0 0.0 0.0 0.0 0.0 
0.0 0.0 0.0 0.0 0.0 0.0 0.0 0.0 0.0 0.0 
0.0 0.0 0.0 0.0 0.0 0.0 0.0 0.0 0.0 0.0 0.0 
0.0 0.0 0.0 0.0 0.0 0.0 0.0 0.0 0.0 0.0 0.0 4.0 
0.0 0.0 0.0 0.0 0.0 0.0 0.0 0.0 0.0 0.0 0.0 4.0 15.0 
0.0 0.0 0.0 0.0 0.0 0.0 0.0 0.0 0.0 0.0 0.0 4.0 15.0 34.0 
0.0 0.0 0.0 0.0 0.0 0.0 0.0 0.0 0.0 0.0 0.0 4.0 15.0 34.0 70.0 
0.0 0.0 0.0 0.0 0.0 0.0 0.0 0.0 0.0 0.0 0.0 4.0 15.0 34.0 70.0 97.0 
0.0 0.0 0.0 0.0 0.0 0.0 0.0 0.0 0.0 0.0 0.0 4.0 15.0 34.0 70.0 97.0 116.0 
0.0 0.0 0.0 0.0 0.0 0.0 0.0 0.0 0.0 0.0 0.0 4.0 15.0 34.0 70.0 97.0 116.0 97.0 
0.0 0.0 0.0 0.0 0.0 0.0 0.0 0.0 0.0 0.0 0.0 4.0 15.0 34.0 70.0 97.0 116.0 97.0 96.0 
0.0 0.0 0.0 0.0 0.0 0.0 0.0 0.0 0.0 0.0 0.0 4.0 15.0 34.0 70.0 97.0 116.0 97.0 96.0 74.0 
0.0 0.0 0.0 0.0 0.0 0.0 0.0 0.0 0.0 0.0 0.0 4.0 15.0 34.0 70.0 97.0 116.0 97.0 96.0 74.0 55.0 
0.0 0.0 0.0 0.0 0.0 0.0 0.0 0.0 0.0 0.0 0.0 4.0 15.0 34.0 70.0 97.0 116.0 97.0 96.0 74.0 55.0 26.0 
0.0 0.0 0.0 0.0 0.0 0.0 0.0 0.0 0.0 0.0 0.0 4.0 15.0 34.0 70.0 97.0 116.0 97.0 96.0 74.0 55.0 26.0 13.0 
0.0 0.0 0.0 0.0 0.0 0.0 0.0 0.0 0.0 0.0 0.0 4.0 15.0 34.0 70.0 97.0 116.0 97.0 96.0 74.0 55.0 26.0 13.0 5.0 
0.0 0.0 0.0 0.0 0.0 0.0 0.0 0.0 0.0 0.0 0.0 4.0 15.0 34.0 70.0 97.0 116.0 97.0 96.0 74.0 55.0 26.0 13.0 5.0 1.0 
0.0 0.0 0.0 0.0 0.0 0.0 0.0 0.0 0.0 0.0 0.0 4.0 15.0 34.0 70.0 97.0 116.0 97.0 96.0 74.0 55.0 26.0 13.0 5.0 1.0 0.0 
0.0 0.0 0.0 0.0 0.0 0.0 0.0 0.0 0.0 0.0 0.0 4.0 15.0 34.0 70.0 97.0 116.0 97.0 96.0 74.0 55.0 26.0 13.0 5.0 1.0 0.0 0.0 
0.0 0.0 0.0 0.0 0.0 0.0 0.0 0.0 0.0 0.0 0.0 4.0 15.0 34.0 70.0 97.0 116.0 97.0 96.0 74.0 55.0 26.0 13.0 5.0 1.0 0.0 0.0 0.0 
0.0 0.0 0.0 0.0 0.0 0.0 0.0 0.0 0.0 0.0 0.0 4.0 15.0 34.0 70.0 97.0 116.0 97.0 96.0 74.0 55.0 26.0 13.0 5.0 1.0 0.0 0.0 0.0 0.0 
0.0 0.0 0.0 0.0 0.0 0.0 0.0 0.0 0.0 0.0 0.0 4.0 15.0 34.0 70.0 97.0 116.0 97.0 96.0 74.0 55.0 26.0 13.0 5.0 1.0 0.0 0.0 0.0 0.0 0.0 
0.0 0.0 0.0 0.0 0.0 0.0 0.0 0.0 0.0 0.0 0.0 4.0 15.0 34.0 70.0 97.0 116.0 97.0 96.0 74.0 55.0 26.0 13.0 5.0 1.0 0.0 0.0 0.0 0.0 0.0 0.0 
0.0 0.0 0.0 0.0 0.0 0.0 0.0 0.0 0.0 0.0 0.0 4.0 15.0 34.0 70.0 97.0 116.0 97.0 96.0 74.0 55.0 26.0 13.0 5.0 1.0 0.0 0.0 0.0 0.0 0.0 0.0 0.0 
0.0 0.0 0.0 0.0 0.0 0.0 0.0 0.0 0.0 0.0 0.0 4.0 15.0 34.0 70.0 97.0 116.0 97.0 96.0 74.0 55.0 26.0 13.0 5.0 1.0 0.0 0.0 0.0 0.0 0.0 0.0 0.0 0.0 
