0.0 
0.0 0.0 
0.0 0.0 0.0 
0.0 0.0 0.0 0.0 
0.0 0.0 0.0 0.0 0.0 
0.0 0.0 0.0 0.0 0.0 0.0 
0.0 0.0 0.0 0.0 0.0 0.0 2.0 
0.0 0.0 0.0 0.0 0.0 0.0 2.0 2.0 
0.0 0.0 0.0 0.0 0.0 0.0 2.0 2.0 3.0 
0.0 0.0 0.0 0.0 0.0 0.0 2.0 2.0 3.0 9.0 
0.0 0.0 0.0 0.0 0.0 0.0 2.0 2.0 3.0 9.0 15.0 
0.0 0.0 0.0 0.0 0.0 0.0 2.0 2.0 3.0 9.0 15.0 28.0 
0.0 0.0 0.0 0.0 0.0 0.0 2.0 2.0 3.0 9.0 15.0 28.0 48.0 
0.0 0.0 0.0 0.0 0.0 0.0 2.0 2.0 3.0 9.0 15.0 28.0 48.0 69.0 
0.0 0.0 0.0 0.0 0.0 0.0 2.0 2.0 3.0 9.0 15.0 28.0 48.0 69.0 89.0 
0.0 0.0 0.0 0.0 0.0 0.0 2.0 2.0 3.0 9.0 15.0 28.0 48.0 69.0 89.0 112.0 
0.0 0.0 0.0 0.0 0.0 0.0 2.0 2.0 3.0 9.0 15.0 28.0 48.0 69.0 89.0 112.0 101.0 
0.0 0.0 0.0 0.0 0.0 0.0 2.0 2.0 3.0 9.0 15.0 28.0 48.0 69.0 89.0 112.0 101.0 123.0 
0.0 0.0 0.0 0.0 0.0 0.0 2.0 2.0 3.0 9.0 15.0 28.0 48.0 69.0 89.0 112.0 101.0 123.0 98.0 
0.0 0.0 0.0 0.0 0.0 0.0 2.0 2.0 3.0 9.0 15.0 28.0 48.0 69.0 89.0 112.0 101.0 123.0 98.0 94.0 
0.0 0.0 0.0 0.0 0.0 0.0 2.0 2.0 3.0 9.0 15.0 28.0 48.0 69.0 89.0 112.0 101.0 123.0 98.0 94.0 83.0 
0.0 0.0 0.0 0.0 0.0 0.0 2.0 2.0 3.0 9.0 15.0 28.0 48.0 69.0 89.0 112.0 101.0 123.0 98.0 94.0 83.0 73.0 
0.0 0.0 0.0 0.0 0.0 0.0 2.0 2.0 3.0 9.0 15.0 28.0 48.0 69.0 89.0 112.0 101.0 123.0 98.0 94.0 83.0 73.0 53.0 
0.0 0.0 0.0 0.0 0.0 0.0 2.0 2.0 3.0 9.0 15.0 28.0 48.0 69.0 89.0 112.0 101.0 123.0 98.0 94.0 83.0 73.0 53.0 34.0 
0.0 0.0 0.0 0.0 0.0 0.0 2.0 2.0 3.0 9.0 15.0 28.0 48.0 69.0 89.0 112.0 101.0 123.0 98.0 94.0 83.0 73.0 53.0 34.0 17.0 
0.0 0.0 0.0 0.0 0.0 0.0 2.0 2.0 3.0 9.0 15.0 28.0 48.0 69.0 89.0 112.0 101.0 123.0 98.0 94.0 83.0 73.0 53.0 34.0 17.0 6.0 
0.0 0.0 0.0 0.0 0.0 0.0 2.0 2.0 3.0 9.0 15.0 28.0 48.0 69.0 89.0 112.0 101.0 123.0 98.0 94.0 83.0 73.0 53.0 34.0 17.0 6.0 2.0 
0.0 0.0 0.0 0.0 0.0 0.0 2.0 2.0 3.0 9.0 15.0 28.0 48.0 69.0 89.0 112.0 101.0 123.0 98.0 94.0 83.0 73.0 53.0 34.0 17.0 6.0 2.0 1.0 
0.0 0.0 0.0 0.0 0.0 0.0 2.0 2.0 3.0 9.0 15.0 28.0 48.0 69.0 89.0 112.0 101.0 123.0 98.0 94.0 83.0 73.0 53.0 34.0 17.0 6.0 2.0 1.0 1.0 
0.0 0.0 0.0 0.0 0.0 0.0 2.0 2.0 3.0 9.0 15.0 28.0 48.0 69.0 89.0 112.0 101.0 123.0 98.0 94.0 83.0 73.0 53.0 34.0 17.0 6.0 2.0 1.0 1.0 1.0 
0.0 0.0 0.0 0.0 0.0 0.0 2.0 2.0 3.0 9.0 15.0 28.0 48.0 69.0 89.0 112.0 101.0 123.0 98.0 94.0 83.0 73.0 53.0 34.0 17.0 6.0 2.0 1.0 1.0 1.0 1.0 
0.0 0.0 0.0 0.0 0.0 0.0 2.0 2.0 3.0 9.0 15.0 28.0 48.0 69.0 89.0 112.0 101.0 123.0 98.0 94.0 83.0 73.0 53.0 34.0 17.0 6.0 2.0 1.0 1.0 1.0 1.0 0.0 
0.0 0.0 0.0 0.0 0.0 0.0 2.0 2.0 3.0 9.0 15.0 28.0 48.0 69.0 89.0 112.0 101.0 123.0 98.0 94.0 83.0 73.0 53.0 34.0 17.0 6.0 2.0 1.0 1.0 1.0 1.0 0.0 0.0 
0.0 
0.0 0.0 
0.0 0.0 0.0 
0.0 0.0 0.0 0.0 
0.0 0.0 0.0 0.0 0.0 
0.0 0.0 0.0 0.0 0.0 0.0 
0.0 0.0 0.0 0.0 0.0 0.0 0.0 
0.0 0.0 0.0 0.0 0.0 0.0 0.0 0.0 
0.0 0.0 0.0 0.0 0.0 0.0 0.0 0.0 2.0 
0.0 0.0 0.0 0.0 0.0 0.0 0.0 0.0 2.0 6.0 
0.0 0.0 0.0 0.0 0.0 0.0 0.0 0.0 2.0 6.0 13.0 
0.0 0.0 0.0 0.0 0.0 0.0 0.0 0.0 2.0 6.0 13.0 23.0 
0.0 0.0 0.0 0.0 0.0 0.0 0.0 0.0 2.0 6.0 13.0 23.0 35.0 
0.0 0.0 0.0 0.0 0.0 0.0 0.0 0.0 2.0 6.0 13.0 23.0 35.0 50.0 
0.0 0.0 0.0 0.0 0.0 0.0 0.0 0.0 2.0 6.0 13.0 23.0 35.0 50.0 79.0 
0.0 0.0 0.0 0.0 0.0 0.0 0.0 0.0 2.0 6.0 13.0 23.0 35.0 50.0 79.0 97.0 
0.0 0.0 0.0 0.0 0.0 0.0 0.0 0.0 2.0 6.0 13.0 23.0 35.0 50.0 79.0 97.0 123.0 
0.0 0.0 0.0 0.0 0.0 0.0 0.0 0.0 2.0 6.0 13.0 23.0 35.0 50.0 79.0 97.0 123.0 113.0 
0.0 0.0 0.0 0.0 0.0 0.0 0.0 0.0 2.0 6.0 13.0 23.0 35.0 50.0 79.0 97.0 123.0 113.0 102.0 
0.0 0.0 0.0 0.0 0.0 0.0 0.0 0.0 2.0 6.0 13.0 23.0 35.0 50.0 79.0 97.0 123.0 113.0 102.0 87.0 
0.0 0.0 0.0 0.0 0.0 0.0 0.0 0.0 2.0 6.0 13.0 23.0 35.0 50.0 79.0 97.0 123.0 113.0 102.0 87.0 70.0 
0.0 0.0 0.0 0.0 0.0 0.0 0.0 0.0 2.0 6.0 13.0 23.0 35.0 50.0 79.0 97.0 123.0 113.0 102.0 87.0 70.0 38.0 
0.0 0.0 0.0 0.0 0.0 0.0 0.0 0.0 2.0 6.0 13.0 23.0 35.0 50.0 79.0 97.0 123.0 113.0 102.0 87.0 70.0 38.0 28.0 
0.0 0.0 0.0 0.0 0.0 0.0 0.0 0.0 2.0 6.0 13.0 23.0 35.0 50.0 79.0 97.0 123.0 113.0 102.0 87.0 70.0 38.0 28.0 17.0 
0.0 0.0 0.0 0.0 0.0 0.0 0.0 0.0 2.0 6.0 13.0 23.0 35.0 50.0 79.0 97.0 123.0 113.0 102.0 87.0 70.0 38.0 28.0 17.0 11.0 
0.0 0.0 0.0 0.0 0.0 0.0 0.0 0.0 2.0 6.0 13.0 23.0 35.0 50.0 79.0 97.0 123.0 113.0 102.0 87.0 70.0 38.0 28.0 17.0 11.0 3.0 
0.0 0.0 0.0 0.0 0.0 0.0 0.0 0.0 2.0 6.0 13.0 23.0 35.0 50.0 79.0 97.0 123.0 113.0 102.0 87.0 70.0 38.0 28.0 17.0 11.0 3.0 2.0 
0.0 0.0 0.0 0.0 0.0 0.0 0.0 0.0 2.0 6.0 13.0 23.0 35.0 50.0 79.0 97.0 123.0 113.0 102.0 87.0 70.0 38.0 28.0 17.0 11.0 3.0 2.0 2.0 
0.0 0.0 0.0 0.0 0.0 0.0 0.0 0.0 2.0 6.0 13.0 23.0 35.0 50.0 79.0 97.0 123.0 113.0 102.0 87.0 70.0 38.0 28.0 17.0 11.0 3.0 2.0 2.0 0.0 
0.0 0.0 0.0 0.0 0.0 0.0 0.0 0.0 2.0 6.0 13.0 23.0 35.0 50.0 79.0 97.0 123.0 113.0 102.0 87.0 70.0 38.0 28.0 17.0 11.0 3.0 2.0 2.0 0.0 0.0 
0.0 0.0 0.0 0.0 0.0 0.0 0.0 0.0 2.0 6.0 13.0 23.0 35.0 50.0 79.0 97.0 123.0 113.0 102.0 87.0 70.0 38.0 28.0 17.0 11.0 3.0 2.0 2.0 0.0 0.0 0.0 
0.0 0.0 0.0 0.0 0.0 0.0 0.0 0.0 2.0 6.0 13.0 23.0 35.0 50.0 79.0 97.0 123.0 113.0 102.0 87.0 70.0 38.0 28.0 17.0 11.0 3.0 2.0 2.0 0.0 0.0 0.0 0.0 
0.0 0.0 0.0 0.0 0.0 0.0 0.0 0.0 2.0 6.0 13.0 23.0 35.0 50.0 79.0 97.0 123.0 113.0 102.0 87.0 70.0 38.0 28.0 17.0 11.0 3.0 2.0 2.0 0.0 0.0 0.0 0.0 0.0 
