0.0 
0.0 0.0 
0.0 0.0 0.0 
0.0 0.0 0.0 0.0 
0.0 0.0 0.0 0.0 0.0 
0.0 0.0 0.0 0.0 0.0 0.0 
0.0 0.0 0.0 0.0 0.0 0.0 0.0 
0.0 0.0 0.0 0.0 0.0 0.0 0.0 0.0 
0.0 0.0 0.0 0.0 0.0 0.0 0.0 0.0 1.0 
0.0 0.0 0.0 0.0 0.0 0.0 0.0 0.0 1.0 3.0 
0.0 0.0 0.0 0.0 0.0 0.0 0.0 0.0 1.0 3.0 5.0 
0.0 0.0 0.0 0.0 0.0 0.0 0.0 0.0 1.0 3.0 5.0 11.0 
0.0 0.0 0.0 0.0 0.0 0.0 0.0 0.0 1.0 3.0 5.0 11.0 34.0 
0.0 0.0 0.0 0.0 0.0 0.0 0.0 0.0 1.0 3.0 5.0 11.0 34.0 73.0 
0.0 0.0 0.0 0.0 0.0 0.0 0.0 0.0 1.0 3.0 5.0 11.0 34.0 73.0 76.0 
0.0 0.0 0.0 0.0 0.0 0.0 0.0 0.0 1.0 3.0 5.0 11.0 34.0 73.0 76.0 79.0 
0.0 0.0 0.0 0.0 0.0 0.0 0.0 0.0 1.0 3.0 5.0 11.0 34.0 73.0 76.0 79.0 102.0 
0.0 0.0 0.0 0.0 0.0 0.0 0.0 0.0 1.0 3.0 5.0 11.0 34.0 73.0 76.0 79.0 102.0 108.0 
0.0 0.0 0.0 0.0 0.0 0.0 0.0 0.0 1.0 3.0 5.0 11.0 34.0 73.0 76.0 79.0 102.0 108.0 102.0 
0.0 0.0 0.0 0.0 0.0 0.0 0.0 0.0 1.0 3.0 5.0 11.0 34.0 73.0 76.0 79.0 102.0 108.0 102.0 95.0 
0.0 0.0 0.0 0.0 0.0 0.0 0.0 0.0 1.0 3.0 5.0 11.0 34.0 73.0 76.0 79.0 102.0 108.0 102.0 95.0 90.0 
0.0 0.0 0.0 0.0 0.0 0.0 0.0 0.0 1.0 3.0 5.0 11.0 34.0 73.0 76.0 79.0 102.0 108.0 102.0 95.0 90.0 71.0 
0.0 0.0 0.0 0.0 0.0 0.0 0.0 0.0 1.0 3.0 5.0 11.0 34.0 73.0 76.0 79.0 102.0 108.0 102.0 95.0 90.0 71.0 41.0 
0.0 0.0 0.0 0.0 0.0 0.0 0.0 0.0 1.0 3.0 5.0 11.0 34.0 73.0 76.0 79.0 102.0 108.0 102.0 95.0 90.0 71.0 41.0 25.0 
0.0 0.0 0.0 0.0 0.0 0.0 0.0 0.0 1.0 3.0 5.0 11.0 34.0 73.0 76.0 79.0 102.0 108.0 102.0 95.0 90.0 71.0 41.0 25.0 12.0 
0.0 0.0 0.0 0.0 0.0 0.0 0.0 0.0 1.0 3.0 5.0 11.0 34.0 73.0 76.0 79.0 102.0 108.0 102.0 95.0 90.0 71.0 41.0 25.0 12.0 6.0 
0.0 0.0 0.0 0.0 0.0 0.0 0.0 0.0 1.0 3.0 5.0 11.0 34.0 73.0 76.0 79.0 102.0 108.0 102.0 95.0 90.0 71.0 41.0 25.0 12.0 6.0 6.0 
0.0 0.0 0.0 0.0 0.0 0.0 0.0 0.0 1.0 3.0 5.0 11.0 34.0 73.0 76.0 79.0 102.0 108.0 102.0 95.0 90.0 71.0 41.0 25.0 12.0 6.0 6.0 1.0 
0.0 0.0 0.0 0.0 0.0 0.0 0.0 0.0 1.0 3.0 5.0 11.0 34.0 73.0 76.0 79.0 102.0 108.0 102.0 95.0 90.0 71.0 41.0 25.0 12.0 6.0 6.0 1.0 0.0 
0.0 0.0 0.0 0.0 0.0 0.0 0.0 0.0 1.0 3.0 5.0 11.0 34.0 73.0 76.0 79.0 102.0 108.0 102.0 95.0 90.0 71.0 41.0 25.0 12.0 6.0 6.0 1.0 0.0 0.0 
0.0 0.0 0.0 0.0 0.0 0.0 0.0 0.0 1.0 3.0 5.0 11.0 34.0 73.0 76.0 79.0 102.0 108.0 102.0 95.0 90.0 71.0 41.0 25.0 12.0 6.0 6.0 1.0 0.0 0.0 0.0 
0.0 0.0 0.0 0.0 0.0 0.0 0.0 0.0 1.0 3.0 5.0 11.0 34.0 73.0 76.0 79.0 102.0 108.0 102.0 95.0 90.0 71.0 41.0 25.0 12.0 6.0 6.0 1.0 0.0 0.0 0.0 0.0 
0.0 0.0 0.0 0.0 0.0 0.0 0.0 0.0 1.0 3.0 5.0 11.0 34.0 73.0 76.0 79.0 102.0 108.0 102.0 95.0 90.0 71.0 41.0 25.0 12.0 6.0 6.0 1.0 0.0 0.0 0.0 0.0 0.0 
0.0 
0.0 0.0 
0.0 0.0 0.0 
0.0 0.0 0.0 0.0 
0.0 0.0 0.0 0.0 0.0 
0.0 0.0 0.0 0.0 0.0 0.0 
0.0 0.0 0.0 0.0 0.0 0.0 0.0 
0.0 0.0 0.0 0.0 0.0 0.0 0.0 0.0 
0.0 0.0 0.0 0.0 0.0 0.0 0.0 0.0 0.0 
0.0 0.0 0.0 0.0 0.0 0.0 0.0 0.0 0.0 3.0 
0.0 0.0 0.0 0.0 0.0 0.0 0.0 0.0 0.0 3.0 11.0 
0.0 0.0 0.0 0.0 0.0 0.0 0.0 0.0 0.0 3.0 11.0 14.0 
0.0 0.0 0.0 0.0 0.0 0.0 0.0 0.0 0.0 3.0 11.0 14.0 18.0 
0.0 0.0 0.0 0.0 0.0 0.0 0.0 0.0 0.0 3.0 11.0 14.0 18.0 49.0 
0.0 0.0 0.0 0.0 0.0 0.0 0.0 0.0 0.0 3.0 11.0 14.0 18.0 49.0 66.0 
0.0 0.0 0.0 0.0 0.0 0.0 0.0 0.0 0.0 3.0 11.0 14.0 18.0 49.0 66.0 90.0 
0.0 0.0 0.0 0.0 0.0 0.0 0.0 0.0 0.0 3.0 11.0 14.0 18.0 49.0 66.0 90.0 117.0 
0.0 0.0 0.0 0.0 0.0 0.0 0.0 0.0 0.0 3.0 11.0 14.0 18.0 49.0 66.0 90.0 117.0 124.0 
0.0 0.0 0.0 0.0 0.0 0.0 0.0 0.0 0.0 3.0 11.0 14.0 18.0 49.0 66.0 90.0 117.0 124.0 101.0 
0.0 0.0 0.0 0.0 0.0 0.0 0.0 0.0 0.0 3.0 11.0 14.0 18.0 49.0 66.0 90.0 117.0 124.0 101.0 96.0 
0.0 0.0 0.0 0.0 0.0 0.0 0.0 0.0 0.0 3.0 11.0 14.0 18.0 49.0 66.0 90.0 117.0 124.0 101.0 96.0 65.0 
0.0 0.0 0.0 0.0 0.0 0.0 0.0 0.0 0.0 3.0 11.0 14.0 18.0 49.0 66.0 90.0 117.0 124.0 101.0 96.0 65.0 38.0 
0.0 0.0 0.0 0.0 0.0 0.0 0.0 0.0 0.0 3.0 11.0 14.0 18.0 49.0 66.0 90.0 117.0 124.0 101.0 96.0 65.0 38.0 12.0 
0.0 0.0 0.0 0.0 0.0 0.0 0.0 0.0 0.0 3.0 11.0 14.0 18.0 49.0 66.0 90.0 117.0 124.0 101.0 96.0 65.0 38.0 12.0 7.0 
0.0 0.0 0.0 0.0 0.0 0.0 0.0 0.0 0.0 3.0 11.0 14.0 18.0 49.0 66.0 90.0 117.0 124.0 101.0 96.0 65.0 38.0 12.0 7.0 3.0 
0.0 0.0 0.0 0.0 0.0 0.0 0.0 0.0 0.0 3.0 11.0 14.0 18.0 49.0 66.0 90.0 117.0 124.0 101.0 96.0 65.0 38.0 12.0 7.0 3.0 1.0 
0.0 0.0 0.0 0.0 0.0 0.0 0.0 0.0 0.0 3.0 11.0 14.0 18.0 49.0 66.0 90.0 117.0 124.0 101.0 96.0 65.0 38.0 12.0 7.0 3.0 1.0 0.0 
0.0 0.0 0.0 0.0 0.0 0.0 0.0 0.0 0.0 3.0 11.0 14.0 18.0 49.0 66.0 90.0 117.0 124.0 101.0 96.0 65.0 38.0 12.0 7.0 3.0 1.0 0.0 0.0 
0.0 0.0 0.0 0.0 0.0 0.0 0.0 0.0 0.0 3.0 11.0 14.0 18.0 49.0 66.0 90.0 117.0 124.0 101.0 96.0 65.0 38.0 12.0 7.0 3.0 1.0 0.0 0.0 0.0 
0.0 0.0 0.0 0.0 0.0 0.0 0.0 0.0 0.0 3.0 11.0 14.0 18.0 49.0 66.0 90.0 117.0 124.0 101.0 96.0 65.0 38.0 12.0 7.0 3.0 1.0 0.0 0.0 0.0 0.0 
0.0 0.0 0.0 0.0 0.0 0.0 0.0 0.0 0.0 3.0 11.0 14.0 18.0 49.0 66.0 90.0 117.0 124.0 101.0 96.0 65.0 38.0 12.0 7.0 3.0 1.0 0.0 0.0 0.0 0.0 0.0 
0.0 0.0 0.0 0.0 0.0 0.0 0.0 0.0 0.0 3.0 11.0 14.0 18.0 49.0 66.0 90.0 117.0 124.0 101.0 96.0 65.0 38.0 12.0 7.0 3.0 1.0 0.0 0.0 0.0 0.0 0.0 0.0 
0.0 0.0 0.0 0.0 0.0 0.0 0.0 0.0 0.0 3.0 11.0 14.0 18.0 49.0 66.0 90.0 117.0 124.0 101.0 96.0 65.0 38.0 12.0 7.0 3.0 1.0 0.0 0.0 0.0 0.0 0.0 0.0 0.0 
