0.0 
0.0 0.0 
0.0 0.0 0.0 
0.0 0.0 0.0 0.0 
0.0 0.0 0.0 0.0 0.0 
0.0 0.0 0.0 0.0 0.0 0.0 
0.0 0.0 0.0 0.0 0.0 0.0 0.0 
0.0 0.0 0.0 0.0 0.0 0.0 0.0 1.0 
0.0 0.0 0.0 0.0 0.0 0.0 0.0 1.0 1.0 
0.0 0.0 0.0 0.0 0.0 0.0 0.0 1.0 1.0 1.0 
0.0 0.0 0.0 0.0 0.0 0.0 0.0 1.0 1.0 1.0 6.0 
0.0 0.0 0.0 0.0 0.0 0.0 0.0 1.0 1.0 1.0 6.0 13.0 
0.0 0.0 0.0 0.0 0.0 0.0 0.0 1.0 1.0 1.0 6.0 13.0 39.0 
0.0 0.0 0.0 0.0 0.0 0.0 0.0 1.0 1.0 1.0 6.0 13.0 39.0 51.0 
0.0 0.0 0.0 0.0 0.0 0.0 0.0 1.0 1.0 1.0 6.0 13.0 39.0 51.0 81.0 
0.0 0.0 0.0 0.0 0.0 0.0 0.0 1.0 1.0 1.0 6.0 13.0 39.0 51.0 81.0 86.0 
0.0 0.0 0.0 0.0 0.0 0.0 0.0 1.0 1.0 1.0 6.0 13.0 39.0 51.0 81.0 86.0 106.0 
0.0 0.0 0.0 0.0 0.0 0.0 0.0 1.0 1.0 1.0 6.0 13.0 39.0 51.0 81.0 86.0 106.0 101.0 
0.0 0.0 0.0 0.0 0.0 0.0 0.0 1.0 1.0 1.0 6.0 13.0 39.0 51.0 81.0 86.0 106.0 101.0 89.0 
0.0 0.0 0.0 0.0 0.0 0.0 0.0 1.0 1.0 1.0 6.0 13.0 39.0 51.0 81.0 86.0 106.0 101.0 89.0 103.0 
0.0 0.0 0.0 0.0 0.0 0.0 0.0 1.0 1.0 1.0 6.0 13.0 39.0 51.0 81.0 86.0 106.0 101.0 89.0 103.0 73.0 
0.0 0.0 0.0 0.0 0.0 0.0 0.0 1.0 1.0 1.0 6.0 13.0 39.0 51.0 81.0 86.0 106.0 101.0 89.0 103.0 73.0 58.0 
0.0 0.0 0.0 0.0 0.0 0.0 0.0 1.0 1.0 1.0 6.0 13.0 39.0 51.0 81.0 86.0 106.0 101.0 89.0 103.0 73.0 58.0 38.0 
0.0 0.0 0.0 0.0 0.0 0.0 0.0 1.0 1.0 1.0 6.0 13.0 39.0 51.0 81.0 86.0 106.0 101.0 89.0 103.0 73.0 58.0 38.0 22.0 
0.0 0.0 0.0 0.0 0.0 0.0 0.0 1.0 1.0 1.0 6.0 13.0 39.0 51.0 81.0 86.0 106.0 101.0 89.0 103.0 73.0 58.0 38.0 22.0 8.0 
0.0 0.0 0.0 0.0 0.0 0.0 0.0 1.0 1.0 1.0 6.0 13.0 39.0 51.0 81.0 86.0 106.0 101.0 89.0 103.0 73.0 58.0 38.0 22.0 8.0 2.0 
0.0 0.0 0.0 0.0 0.0 0.0 0.0 1.0 1.0 1.0 6.0 13.0 39.0 51.0 81.0 86.0 106.0 101.0 89.0 103.0 73.0 58.0 38.0 22.0 8.0 2.0 0.0 
0.0 0.0 0.0 0.0 0.0 0.0 0.0 1.0 1.0 1.0 6.0 13.0 39.0 51.0 81.0 86.0 106.0 101.0 89.0 103.0 73.0 58.0 38.0 22.0 8.0 2.0 0.0 0.0 
0.0 0.0 0.0 0.0 0.0 0.0 0.0 1.0 1.0 1.0 6.0 13.0 39.0 51.0 81.0 86.0 106.0 101.0 89.0 103.0 73.0 58.0 38.0 22.0 8.0 2.0 0.0 0.0 0.0 
0.0 0.0 0.0 0.0 0.0 0.0 0.0 1.0 1.0 1.0 6.0 13.0 39.0 51.0 81.0 86.0 106.0 101.0 89.0 103.0 73.0 58.0 38.0 22.0 8.0 2.0 0.0 0.0 0.0 0.0 
0.0 0.0 0.0 0.0 0.0 0.0 0.0 1.0 1.0 1.0 6.0 13.0 39.0 51.0 81.0 86.0 106.0 101.0 89.0 103.0 73.0 58.0 38.0 22.0 8.0 2.0 0.0 0.0 0.0 0.0 0.0 
0.0 0.0 0.0 0.0 0.0 0.0 0.0 1.0 1.0 1.0 6.0 13.0 39.0 51.0 81.0 86.0 106.0 101.0 89.0 103.0 73.0 58.0 38.0 22.0 8.0 2.0 0.0 0.0 0.0 0.0 0.0 0.0 
0.0 0.0 0.0 0.0 0.0 0.0 0.0 1.0 1.0 1.0 6.0 13.0 39.0 51.0 81.0 86.0 106.0 101.0 89.0 103.0 73.0 58.0 38.0 22.0 8.0 2.0 0.0 0.0 0.0 0.0 0.0 0.0 0.0 
0.0 
0.0 0.0 
0.0 0.0 0.0 
0.0 0.0 0.0 0.0 
0.0 0.0 0.0 0.0 0.0 
0.0 0.0 0.0 0.0 0.0 0.0 
0.0 0.0 0.0 0.0 0.0 0.0 0.0 
0.0 0.0 0.0 0.0 0.0 0.0 0.0 0.0 
0.0 0.0 0.0 0.0 0.0 0.0 0.0 0.0 0.0 
0.0 0.0 0.0 0.0 0.0 0.0 0.0 0.0 0.0 0.0 
0.0 0.0 0.0 0.0 0.0 0.0 0.0 0.0 0.0 0.0 3.0 
0.0 0.0 0.0 0.0 0.0 0.0 0.0 0.0 0.0 0.0 3.0 9.0 
0.0 0.0 0.0 0.0 0.0 0.0 0.0 0.0 0.0 0.0 3.0 9.0 11.0 
0.0 0.0 0.0 0.0 0.0 0.0 0.0 0.0 0.0 0.0 3.0 9.0 11.0 35.0 
0.0 0.0 0.0 0.0 0.0 0.0 0.0 0.0 0.0 0.0 3.0 9.0 11.0 35.0 64.0 
0.0 0.0 0.0 0.0 0.0 0.0 0.0 0.0 0.0 0.0 3.0 9.0 11.0 35.0 64.0 87.0 
0.0 0.0 0.0 0.0 0.0 0.0 0.0 0.0 0.0 0.0 3.0 9.0 11.0 35.0 64.0 87.0 101.0 
0.0 0.0 0.0 0.0 0.0 0.0 0.0 0.0 0.0 0.0 3.0 9.0 11.0 35.0 64.0 87.0 101.0 101.0 
0.0 0.0 0.0 0.0 0.0 0.0 0.0 0.0 0.0 0.0 3.0 9.0 11.0 35.0 64.0 87.0 101.0 101.0 82.0 
0.0 0.0 0.0 0.0 0.0 0.0 0.0 0.0 0.0 0.0 3.0 9.0 11.0 35.0 64.0 87.0 101.0 101.0 82.0 81.0 
0.0 0.0 0.0 0.0 0.0 0.0 0.0 0.0 0.0 0.0 3.0 9.0 11.0 35.0 64.0 87.0 101.0 101.0 82.0 81.0 58.0 
0.0 0.0 0.0 0.0 0.0 0.0 0.0 0.0 0.0 0.0 3.0 9.0 11.0 35.0 64.0 87.0 101.0 101.0 82.0 81.0 58.0 32.0 
0.0 0.0 0.0 0.0 0.0 0.0 0.0 0.0 0.0 0.0 3.0 9.0 11.0 35.0 64.0 87.0 101.0 101.0 82.0 81.0 58.0 32.0 18.0 
0.0 0.0 0.0 0.0 0.0 0.0 0.0 0.0 0.0 0.0 3.0 9.0 11.0 35.0 64.0 87.0 101.0 101.0 82.0 81.0 58.0 32.0 18.0 7.0 
0.0 0.0 0.0 0.0 0.0 0.0 0.0 0.0 0.0 0.0 3.0 9.0 11.0 35.0 64.0 87.0 101.0 101.0 82.0 81.0 58.0 32.0 18.0 7.0 1.0 
0.0 0.0 0.0 0.0 0.0 0.0 0.0 0.0 0.0 0.0 3.0 9.0 11.0 35.0 64.0 87.0 101.0 101.0 82.0 81.0 58.0 32.0 18.0 7.0 1.0 1.0 
0.0 0.0 0.0 0.0 0.0 0.0 0.0 0.0 0.0 0.0 3.0 9.0 11.0 35.0 64.0 87.0 101.0 101.0 82.0 81.0 58.0 32.0 18.0 7.0 1.0 1.0 0.0 
0.0 0.0 0.0 0.0 0.0 0.0 0.0 0.0 0.0 0.0 3.0 9.0 11.0 35.0 64.0 87.0 101.0 101.0 82.0 81.0 58.0 32.0 18.0 7.0 1.0 1.0 0.0 0.0 
0.0 0.0 0.0 0.0 0.0 0.0 0.0 0.0 0.0 0.0 3.0 9.0 11.0 35.0 64.0 87.0 101.0 101.0 82.0 81.0 58.0 32.0 18.0 7.0 1.0 1.0 0.0 0.0 0.0 
0.0 0.0 0.0 0.0 0.0 0.0 0.0 0.0 0.0 0.0 3.0 9.0 11.0 35.0 64.0 87.0 101.0 101.0 82.0 81.0 58.0 32.0 18.0 7.0 1.0 1.0 0.0 0.0 0.0 0.0 
0.0 0.0 0.0 0.0 0.0 0.0 0.0 0.0 0.0 0.0 3.0 9.0 11.0 35.0 64.0 87.0 101.0 101.0 82.0 81.0 58.0 32.0 18.0 7.0 1.0 1.0 0.0 0.0 0.0 0.0 0.0 
0.0 0.0 0.0 0.0 0.0 0.0 0.0 0.0 0.0 0.0 3.0 9.0 11.0 35.0 64.0 87.0 101.0 101.0 82.0 81.0 58.0 32.0 18.0 7.0 1.0 1.0 0.0 0.0 0.0 0.0 0.0 0.0 
0.0 0.0 0.0 0.0 0.0 0.0 0.0 0.0 0.0 0.0 3.0 9.0 11.0 35.0 64.0 87.0 101.0 101.0 82.0 81.0 58.0 32.0 18.0 7.0 1.0 1.0 0.0 0.0 0.0 0.0 0.0 0.0 0.0 
