0.0 
0.0 0.0 
0.0 0.0 0.0 
0.0 0.0 0.0 0.0 
0.0 0.0 0.0 0.0 0.0 
0.0 0.0 0.0 0.0 0.0 0.0 
0.0 0.0 0.0 0.0 0.0 0.0 0.0 
0.0 0.0 0.0 0.0 0.0 0.0 0.0 1.0 
0.0 0.0 0.0 0.0 0.0 0.0 0.0 1.0 3.0 
0.0 0.0 0.0 0.0 0.0 0.0 0.0 1.0 3.0 5.0 
0.0 0.0 0.0 0.0 0.0 0.0 0.0 1.0 3.0 5.0 12.0 
0.0 0.0 0.0 0.0 0.0 0.0 0.0 1.0 3.0 5.0 12.0 24.0 
0.0 0.0 0.0 0.0 0.0 0.0 0.0 1.0 3.0 5.0 12.0 24.0 40.0 
0.0 0.0 0.0 0.0 0.0 0.0 0.0 1.0 3.0 5.0 12.0 24.0 40.0 58.0 
0.0 0.0 0.0 0.0 0.0 0.0 0.0 1.0 3.0 5.0 12.0 24.0 40.0 58.0 85.0 
0.0 0.0 0.0 0.0 0.0 0.0 0.0 1.0 3.0 5.0 12.0 24.0 40.0 58.0 85.0 93.0 
0.0 0.0 0.0 0.0 0.0 0.0 0.0 1.0 3.0 5.0 12.0 24.0 40.0 58.0 85.0 93.0 101.0 
0.0 0.0 0.0 0.0 0.0 0.0 0.0 1.0 3.0 5.0 12.0 24.0 40.0 58.0 85.0 93.0 101.0 107.0 
0.0 0.0 0.0 0.0 0.0 0.0 0.0 1.0 3.0 5.0 12.0 24.0 40.0 58.0 85.0 93.0 101.0 107.0 104.0 
0.0 0.0 0.0 0.0 0.0 0.0 0.0 1.0 3.0 5.0 12.0 24.0 40.0 58.0 85.0 93.0 101.0 107.0 104.0 93.0 
0.0 0.0 0.0 0.0 0.0 0.0 0.0 1.0 3.0 5.0 12.0 24.0 40.0 58.0 85.0 93.0 101.0 107.0 104.0 93.0 82.0 
0.0 0.0 0.0 0.0 0.0 0.0 0.0 1.0 3.0 5.0 12.0 24.0 40.0 58.0 85.0 93.0 101.0 107.0 104.0 93.0 82.0 67.0 
0.0 0.0 0.0 0.0 0.0 0.0 0.0 1.0 3.0 5.0 12.0 24.0 40.0 58.0 85.0 93.0 101.0 107.0 104.0 93.0 82.0 67.0 45.0 
0.0 0.0 0.0 0.0 0.0 0.0 0.0 1.0 3.0 5.0 12.0 24.0 40.0 58.0 85.0 93.0 101.0 107.0 104.0 93.0 82.0 67.0 45.0 17.0 
0.0 0.0 0.0 0.0 0.0 0.0 0.0 1.0 3.0 5.0 12.0 24.0 40.0 58.0 85.0 93.0 101.0 107.0 104.0 93.0 82.0 67.0 45.0 17.0 6.0 
0.0 0.0 0.0 0.0 0.0 0.0 0.0 1.0 3.0 5.0 12.0 24.0 40.0 58.0 85.0 93.0 101.0 107.0 104.0 93.0 82.0 67.0 45.0 17.0 6.0 5.0 
0.0 0.0 0.0 0.0 0.0 0.0 0.0 1.0 3.0 5.0 12.0 24.0 40.0 58.0 85.0 93.0 101.0 107.0 104.0 93.0 82.0 67.0 45.0 17.0 6.0 5.0 3.0 
0.0 0.0 0.0 0.0 0.0 0.0 0.0 1.0 3.0 5.0 12.0 24.0 40.0 58.0 85.0 93.0 101.0 107.0 104.0 93.0 82.0 67.0 45.0 17.0 6.0 5.0 3.0 1.0 
0.0 0.0 0.0 0.0 0.0 0.0 0.0 1.0 3.0 5.0 12.0 24.0 40.0 58.0 85.0 93.0 101.0 107.0 104.0 93.0 82.0 67.0 45.0 17.0 6.0 5.0 3.0 1.0 1.0 
0.0 0.0 0.0 0.0 0.0 0.0 0.0 1.0 3.0 5.0 12.0 24.0 40.0 58.0 85.0 93.0 101.0 107.0 104.0 93.0 82.0 67.0 45.0 17.0 6.0 5.0 3.0 1.0 1.0 0.0 
0.0 0.0 0.0 0.0 0.0 0.0 0.0 1.0 3.0 5.0 12.0 24.0 40.0 58.0 85.0 93.0 101.0 107.0 104.0 93.0 82.0 67.0 45.0 17.0 6.0 5.0 3.0 1.0 1.0 0.0 0.0 
0.0 0.0 0.0 0.0 0.0 0.0 0.0 1.0 3.0 5.0 12.0 24.0 40.0 58.0 85.0 93.0 101.0 107.0 104.0 93.0 82.0 67.0 45.0 17.0 6.0 5.0 3.0 1.0 1.0 0.0 0.0 0.0 
0.0 0.0 0.0 0.0 0.0 0.0 0.0 1.0 3.0 5.0 12.0 24.0 40.0 58.0 85.0 93.0 101.0 107.0 104.0 93.0 82.0 67.0 45.0 17.0 6.0 5.0 3.0 1.0 1.0 0.0 0.0 0.0 0.0 
0.0 
0.0 0.0 
0.0 0.0 0.0 
0.0 0.0 0.0 0.0 
0.0 0.0 0.0 0.0 0.0 
0.0 0.0 0.0 0.0 0.0 0.0 
0.0 0.0 0.0 0.0 0.0 0.0 1.0 
0.0 0.0 0.0 0.0 0.0 0.0 1.0 1.0 
0.0 0.0 0.0 0.0 0.0 0.0 1.0 1.0 1.0 
0.0 0.0 0.0 0.0 0.0 0.0 1.0 1.0 1.0 4.0 
0.0 0.0 0.0 0.0 0.0 0.0 1.0 1.0 1.0 4.0 7.0 
0.0 0.0 0.0 0.0 0.0 0.0 1.0 1.0 1.0 4.0 7.0 12.0 
0.0 0.0 0.0 0.0 0.0 0.0 1.0 1.0 1.0 4.0 7.0 12.0 23.0 
0.0 0.0 0.0 0.0 0.0 0.0 1.0 1.0 1.0 4.0 7.0 12.0 23.0 52.0 
0.0 0.0 0.0 0.0 0.0 0.0 1.0 1.0 1.0 4.0 7.0 12.0 23.0 52.0 64.0 
0.0 0.0 0.0 0.0 0.0 0.0 1.0 1.0 1.0 4.0 7.0 12.0 23.0 52.0 64.0 93.0 
0.0 0.0 0.0 0.0 0.0 0.0 1.0 1.0 1.0 4.0 7.0 12.0 23.0 52.0 64.0 93.0 102.0 
0.0 0.0 0.0 0.0 0.0 0.0 1.0 1.0 1.0 4.0 7.0 12.0 23.0 52.0 64.0 93.0 102.0 99.0 
0.0 0.0 0.0 0.0 0.0 0.0 1.0 1.0 1.0 4.0 7.0 12.0 23.0 52.0 64.0 93.0 102.0 99.0 105.0 
0.0 0.0 0.0 0.0 0.0 0.0 1.0 1.0 1.0 4.0 7.0 12.0 23.0 52.0 64.0 93.0 102.0 99.0 105.0 84.0 
0.0 0.0 0.0 0.0 0.0 0.0 1.0 1.0 1.0 4.0 7.0 12.0 23.0 52.0 64.0 93.0 102.0 99.0 105.0 84.0 65.0 
0.0 0.0 0.0 0.0 0.0 0.0 1.0 1.0 1.0 4.0 7.0 12.0 23.0 52.0 64.0 93.0 102.0 99.0 105.0 84.0 65.0 42.0 
0.0 0.0 0.0 0.0 0.0 0.0 1.0 1.0 1.0 4.0 7.0 12.0 23.0 52.0 64.0 93.0 102.0 99.0 105.0 84.0 65.0 42.0 22.0 
0.0 0.0 0.0 0.0 0.0 0.0 1.0 1.0 1.0 4.0 7.0 12.0 23.0 52.0 64.0 93.0 102.0 99.0 105.0 84.0 65.0 42.0 22.0 11.0 
0.0 0.0 0.0 0.0 0.0 0.0 1.0 1.0 1.0 4.0 7.0 12.0 23.0 52.0 64.0 93.0 102.0 99.0 105.0 84.0 65.0 42.0 22.0 11.0 5.0 
0.0 0.0 0.0 0.0 0.0 0.0 1.0 1.0 1.0 4.0 7.0 12.0 23.0 52.0 64.0 93.0 102.0 99.0 105.0 84.0 65.0 42.0 22.0 11.0 5.0 3.0 
0.0 0.0 0.0 0.0 0.0 0.0 1.0 1.0 1.0 4.0 7.0 12.0 23.0 52.0 64.0 93.0 102.0 99.0 105.0 84.0 65.0 42.0 22.0 11.0 5.0 3.0 1.0 
0.0 0.0 0.0 0.0 0.0 0.0 1.0 1.0 1.0 4.0 7.0 12.0 23.0 52.0 64.0 93.0 102.0 99.0 105.0 84.0 65.0 42.0 22.0 11.0 5.0 3.0 1.0 0.0 
0.0 0.0 0.0 0.0 0.0 0.0 1.0 1.0 1.0 4.0 7.0 12.0 23.0 52.0 64.0 93.0 102.0 99.0 105.0 84.0 65.0 42.0 22.0 11.0 5.0 3.0 1.0 0.0 1.0 
0.0 0.0 0.0 0.0 0.0 0.0 1.0 1.0 1.0 4.0 7.0 12.0 23.0 52.0 64.0 93.0 102.0 99.0 105.0 84.0 65.0 42.0 22.0 11.0 5.0 3.0 1.0 0.0 1.0 1.0 
0.0 0.0 0.0 0.0 0.0 0.0 1.0 1.0 1.0 4.0 7.0 12.0 23.0 52.0 64.0 93.0 102.0 99.0 105.0 84.0 65.0 42.0 22.0 11.0 5.0 3.0 1.0 0.0 1.0 1.0 0.0 
0.0 0.0 0.0 0.0 0.0 0.0 1.0 1.0 1.0 4.0 7.0 12.0 23.0 52.0 64.0 93.0 102.0 99.0 105.0 84.0 65.0 42.0 22.0 11.0 5.0 3.0 1.0 0.0 1.0 1.0 0.0 0.0 
0.0 0.0 0.0 0.0 0.0 0.0 1.0 1.0 1.0 4.0 7.0 12.0 23.0 52.0 64.0 93.0 102.0 99.0 105.0 84.0 65.0 42.0 22.0 11.0 5.0 3.0 1.0 0.0 1.0 1.0 0.0 0.0 0.0 
