0.0 
0.0 0.0 
0.0 0.0 0.0 
0.0 0.0 0.0 0.0 
0.0 0.0 0.0 0.0 0.0 
0.0 0.0 0.0 0.0 0.0 1.0 
0.0 0.0 0.0 0.0 0.0 1.0 1.0 
0.0 0.0 0.0 0.0 0.0 1.0 1.0 3.0 
0.0 0.0 0.0 0.0 0.0 1.0 1.0 3.0 9.0 
0.0 0.0 0.0 0.0 0.0 1.0 1.0 3.0 9.0 7.0 
0.0 0.0 0.0 0.0 0.0 1.0 1.0 3.0 9.0 7.0 11.0 
0.0 0.0 0.0 0.0 0.0 1.0 1.0 3.0 9.0 7.0 11.0 19.0 
0.0 0.0 0.0 0.0 0.0 1.0 1.0 3.0 9.0 7.0 11.0 19.0 44.0 
0.0 0.0 0.0 0.0 0.0 1.0 1.0 3.0 9.0 7.0 11.0 19.0 44.0 60.0 
0.0 0.0 0.0 0.0 0.0 1.0 1.0 3.0 9.0 7.0 11.0 19.0 44.0 60.0 80.0 
0.0 0.0 0.0 0.0 0.0 1.0 1.0 3.0 9.0 7.0 11.0 19.0 44.0 60.0 80.0 86.0 
0.0 0.0 0.0 0.0 0.0 1.0 1.0 3.0 9.0 7.0 11.0 19.0 44.0 60.0 80.0 86.0 97.0 
0.0 0.0 0.0 0.0 0.0 1.0 1.0 3.0 9.0 7.0 11.0 19.0 44.0 60.0 80.0 86.0 97.0 121.0 
0.0 0.0 0.0 0.0 0.0 1.0 1.0 3.0 9.0 7.0 11.0 19.0 44.0 60.0 80.0 86.0 97.0 121.0 115.0 
0.0 0.0 0.0 0.0 0.0 1.0 1.0 3.0 9.0 7.0 11.0 19.0 44.0 60.0 80.0 86.0 97.0 121.0 115.0 94.0 
0.0 0.0 0.0 0.0 0.0 1.0 1.0 3.0 9.0 7.0 11.0 19.0 44.0 60.0 80.0 86.0 97.0 121.0 115.0 94.0 79.0 
0.0 0.0 0.0 0.0 0.0 1.0 1.0 3.0 9.0 7.0 11.0 19.0 44.0 60.0 80.0 86.0 97.0 121.0 115.0 94.0 79.0 71.0 
0.0 0.0 0.0 0.0 0.0 1.0 1.0 3.0 9.0 7.0 11.0 19.0 44.0 60.0 80.0 86.0 97.0 121.0 115.0 94.0 79.0 71.0 50.0 
0.0 0.0 0.0 0.0 0.0 1.0 1.0 3.0 9.0 7.0 11.0 19.0 44.0 60.0 80.0 86.0 97.0 121.0 115.0 94.0 79.0 71.0 50.0 30.0 
0.0 0.0 0.0 0.0 0.0 1.0 1.0 3.0 9.0 7.0 11.0 19.0 44.0 60.0 80.0 86.0 97.0 121.0 115.0 94.0 79.0 71.0 50.0 30.0 16.0 
0.0 0.0 0.0 0.0 0.0 1.0 1.0 3.0 9.0 7.0 11.0 19.0 44.0 60.0 80.0 86.0 97.0 121.0 115.0 94.0 79.0 71.0 50.0 30.0 16.0 7.0 
0.0 0.0 0.0 0.0 0.0 1.0 1.0 3.0 9.0 7.0 11.0 19.0 44.0 60.0 80.0 86.0 97.0 121.0 115.0 94.0 79.0 71.0 50.0 30.0 16.0 7.0 4.0 
0.0 0.0 0.0 0.0 0.0 1.0 1.0 3.0 9.0 7.0 11.0 19.0 44.0 60.0 80.0 86.0 97.0 121.0 115.0 94.0 79.0 71.0 50.0 30.0 16.0 7.0 4.0 3.0 
0.0 0.0 0.0 0.0 0.0 1.0 1.0 3.0 9.0 7.0 11.0 19.0 44.0 60.0 80.0 86.0 97.0 121.0 115.0 94.0 79.0 71.0 50.0 30.0 16.0 7.0 4.0 3.0 1.0 
0.0 0.0 0.0 0.0 0.0 1.0 1.0 3.0 9.0 7.0 11.0 19.0 44.0 60.0 80.0 86.0 97.0 121.0 115.0 94.0 79.0 71.0 50.0 30.0 16.0 7.0 4.0 3.0 1.0 0.0 
0.0 0.0 0.0 0.0 0.0 1.0 1.0 3.0 9.0 7.0 11.0 19.0 44.0 60.0 80.0 86.0 97.0 121.0 115.0 94.0 79.0 71.0 50.0 30.0 16.0 7.0 4.0 3.0 1.0 0.0 0.0 
0.0 0.0 0.0 0.0 0.0 1.0 1.0 3.0 9.0 7.0 11.0 19.0 44.0 60.0 80.0 86.0 97.0 121.0 115.0 94.0 79.0 71.0 50.0 30.0 16.0 7.0 4.0 3.0 1.0 0.0 0.0 0.0 
0.0 0.0 0.0 0.0 0.0 1.0 1.0 3.0 9.0 7.0 11.0 19.0 44.0 60.0 80.0 86.0 97.0 121.0 115.0 94.0 79.0 71.0 50.0 30.0 16.0 7.0 4.0 3.0 1.0 0.0 0.0 0.0 0.0 
0.0 
0.0 0.0 
0.0 0.0 0.0 
0.0 0.0 0.0 0.0 
0.0 0.0 0.0 0.0 0.0 
0.0 0.0 0.0 0.0 0.0 0.0 
0.0 0.0 0.0 0.0 0.0 0.0 0.0 
0.0 0.0 0.0 0.0 0.0 0.0 0.0 0.0 
0.0 0.0 0.0 0.0 0.0 0.0 0.0 0.0 1.0 
0.0 0.0 0.0 0.0 0.0 0.0 0.0 0.0 1.0 4.0 
0.0 0.0 0.0 0.0 0.0 0.0 0.0 0.0 1.0 4.0 5.0 
0.0 0.0 0.0 0.0 0.0 0.0 0.0 0.0 1.0 4.0 5.0 13.0 
0.0 0.0 0.0 0.0 0.0 0.0 0.0 0.0 1.0 4.0 5.0 13.0 22.0 
0.0 0.0 0.0 0.0 0.0 0.0 0.0 0.0 1.0 4.0 5.0 13.0 22.0 48.0 
0.0 0.0 0.0 0.0 0.0 0.0 0.0 0.0 1.0 4.0 5.0 13.0 22.0 48.0 79.0 
0.0 0.0 0.0 0.0 0.0 0.0 0.0 0.0 1.0 4.0 5.0 13.0 22.0 48.0 79.0 101.0 
0.0 0.0 0.0 0.0 0.0 0.0 0.0 0.0 1.0 4.0 5.0 13.0 22.0 48.0 79.0 101.0 112.0 
0.0 0.0 0.0 0.0 0.0 0.0 0.0 0.0 1.0 4.0 5.0 13.0 22.0 48.0 79.0 101.0 112.0 115.0 
0.0 0.0 0.0 0.0 0.0 0.0 0.0 0.0 1.0 4.0 5.0 13.0 22.0 48.0 79.0 101.0 112.0 115.0 100.0 
0.0 0.0 0.0 0.0 0.0 0.0 0.0 0.0 1.0 4.0 5.0 13.0 22.0 48.0 79.0 101.0 112.0 115.0 100.0 86.0 
0.0 0.0 0.0 0.0 0.0 0.0 0.0 0.0 1.0 4.0 5.0 13.0 22.0 48.0 79.0 101.0 112.0 115.0 100.0 86.0 75.0 
0.0 0.0 0.0 0.0 0.0 0.0 0.0 0.0 1.0 4.0 5.0 13.0 22.0 48.0 79.0 101.0 112.0 115.0 100.0 86.0 75.0 47.0 
0.0 0.0 0.0 0.0 0.0 0.0 0.0 0.0 1.0 4.0 5.0 13.0 22.0 48.0 79.0 101.0 112.0 115.0 100.0 86.0 75.0 47.0 29.0 
0.0 0.0 0.0 0.0 0.0 0.0 0.0 0.0 1.0 4.0 5.0 13.0 22.0 48.0 79.0 101.0 112.0 115.0 100.0 86.0 75.0 47.0 29.0 8.0 
0.0 0.0 0.0 0.0 0.0 0.0 0.0 0.0 1.0 4.0 5.0 13.0 22.0 48.0 79.0 101.0 112.0 115.0 100.0 86.0 75.0 47.0 29.0 8.0 10.0 
0.0 0.0 0.0 0.0 0.0 0.0 0.0 0.0 1.0 4.0 5.0 13.0 22.0 48.0 79.0 101.0 112.0 115.0 100.0 86.0 75.0 47.0 29.0 8.0 10.0 7.0 
0.0 0.0 0.0 0.0 0.0 0.0 0.0 0.0 1.0 4.0 5.0 13.0 22.0 48.0 79.0 101.0 112.0 115.0 100.0 86.0 75.0 47.0 29.0 8.0 10.0 7.0 2.0 
0.0 0.0 0.0 0.0 0.0 0.0 0.0 0.0 1.0 4.0 5.0 13.0 22.0 48.0 79.0 101.0 112.0 115.0 100.0 86.0 75.0 47.0 29.0 8.0 10.0 7.0 2.0 1.0 
0.0 0.0 0.0 0.0 0.0 0.0 0.0 0.0 1.0 4.0 5.0 13.0 22.0 48.0 79.0 101.0 112.0 115.0 100.0 86.0 75.0 47.0 29.0 8.0 10.0 7.0 2.0 1.0 0.0 
0.0 0.0 0.0 0.0 0.0 0.0 0.0 0.0 1.0 4.0 5.0 13.0 22.0 48.0 79.0 101.0 112.0 115.0 100.0 86.0 75.0 47.0 29.0 8.0 10.0 7.0 2.0 1.0 0.0 0.0 
0.0 0.0 0.0 0.0 0.0 0.0 0.0 0.0 1.0 4.0 5.0 13.0 22.0 48.0 79.0 101.0 112.0 115.0 100.0 86.0 75.0 47.0 29.0 8.0 10.0 7.0 2.0 1.0 0.0 0.0 0.0 
0.0 0.0 0.0 0.0 0.0 0.0 0.0 0.0 1.0 4.0 5.0 13.0 22.0 48.0 79.0 101.0 112.0 115.0 100.0 86.0 75.0 47.0 29.0 8.0 10.0 7.0 2.0 1.0 0.0 0.0 0.0 0.0 
0.0 0.0 0.0 0.0 0.0 0.0 0.0 0.0 1.0 4.0 5.0 13.0 22.0 48.0 79.0 101.0 112.0 115.0 100.0 86.0 75.0 47.0 29.0 8.0 10.0 7.0 2.0 1.0 0.0 0.0 0.0 0.0 0.0 
