0.0 
0.0 0.0 
0.0 0.0 0.0 
0.0 0.0 0.0 0.0 
0.0 0.0 0.0 0.0 0.0 
0.0 0.0 0.0 0.0 0.0 0.0 
0.0 0.0 0.0 0.0 0.0 0.0 0.0 
0.0 0.0 0.0 0.0 0.0 0.0 0.0 0.0 
0.0 0.0 0.0 0.0 0.0 0.0 0.0 0.0 0.0 
0.0 0.0 0.0 0.0 0.0 0.0 0.0 0.0 0.0 0.0 
0.0 0.0 0.0 0.0 0.0 0.0 0.0 0.0 0.0 0.0 0.0 
0.0 0.0 0.0 0.0 0.0 0.0 0.0 0.0 0.0 0.0 0.0 4.0 
0.0 0.0 0.0 0.0 0.0 0.0 0.0 0.0 0.0 0.0 0.0 4.0 25.0 
0.0 0.0 0.0 0.0 0.0 0.0 0.0 0.0 0.0 0.0 0.0 4.0 25.0 50.0 
0.0 0.0 0.0 0.0 0.0 0.0 0.0 0.0 0.0 0.0 0.0 4.0 25.0 50.0 68.0 
0.0 0.0 0.0 0.0 0.0 0.0 0.0 0.0 0.0 0.0 0.0 4.0 25.0 50.0 68.0 88.0 
0.0 0.0 0.0 0.0 0.0 0.0 0.0 0.0 0.0 0.0 0.0 4.0 25.0 50.0 68.0 88.0 80.0 
0.0 0.0 0.0 0.0 0.0 0.0 0.0 0.0 0.0 0.0 0.0 4.0 25.0 50.0 68.0 88.0 80.0 106.0 
0.0 0.0 0.0 0.0 0.0 0.0 0.0 0.0 0.0 0.0 0.0 4.0 25.0 50.0 68.0 88.0 80.0 106.0 106.0 
0.0 0.0 0.0 0.0 0.0 0.0 0.0 0.0 0.0 0.0 0.0 4.0 25.0 50.0 68.0 88.0 80.0 106.0 106.0 93.0 
0.0 0.0 0.0 0.0 0.0 0.0 0.0 0.0 0.0 0.0 0.0 4.0 25.0 50.0 68.0 88.0 80.0 106.0 106.0 93.0 82.0 
0.0 0.0 0.0 0.0 0.0 0.0 0.0 0.0 0.0 0.0 0.0 4.0 25.0 50.0 68.0 88.0 80.0 106.0 106.0 93.0 82.0 60.0 
0.0 0.0 0.0 0.0 0.0 0.0 0.0 0.0 0.0 0.0 0.0 4.0 25.0 50.0 68.0 88.0 80.0 106.0 106.0 93.0 82.0 60.0 31.0 
0.0 0.0 0.0 0.0 0.0 0.0 0.0 0.0 0.0 0.0 0.0 4.0 25.0 50.0 68.0 88.0 80.0 106.0 106.0 93.0 82.0 60.0 31.0 7.0 
0.0 0.0 0.0 0.0 0.0 0.0 0.0 0.0 0.0 0.0 0.0 4.0 25.0 50.0 68.0 88.0 80.0 106.0 106.0 93.0 82.0 60.0 31.0 7.0 1.0 
0.0 0.0 0.0 0.0 0.0 0.0 0.0 0.0 0.0 0.0 0.0 4.0 25.0 50.0 68.0 88.0 80.0 106.0 106.0 93.0 82.0 60.0 31.0 7.0 1.0 0.0 
0.0 0.0 0.0 0.0 0.0 0.0 0.0 0.0 0.0 0.0 0.0 4.0 25.0 50.0 68.0 88.0 80.0 106.0 106.0 93.0 82.0 60.0 31.0 7.0 1.0 0.0 1.0 
0.0 0.0 0.0 0.0 0.0 0.0 0.0 0.0 0.0 0.0 0.0 4.0 25.0 50.0 68.0 88.0 80.0 106.0 106.0 93.0 82.0 60.0 31.0 7.0 1.0 0.0 1.0 1.0 
0.0 0.0 0.0 0.0 0.0 0.0 0.0 0.0 0.0 0.0 0.0 4.0 25.0 50.0 68.0 88.0 80.0 106.0 106.0 93.0 82.0 60.0 31.0 7.0 1.0 0.0 1.0 1.0 0.0 
0.0 0.0 0.0 0.0 0.0 0.0 0.0 0.0 0.0 0.0 0.0 4.0 25.0 50.0 68.0 88.0 80.0 106.0 106.0 93.0 82.0 60.0 31.0 7.0 1.0 0.0 1.0 1.0 0.0 0.0 
0.0 0.0 0.0 0.0 0.0 0.0 0.0 0.0 0.0 0.0 0.0 4.0 25.0 50.0 68.0 88.0 80.0 106.0 106.0 93.0 82.0 60.0 31.0 7.0 1.0 0.0 1.0 1.0 0.0 0.0 0.0 
0.0 0.0 0.0 0.0 0.0 0.0 0.0 0.0 0.0 0.0 0.0 4.0 25.0 50.0 68.0 88.0 80.0 106.0 106.0 93.0 82.0 60.0 31.0 7.0 1.0 0.0 1.0 1.0 0.0 0.0 0.0 0.0 
0.0 0.0 0.0 0.0 0.0 0.0 0.0 0.0 0.0 0.0 0.0 4.0 25.0 50.0 68.0 88.0 80.0 106.0 106.0 93.0 82.0 60.0 31.0 7.0 1.0 0.0 1.0 1.0 0.0 0.0 0.0 0.0 0.0 
0.0 
0.0 0.0 
0.0 0.0 0.0 
0.0 0.0 0.0 0.0 
0.0 0.0 0.0 0.0 0.0 
0.0 0.0 0.0 0.0 0.0 0.0 
0.0 0.0 0.0 0.0 0.0 0.0 0.0 
0.0 0.0 0.0 0.0 0.0 0.0 0.0 0.0 
0.0 0.0 0.0 0.0 0.0 0.0 0.0 0.0 0.0 
0.0 0.0 0.0 0.0 0.0 0.0 0.0 0.0 0.0 1.0 
0.0 0.0 0.0 0.0 0.0 0.0 0.0 0.0 0.0 1.0 2.0 
0.0 0.0 0.0 0.0 0.0 0.0 0.0 0.0 0.0 1.0 2.0 4.0 
0.0 0.0 0.0 0.0 0.0 0.0 0.0 0.0 0.0 1.0 2.0 4.0 13.0 
0.0 0.0 0.0 0.0 0.0 0.0 0.0 0.0 0.0 1.0 2.0 4.0 13.0 34.0 
0.0 0.0 0.0 0.0 0.0 0.0 0.0 0.0 0.0 1.0 2.0 4.0 13.0 34.0 55.0 
0.0 0.0 0.0 0.0 0.0 0.0 0.0 0.0 0.0 1.0 2.0 4.0 13.0 34.0 55.0 91.0 
0.0 0.0 0.0 0.0 0.0 0.0 0.0 0.0 0.0 1.0 2.0 4.0 13.0 34.0 55.0 91.0 99.0 
0.0 0.0 0.0 0.0 0.0 0.0 0.0 0.0 0.0 1.0 2.0 4.0 13.0 34.0 55.0 91.0 99.0 92.0 
0.0 0.0 0.0 0.0 0.0 0.0 0.0 0.0 0.0 1.0 2.0 4.0 13.0 34.0 55.0 91.0 99.0 92.0 86.0 
0.0 0.0 0.0 0.0 0.0 0.0 0.0 0.0 0.0 1.0 2.0 4.0 13.0 34.0 55.0 91.0 99.0 92.0 86.0 75.0 
0.0 0.0 0.0 0.0 0.0 0.0 0.0 0.0 0.0 1.0 2.0 4.0 13.0 34.0 55.0 91.0 99.0 92.0 86.0 75.0 55.0 
0.0 0.0 0.0 0.0 0.0 0.0 0.0 0.0 0.0 1.0 2.0 4.0 13.0 34.0 55.0 91.0 99.0 92.0 86.0 75.0 55.0 29.0 
0.0 0.0 0.0 0.0 0.0 0.0 0.0 0.0 0.0 1.0 2.0 4.0 13.0 34.0 55.0 91.0 99.0 92.0 86.0 75.0 55.0 29.0 15.0 
0.0 0.0 0.0 0.0 0.0 0.0 0.0 0.0 0.0 1.0 2.0 4.0 13.0 34.0 55.0 91.0 99.0 92.0 86.0 75.0 55.0 29.0 15.0 9.0 
0.0 0.0 0.0 0.0 0.0 0.0 0.0 0.0 0.0 1.0 2.0 4.0 13.0 34.0 55.0 91.0 99.0 92.0 86.0 75.0 55.0 29.0 15.0 9.0 6.0 
0.0 0.0 0.0 0.0 0.0 0.0 0.0 0.0 0.0 1.0 2.0 4.0 13.0 34.0 55.0 91.0 99.0 92.0 86.0 75.0 55.0 29.0 15.0 9.0 6.0 2.0 
0.0 0.0 0.0 0.0 0.0 0.0 0.0 0.0 0.0 1.0 2.0 4.0 13.0 34.0 55.0 91.0 99.0 92.0 86.0 75.0 55.0 29.0 15.0 9.0 6.0 2.0 1.0 
0.0 0.0 0.0 0.0 0.0 0.0 0.0 0.0 0.0 1.0 2.0 4.0 13.0 34.0 55.0 91.0 99.0 92.0 86.0 75.0 55.0 29.0 15.0 9.0 6.0 2.0 1.0 0.0 
0.0 0.0 0.0 0.0 0.0 0.0 0.0 0.0 0.0 1.0 2.0 4.0 13.0 34.0 55.0 91.0 99.0 92.0 86.0 75.0 55.0 29.0 15.0 9.0 6.0 2.0 1.0 0.0 0.0 
0.0 0.0 0.0 0.0 0.0 0.0 0.0 0.0 0.0 1.0 2.0 4.0 13.0 34.0 55.0 91.0 99.0 92.0 86.0 75.0 55.0 29.0 15.0 9.0 6.0 2.0 1.0 0.0 0.0 0.0 
0.0 0.0 0.0 0.0 0.0 0.0 0.0 0.0 0.0 1.0 2.0 4.0 13.0 34.0 55.0 91.0 99.0 92.0 86.0 75.0 55.0 29.0 15.0 9.0 6.0 2.0 1.0 0.0 0.0 0.0 0.0 
0.0 0.0 0.0 0.0 0.0 0.0 0.0 0.0 0.0 1.0 2.0 4.0 13.0 34.0 55.0 91.0 99.0 92.0 86.0 75.0 55.0 29.0 15.0 9.0 6.0 2.0 1.0 0.0 0.0 0.0 0.0 0.0 
0.0 0.0 0.0 0.0 0.0 0.0 0.0 0.0 0.0 1.0 2.0 4.0 13.0 34.0 55.0 91.0 99.0 92.0 86.0 75.0 55.0 29.0 15.0 9.0 6.0 2.0 1.0 0.0 0.0 0.0 0.0 0.0 0.0 
