0.0 
0.0 0.0 
0.0 0.0 0.0 
0.0 0.0 0.0 0.0 
0.0 0.0 0.0 0.0 0.0 
0.0 0.0 0.0 0.0 0.0 0.0 
0.0 0.0 0.0 0.0 0.0 0.0 1.0 
0.0 0.0 0.0 0.0 0.0 0.0 1.0 1.0 
0.0 0.0 0.0 0.0 0.0 0.0 1.0 1.0 2.0 
0.0 0.0 0.0 0.0 0.0 0.0 1.0 1.0 2.0 4.0 
0.0 0.0 0.0 0.0 0.0 0.0 1.0 1.0 2.0 4.0 7.0 
0.0 0.0 0.0 0.0 0.0 0.0 1.0 1.0 2.0 4.0 7.0 20.0 
0.0 0.0 0.0 0.0 0.0 0.0 1.0 1.0 2.0 4.0 7.0 20.0 35.0 
0.0 0.0 0.0 0.0 0.0 0.0 1.0 1.0 2.0 4.0 7.0 20.0 35.0 63.0 
0.0 0.0 0.0 0.0 0.0 0.0 1.0 1.0 2.0 4.0 7.0 20.0 35.0 63.0 82.0 
0.0 0.0 0.0 0.0 0.0 0.0 1.0 1.0 2.0 4.0 7.0 20.0 35.0 63.0 82.0 90.0 
0.0 0.0 0.0 0.0 0.0 0.0 1.0 1.0 2.0 4.0 7.0 20.0 35.0 63.0 82.0 90.0 96.0 
0.0 0.0 0.0 0.0 0.0 0.0 1.0 1.0 2.0 4.0 7.0 20.0 35.0 63.0 82.0 90.0 96.0 95.0 
0.0 0.0 0.0 0.0 0.0 0.0 1.0 1.0 2.0 4.0 7.0 20.0 35.0 63.0 82.0 90.0 96.0 95.0 103.0 
0.0 0.0 0.0 0.0 0.0 0.0 1.0 1.0 2.0 4.0 7.0 20.0 35.0 63.0 82.0 90.0 96.0 95.0 103.0 98.0 
0.0 0.0 0.0 0.0 0.0 0.0 1.0 1.0 2.0 4.0 7.0 20.0 35.0 63.0 82.0 90.0 96.0 95.0 103.0 98.0 94.0 
0.0 0.0 0.0 0.0 0.0 0.0 1.0 1.0 2.0 4.0 7.0 20.0 35.0 63.0 82.0 90.0 96.0 95.0 103.0 98.0 94.0 64.0 
0.0 0.0 0.0 0.0 0.0 0.0 1.0 1.0 2.0 4.0 7.0 20.0 35.0 63.0 82.0 90.0 96.0 95.0 103.0 98.0 94.0 64.0 48.0 
0.0 0.0 0.0 0.0 0.0 0.0 1.0 1.0 2.0 4.0 7.0 20.0 35.0 63.0 82.0 90.0 96.0 95.0 103.0 98.0 94.0 64.0 48.0 25.0 
0.0 0.0 0.0 0.0 0.0 0.0 1.0 1.0 2.0 4.0 7.0 20.0 35.0 63.0 82.0 90.0 96.0 95.0 103.0 98.0 94.0 64.0 48.0 25.0 11.0 
0.0 0.0 0.0 0.0 0.0 0.0 1.0 1.0 2.0 4.0 7.0 20.0 35.0 63.0 82.0 90.0 96.0 95.0 103.0 98.0 94.0 64.0 48.0 25.0 11.0 6.0 
0.0 0.0 0.0 0.0 0.0 0.0 1.0 1.0 2.0 4.0 7.0 20.0 35.0 63.0 82.0 90.0 96.0 95.0 103.0 98.0 94.0 64.0 48.0 25.0 11.0 6.0 2.0 
0.0 0.0 0.0 0.0 0.0 0.0 1.0 1.0 2.0 4.0 7.0 20.0 35.0 63.0 82.0 90.0 96.0 95.0 103.0 98.0 94.0 64.0 48.0 25.0 11.0 6.0 2.0 0.0 
0.0 0.0 0.0 0.0 0.0 0.0 1.0 1.0 2.0 4.0 7.0 20.0 35.0 63.0 82.0 90.0 96.0 95.0 103.0 98.0 94.0 64.0 48.0 25.0 11.0 6.0 2.0 0.0 0.0 
0.0 0.0 0.0 0.0 0.0 0.0 1.0 1.0 2.0 4.0 7.0 20.0 35.0 63.0 82.0 90.0 96.0 95.0 103.0 98.0 94.0 64.0 48.0 25.0 11.0 6.0 2.0 0.0 0.0 0.0 
0.0 0.0 0.0 0.0 0.0 0.0 1.0 1.0 2.0 4.0 7.0 20.0 35.0 63.0 82.0 90.0 96.0 95.0 103.0 98.0 94.0 64.0 48.0 25.0 11.0 6.0 2.0 0.0 0.0 0.0 0.0 
0.0 0.0 0.0 0.0 0.0 0.0 1.0 1.0 2.0 4.0 7.0 20.0 35.0 63.0 82.0 90.0 96.0 95.0 103.0 98.0 94.0 64.0 48.0 25.0 11.0 6.0 2.0 0.0 0.0 0.0 0.0 0.0 
0.0 0.0 0.0 0.0 0.0 0.0 1.0 1.0 2.0 4.0 7.0 20.0 35.0 63.0 82.0 90.0 96.0 95.0 103.0 98.0 94.0 64.0 48.0 25.0 11.0 6.0 2.0 0.0 0.0 0.0 0.0 0.0 0.0 
0.0 
0.0 0.0 
0.0 0.0 0.0 
0.0 0.0 0.0 0.0 
0.0 0.0 0.0 0.0 0.0 
0.0 0.0 0.0 0.0 0.0 0.0 
0.0 0.0 0.0 0.0 0.0 0.0 0.0 
0.0 0.0 0.0 0.0 0.0 0.0 0.0 0.0 
0.0 0.0 0.0 0.0 0.0 0.0 0.0 0.0 1.0 
0.0 0.0 0.0 0.0 0.0 0.0 0.0 0.0 1.0 3.0 
0.0 0.0 0.0 0.0 0.0 0.0 0.0 0.0 1.0 3.0 5.0 
0.0 0.0 0.0 0.0 0.0 0.0 0.0 0.0 1.0 3.0 5.0 9.0 
0.0 0.0 0.0 0.0 0.0 0.0 0.0 0.0 1.0 3.0 5.0 9.0 28.0 
0.0 0.0 0.0 0.0 0.0 0.0 0.0 0.0 1.0 3.0 5.0 9.0 28.0 58.0 
0.0 0.0 0.0 0.0 0.0 0.0 0.0 0.0 1.0 3.0 5.0 9.0 28.0 58.0 91.0 
0.0 0.0 0.0 0.0 0.0 0.0 0.0 0.0 1.0 3.0 5.0 9.0 28.0 58.0 91.0 99.0 
0.0 0.0 0.0 0.0 0.0 0.0 0.0 0.0 1.0 3.0 5.0 9.0 28.0 58.0 91.0 99.0 111.0 
0.0 0.0 0.0 0.0 0.0 0.0 0.0 0.0 1.0 3.0 5.0 9.0 28.0 58.0 91.0 99.0 111.0 118.0 
0.0 0.0 0.0 0.0 0.0 0.0 0.0 0.0 1.0 3.0 5.0 9.0 28.0 58.0 91.0 99.0 111.0 118.0 103.0 
0.0 0.0 0.0 0.0 0.0 0.0 0.0 0.0 1.0 3.0 5.0 9.0 28.0 58.0 91.0 99.0 111.0 118.0 103.0 93.0 
0.0 0.0 0.0 0.0 0.0 0.0 0.0 0.0 1.0 3.0 5.0 9.0 28.0 58.0 91.0 99.0 111.0 118.0 103.0 93.0 67.0 
0.0 0.0 0.0 0.0 0.0 0.0 0.0 0.0 1.0 3.0 5.0 9.0 28.0 58.0 91.0 99.0 111.0 118.0 103.0 93.0 67.0 32.0 
0.0 0.0 0.0 0.0 0.0 0.0 0.0 0.0 1.0 3.0 5.0 9.0 28.0 58.0 91.0 99.0 111.0 118.0 103.0 93.0 67.0 32.0 10.0 
0.0 0.0 0.0 0.0 0.0 0.0 0.0 0.0 1.0 3.0 5.0 9.0 28.0 58.0 91.0 99.0 111.0 118.0 103.0 93.0 67.0 32.0 10.0 8.0 
0.0 0.0 0.0 0.0 0.0 0.0 0.0 0.0 1.0 3.0 5.0 9.0 28.0 58.0 91.0 99.0 111.0 118.0 103.0 93.0 67.0 32.0 10.0 8.0 5.0 
0.0 0.0 0.0 0.0 0.0 0.0 0.0 0.0 1.0 3.0 5.0 9.0 28.0 58.0 91.0 99.0 111.0 118.0 103.0 93.0 67.0 32.0 10.0 8.0 5.0 1.0 
0.0 0.0 0.0 0.0 0.0 0.0 0.0 0.0 1.0 3.0 5.0 9.0 28.0 58.0 91.0 99.0 111.0 118.0 103.0 93.0 67.0 32.0 10.0 8.0 5.0 1.0 1.0 
0.0 0.0 0.0 0.0 0.0 0.0 0.0 0.0 1.0 3.0 5.0 9.0 28.0 58.0 91.0 99.0 111.0 118.0 103.0 93.0 67.0 32.0 10.0 8.0 5.0 1.0 1.0 0.0 
0.0 0.0 0.0 0.0 0.0 0.0 0.0 0.0 1.0 3.0 5.0 9.0 28.0 58.0 91.0 99.0 111.0 118.0 103.0 93.0 67.0 32.0 10.0 8.0 5.0 1.0 1.0 0.0 0.0 
0.0 0.0 0.0 0.0 0.0 0.0 0.0 0.0 1.0 3.0 5.0 9.0 28.0 58.0 91.0 99.0 111.0 118.0 103.0 93.0 67.0 32.0 10.0 8.0 5.0 1.0 1.0 0.0 0.0 0.0 
0.0 0.0 0.0 0.0 0.0 0.0 0.0 0.0 1.0 3.0 5.0 9.0 28.0 58.0 91.0 99.0 111.0 118.0 103.0 93.0 67.0 32.0 10.0 8.0 5.0 1.0 1.0 0.0 0.0 0.0 0.0 
0.0 0.0 0.0 0.0 0.0 0.0 0.0 0.0 1.0 3.0 5.0 9.0 28.0 58.0 91.0 99.0 111.0 118.0 103.0 93.0 67.0 32.0 10.0 8.0 5.0 1.0 1.0 0.0 0.0 0.0 0.0 0.0 
0.0 0.0 0.0 0.0 0.0 0.0 0.0 0.0 1.0 3.0 5.0 9.0 28.0 58.0 91.0 99.0 111.0 118.0 103.0 93.0 67.0 32.0 10.0 8.0 5.0 1.0 1.0 0.0 0.0 0.0 0.0 0.0 0.0 
