0.0 
0.0 0.0 
0.0 0.0 0.0 
0.0 0.0 0.0 0.0 
0.0 0.0 0.0 0.0 1.0 
0.0 0.0 0.0 0.0 1.0 1.0 
0.0 0.0 0.0 0.0 1.0 1.0 0.0 
0.0 0.0 0.0 0.0 1.0 1.0 0.0 0.0 
0.0 0.0 0.0 0.0 1.0 1.0 0.0 0.0 3.0 
0.0 0.0 0.0 0.0 1.0 1.0 0.0 0.0 3.0 8.0 
0.0 0.0 0.0 0.0 1.0 1.0 0.0 0.0 3.0 8.0 15.0 
0.0 0.0 0.0 0.0 1.0 1.0 0.0 0.0 3.0 8.0 15.0 33.0 
0.0 0.0 0.0 0.0 1.0 1.0 0.0 0.0 3.0 8.0 15.0 33.0 45.0 
0.0 0.0 0.0 0.0 1.0 1.0 0.0 0.0 3.0 8.0 15.0 33.0 45.0 74.0 
0.0 0.0 0.0 0.0 1.0 1.0 0.0 0.0 3.0 8.0 15.0 33.0 45.0 74.0 84.0 
0.0 0.0 0.0 0.0 1.0 1.0 0.0 0.0 3.0 8.0 15.0 33.0 45.0 74.0 84.0 95.0 
0.0 0.0 0.0 0.0 1.0 1.0 0.0 0.0 3.0 8.0 15.0 33.0 45.0 74.0 84.0 95.0 104.0 
0.0 0.0 0.0 0.0 1.0 1.0 0.0 0.0 3.0 8.0 15.0 33.0 45.0 74.0 84.0 95.0 104.0 104.0 
0.0 0.0 0.0 0.0 1.0 1.0 0.0 0.0 3.0 8.0 15.0 33.0 45.0 74.0 84.0 95.0 104.0 104.0 112.0 
0.0 0.0 0.0 0.0 1.0 1.0 0.0 0.0 3.0 8.0 15.0 33.0 45.0 74.0 84.0 95.0 104.0 104.0 112.0 97.0 
0.0 0.0 0.0 0.0 1.0 1.0 0.0 0.0 3.0 8.0 15.0 33.0 45.0 74.0 84.0 95.0 104.0 104.0 112.0 97.0 83.0 
0.0 0.0 0.0 0.0 1.0 1.0 0.0 0.0 3.0 8.0 15.0 33.0 45.0 74.0 84.0 95.0 104.0 104.0 112.0 97.0 83.0 74.0 
0.0 0.0 0.0 0.0 1.0 1.0 0.0 0.0 3.0 8.0 15.0 33.0 45.0 74.0 84.0 95.0 104.0 104.0 112.0 97.0 83.0 74.0 52.0 
0.0 0.0 0.0 0.0 1.0 1.0 0.0 0.0 3.0 8.0 15.0 33.0 45.0 74.0 84.0 95.0 104.0 104.0 112.0 97.0 83.0 74.0 52.0 29.0 
0.0 0.0 0.0 0.0 1.0 1.0 0.0 0.0 3.0 8.0 15.0 33.0 45.0 74.0 84.0 95.0 104.0 104.0 112.0 97.0 83.0 74.0 52.0 29.0 14.0 
0.0 0.0 0.0 0.0 1.0 1.0 0.0 0.0 3.0 8.0 15.0 33.0 45.0 74.0 84.0 95.0 104.0 104.0 112.0 97.0 83.0 74.0 52.0 29.0 14.0 14.0 
0.0 0.0 0.0 0.0 1.0 1.0 0.0 0.0 3.0 8.0 15.0 33.0 45.0 74.0 84.0 95.0 104.0 104.0 112.0 97.0 83.0 74.0 52.0 29.0 14.0 14.0 5.0 
0.0 0.0 0.0 0.0 1.0 1.0 0.0 0.0 3.0 8.0 15.0 33.0 45.0 74.0 84.0 95.0 104.0 104.0 112.0 97.0 83.0 74.0 52.0 29.0 14.0 14.0 5.0 0.0 
0.0 0.0 0.0 0.0 1.0 1.0 0.0 0.0 3.0 8.0 15.0 33.0 45.0 74.0 84.0 95.0 104.0 104.0 112.0 97.0 83.0 74.0 52.0 29.0 14.0 14.0 5.0 0.0 1.0 
0.0 0.0 0.0 0.0 1.0 1.0 0.0 0.0 3.0 8.0 15.0 33.0 45.0 74.0 84.0 95.0 104.0 104.0 112.0 97.0 83.0 74.0 52.0 29.0 14.0 14.0 5.0 0.0 1.0 1.0 
0.0 0.0 0.0 0.0 1.0 1.0 0.0 0.0 3.0 8.0 15.0 33.0 45.0 74.0 84.0 95.0 104.0 104.0 112.0 97.0 83.0 74.0 52.0 29.0 14.0 14.0 5.0 0.0 1.0 1.0 0.0 
0.0 0.0 0.0 0.0 1.0 1.0 0.0 0.0 3.0 8.0 15.0 33.0 45.0 74.0 84.0 95.0 104.0 104.0 112.0 97.0 83.0 74.0 52.0 29.0 14.0 14.0 5.0 0.0 1.0 1.0 0.0 0.0 
0.0 0.0 0.0 0.0 1.0 1.0 0.0 0.0 3.0 8.0 15.0 33.0 45.0 74.0 84.0 95.0 104.0 104.0 112.0 97.0 83.0 74.0 52.0 29.0 14.0 14.0 5.0 0.0 1.0 1.0 0.0 0.0 0.0 
0.0 
0.0 0.0 
0.0 0.0 0.0 
0.0 0.0 0.0 0.0 
0.0 0.0 0.0 0.0 0.0 
0.0 0.0 0.0 0.0 0.0 0.0 
0.0 0.0 0.0 0.0 0.0 0.0 0.0 
0.0 0.0 0.0 0.0 0.0 0.0 0.0 0.0 
0.0 0.0 0.0 0.0 0.0 0.0 0.0 0.0 1.0 
0.0 0.0 0.0 0.0 0.0 0.0 0.0 0.0 1.0 4.0 
0.0 0.0 0.0 0.0 0.0 0.0 0.0 0.0 1.0 4.0 8.0 
0.0 0.0 0.0 0.0 0.0 0.0 0.0 0.0 1.0 4.0 8.0 16.0 
0.0 0.0 0.0 0.0 0.0 0.0 0.0 0.0 1.0 4.0 8.0 16.0 34.0 
0.0 0.0 0.0 0.0 0.0 0.0 0.0 0.0 1.0 4.0 8.0 16.0 34.0 50.0 
0.0 0.0 0.0 0.0 0.0 0.0 0.0 0.0 1.0 4.0 8.0 16.0 34.0 50.0 81.0 
0.0 0.0 0.0 0.0 0.0 0.0 0.0 0.0 1.0 4.0 8.0 16.0 34.0 50.0 81.0 102.0 
0.0 0.0 0.0 0.0 0.0 0.0 0.0 0.0 1.0 4.0 8.0 16.0 34.0 50.0 81.0 102.0 109.0 
0.0 0.0 0.0 0.0 0.0 0.0 0.0 0.0 1.0 4.0 8.0 16.0 34.0 50.0 81.0 102.0 109.0 103.0 
0.0 0.0 0.0 0.0 0.0 0.0 0.0 0.0 1.0 4.0 8.0 16.0 34.0 50.0 81.0 102.0 109.0 103.0 99.0 
0.0 0.0 0.0 0.0 0.0 0.0 0.0 0.0 1.0 4.0 8.0 16.0 34.0 50.0 81.0 102.0 109.0 103.0 99.0 83.0 
0.0 0.0 0.0 0.0 0.0 0.0 0.0 0.0 1.0 4.0 8.0 16.0 34.0 50.0 81.0 102.0 109.0 103.0 99.0 83.0 67.0 
0.0 0.0 0.0 0.0 0.0 0.0 0.0 0.0 1.0 4.0 8.0 16.0 34.0 50.0 81.0 102.0 109.0 103.0 99.0 83.0 67.0 44.0 
0.0 0.0 0.0 0.0 0.0 0.0 0.0 0.0 1.0 4.0 8.0 16.0 34.0 50.0 81.0 102.0 109.0 103.0 99.0 83.0 67.0 44.0 26.0 
0.0 0.0 0.0 0.0 0.0 0.0 0.0 0.0 1.0 4.0 8.0 16.0 34.0 50.0 81.0 102.0 109.0 103.0 99.0 83.0 67.0 44.0 26.0 16.0 
0.0 0.0 0.0 0.0 0.0 0.0 0.0 0.0 1.0 4.0 8.0 16.0 34.0 50.0 81.0 102.0 109.0 103.0 99.0 83.0 67.0 44.0 26.0 16.0 11.0 
0.0 0.0 0.0 0.0 0.0 0.0 0.0 0.0 1.0 4.0 8.0 16.0 34.0 50.0 81.0 102.0 109.0 103.0 99.0 83.0 67.0 44.0 26.0 16.0 11.0 4.0 
0.0 0.0 0.0 0.0 0.0 0.0 0.0 0.0 1.0 4.0 8.0 16.0 34.0 50.0 81.0 102.0 109.0 103.0 99.0 83.0 67.0 44.0 26.0 16.0 11.0 4.0 1.0 
0.0 0.0 0.0 0.0 0.0 0.0 0.0 0.0 1.0 4.0 8.0 16.0 34.0 50.0 81.0 102.0 109.0 103.0 99.0 83.0 67.0 44.0 26.0 16.0 11.0 4.0 1.0 0.0 
0.0 0.0 0.0 0.0 0.0 0.0 0.0 0.0 1.0 4.0 8.0 16.0 34.0 50.0 81.0 102.0 109.0 103.0 99.0 83.0 67.0 44.0 26.0 16.0 11.0 4.0 1.0 0.0 1.0 
0.0 0.0 0.0 0.0 0.0 0.0 0.0 0.0 1.0 4.0 8.0 16.0 34.0 50.0 81.0 102.0 109.0 103.0 99.0 83.0 67.0 44.0 26.0 16.0 11.0 4.0 1.0 0.0 1.0 1.0 
0.0 0.0 0.0 0.0 0.0 0.0 0.0 0.0 1.0 4.0 8.0 16.0 34.0 50.0 81.0 102.0 109.0 103.0 99.0 83.0 67.0 44.0 26.0 16.0 11.0 4.0 1.0 0.0 1.0 1.0 0.0 
0.0 0.0 0.0 0.0 0.0 0.0 0.0 0.0 1.0 4.0 8.0 16.0 34.0 50.0 81.0 102.0 109.0 103.0 99.0 83.0 67.0 44.0 26.0 16.0 11.0 4.0 1.0 0.0 1.0 1.0 0.0 0.0 
0.0 0.0 0.0 0.0 0.0 0.0 0.0 0.0 1.0 4.0 8.0 16.0 34.0 50.0 81.0 102.0 109.0 103.0 99.0 83.0 67.0 44.0 26.0 16.0 11.0 4.0 1.0 0.0 1.0 1.0 0.0 0.0 0.0 
