0.0 
0.0 0.0 
0.0 0.0 0.0 
0.0 0.0 0.0 0.0 
0.0 0.0 0.0 0.0 0.0 
0.0 0.0 0.0 0.0 0.0 0.0 
0.0 0.0 0.0 0.0 0.0 0.0 2.0 
0.0 0.0 0.0 0.0 0.0 0.0 2.0 26.0 
0.0 0.0 0.0 0.0 0.0 0.0 2.0 26.0 64.0 
0.0 0.0 0.0 0.0 0.0 0.0 2.0 26.0 64.0 28.0 
0.0 0.0 0.0 0.0 0.0 0.0 2.0 26.0 64.0 28.0 28.0 
0.0 0.0 0.0 0.0 0.0 0.0 2.0 26.0 64.0 28.0 28.0 40.0 
0.0 0.0 0.0 0.0 0.0 0.0 2.0 26.0 64.0 28.0 28.0 40.0 15.0 
0.0 0.0 0.0 0.0 0.0 0.0 2.0 26.0 64.0 28.0 28.0 40.0 15.0 38.0 
0.0 0.0 0.0 0.0 0.0 0.0 2.0 26.0 64.0 28.0 28.0 40.0 15.0 38.0 34.0 
0.0 0.0 0.0 0.0 0.0 0.0 2.0 26.0 64.0 28.0 28.0 40.0 15.0 38.0 34.0 30.0 
0.0 0.0 0.0 0.0 0.0 0.0 2.0 26.0 64.0 28.0 28.0 40.0 15.0 38.0 34.0 30.0 40.0 
0.0 0.0 0.0 0.0 0.0 0.0 2.0 26.0 64.0 28.0 28.0 40.0 15.0 38.0 34.0 30.0 40.0 0.0 
0.0 0.0 0.0 0.0 0.0 0.0 2.0 26.0 64.0 28.0 28.0 40.0 15.0 38.0 34.0 30.0 40.0 0.0 0.0 
0.0 0.0 0.0 0.0 0.0 0.0 2.0 26.0 64.0 28.0 28.0 40.0 15.0 38.0 34.0 30.0 40.0 0.0 0.0 0.0 
0.0 0.0 0.0 0.0 0.0 0.0 2.0 26.0 64.0 28.0 28.0 40.0 15.0 38.0 34.0 30.0 40.0 0.0 0.0 0.0 0.0 
0.0 
0.0 0.0 
0.0 0.0 0.0 
0.0 0.0 0.0 0.0 
0.0 0.0 0.0 0.0 0.0 
0.0 0.0 0.0 0.0 0.0 0.0 
0.0 0.0 0.0 0.0 0.0 0.0 0.0 
0.0 0.0 0.0 0.0 0.0 0.0 0.0 0.0 
0.0 0.0 0.0 0.0 0.0 0.0 0.0 0.0 25.0 
0.0 0.0 0.0 0.0 0.0 0.0 0.0 0.0 25.0 96.0 
0.0 0.0 0.0 0.0 0.0 0.0 0.0 0.0 25.0 96.0 1.0 
0.0 0.0 0.0 0.0 0.0 0.0 0.0 0.0 25.0 96.0 1.0 2.0 
0.0 0.0 0.0 0.0 0.0 0.0 0.0 0.0 25.0 96.0 1.0 2.0 44.0 
0.0 0.0 0.0 0.0 0.0 0.0 0.0 0.0 25.0 96.0 1.0 2.0 44.0 29.0 
0.0 0.0 0.0 0.0 0.0 0.0 0.0 0.0 25.0 96.0 1.0 2.0 44.0 29.0 47.0 
0.0 0.0 0.0 0.0 0.0 0.0 0.0 0.0 25.0 96.0 1.0 2.0 44.0 29.0 47.0 1.0 
0.0 0.0 0.0 0.0 0.0 0.0 0.0 0.0 25.0 96.0 1.0 2.0 44.0 29.0 47.0 1.0 0.0 
0.0 0.0 0.0 0.0 0.0 0.0 0.0 0.0 25.0 96.0 1.0 2.0 44.0 29.0 47.0 1.0 0.0 0.0 
0.0 0.0 0.0 0.0 0.0 0.0 0.0 0.0 25.0 96.0 1.0 2.0 44.0 29.0 47.0 1.0 0.0 0.0 0.0 
0.0 0.0 0.0 0.0 0.0 0.0 0.0 0.0 25.0 96.0 1.0 2.0 44.0 29.0 47.0 1.0 0.0 0.0 0.0 0.0 
0.0 0.0 0.0 0.0 0.0 0.0 0.0 0.0 25.0 96.0 1.0 2.0 44.0 29.0 47.0 1.0 0.0 0.0 0.0 0.0 0.0 
0.0 
0.0 0.0 
0.0 0.0 0.0 
0.0 0.0 0.0 0.0 
0.0 0.0 0.0 0.0 0.0 
0.0 0.0 0.0 0.0 0.0 0.0 
0.0 0.0 0.0 0.0 0.0 0.0 0.0 
0.0 0.0 0.0 0.0 0.0 0.0 0.0 23.0 
0.0 0.0 0.0 0.0 0.0 0.0 0.0 23.0 65.0 
0.0 0.0 0.0 0.0 0.0 0.0 0.0 23.0 65.0 66.0 
0.0 0.0 0.0 0.0 0.0 0.0 0.0 23.0 65.0 66.0 27.0 
0.0 0.0 0.0 0.0 0.0 0.0 0.0 23.0 65.0 66.0 27.0 11.0 
0.0 0.0 0.0 0.0 0.0 0.0 0.0 23.0 65.0 66.0 27.0 11.0 27.0 
0.0 0.0 0.0 0.0 0.0 0.0 0.0 23.0 65.0 66.0 27.0 11.0 27.0 60.0 
0.0 0.0 0.0 0.0 0.0 0.0 0.0 23.0 65.0 66.0 27.0 11.0 27.0 60.0 13.0 
0.0 0.0 0.0 0.0 0.0 0.0 0.0 23.0 65.0 66.0 27.0 11.0 27.0 60.0 13.0 38.0 
0.0 0.0 0.0 0.0 0.0 0.0 0.0 23.0 65.0 66.0 27.0 11.0 27.0 60.0 13.0 38.0 39.0 
0.0 0.0 0.0 0.0 0.0 0.0 0.0 23.0 65.0 66.0 27.0 11.0 27.0 60.0 13.0 38.0 39.0 0.0 
0.0 0.0 0.0 0.0 0.0 0.0 0.0 23.0 65.0 66.0 27.0 11.0 27.0 60.0 13.0 38.0 39.0 0.0 0.0 
0.0 0.0 0.0 0.0 0.0 0.0 0.0 23.0 65.0 66.0 27.0 11.0 27.0 60.0 13.0 38.0 39.0 0.0 0.0 0.0 
0.0 0.0 0.0 0.0 0.0 0.0 0.0 23.0 65.0 66.0 27.0 11.0 27.0 60.0 13.0 38.0 39.0 0.0 0.0 0.0 0.0 
0.0 
0.0 0.0 
0.0 0.0 0.0 
0.0 0.0 0.0 0.0 
0.0 0.0 0.0 0.0 0.0 
0.0 0.0 0.0 0.0 0.0 0.0 
0.0 0.0 0.0 0.0 0.0 0.0 0.0 
0.0 0.0 0.0 0.0 0.0 0.0 0.0 2.0 
0.0 0.0 0.0 0.0 0.0 0.0 0.0 2.0 35.0 
0.0 0.0 0.0 0.0 0.0 0.0 0.0 2.0 35.0 97.0 
0.0 0.0 0.0 0.0 0.0 0.0 0.0 2.0 35.0 97.0 1.0 
0.0 0.0 0.0 0.0 0.0 0.0 0.0 2.0 35.0 97.0 1.0 42.0 
0.0 0.0 0.0 0.0 0.0 0.0 0.0 2.0 35.0 97.0 1.0 42.0 34.0 
0.0 0.0 0.0 0.0 0.0 0.0 0.0 2.0 35.0 97.0 1.0 42.0 34.0 20.0 
0.0 0.0 0.0 0.0 0.0 0.0 0.0 2.0 35.0 97.0 1.0 42.0 34.0 20.0 46.0 
0.0 0.0 0.0 0.0 0.0 0.0 0.0 2.0 35.0 97.0 1.0 42.0 34.0 20.0 46.0 0.0 
0.0 0.0 0.0 0.0 0.0 0.0 0.0 2.0 35.0 97.0 1.0 42.0 34.0 20.0 46.0 0.0 0.0 
0.0 0.0 0.0 0.0 0.0 0.0 0.0 2.0 35.0 97.0 1.0 42.0 34.0 20.0 46.0 0.0 0.0 0.0 
0.0 0.0 0.0 0.0 0.0 0.0 0.0 2.0 35.0 97.0 1.0 42.0 34.0 20.0 46.0 0.0 0.0 0.0 0.0 
0.0 0.0 0.0 0.0 0.0 0.0 0.0 2.0 35.0 97.0 1.0 42.0 34.0 20.0 46.0 0.0 0.0 0.0 0.0 0.0 
0.0 0.0 0.0 0.0 0.0 0.0 0.0 2.0 35.0 97.0 1.0 42.0 34.0 20.0 46.0 0.0 0.0 0.0 0.0 0.0 0.0 
