0.0 
0.0 6.0 
0.0 6.0 10.0 
0.0 6.0 10.0 19.0 
0.0 6.0 10.0 19.0 41.0 
0.0 6.0 10.0 19.0 41.0 48.0 
0.0 6.0 10.0 19.0 41.0 48.0 62.0 
0.0 6.0 10.0 19.0 41.0 48.0 62.0 73.0 
0.0 6.0 10.0 19.0 41.0 48.0 62.0 73.0 87.0 
0.0 6.0 10.0 19.0 41.0 48.0 62.0 73.0 87.0 98.0 
0.0 6.0 10.0 19.0 41.0 48.0 62.0 73.0 87.0 98.0 107.0 
0.0 6.0 10.0 19.0 41.0 48.0 62.0 73.0 87.0 98.0 107.0 100.0 
0.0 6.0 10.0 19.0 41.0 48.0 62.0 73.0 87.0 98.0 107.0 100.0 103.0 
0.0 6.0 10.0 19.0 41.0 48.0 62.0 73.0 87.0 98.0 107.0 100.0 103.0 83.0 
0.0 6.0 10.0 19.0 41.0 48.0 62.0 73.0 87.0 98.0 107.0 100.0 103.0 83.0 84.0 
0.0 6.0 10.0 19.0 41.0 48.0 62.0 73.0 87.0 98.0 107.0 100.0 103.0 83.0 84.0 82.0 
0.0 6.0 10.0 19.0 41.0 48.0 62.0 73.0 87.0 98.0 107.0 100.0 103.0 83.0 84.0 82.0 74.0 
0.0 6.0 10.0 19.0 41.0 48.0 62.0 73.0 87.0 98.0 107.0 100.0 103.0 83.0 84.0 82.0 74.0 61.0 
0.0 6.0 10.0 19.0 41.0 48.0 62.0 73.0 87.0 98.0 107.0 100.0 103.0 83.0 84.0 82.0 74.0 61.0 42.0 
0.0 6.0 10.0 19.0 41.0 48.0 62.0 73.0 87.0 98.0 107.0 100.0 103.0 83.0 84.0 82.0 74.0 61.0 42.0 19.0 
0.0 6.0 10.0 19.0 41.0 48.0 62.0 73.0 87.0 98.0 107.0 100.0 103.0 83.0 84.0 82.0 74.0 61.0 42.0 19.0 10.0 
0.0 
0.0 4.0 
0.0 4.0 8.0 
0.0 4.0 8.0 9.0 
0.0 4.0 8.0 9.0 19.0 
0.0 4.0 8.0 9.0 19.0 30.0 
0.0 4.0 8.0 9.0 19.0 30.0 44.0 
0.0 4.0 8.0 9.0 19.0 30.0 44.0 71.0 
0.0 4.0 8.0 9.0 19.0 30.0 44.0 71.0 92.0 
0.0 4.0 8.0 9.0 19.0 30.0 44.0 71.0 92.0 99.0 
0.0 4.0 8.0 9.0 19.0 30.0 44.0 71.0 92.0 99.0 114.0 
0.0 4.0 8.0 9.0 19.0 30.0 44.0 71.0 92.0 99.0 114.0 113.0 
1.0 
1.0 5.0 
1.0 5.0 15.0 
1.0 5.0 15.0 19.0 
1.0 5.0 15.0 19.0 26.0 
1.0 5.0 15.0 19.0 26.0 47.0 
1.0 5.0 15.0 19.0 26.0 47.0 72.0 
1.0 5.0 15.0 19.0 26.0 47.0 72.0 74.0 
1.0 5.0 15.0 19.0 26.0 47.0 72.0 74.0 95.0 
1.0 5.0 15.0 19.0 26.0 47.0 72.0 74.0 95.0 97.0 
1.0 5.0 15.0 19.0 26.0 47.0 72.0 74.0 95.0 97.0 109.0 
1.0 5.0 15.0 19.0 26.0 47.0 72.0 74.0 95.0 97.0 109.0 117.0 
1.0 5.0 15.0 19.0 26.0 47.0 72.0 74.0 95.0 97.0 109.0 117.0 100.0 
1.0 5.0 15.0 19.0 26.0 47.0 72.0 74.0 95.0 97.0 109.0 117.0 100.0 102.0 
1.0 5.0 15.0 19.0 26.0 47.0 72.0 74.0 95.0 97.0 109.0 117.0 100.0 102.0 103.0 
1.0 5.0 15.0 19.0 26.0 47.0 72.0 74.0 95.0 97.0 109.0 117.0 100.0 102.0 103.0 96.0 
1.0 5.0 15.0 19.0 26.0 47.0 72.0 74.0 95.0 97.0 109.0 117.0 100.0 102.0 103.0 96.0 60.0 
1.0 5.0 15.0 19.0 26.0 47.0 72.0 74.0 95.0 97.0 109.0 117.0 100.0 102.0 103.0 96.0 60.0 64.0 
1.0 5.0 15.0 19.0 26.0 47.0 72.0 74.0 95.0 97.0 109.0 117.0 100.0 102.0 103.0 96.0 60.0 64.0 45.0 
1.0 5.0 15.0 19.0 26.0 47.0 72.0 74.0 95.0 97.0 109.0 117.0 100.0 102.0 103.0 96.0 60.0 64.0 45.0 29.0 
1.0 5.0 15.0 19.0 26.0 47.0 72.0 74.0 95.0 97.0 109.0 117.0 100.0 102.0 103.0 96.0 60.0 64.0 45.0 29.0 15.0 
0.0 
0.0 2.0 
0.0 2.0 7.0 
0.0 2.0 7.0 13.0 
0.0 2.0 7.0 13.0 24.0 
0.0 2.0 7.0 13.0 24.0 29.0 
0.0 2.0 7.0 13.0 24.0 29.0 48.0 
0.0 2.0 7.0 13.0 24.0 29.0 48.0 69.0 
0.0 2.0 7.0 13.0 24.0 29.0 48.0 69.0 78.0 
0.0 2.0 7.0 13.0 24.0 29.0 48.0 69.0 78.0 97.0 
0.0 2.0 7.0 13.0 24.0 29.0 48.0 69.0 78.0 97.0 114.0 
0.0 2.0 7.0 13.0 24.0 29.0 48.0 69.0 78.0 97.0 114.0 113.0 
0.0 2.0 7.0 13.0 24.0 29.0 48.0 69.0 78.0 97.0 114.0 113.0 93.0 
0.0 2.0 7.0 13.0 24.0 29.0 48.0 69.0 78.0 97.0 114.0 113.0 93.0 106.0 
0.0 2.0 7.0 13.0 24.0 29.0 48.0 69.0 78.0 97.0 114.0 113.0 93.0 106.0 78.0 
0.0 2.0 7.0 13.0 24.0 29.0 48.0 69.0 78.0 97.0 114.0 113.0 93.0 106.0 78.0 66.0 
0.0 2.0 7.0 13.0 24.0 29.0 48.0 69.0 78.0 97.0 114.0 113.0 93.0 106.0 78.0 66.0 39.0 
0.0 2.0 7.0 13.0 24.0 29.0 48.0 69.0 78.0 97.0 114.0 113.0 93.0 106.0 78.0 66.0 39.0 27.0 
0.0 2.0 7.0 13.0 24.0 29.0 48.0 69.0 78.0 97.0 114.0 113.0 93.0 106.0 78.0 66.0 39.0 27.0 18.0 
0.0 2.0 7.0 13.0 24.0 29.0 48.0 69.0 78.0 97.0 114.0 113.0 93.0 106.0 78.0 66.0 39.0 27.0 18.0 13.0 
0.0 2.0 7.0 13.0 24.0 29.0 48.0 69.0 78.0 97.0 114.0 113.0 93.0 106.0 78.0 66.0 39.0 27.0 18.0 13.0 12.0 
