0.0 
0.0 2.0 
0.0 2.0 3.0 
0.0 2.0 3.0 5.0 
0.0 2.0 3.0 5.0 5.0 
0.0 2.0 3.0 5.0 5.0 12.0 
0.0 2.0 3.0 5.0 5.0 12.0 40.0 
0.0 2.0 3.0 5.0 5.0 12.0 40.0 62.0 
0.0 2.0 3.0 5.0 5.0 12.0 40.0 62.0 72.0 
0.0 2.0 3.0 5.0 5.0 12.0 40.0 62.0 72.0 87.0 
0.0 2.0 3.0 5.0 5.0 12.0 40.0 62.0 72.0 87.0 112.0 
0.0 2.0 3.0 5.0 5.0 12.0 40.0 62.0 72.0 87.0 112.0 98.0 
0.0 2.0 3.0 5.0 5.0 12.0 40.0 62.0 72.0 87.0 112.0 98.0 115.0 
0.0 2.0 3.0 5.0 5.0 12.0 40.0 62.0 72.0 87.0 112.0 98.0 115.0 72.0 
0.0 2.0 3.0 5.0 5.0 12.0 40.0 62.0 72.0 87.0 112.0 98.0 115.0 72.0 78.0 
0.0 2.0 3.0 5.0 5.0 12.0 40.0 62.0 72.0 87.0 112.0 98.0 115.0 72.0 78.0 79.0 
0.0 2.0 3.0 5.0 5.0 12.0 40.0 62.0 72.0 87.0 112.0 98.0 115.0 72.0 78.0 79.0 57.0 
0.0 2.0 3.0 5.0 5.0 12.0 40.0 62.0 72.0 87.0 112.0 98.0 115.0 72.0 78.0 79.0 57.0 22.0 
0.0 2.0 3.0 5.0 5.0 12.0 40.0 62.0 72.0 87.0 112.0 98.0 115.0 72.0 78.0 79.0 57.0 22.0 9.0 
0.0 2.0 3.0 5.0 5.0 12.0 40.0 62.0 72.0 87.0 112.0 98.0 115.0 72.0 78.0 79.0 57.0 22.0 9.0 6.0 
0.0 2.0 3.0 5.0 5.0 12.0 40.0 62.0 72.0 87.0 112.0 98.0 115.0 72.0 78.0 79.0 57.0 22.0 9.0 6.0 4.0 
0.0 
0.0 0.0 
0.0 0.0 0.0 
0.0 0.0 0.0 1.0 
0.0 0.0 0.0 1.0 4.0 
0.0 0.0 0.0 1.0 4.0 7.0 
0.0 0.0 0.0 1.0 4.0 7.0 23.0 
0.0 0.0 0.0 1.0 4.0 7.0 23.0 50.0 
0.0 0.0 0.0 1.0 4.0 7.0 23.0 50.0 78.0 
0.0 0.0 0.0 1.0 4.0 7.0 23.0 50.0 78.0 95.0 
0.0 0.0 0.0 1.0 4.0 7.0 23.0 50.0 78.0 95.0 109.0 
0.0 0.0 0.0 1.0 4.0 7.0 23.0 50.0 78.0 95.0 109.0 113.0 
0.0 0.0 0.0 1.0 4.0 7.0 23.0 50.0 78.0 95.0 109.0 113.0 91.0 
0.0 0.0 0.0 1.0 4.0 7.0 23.0 50.0 78.0 95.0 109.0 113.0 91.0 99.0 
0.0 0.0 0.0 1.0 4.0 7.0 23.0 50.0 78.0 95.0 109.0 113.0 91.0 99.0 78.0 
0.0 0.0 0.0 1.0 4.0 7.0 23.0 50.0 78.0 95.0 109.0 113.0 91.0 99.0 78.0 39.0 
0.0 0.0 0.0 1.0 4.0 7.0 23.0 50.0 78.0 95.0 109.0 113.0 91.0 99.0 78.0 39.0 14.0 
0.0 0.0 0.0 1.0 4.0 7.0 23.0 50.0 78.0 95.0 109.0 113.0 91.0 99.0 78.0 39.0 14.0 2.0 
0.0 0.0 0.0 1.0 4.0 7.0 23.0 50.0 78.0 95.0 109.0 113.0 91.0 99.0 78.0 39.0 14.0 2.0 0.0 
0.0 0.0 0.0 1.0 4.0 7.0 23.0 50.0 78.0 95.0 109.0 113.0 91.0 99.0 78.0 39.0 14.0 2.0 0.0 0.0 
0.0 0.0 0.0 1.0 4.0 7.0 23.0 50.0 78.0 95.0 109.0 113.0 91.0 99.0 78.0 39.0 14.0 2.0 0.0 0.0 0.0 
0.0 
0.0 1.0 
0.0 1.0 1.0 
0.0 1.0 1.0 1.0 
0.0 1.0 1.0 1.0 5.0 
0.0 1.0 1.0 1.0 5.0 10.0 
0.0 1.0 1.0 1.0 5.0 10.0 35.0 
0.0 1.0 1.0 1.0 5.0 10.0 35.0 71.0 
0.0 1.0 1.0 1.0 5.0 10.0 35.0 71.0 75.0 
0.0 1.0 1.0 1.0 5.0 10.0 35.0 71.0 75.0 107.0 
0.0 1.0 1.0 1.0 5.0 10.0 35.0 71.0 75.0 107.0 93.0 
0.0 1.0 1.0 1.0 5.0 10.0 35.0 71.0 75.0 107.0 93.0 70.0 
0.0 1.0 1.0 1.0 5.0 10.0 35.0 71.0 75.0 107.0 93.0 70.0 92.0 
0.0 1.0 1.0 1.0 5.0 10.0 35.0 71.0 75.0 107.0 93.0 70.0 92.0 93.0 
0.0 1.0 1.0 1.0 5.0 10.0 35.0 71.0 75.0 107.0 93.0 70.0 92.0 93.0 76.0 
0.0 1.0 1.0 1.0 5.0 10.0 35.0 71.0 75.0 107.0 93.0 70.0 92.0 93.0 76.0 66.0 
0.0 1.0 1.0 1.0 5.0 10.0 35.0 71.0 75.0 107.0 93.0 70.0 92.0 93.0 76.0 66.0 55.0 
0.0 1.0 1.0 1.0 5.0 10.0 35.0 71.0 75.0 107.0 93.0 70.0 92.0 93.0 76.0 66.0 55.0 32.0 
0.0 1.0 1.0 1.0 5.0 10.0 35.0 71.0 75.0 107.0 93.0 70.0 92.0 93.0 76.0 66.0 55.0 32.0 13.0 
0.0 1.0 1.0 1.0 5.0 10.0 35.0 71.0 75.0 107.0 93.0 70.0 92.0 93.0 76.0 66.0 55.0 32.0 13.0 5.0 
0.0 1.0 1.0 1.0 5.0 10.0 35.0 71.0 75.0 107.0 93.0 70.0 92.0 93.0 76.0 66.0 55.0 32.0 13.0 5.0 0.0 
0.0 
0.0 0.0 
0.0 0.0 0.0 
0.0 0.0 0.0 0.0 
0.0 0.0 0.0 0.0 3.0 
0.0 0.0 0.0 0.0 3.0 7.0 
0.0 0.0 0.0 0.0 3.0 7.0 23.0 
0.0 0.0 0.0 0.0 3.0 7.0 23.0 47.0 
0.0 0.0 0.0 0.0 3.0 7.0 23.0 47.0 71.0 
0.0 0.0 0.0 0.0 3.0 7.0 23.0 47.0 71.0 109.0 
0.0 0.0 0.0 0.0 3.0 7.0 23.0 47.0 71.0 109.0 109.0 
0.0 0.0 0.0 0.0 3.0 7.0 23.0 47.0 71.0 109.0 109.0 107.0 
0.0 0.0 0.0 0.0 3.0 7.0 23.0 47.0 71.0 109.0 109.0 107.0 100.0 
0.0 0.0 0.0 0.0 3.0 7.0 23.0 47.0 71.0 109.0 109.0 107.0 100.0 89.0 
0.0 0.0 0.0 0.0 3.0 7.0 23.0 47.0 71.0 109.0 109.0 107.0 100.0 89.0 59.0 
0.0 0.0 0.0 0.0 3.0 7.0 23.0 47.0 71.0 109.0 109.0 107.0 100.0 89.0 59.0 37.0 
0.0 0.0 0.0 0.0 3.0 7.0 23.0 47.0 71.0 109.0 109.0 107.0 100.0 89.0 59.0 37.0 20.0 
0.0 0.0 0.0 0.0 3.0 7.0 23.0 47.0 71.0 109.0 109.0 107.0 100.0 89.0 59.0 37.0 20.0 11.0 
0.0 0.0 0.0 0.0 3.0 7.0 23.0 47.0 71.0 109.0 109.0 107.0 100.0 89.0 59.0 37.0 20.0 11.0 1.0 
0.0 0.0 0.0 0.0 3.0 7.0 23.0 47.0 71.0 109.0 109.0 107.0 100.0 89.0 59.0 37.0 20.0 11.0 1.0 0.0 
0.0 0.0 0.0 0.0 3.0 7.0 23.0 47.0 71.0 109.0 109.0 107.0 100.0 89.0 59.0 37.0 20.0 11.0 1.0 0.0 0.0 
