0.0 
0.0 2.0 
0.0 2.0 5.0 
0.0 2.0 5.0 14.0 
0.0 2.0 5.0 14.0 22.0 
0.0 2.0 5.0 14.0 22.0 42.0 
0.0 2.0 5.0 14.0 22.0 42.0 57.0 
0.0 2.0 5.0 14.0 22.0 42.0 57.0 63.0 
0.0 2.0 5.0 14.0 22.0 42.0 57.0 63.0 96.0 
0.0 2.0 5.0 14.0 22.0 42.0 57.0 63.0 96.0 114.0 
0.0 2.0 5.0 14.0 22.0 42.0 57.0 63.0 96.0 114.0 104.0 
0.0 2.0 5.0 14.0 22.0 42.0 57.0 63.0 96.0 114.0 104.0 104.0 
0.0 2.0 5.0 14.0 22.0 42.0 57.0 63.0 96.0 114.0 104.0 104.0 101.0 
0.0 2.0 5.0 14.0 22.0 42.0 57.0 63.0 96.0 114.0 104.0 104.0 101.0 82.0 
0.0 2.0 5.0 14.0 22.0 42.0 57.0 63.0 96.0 114.0 104.0 104.0 101.0 82.0 96.0 
0.0 2.0 5.0 14.0 22.0 42.0 57.0 63.0 96.0 114.0 104.0 104.0 101.0 82.0 96.0 82.0 
0.0 2.0 5.0 14.0 22.0 42.0 57.0 63.0 96.0 114.0 104.0 104.0 101.0 82.0 96.0 82.0 74.0 
0.0 2.0 5.0 14.0 22.0 42.0 57.0 63.0 96.0 114.0 104.0 104.0 101.0 82.0 96.0 82.0 74.0 49.0 
0.0 2.0 5.0 14.0 22.0 42.0 57.0 63.0 96.0 114.0 104.0 104.0 101.0 82.0 96.0 82.0 74.0 49.0 33.0 
0.0 2.0 5.0 14.0 22.0 42.0 57.0 63.0 96.0 114.0 104.0 104.0 101.0 82.0 96.0 82.0 74.0 49.0 33.0 21.0 
0.0 2.0 5.0 14.0 22.0 42.0 57.0 63.0 96.0 114.0 104.0 104.0 101.0 82.0 96.0 82.0 74.0 49.0 33.0 21.0 6.0 
1.0 
1.0 2.0 
1.0 2.0 2.0 
1.0 2.0 2.0 6.0 
1.0 2.0 2.0 6.0 17.0 
1.0 2.0 2.0 6.0 17.0 34.0 
1.0 2.0 2.0 6.0 17.0 34.0 44.0 
1.0 2.0 2.0 6.0 17.0 34.0 44.0 62.0 
1.0 2.0 2.0 6.0 17.0 34.0 44.0 62.0 83.0 
1.0 2.0 2.0 6.0 17.0 34.0 44.0 62.0 83.0 110.0 
1.0 2.0 2.0 6.0 17.0 34.0 44.0 62.0 83.0 110.0 103.0 
1.0 2.0 2.0 6.0 17.0 34.0 44.0 62.0 83.0 110.0 103.0 112.0 
1.0 2.0 2.0 6.0 17.0 34.0 44.0 62.0 83.0 110.0 103.0 112.0 83.0 
1.0 
1.0 2.0 
1.0 2.0 7.0 
1.0 2.0 7.0 13.0 
1.0 2.0 7.0 13.0 22.0 
1.0 2.0 7.0 13.0 22.0 39.0 
1.0 2.0 7.0 13.0 22.0 39.0 64.0 
1.0 2.0 7.0 13.0 22.0 39.0 64.0 82.0 
1.0 2.0 7.0 13.0 22.0 39.0 64.0 82.0 96.0 
1.0 2.0 7.0 13.0 22.0 39.0 64.0 82.0 96.0 97.0 
1.0 2.0 7.0 13.0 22.0 39.0 64.0 82.0 96.0 97.0 108.0 
1.0 2.0 7.0 13.0 22.0 39.0 64.0 82.0 96.0 97.0 108.0 112.0 
1.0 2.0 7.0 13.0 22.0 39.0 64.0 82.0 96.0 97.0 108.0 112.0 106.0 
1.0 2.0 7.0 13.0 22.0 39.0 64.0 82.0 96.0 97.0 108.0 112.0 106.0 88.0 
1.0 2.0 7.0 13.0 22.0 39.0 64.0 82.0 96.0 97.0 108.0 112.0 106.0 88.0 92.0 
1.0 2.0 7.0 13.0 22.0 39.0 64.0 82.0 96.0 97.0 108.0 112.0 106.0 88.0 92.0 86.0 
1.0 2.0 7.0 13.0 22.0 39.0 64.0 82.0 96.0 97.0 108.0 112.0 106.0 88.0 92.0 86.0 68.0 
1.0 2.0 7.0 13.0 22.0 39.0 64.0 82.0 96.0 97.0 108.0 112.0 106.0 88.0 92.0 86.0 68.0 56.0 
1.0 2.0 7.0 13.0 22.0 39.0 64.0 82.0 96.0 97.0 108.0 112.0 106.0 88.0 92.0 86.0 68.0 56.0 38.0 
1.0 2.0 7.0 13.0 22.0 39.0 64.0 82.0 96.0 97.0 108.0 112.0 106.0 88.0 92.0 86.0 68.0 56.0 38.0 16.0 
1.0 2.0 7.0 13.0 22.0 39.0 64.0 82.0 96.0 97.0 108.0 112.0 106.0 88.0 92.0 86.0 68.0 56.0 38.0 16.0 8.0 
0.0 
0.0 0.0 
0.0 0.0 2.0 
0.0 0.0 2.0 5.0 
0.0 0.0 2.0 5.0 12.0 
0.0 0.0 2.0 5.0 12.0 21.0 
0.0 0.0 2.0 5.0 12.0 21.0 32.0 
0.0 0.0 2.0 5.0 12.0 21.0 32.0 66.0 
0.0 0.0 2.0 5.0 12.0 21.0 32.0 66.0 82.0 
0.0 0.0 2.0 5.0 12.0 21.0 32.0 66.0 82.0 94.0 
0.0 0.0 2.0 5.0 12.0 21.0 32.0 66.0 82.0 94.0 109.0 
0.0 0.0 2.0 5.0 12.0 21.0 32.0 66.0 82.0 94.0 109.0 103.0 
0.0 0.0 2.0 5.0 12.0 21.0 32.0 66.0 82.0 94.0 109.0 103.0 85.0 
0.0 0.0 2.0 5.0 12.0 21.0 32.0 66.0 82.0 94.0 109.0 103.0 85.0 96.0 
0.0 0.0 2.0 5.0 12.0 21.0 32.0 66.0 82.0 94.0 109.0 103.0 85.0 96.0 98.0 
0.0 0.0 2.0 5.0 12.0 21.0 32.0 66.0 82.0 94.0 109.0 103.0 85.0 96.0 98.0 61.0 
0.0 0.0 2.0 5.0 12.0 21.0 32.0 66.0 82.0 94.0 109.0 103.0 85.0 96.0 98.0 61.0 35.0 
0.0 0.0 2.0 5.0 12.0 21.0 32.0 66.0 82.0 94.0 109.0 103.0 85.0 96.0 98.0 61.0 35.0 27.0 
0.0 0.0 2.0 5.0 12.0 21.0 32.0 66.0 82.0 94.0 109.0 103.0 85.0 96.0 98.0 61.0 35.0 27.0 18.0 
0.0 0.0 2.0 5.0 12.0 21.0 32.0 66.0 82.0 94.0 109.0 103.0 85.0 96.0 98.0 61.0 35.0 27.0 18.0 10.0 
0.0 0.0 2.0 5.0 12.0 21.0 32.0 66.0 82.0 94.0 109.0 103.0 85.0 96.0 98.0 61.0 35.0 27.0 18.0 10.0 2.0 
