0.0 
0.0 0.0 
0.0 0.0 0.0 
0.0 0.0 0.0 1.0 
0.0 0.0 0.0 1.0 1.0 
0.0 0.0 0.0 1.0 1.0 4.0 
0.0 0.0 0.0 1.0 1.0 4.0 19.0 
0.0 0.0 0.0 1.0 1.0 4.0 19.0 46.0 
0.0 0.0 0.0 1.0 1.0 4.0 19.0 46.0 68.0 
0.0 0.0 0.0 1.0 1.0 4.0 19.0 46.0 68.0 91.0 
0.0 0.0 0.0 1.0 1.0 4.0 19.0 46.0 68.0 91.0 88.0 
0.0 0.0 0.0 1.0 1.0 4.0 19.0 46.0 68.0 91.0 88.0 79.0 
0.0 0.0 0.0 1.0 1.0 4.0 19.0 46.0 68.0 91.0 88.0 79.0 57.0 
0.0 0.0 0.0 1.0 1.0 4.0 19.0 46.0 68.0 91.0 88.0 79.0 57.0 57.0 
0.0 0.0 0.0 1.0 1.0 4.0 19.0 46.0 68.0 91.0 88.0 79.0 57.0 57.0 35.0 
0.0 0.0 0.0 1.0 1.0 4.0 19.0 46.0 68.0 91.0 88.0 79.0 57.0 57.0 35.0 80.0 
0.0 0.0 0.0 1.0 1.0 4.0 19.0 46.0 68.0 91.0 88.0 79.0 57.0 57.0 35.0 80.0 42.0 
0.0 0.0 0.0 1.0 1.0 4.0 19.0 46.0 68.0 91.0 88.0 79.0 57.0 57.0 35.0 80.0 42.0 9.0 
0.0 0.0 0.0 1.0 1.0 4.0 19.0 46.0 68.0 91.0 88.0 79.0 57.0 57.0 35.0 80.0 42.0 9.0 0.0 
0.0 0.0 0.0 1.0 1.0 4.0 19.0 46.0 68.0 91.0 88.0 79.0 57.0 57.0 35.0 80.0 42.0 9.0 0.0 0.0 
0.0 0.0 0.0 1.0 1.0 4.0 19.0 46.0 68.0 91.0 88.0 79.0 57.0 57.0 35.0 80.0 42.0 9.0 0.0 0.0 0.0 
0.0 
0.0 0.0 
0.0 0.0 0.0 
0.0 0.0 0.0 0.0 
0.0 0.0 0.0 0.0 0.0 
0.0 0.0 0.0 0.0 0.0 0.0 
0.0 0.0 0.0 0.0 0.0 0.0 3.0 
0.0 0.0 0.0 0.0 0.0 0.0 3.0 15.0 
0.0 0.0 0.0 0.0 0.0 0.0 3.0 15.0 54.0 
0.0 0.0 0.0 0.0 0.0 0.0 3.0 15.0 54.0 101.0 
0.0 0.0 0.0 0.0 0.0 0.0 3.0 15.0 54.0 101.0 86.0 
0.0 0.0 0.0 0.0 0.0 0.0 3.0 15.0 54.0 101.0 86.0 47.0 
0.0 0.0 0.0 0.0 0.0 0.0 3.0 15.0 54.0 101.0 86.0 47.0 95.0 
0.0 0.0 0.0 0.0 0.0 0.0 3.0 15.0 54.0 101.0 86.0 47.0 95.0 76.0 
0.0 0.0 0.0 0.0 0.0 0.0 3.0 15.0 54.0 101.0 86.0 47.0 95.0 76.0 47.0 
0.0 0.0 0.0 0.0 0.0 0.0 3.0 15.0 54.0 101.0 86.0 47.0 95.0 76.0 47.0 13.0 
0.0 0.0 0.0 0.0 0.0 0.0 3.0 15.0 54.0 101.0 86.0 47.0 95.0 76.0 47.0 13.0 6.0 
0.0 0.0 0.0 0.0 0.0 0.0 3.0 15.0 54.0 101.0 86.0 47.0 95.0 76.0 47.0 13.0 6.0 2.0 
0.0 0.0 0.0 0.0 0.0 0.0 3.0 15.0 54.0 101.0 86.0 47.0 95.0 76.0 47.0 13.0 6.0 2.0 0.0 
0.0 0.0 0.0 0.0 0.0 0.0 3.0 15.0 54.0 101.0 86.0 47.0 95.0 76.0 47.0 13.0 6.0 2.0 0.0 0.0 
0.0 0.0 0.0 0.0 0.0 0.0 3.0 15.0 54.0 101.0 86.0 47.0 95.0 76.0 47.0 13.0 6.0 2.0 0.0 0.0 0.0 
0.0 
0.0 0.0 
0.0 0.0 0.0 
0.0 0.0 0.0 0.0 
0.0 0.0 0.0 0.0 1.0 
0.0 0.0 0.0 0.0 1.0 4.0 
0.0 0.0 0.0 0.0 1.0 4.0 14.0 
0.0 0.0 0.0 0.0 1.0 4.0 14.0 58.0 
0.0 0.0 0.0 0.0 1.0 4.0 14.0 58.0 63.0 
0.0 0.0 0.0 0.0 1.0 4.0 14.0 58.0 63.0 68.0 
0.0 0.0 0.0 0.0 1.0 4.0 14.0 58.0 63.0 68.0 55.0 
0.0 0.0 0.0 0.0 1.0 4.0 14.0 58.0 63.0 68.0 55.0 66.0 
0.0 0.0 0.0 0.0 1.0 4.0 14.0 58.0 63.0 68.0 55.0 66.0 70.0 
0.0 0.0 0.0 0.0 1.0 4.0 14.0 58.0 63.0 68.0 55.0 66.0 70.0 63.0 
0.0 0.0 0.0 0.0 1.0 4.0 14.0 58.0 63.0 68.0 55.0 66.0 70.0 63.0 70.0 
0.0 0.0 0.0 0.0 1.0 4.0 14.0 58.0 63.0 68.0 55.0 66.0 70.0 63.0 70.0 65.0 
0.0 0.0 0.0 0.0 1.0 4.0 14.0 58.0 63.0 68.0 55.0 66.0 70.0 63.0 70.0 65.0 43.0 
0.0 0.0 0.0 0.0 1.0 4.0 14.0 58.0 63.0 68.0 55.0 66.0 70.0 63.0 70.0 65.0 43.0 5.0 
0.0 0.0 0.0 0.0 1.0 4.0 14.0 58.0 63.0 68.0 55.0 66.0 70.0 63.0 70.0 65.0 43.0 5.0 2.0 
0.0 0.0 0.0 0.0 1.0 4.0 14.0 58.0 63.0 68.0 55.0 66.0 70.0 63.0 70.0 65.0 43.0 5.0 2.0 0.0 
0.0 0.0 0.0 0.0 1.0 4.0 14.0 58.0 63.0 68.0 55.0 66.0 70.0 63.0 70.0 65.0 43.0 5.0 2.0 0.0 0.0 
0.0 
0.0 0.0 
0.0 0.0 0.0 
0.0 0.0 0.0 0.0 
0.0 0.0 0.0 0.0 0.0 
0.0 0.0 0.0 0.0 0.0 0.0 
0.0 0.0 0.0 0.0 0.0 0.0 2.0 
0.0 0.0 0.0 0.0 0.0 0.0 2.0 21.0 
0.0 0.0 0.0 0.0 0.0 0.0 2.0 21.0 57.0 
0.0 0.0 0.0 0.0 0.0 0.0 2.0 21.0 57.0 87.0 
0.0 0.0 0.0 0.0 0.0 0.0 2.0 21.0 57.0 87.0 127.0 
0.0 0.0 0.0 0.0 0.0 0.0 2.0 21.0 57.0 87.0 127.0 94.0 
0.0 0.0 0.0 0.0 0.0 0.0 2.0 21.0 57.0 87.0 127.0 94.0 54.0 
0.0 0.0 0.0 0.0 0.0 0.0 2.0 21.0 57.0 87.0 127.0 94.0 54.0 75.0 
0.0 0.0 0.0 0.0 0.0 0.0 2.0 21.0 57.0 87.0 127.0 94.0 54.0 75.0 65.0 
0.0 0.0 0.0 0.0 0.0 0.0 2.0 21.0 57.0 87.0 127.0 94.0 54.0 75.0 65.0 21.0 
0.0 0.0 0.0 0.0 0.0 0.0 2.0 21.0 57.0 87.0 127.0 94.0 54.0 75.0 65.0 21.0 2.0 
0.0 0.0 0.0 0.0 0.0 0.0 2.0 21.0 57.0 87.0 127.0 94.0 54.0 75.0 65.0 21.0 2.0 0.0 
0.0 0.0 0.0 0.0 0.0 0.0 2.0 21.0 57.0 87.0 127.0 94.0 54.0 75.0 65.0 21.0 2.0 0.0 0.0 
0.0 0.0 0.0 0.0 0.0 0.0 2.0 21.0 57.0 87.0 127.0 94.0 54.0 75.0 65.0 21.0 2.0 0.0 0.0 0.0 
0.0 0.0 0.0 0.0 0.0 0.0 2.0 21.0 57.0 87.0 127.0 94.0 54.0 75.0 65.0 21.0 2.0 0.0 0.0 0.0 0.0 
