4.0 
4.0 5.0 
4.0 5.0 5.0 
4.0 5.0 5.0 18.0 
4.0 5.0 5.0 18.0 21.0 
4.0 5.0 5.0 18.0 21.0 37.0 
4.0 5.0 5.0 18.0 21.0 37.0 58.0 
4.0 5.0 5.0 18.0 21.0 37.0 58.0 80.0 
4.0 5.0 5.0 18.0 21.0 37.0 58.0 80.0 91.0 
4.0 5.0 5.0 18.0 21.0 37.0 58.0 80.0 91.0 88.0 
4.0 5.0 5.0 18.0 21.0 37.0 58.0 80.0 91.0 88.0 105.0 
4.0 5.0 5.0 18.0 21.0 37.0 58.0 80.0 91.0 88.0 105.0 107.0 
4.0 5.0 5.0 18.0 21.0 37.0 58.0 80.0 91.0 88.0 105.0 107.0 99.0 
4.0 5.0 5.0 18.0 21.0 37.0 58.0 80.0 91.0 88.0 105.0 107.0 99.0 95.0 
4.0 5.0 5.0 18.0 21.0 37.0 58.0 80.0 91.0 88.0 105.0 107.0 99.0 95.0 89.0 
4.0 5.0 5.0 18.0 21.0 37.0 58.0 80.0 91.0 88.0 105.0 107.0 99.0 95.0 89.0 84.0 
4.0 5.0 5.0 18.0 21.0 37.0 58.0 80.0 91.0 88.0 105.0 107.0 99.0 95.0 89.0 84.0 81.0 
4.0 5.0 5.0 18.0 21.0 37.0 58.0 80.0 91.0 88.0 105.0 107.0 99.0 95.0 89.0 84.0 81.0 58.0 
4.0 5.0 5.0 18.0 21.0 37.0 58.0 80.0 91.0 88.0 105.0 107.0 99.0 95.0 89.0 84.0 81.0 58.0 39.0 
4.0 5.0 5.0 18.0 21.0 37.0 58.0 80.0 91.0 88.0 105.0 107.0 99.0 95.0 89.0 84.0 81.0 58.0 39.0 21.0 
4.0 5.0 5.0 18.0 21.0 37.0 58.0 80.0 91.0 88.0 105.0 107.0 99.0 95.0 89.0 84.0 81.0 58.0 39.0 21.0 10.0 
0.0 
0.0 2.0 
0.0 2.0 3.0 
0.0 2.0 3.0 7.0 
0.0 2.0 3.0 7.0 14.0 
0.0 2.0 3.0 7.0 14.0 27.0 
0.0 2.0 3.0 7.0 14.0 27.0 49.0 
0.0 2.0 3.0 7.0 14.0 27.0 49.0 63.0 
0.0 2.0 3.0 7.0 14.0 27.0 49.0 63.0 86.0 
0.0 2.0 3.0 7.0 14.0 27.0 49.0 63.0 86.0 107.0 
0.0 2.0 3.0 7.0 14.0 27.0 49.0 63.0 86.0 107.0 112.0 
0.0 2.0 3.0 7.0 14.0 27.0 49.0 63.0 86.0 107.0 112.0 108.0 
0.0 2.0 3.0 7.0 14.0 27.0 49.0 63.0 86.0 107.0 112.0 108.0 94.0 
1.0 
1.0 6.0 
1.0 6.0 7.0 
1.0 6.0 7.0 12.0 
1.0 6.0 7.0 12.0 22.0 
1.0 6.0 7.0 12.0 22.0 43.0 
1.0 6.0 7.0 12.0 22.0 43.0 57.0 
1.0 6.0 7.0 12.0 22.0 43.0 57.0 73.0 
1.0 6.0 7.0 12.0 22.0 43.0 57.0 73.0 87.0 
1.0 6.0 7.0 12.0 22.0 43.0 57.0 73.0 87.0 84.0 
1.0 6.0 7.0 12.0 22.0 43.0 57.0 73.0 87.0 84.0 102.0 
1.0 6.0 7.0 12.0 22.0 43.0 57.0 73.0 87.0 84.0 102.0 114.0 
1.0 6.0 7.0 12.0 22.0 43.0 57.0 73.0 87.0 84.0 102.0 114.0 103.0 
1.0 6.0 7.0 12.0 22.0 43.0 57.0 73.0 87.0 84.0 102.0 114.0 103.0 102.0 
1.0 6.0 7.0 12.0 22.0 43.0 57.0 73.0 87.0 84.0 102.0 114.0 103.0 102.0 103.0 
1.0 6.0 7.0 12.0 22.0 43.0 57.0 73.0 87.0 84.0 102.0 114.0 103.0 102.0 103.0 76.0 
1.0 6.0 7.0 12.0 22.0 43.0 57.0 73.0 87.0 84.0 102.0 114.0 103.0 102.0 103.0 76.0 62.0 
1.0 6.0 7.0 12.0 22.0 43.0 57.0 73.0 87.0 84.0 102.0 114.0 103.0 102.0 103.0 76.0 62.0 50.0 
1.0 6.0 7.0 12.0 22.0 43.0 57.0 73.0 87.0 84.0 102.0 114.0 103.0 102.0 103.0 76.0 62.0 50.0 38.0 
1.0 6.0 7.0 12.0 22.0 43.0 57.0 73.0 87.0 84.0 102.0 114.0 103.0 102.0 103.0 76.0 62.0 50.0 38.0 23.0 
1.0 6.0 7.0 12.0 22.0 43.0 57.0 73.0 87.0 84.0 102.0 114.0 103.0 102.0 103.0 76.0 62.0 50.0 38.0 23.0 11.0 
1.0 
1.0 3.0 
1.0 3.0 6.0 
1.0 3.0 6.0 9.0 
1.0 3.0 6.0 9.0 16.0 
1.0 3.0 6.0 9.0 16.0 28.0 
1.0 3.0 6.0 9.0 16.0 28.0 50.0 
1.0 3.0 6.0 9.0 16.0 28.0 50.0 58.0 
1.0 3.0 6.0 9.0 16.0 28.0 50.0 58.0 74.0 
1.0 3.0 6.0 9.0 16.0 28.0 50.0 58.0 74.0 98.0 
1.0 3.0 6.0 9.0 16.0 28.0 50.0 58.0 74.0 98.0 114.0 
1.0 3.0 6.0 9.0 16.0 28.0 50.0 58.0 74.0 98.0 114.0 116.0 
1.0 3.0 6.0 9.0 16.0 28.0 50.0 58.0 74.0 98.0 114.0 116.0 98.0 
1.0 3.0 6.0 9.0 16.0 28.0 50.0 58.0 74.0 98.0 114.0 116.0 98.0 86.0 
1.0 3.0 6.0 9.0 16.0 28.0 50.0 58.0 74.0 98.0 114.0 116.0 98.0 86.0 80.0 
1.0 3.0 6.0 9.0 16.0 28.0 50.0 58.0 74.0 98.0 114.0 116.0 98.0 86.0 80.0 68.0 
1.0 3.0 6.0 9.0 16.0 28.0 50.0 58.0 74.0 98.0 114.0 116.0 98.0 86.0 80.0 68.0 42.0 
1.0 3.0 6.0 9.0 16.0 28.0 50.0 58.0 74.0 98.0 114.0 116.0 98.0 86.0 80.0 68.0 42.0 26.0 
1.0 3.0 6.0 9.0 16.0 28.0 50.0 58.0 74.0 98.0 114.0 116.0 98.0 86.0 80.0 68.0 42.0 26.0 12.0 
1.0 3.0 6.0 9.0 16.0 28.0 50.0 58.0 74.0 98.0 114.0 116.0 98.0 86.0 80.0 68.0 42.0 26.0 12.0 5.0 
1.0 3.0 6.0 9.0 16.0 28.0 50.0 58.0 74.0 98.0 114.0 116.0 98.0 86.0 80.0 68.0 42.0 26.0 12.0 5.0 5.0 
