0.0 
0.0 0.0 
0.0 0.0 0.0 
0.0 0.0 0.0 0.0 
0.0 0.0 0.0 0.0 0.0 
0.0 0.0 0.0 0.0 0.0 1.0 
0.0 0.0 0.0 0.0 0.0 1.0 12.0 
0.0 0.0 0.0 0.0 0.0 1.0 12.0 43.0 
0.0 0.0 0.0 0.0 0.0 1.0 12.0 43.0 70.0 
0.0 0.0 0.0 0.0 0.0 1.0 12.0 43.0 70.0 51.0 
0.0 0.0 0.0 0.0 0.0 1.0 12.0 43.0 70.0 51.0 75.0 
0.0 0.0 0.0 0.0 0.0 1.0 12.0 43.0 70.0 51.0 75.0 69.0 
0.0 0.0 0.0 0.0 0.0 1.0 12.0 43.0 70.0 51.0 75.0 69.0 65.0 
0.0 0.0 0.0 0.0 0.0 1.0 12.0 43.0 70.0 51.0 75.0 69.0 65.0 43.0 
0.0 0.0 0.0 0.0 0.0 1.0 12.0 43.0 70.0 51.0 75.0 69.0 65.0 43.0 32.0 
0.0 0.0 0.0 0.0 0.0 1.0 12.0 43.0 70.0 51.0 75.0 69.0 65.0 43.0 32.0 56.0 
0.0 0.0 0.0 0.0 0.0 1.0 12.0 43.0 70.0 51.0 75.0 69.0 65.0 43.0 32.0 56.0 35.0 
0.0 0.0 0.0 0.0 0.0 1.0 12.0 43.0 70.0 51.0 75.0 69.0 65.0 43.0 32.0 56.0 35.0 5.0 
0.0 0.0 0.0 0.0 0.0 1.0 12.0 43.0 70.0 51.0 75.0 69.0 65.0 43.0 32.0 56.0 35.0 5.0 0.0 
0.0 0.0 0.0 0.0 0.0 1.0 12.0 43.0 70.0 51.0 75.0 69.0 65.0 43.0 32.0 56.0 35.0 5.0 0.0 0.0 
0.0 0.0 0.0 0.0 0.0 1.0 12.0 43.0 70.0 51.0 75.0 69.0 65.0 43.0 32.0 56.0 35.0 5.0 0.0 0.0 0.0 
0.0 
0.0 0.0 
0.0 0.0 0.0 
0.0 0.0 0.0 0.0 
0.0 0.0 0.0 0.0 0.0 
0.0 0.0 0.0 0.0 0.0 0.0 
0.0 0.0 0.0 0.0 0.0 0.0 1.0 
0.0 0.0 0.0 0.0 0.0 0.0 1.0 14.0 
0.0 0.0 0.0 0.0 0.0 0.0 1.0 14.0 56.0 
0.0 0.0 0.0 0.0 0.0 0.0 1.0 14.0 56.0 80.0 
0.0 0.0 0.0 0.0 0.0 0.0 1.0 14.0 56.0 80.0 97.0 
0.0 0.0 0.0 0.0 0.0 0.0 1.0 14.0 56.0 80.0 97.0 61.0 
0.0 0.0 0.0 0.0 0.0 0.0 1.0 14.0 56.0 80.0 97.0 61.0 71.0 
0.0 0.0 0.0 0.0 0.0 0.0 1.0 14.0 56.0 80.0 97.0 61.0 71.0 78.0 
0.0 0.0 0.0 0.0 0.0 0.0 1.0 14.0 56.0 80.0 97.0 61.0 71.0 78.0 45.0 
0.0 0.0 0.0 0.0 0.0 0.0 1.0 14.0 56.0 80.0 97.0 61.0 71.0 78.0 45.0 7.0 
0.0 0.0 0.0 0.0 0.0 0.0 1.0 14.0 56.0 80.0 97.0 61.0 71.0 78.0 45.0 7.0 1.0 
0.0 0.0 0.0 0.0 0.0 0.0 1.0 14.0 56.0 80.0 97.0 61.0 71.0 78.0 45.0 7.0 1.0 0.0 
0.0 0.0 0.0 0.0 0.0 0.0 1.0 14.0 56.0 80.0 97.0 61.0 71.0 78.0 45.0 7.0 1.0 0.0 0.0 
0.0 0.0 0.0 0.0 0.0 0.0 1.0 14.0 56.0 80.0 97.0 61.0 71.0 78.0 45.0 7.0 1.0 0.0 0.0 0.0 
0.0 0.0 0.0 0.0 0.0 0.0 1.0 14.0 56.0 80.0 97.0 61.0 71.0 78.0 45.0 7.0 1.0 0.0 0.0 0.0 0.0 
0.0 
0.0 0.0 
0.0 0.0 0.0 
0.0 0.0 0.0 0.0 
0.0 0.0 0.0 0.0 0.0 
0.0 0.0 0.0 0.0 0.0 2.0 
0.0 0.0 0.0 0.0 0.0 2.0 9.0 
0.0 0.0 0.0 0.0 0.0 2.0 9.0 51.0 
0.0 0.0 0.0 0.0 0.0 2.0 9.0 51.0 80.0 
0.0 0.0 0.0 0.0 0.0 2.0 9.0 51.0 80.0 61.0 
0.0 0.0 0.0 0.0 0.0 2.0 9.0 51.0 80.0 61.0 70.0 
0.0 0.0 0.0 0.0 0.0 2.0 9.0 51.0 80.0 61.0 70.0 43.0 
0.0 0.0 0.0 0.0 0.0 2.0 9.0 51.0 80.0 61.0 70.0 43.0 48.0 
0.0 0.0 0.0 0.0 0.0 2.0 9.0 51.0 80.0 61.0 70.0 43.0 48.0 60.0 
0.0 0.0 0.0 0.0 0.0 2.0 9.0 51.0 80.0 61.0 70.0 43.0 48.0 60.0 31.0 
0.0 0.0 0.0 0.0 0.0 2.0 9.0 51.0 80.0 61.0 70.0 43.0 48.0 60.0 31.0 57.0 
0.0 0.0 0.0 0.0 0.0 2.0 9.0 51.0 80.0 61.0 70.0 43.0 48.0 60.0 31.0 57.0 35.0 
0.0 0.0 0.0 0.0 0.0 2.0 9.0 51.0 80.0 61.0 70.0 43.0 48.0 60.0 31.0 57.0 35.0 3.0 
0.0 0.0 0.0 0.0 0.0 2.0 9.0 51.0 80.0 61.0 70.0 43.0 48.0 60.0 31.0 57.0 35.0 3.0 1.0 
0.0 0.0 0.0 0.0 0.0 2.0 9.0 51.0 80.0 61.0 70.0 43.0 48.0 60.0 31.0 57.0 35.0 3.0 1.0 0.0 
0.0 0.0 0.0 0.0 0.0 2.0 9.0 51.0 80.0 61.0 70.0 43.0 48.0 60.0 31.0 57.0 35.0 3.0 1.0 0.0 0.0 
0.0 
0.0 0.0 
0.0 0.0 0.0 
0.0 0.0 0.0 0.0 
0.0 0.0 0.0 0.0 0.0 
0.0 0.0 0.0 0.0 0.0 0.0 
0.0 0.0 0.0 0.0 0.0 0.0 4.0 
0.0 0.0 0.0 0.0 0.0 0.0 4.0 13.0 
0.0 0.0 0.0 0.0 0.0 0.0 4.0 13.0 45.0 
0.0 0.0 0.0 0.0 0.0 0.0 4.0 13.0 45.0 89.0 
0.0 0.0 0.0 0.0 0.0 0.0 4.0 13.0 45.0 89.0 90.0 
0.0 0.0 0.0 0.0 0.0 0.0 4.0 13.0 45.0 89.0 90.0 73.0 
0.0 0.0 0.0 0.0 0.0 0.0 4.0 13.0 45.0 89.0 90.0 73.0 83.0 
0.0 0.0 0.0 0.0 0.0 0.0 4.0 13.0 45.0 89.0 90.0 73.0 83.0 94.0 
0.0 0.0 0.0 0.0 0.0 0.0 4.0 13.0 45.0 89.0 90.0 73.0 83.0 94.0 48.0 
0.0 0.0 0.0 0.0 0.0 0.0 4.0 13.0 45.0 89.0 90.0 73.0 83.0 94.0 48.0 10.0 
0.0 0.0 0.0 0.0 0.0 0.0 4.0 13.0 45.0 89.0 90.0 73.0 83.0 94.0 48.0 10.0 4.0 
0.0 0.0 0.0 0.0 0.0 0.0 4.0 13.0 45.0 89.0 90.0 73.0 83.0 94.0 48.0 10.0 4.0 0.0 
0.0 0.0 0.0 0.0 0.0 0.0 4.0 13.0 45.0 89.0 90.0 73.0 83.0 94.0 48.0 10.0 4.0 0.0 0.0 
0.0 0.0 0.0 0.0 0.0 0.0 4.0 13.0 45.0 89.0 90.0 73.0 83.0 94.0 48.0 10.0 4.0 0.0 0.0 0.0 
0.0 0.0 0.0 0.0 0.0 0.0 4.0 13.0 45.0 89.0 90.0 73.0 83.0 94.0 48.0 10.0 4.0 0.0 0.0 0.0 0.0 
