0.0 
0.0 0.0 
0.0 0.0 0.0 
0.0 0.0 0.0 0.0 
0.0 0.0 0.0 0.0 0.0 
0.0 0.0 0.0 0.0 0.0 0.0 
0.0 0.0 0.0 0.0 0.0 0.0 2.0 
0.0 0.0 0.0 0.0 0.0 0.0 2.0 40.0 
0.0 0.0 0.0 0.0 0.0 0.0 2.0 40.0 72.0 
0.0 0.0 0.0 0.0 0.0 0.0 2.0 40.0 72.0 56.0 
0.0 0.0 0.0 0.0 0.0 0.0 2.0 40.0 72.0 56.0 35.0 
0.0 0.0 0.0 0.0 0.0 0.0 2.0 40.0 72.0 56.0 35.0 43.0 
0.0 0.0 0.0 0.0 0.0 0.0 2.0 40.0 72.0 56.0 35.0 43.0 43.0 
0.0 0.0 0.0 0.0 0.0 0.0 2.0 40.0 72.0 56.0 35.0 43.0 43.0 24.0 
0.0 0.0 0.0 0.0 0.0 0.0 2.0 40.0 72.0 56.0 35.0 43.0 43.0 24.0 49.0 
0.0 0.0 0.0 0.0 0.0 0.0 2.0 40.0 72.0 56.0 35.0 43.0 43.0 24.0 49.0 45.0 
0.0 0.0 0.0 0.0 0.0 0.0 2.0 40.0 72.0 56.0 35.0 43.0 43.0 24.0 49.0 45.0 38.0 
0.0 0.0 0.0 0.0 0.0 0.0 2.0 40.0 72.0 56.0 35.0 43.0 43.0 24.0 49.0 45.0 38.0 0.0 
0.0 0.0 0.0 0.0 0.0 0.0 2.0 40.0 72.0 56.0 35.0 43.0 43.0 24.0 49.0 45.0 38.0 0.0 0.0 
0.0 0.0 0.0 0.0 0.0 0.0 2.0 40.0 72.0 56.0 35.0 43.0 43.0 24.0 49.0 45.0 38.0 0.0 0.0 0.0 
0.0 0.0 0.0 0.0 0.0 0.0 2.0 40.0 72.0 56.0 35.0 43.0 43.0 24.0 49.0 45.0 38.0 0.0 0.0 0.0 0.0 
0.0 
0.0 0.0 
0.0 0.0 0.0 
0.0 0.0 0.0 0.0 
0.0 0.0 0.0 0.0 0.0 
0.0 0.0 0.0 0.0 0.0 0.0 
0.0 0.0 0.0 0.0 0.0 0.0 0.0 
0.0 0.0 0.0 0.0 0.0 0.0 0.0 5.0 
0.0 0.0 0.0 0.0 0.0 0.0 0.0 5.0 36.0 
0.0 0.0 0.0 0.0 0.0 0.0 0.0 5.0 36.0 82.0 
0.0 0.0 0.0 0.0 0.0 0.0 0.0 5.0 36.0 82.0 85.0 
0.0 0.0 0.0 0.0 0.0 0.0 0.0 5.0 36.0 82.0 85.0 62.0 
0.0 0.0 0.0 0.0 0.0 0.0 0.0 5.0 36.0 82.0 85.0 62.0 49.0 
0.0 0.0 0.0 0.0 0.0 0.0 0.0 5.0 36.0 82.0 85.0 62.0 49.0 88.0 
0.0 0.0 0.0 0.0 0.0 0.0 0.0 5.0 36.0 82.0 85.0 62.0 49.0 88.0 47.0 
0.0 0.0 0.0 0.0 0.0 0.0 0.0 5.0 36.0 82.0 85.0 62.0 49.0 88.0 47.0 1.0 
0.0 0.0 0.0 0.0 0.0 0.0 0.0 5.0 36.0 82.0 85.0 62.0 49.0 88.0 47.0 1.0 0.0 
0.0 0.0 0.0 0.0 0.0 0.0 0.0 5.0 36.0 82.0 85.0 62.0 49.0 88.0 47.0 1.0 0.0 0.0 
0.0 0.0 0.0 0.0 0.0 0.0 0.0 5.0 36.0 82.0 85.0 62.0 49.0 88.0 47.0 1.0 0.0 0.0 0.0 
0.0 0.0 0.0 0.0 0.0 0.0 0.0 5.0 36.0 82.0 85.0 62.0 49.0 88.0 47.0 1.0 0.0 0.0 0.0 0.0 
0.0 0.0 0.0 0.0 0.0 0.0 0.0 5.0 36.0 82.0 85.0 62.0 49.0 88.0 47.0 1.0 0.0 0.0 0.0 0.0 0.0 
0.0 
0.0 0.0 
0.0 0.0 0.0 
0.0 0.0 0.0 0.0 
0.0 0.0 0.0 0.0 0.0 
0.0 0.0 0.0 0.0 0.0 0.0 
0.0 0.0 0.0 0.0 0.0 0.0 2.0 
0.0 0.0 0.0 0.0 0.0 0.0 2.0 38.0 
0.0 0.0 0.0 0.0 0.0 0.0 2.0 38.0 61.0 
0.0 0.0 0.0 0.0 0.0 0.0 2.0 38.0 61.0 48.0 
0.0 0.0 0.0 0.0 0.0 0.0 2.0 38.0 61.0 48.0 32.0 
0.0 0.0 0.0 0.0 0.0 0.0 2.0 38.0 61.0 48.0 32.0 48.0 
0.0 0.0 0.0 0.0 0.0 0.0 2.0 38.0 61.0 48.0 32.0 48.0 58.0 
0.0 0.0 0.0 0.0 0.0 0.0 2.0 38.0 61.0 48.0 32.0 48.0 58.0 24.0 
0.0 0.0 0.0 0.0 0.0 0.0 2.0 38.0 61.0 48.0 32.0 48.0 58.0 24.0 19.0 
0.0 0.0 0.0 0.0 0.0 0.0 2.0 38.0 61.0 48.0 32.0 48.0 58.0 24.0 19.0 43.0 
0.0 0.0 0.0 0.0 0.0 0.0 2.0 38.0 61.0 48.0 32.0 48.0 58.0 24.0 19.0 43.0 38.0 
0.0 0.0 0.0 0.0 0.0 0.0 2.0 38.0 61.0 48.0 32.0 48.0 58.0 24.0 19.0 43.0 38.0 0.0 
0.0 0.0 0.0 0.0 0.0 0.0 2.0 38.0 61.0 48.0 32.0 48.0 58.0 24.0 19.0 43.0 38.0 0.0 0.0 
0.0 0.0 0.0 0.0 0.0 0.0 2.0 38.0 61.0 48.0 32.0 48.0 58.0 24.0 19.0 43.0 38.0 0.0 0.0 0.0 
0.0 0.0 0.0 0.0 0.0 0.0 2.0 38.0 61.0 48.0 32.0 48.0 58.0 24.0 19.0 43.0 38.0 0.0 0.0 0.0 0.0 
0.0 
0.0 0.0 
0.0 0.0 0.0 
0.0 0.0 0.0 0.0 
0.0 0.0 0.0 0.0 0.0 
0.0 0.0 0.0 0.0 0.0 0.0 
0.0 0.0 0.0 0.0 0.0 0.0 0.0 
0.0 0.0 0.0 0.0 0.0 0.0 0.0 5.0 
0.0 0.0 0.0 0.0 0.0 0.0 0.0 5.0 39.0 
0.0 0.0 0.0 0.0 0.0 0.0 0.0 5.0 39.0 82.0 
0.0 0.0 0.0 0.0 0.0 0.0 0.0 5.0 39.0 82.0 62.0 
0.0 0.0 0.0 0.0 0.0 0.0 0.0 5.0 39.0 82.0 62.0 12.0 
0.0 0.0 0.0 0.0 0.0 0.0 0.0 5.0 39.0 82.0 62.0 12.0 54.0 
0.0 0.0 0.0 0.0 0.0 0.0 0.0 5.0 39.0 82.0 62.0 12.0 54.0 27.0 
0.0 0.0 0.0 0.0 0.0 0.0 0.0 5.0 39.0 82.0 62.0 12.0 54.0 27.0 51.0 
0.0 0.0 0.0 0.0 0.0 0.0 0.0 5.0 39.0 82.0 62.0 12.0 54.0 27.0 51.0 3.0 
0.0 0.0 0.0 0.0 0.0 0.0 0.0 5.0 39.0 82.0 62.0 12.0 54.0 27.0 51.0 3.0 0.0 
0.0 0.0 0.0 0.0 0.0 0.0 0.0 5.0 39.0 82.0 62.0 12.0 54.0 27.0 51.0 3.0 0.0 0.0 
0.0 0.0 0.0 0.0 0.0 0.0 0.0 5.0 39.0 82.0 62.0 12.0 54.0 27.0 51.0 3.0 0.0 0.0 0.0 
0.0 0.0 0.0 0.0 0.0 0.0 0.0 5.0 39.0 82.0 62.0 12.0 54.0 27.0 51.0 3.0 0.0 0.0 0.0 0.0 
0.0 0.0 0.0 0.0 0.0 0.0 0.0 5.0 39.0 82.0 62.0 12.0 54.0 27.0 51.0 3.0 0.0 0.0 0.0 0.0 0.0 
