0.0 
0.0 0.0 
0.0 0.0 0.0 
0.0 0.0 0.0 1.0 
0.0 0.0 0.0 1.0 1.0 
0.0 0.0 0.0 1.0 1.0 4.0 
0.0 0.0 0.0 1.0 1.0 4.0 21.0 
0.0 0.0 0.0 1.0 1.0 4.0 21.0 52.0 
0.0 0.0 0.0 1.0 1.0 4.0 21.0 52.0 73.0 
0.0 0.0 0.0 1.0 1.0 4.0 21.0 52.0 73.0 93.0 
0.0 0.0 0.0 1.0 1.0 4.0 21.0 52.0 73.0 93.0 101.0 
0.0 0.0 0.0 1.0 1.0 4.0 21.0 52.0 73.0 93.0 101.0 76.0 
0.0 0.0 0.0 1.0 1.0 4.0 21.0 52.0 73.0 93.0 101.0 76.0 69.0 
0.0 0.0 0.0 1.0 1.0 4.0 21.0 52.0 73.0 93.0 101.0 76.0 69.0 69.0 
0.0 0.0 0.0 1.0 1.0 4.0 21.0 52.0 73.0 93.0 101.0 76.0 69.0 69.0 61.0 
0.0 0.0 0.0 1.0 1.0 4.0 21.0 52.0 73.0 93.0 101.0 76.0 69.0 69.0 61.0 63.0 
0.0 0.0 0.0 1.0 1.0 4.0 21.0 52.0 73.0 93.0 101.0 76.0 69.0 69.0 61.0 63.0 52.0 
0.0 0.0 0.0 1.0 1.0 4.0 21.0 52.0 73.0 93.0 101.0 76.0 69.0 69.0 61.0 63.0 52.0 16.0 
0.0 0.0 0.0 1.0 1.0 4.0 21.0 52.0 73.0 93.0 101.0 76.0 69.0 69.0 61.0 63.0 52.0 16.0 7.0 
0.0 0.0 0.0 1.0 1.0 4.0 21.0 52.0 73.0 93.0 101.0 76.0 69.0 69.0 61.0 63.0 52.0 16.0 7.0 0.0 
0.0 0.0 0.0 1.0 1.0 4.0 21.0 52.0 73.0 93.0 101.0 76.0 69.0 69.0 61.0 63.0 52.0 16.0 7.0 0.0 0.0 
0.0 
0.0 0.0 
0.0 0.0 0.0 
0.0 0.0 0.0 0.0 
0.0 0.0 0.0 0.0 0.0 
0.0 0.0 0.0 0.0 0.0 1.0 
0.0 0.0 0.0 0.0 0.0 1.0 5.0 
0.0 0.0 0.0 0.0 0.0 1.0 5.0 22.0 
0.0 0.0 0.0 0.0 0.0 1.0 5.0 22.0 55.0 
0.0 0.0 0.0 0.0 0.0 1.0 5.0 22.0 55.0 80.0 
0.0 0.0 0.0 0.0 0.0 1.0 5.0 22.0 55.0 80.0 111.0 
0.0 0.0 0.0 0.0 0.0 1.0 5.0 22.0 55.0 80.0 111.0 88.0 
0.0 0.0 0.0 0.0 0.0 1.0 5.0 22.0 55.0 80.0 111.0 88.0 100.0 
0.0 0.0 0.0 0.0 0.0 1.0 5.0 22.0 55.0 80.0 111.0 88.0 100.0 79.0 
0.0 0.0 0.0 0.0 0.0 1.0 5.0 22.0 55.0 80.0 111.0 88.0 100.0 79.0 56.0 
0.0 0.0 0.0 0.0 0.0 1.0 5.0 22.0 55.0 80.0 111.0 88.0 100.0 79.0 56.0 19.0 
0.0 0.0 0.0 0.0 0.0 1.0 5.0 22.0 55.0 80.0 111.0 88.0 100.0 79.0 56.0 19.0 4.0 
0.0 0.0 0.0 0.0 0.0 1.0 5.0 22.0 55.0 80.0 111.0 88.0 100.0 79.0 56.0 19.0 4.0 0.0 
0.0 0.0 0.0 0.0 0.0 1.0 5.0 22.0 55.0 80.0 111.0 88.0 100.0 79.0 56.0 19.0 4.0 0.0 1.0 
0.0 0.0 0.0 0.0 0.0 1.0 5.0 22.0 55.0 80.0 111.0 88.0 100.0 79.0 56.0 19.0 4.0 0.0 1.0 0.0 
0.0 0.0 0.0 0.0 0.0 1.0 5.0 22.0 55.0 80.0 111.0 88.0 100.0 79.0 56.0 19.0 4.0 0.0 1.0 0.0 0.0 
0.0 
0.0 0.0 
0.0 0.0 0.0 
0.0 0.0 0.0 0.0 
0.0 0.0 0.0 0.0 0.0 
0.0 0.0 0.0 0.0 0.0 5.0 
0.0 0.0 0.0 0.0 0.0 5.0 15.0 
0.0 0.0 0.0 0.0 0.0 5.0 15.0 45.0 
0.0 0.0 0.0 0.0 0.0 5.0 15.0 45.0 80.0 
0.0 0.0 0.0 0.0 0.0 5.0 15.0 45.0 80.0 98.0 
0.0 0.0 0.0 0.0 0.0 5.0 15.0 45.0 80.0 98.0 95.0 
0.0 0.0 0.0 0.0 0.0 5.0 15.0 45.0 80.0 98.0 95.0 71.0 
0.0 0.0 0.0 0.0 0.0 5.0 15.0 45.0 80.0 98.0 95.0 71.0 58.0 
0.0 0.0 0.0 0.0 0.0 5.0 15.0 45.0 80.0 98.0 95.0 71.0 58.0 95.0 
0.0 0.0 0.0 0.0 0.0 5.0 15.0 45.0 80.0 98.0 95.0 71.0 58.0 95.0 64.0 
0.0 0.0 0.0 0.0 0.0 5.0 15.0 45.0 80.0 98.0 95.0 71.0 58.0 95.0 64.0 68.0 
0.0 0.0 0.0 0.0 0.0 5.0 15.0 45.0 80.0 98.0 95.0 71.0 58.0 95.0 64.0 68.0 39.0 
0.0 0.0 0.0 0.0 0.0 5.0 15.0 45.0 80.0 98.0 95.0 71.0 58.0 95.0 64.0 68.0 39.0 10.0 
0.0 0.0 0.0 0.0 0.0 5.0 15.0 45.0 80.0 98.0 95.0 71.0 58.0 95.0 64.0 68.0 39.0 10.0 5.0 
0.0 0.0 0.0 0.0 0.0 5.0 15.0 45.0 80.0 98.0 95.0 71.0 58.0 95.0 64.0 68.0 39.0 10.0 5.0 1.0 
0.0 0.0 0.0 0.0 0.0 5.0 15.0 45.0 80.0 98.0 95.0 71.0 58.0 95.0 64.0 68.0 39.0 10.0 5.0 1.0 0.0 
0.0 
0.0 0.0 
0.0 0.0 0.0 
0.0 0.0 0.0 0.0 
0.0 0.0 0.0 0.0 0.0 
0.0 0.0 0.0 0.0 0.0 0.0 
0.0 0.0 0.0 0.0 0.0 0.0 6.0 
0.0 0.0 0.0 0.0 0.0 0.0 6.0 28.0 
0.0 0.0 0.0 0.0 0.0 0.0 6.0 28.0 61.0 
0.0 0.0 0.0 0.0 0.0 0.0 6.0 28.0 61.0 96.0 
0.0 0.0 0.0 0.0 0.0 0.0 6.0 28.0 61.0 96.0 102.0 
0.0 0.0 0.0 0.0 0.0 0.0 6.0 28.0 61.0 96.0 102.0 103.0 
0.0 0.0 0.0 0.0 0.0 0.0 6.0 28.0 61.0 96.0 102.0 103.0 64.0 
0.0 0.0 0.0 0.0 0.0 0.0 6.0 28.0 61.0 96.0 102.0 103.0 64.0 84.0 
0.0 0.0 0.0 0.0 0.0 0.0 6.0 28.0 61.0 96.0 102.0 103.0 64.0 84.0 57.0 
0.0 0.0 0.0 0.0 0.0 0.0 6.0 28.0 61.0 96.0 102.0 103.0 64.0 84.0 57.0 27.0 
0.0 0.0 0.0 0.0 0.0 0.0 6.0 28.0 61.0 96.0 102.0 103.0 64.0 84.0 57.0 27.0 5.0 
0.0 0.0 0.0 0.0 0.0 0.0 6.0 28.0 61.0 96.0 102.0 103.0 64.0 84.0 57.0 27.0 5.0 5.0 
0.0 0.0 0.0 0.0 0.0 0.0 6.0 28.0 61.0 96.0 102.0 103.0 64.0 84.0 57.0 27.0 5.0 5.0 2.0 
0.0 0.0 0.0 0.0 0.0 0.0 6.0 28.0 61.0 96.0 102.0 103.0 64.0 84.0 57.0 27.0 5.0 5.0 2.0 1.0 
0.0 0.0 0.0 0.0 0.0 0.0 6.0 28.0 61.0 96.0 102.0 103.0 64.0 84.0 57.0 27.0 5.0 5.0 2.0 1.0 0.0 
