0.0 
0.0 1.0 
0.0 1.0 4.0 
0.0 1.0 4.0 3.0 
0.0 1.0 4.0 3.0 5.0 
0.0 1.0 4.0 3.0 5.0 11.0 
0.0 1.0 4.0 3.0 5.0 11.0 32.0 
0.0 1.0 4.0 3.0 5.0 11.0 32.0 67.0 
0.0 1.0 4.0 3.0 5.0 11.0 32.0 67.0 96.0 
0.0 1.0 4.0 3.0 5.0 11.0 32.0 67.0 96.0 100.0 
0.0 1.0 4.0 3.0 5.0 11.0 32.0 67.0 96.0 100.0 98.0 
0.0 1.0 4.0 3.0 5.0 11.0 32.0 67.0 96.0 100.0 98.0 99.0 
0.0 1.0 4.0 3.0 5.0 11.0 32.0 67.0 96.0 100.0 98.0 99.0 74.0 
0.0 1.0 4.0 3.0 5.0 11.0 32.0 67.0 96.0 100.0 98.0 99.0 74.0 72.0 
0.0 1.0 4.0 3.0 5.0 11.0 32.0 67.0 96.0 100.0 98.0 99.0 74.0 72.0 58.0 
0.0 1.0 4.0 3.0 5.0 11.0 32.0 67.0 96.0 100.0 98.0 99.0 74.0 72.0 58.0 82.0 
0.0 1.0 4.0 3.0 5.0 11.0 32.0 67.0 96.0 100.0 98.0 99.0 74.0 72.0 58.0 82.0 49.0 
0.0 1.0 4.0 3.0 5.0 11.0 32.0 67.0 96.0 100.0 98.0 99.0 74.0 72.0 58.0 82.0 49.0 24.0 
0.0 1.0 4.0 3.0 5.0 11.0 32.0 67.0 96.0 100.0 98.0 99.0 74.0 72.0 58.0 82.0 49.0 24.0 8.0 
0.0 1.0 4.0 3.0 5.0 11.0 32.0 67.0 96.0 100.0 98.0 99.0 74.0 72.0 58.0 82.0 49.0 24.0 8.0 0.0 
0.0 1.0 4.0 3.0 5.0 11.0 32.0 67.0 96.0 100.0 98.0 99.0 74.0 72.0 58.0 82.0 49.0 24.0 8.0 0.0 0.0 
0.0 
0.0 0.0 
0.0 0.0 0.0 
0.0 0.0 0.0 0.0 
0.0 0.0 0.0 0.0 0.0 
0.0 0.0 0.0 0.0 0.0 3.0 
0.0 0.0 0.0 0.0 0.0 3.0 10.0 
0.0 0.0 0.0 0.0 0.0 3.0 10.0 32.0 
0.0 0.0 0.0 0.0 0.0 3.0 10.0 32.0 68.0 
0.0 0.0 0.0 0.0 0.0 3.0 10.0 32.0 68.0 87.0 
0.0 0.0 0.0 0.0 0.0 3.0 10.0 32.0 68.0 87.0 91.0 
0.0 0.0 0.0 0.0 0.0 3.0 10.0 32.0 68.0 87.0 91.0 109.0 
0.0 0.0 0.0 0.0 0.0 3.0 10.0 32.0 68.0 87.0 91.0 109.0 94.0 
0.0 0.0 0.0 0.0 0.0 3.0 10.0 32.0 68.0 87.0 91.0 109.0 94.0 83.0 
0.0 0.0 0.0 0.0 0.0 3.0 10.0 32.0 68.0 87.0 91.0 109.0 94.0 83.0 67.0 
0.0 0.0 0.0 0.0 0.0 3.0 10.0 32.0 68.0 87.0 91.0 109.0 94.0 83.0 67.0 32.0 
0.0 0.0 0.0 0.0 0.0 3.0 10.0 32.0 68.0 87.0 91.0 109.0 94.0 83.0 67.0 32.0 7.0 
0.0 0.0 0.0 0.0 0.0 3.0 10.0 32.0 68.0 87.0 91.0 109.0 94.0 83.0 67.0 32.0 7.0 2.0 
0.0 0.0 0.0 0.0 0.0 3.0 10.0 32.0 68.0 87.0 91.0 109.0 94.0 83.0 67.0 32.0 7.0 2.0 0.0 
0.0 0.0 0.0 0.0 0.0 3.0 10.0 32.0 68.0 87.0 91.0 109.0 94.0 83.0 67.0 32.0 7.0 2.0 0.0 0.0 
0.0 0.0 0.0 0.0 0.0 3.0 10.0 32.0 68.0 87.0 91.0 109.0 94.0 83.0 67.0 32.0 7.0 2.0 0.0 0.0 0.0 
0.0 
0.0 0.0 
0.0 0.0 0.0 
0.0 0.0 0.0 0.0 
0.0 0.0 0.0 0.0 3.0 
0.0 0.0 0.0 0.0 3.0 10.0 
0.0 0.0 0.0 0.0 3.0 10.0 28.0 
0.0 0.0 0.0 0.0 3.0 10.0 28.0 66.0 
0.0 0.0 0.0 0.0 3.0 10.0 28.0 66.0 82.0 
0.0 0.0 0.0 0.0 3.0 10.0 28.0 66.0 82.0 101.0 
0.0 0.0 0.0 0.0 3.0 10.0 28.0 66.0 82.0 101.0 87.0 
0.0 0.0 0.0 0.0 3.0 10.0 28.0 66.0 82.0 101.0 87.0 87.0 
0.0 0.0 0.0 0.0 3.0 10.0 28.0 66.0 82.0 101.0 87.0 87.0 54.0 
0.0 0.0 0.0 0.0 3.0 10.0 28.0 66.0 82.0 101.0 87.0 87.0 54.0 97.0 
0.0 0.0 0.0 0.0 3.0 10.0 28.0 66.0 82.0 101.0 87.0 87.0 54.0 97.0 48.0 
0.0 0.0 0.0 0.0 3.0 10.0 28.0 66.0 82.0 101.0 87.0 87.0 54.0 97.0 48.0 73.0 
0.0 0.0 0.0 0.0 3.0 10.0 28.0 66.0 82.0 101.0 87.0 87.0 54.0 97.0 48.0 73.0 38.0 
0.0 0.0 0.0 0.0 3.0 10.0 28.0 66.0 82.0 101.0 87.0 87.0 54.0 97.0 48.0 73.0 38.0 15.0 
0.0 0.0 0.0 0.0 3.0 10.0 28.0 66.0 82.0 101.0 87.0 87.0 54.0 97.0 48.0 73.0 38.0 15.0 6.0 
0.0 0.0 0.0 0.0 3.0 10.0 28.0 66.0 82.0 101.0 87.0 87.0 54.0 97.0 48.0 73.0 38.0 15.0 6.0 0.0 
0.0 0.0 0.0 0.0 3.0 10.0 28.0 66.0 82.0 101.0 87.0 87.0 54.0 97.0 48.0 73.0 38.0 15.0 6.0 0.0 0.0 
0.0 
0.0 0.0 
0.0 0.0 0.0 
0.0 0.0 0.0 0.0 
0.0 0.0 0.0 0.0 0.0 
0.0 0.0 0.0 0.0 0.0 0.0 
0.0 0.0 0.0 0.0 0.0 0.0 12.0 
0.0 0.0 0.0 0.0 0.0 0.0 12.0 40.0 
0.0 0.0 0.0 0.0 0.0 0.0 12.0 40.0 52.0 
0.0 0.0 0.0 0.0 0.0 0.0 12.0 40.0 52.0 86.0 
0.0 0.0 0.0 0.0 0.0 0.0 12.0 40.0 52.0 86.0 98.0 
0.0 0.0 0.0 0.0 0.0 0.0 12.0 40.0 52.0 86.0 98.0 84.0 
0.0 0.0 0.0 0.0 0.0 0.0 12.0 40.0 52.0 86.0 98.0 84.0 88.0 
0.0 0.0 0.0 0.0 0.0 0.0 12.0 40.0 52.0 86.0 98.0 84.0 88.0 96.0 
0.0 0.0 0.0 0.0 0.0 0.0 12.0 40.0 52.0 86.0 98.0 84.0 88.0 96.0 55.0 
0.0 0.0 0.0 0.0 0.0 0.0 12.0 40.0 52.0 86.0 98.0 84.0 88.0 96.0 55.0 34.0 
0.0 0.0 0.0 0.0 0.0 0.0 12.0 40.0 52.0 86.0 98.0 84.0 88.0 96.0 55.0 34.0 12.0 
0.0 0.0 0.0 0.0 0.0 0.0 12.0 40.0 52.0 86.0 98.0 84.0 88.0 96.0 55.0 34.0 12.0 2.0 
0.0 0.0 0.0 0.0 0.0 0.0 12.0 40.0 52.0 86.0 98.0 84.0 88.0 96.0 55.0 34.0 12.0 2.0 0.0 
0.0 0.0 0.0 0.0 0.0 0.0 12.0 40.0 52.0 86.0 98.0 84.0 88.0 96.0 55.0 34.0 12.0 2.0 0.0 0.0 
0.0 0.0 0.0 0.0 0.0 0.0 12.0 40.0 52.0 86.0 98.0 84.0 88.0 96.0 55.0 34.0 12.0 2.0 0.0 0.0 0.0 
