0.0 
0.0 1.0 
0.0 1.0 2.0 
0.0 1.0 2.0 9.0 
0.0 1.0 2.0 9.0 18.0 
0.0 1.0 2.0 9.0 18.0 30.0 
0.0 1.0 2.0 9.0 18.0 30.0 50.0 
0.0 1.0 2.0 9.0 18.0 30.0 50.0 69.0 
0.0 1.0 2.0 9.0 18.0 30.0 50.0 69.0 88.0 
0.0 1.0 2.0 9.0 18.0 30.0 50.0 69.0 88.0 101.0 
0.0 1.0 2.0 9.0 18.0 30.0 50.0 69.0 88.0 101.0 91.0 
0.0 1.0 2.0 9.0 18.0 30.0 50.0 69.0 88.0 101.0 91.0 108.0 
0.0 1.0 2.0 9.0 18.0 30.0 50.0 69.0 88.0 101.0 91.0 108.0 121.0 
0.0 1.0 2.0 9.0 18.0 30.0 50.0 69.0 88.0 101.0 91.0 108.0 121.0 96.0 
0.0 1.0 2.0 9.0 18.0 30.0 50.0 69.0 88.0 101.0 91.0 108.0 121.0 96.0 88.0 
0.0 1.0 2.0 9.0 18.0 30.0 50.0 69.0 88.0 101.0 91.0 108.0 121.0 96.0 88.0 81.0 
0.0 1.0 2.0 9.0 18.0 30.0 50.0 69.0 88.0 101.0 91.0 108.0 121.0 96.0 88.0 81.0 72.0 
0.0 1.0 2.0 9.0 18.0 30.0 50.0 69.0 88.0 101.0 91.0 108.0 121.0 96.0 88.0 81.0 72.0 46.0 
0.0 1.0 2.0 9.0 18.0 30.0 50.0 69.0 88.0 101.0 91.0 108.0 121.0 96.0 88.0 81.0 72.0 46.0 27.0 
0.0 1.0 2.0 9.0 18.0 30.0 50.0 69.0 88.0 101.0 91.0 108.0 121.0 96.0 88.0 81.0 72.0 46.0 27.0 12.0 
0.0 1.0 2.0 9.0 18.0 30.0 50.0 69.0 88.0 101.0 91.0 108.0 121.0 96.0 88.0 81.0 72.0 46.0 27.0 12.0 4.0 
0.0 
0.0 1.0 
0.0 1.0 1.0 
0.0 1.0 1.0 1.0 
0.0 1.0 1.0 1.0 10.0 
0.0 1.0 1.0 1.0 10.0 17.0 
0.0 1.0 1.0 1.0 10.0 17.0 36.0 
0.0 1.0 1.0 1.0 10.0 17.0 36.0 69.0 
0.0 1.0 1.0 1.0 10.0 17.0 36.0 69.0 81.0 
0.0 1.0 1.0 1.0 10.0 17.0 36.0 69.0 81.0 102.0 
0.0 1.0 1.0 1.0 10.0 17.0 36.0 69.0 81.0 102.0 110.0 
0.0 1.0 1.0 1.0 10.0 17.0 36.0 69.0 81.0 102.0 110.0 95.0 
0.0 1.0 1.0 1.0 10.0 17.0 36.0 69.0 81.0 102.0 110.0 95.0 104.0 
0.0 1.0 1.0 1.0 10.0 17.0 36.0 69.0 81.0 102.0 110.0 95.0 104.0 82.0 
1.0 
1.0 2.0 
1.0 2.0 3.0 
1.0 2.0 3.0 10.0 
1.0 2.0 3.0 10.0 22.0 
1.0 2.0 3.0 10.0 22.0 25.0 
1.0 2.0 3.0 10.0 22.0 25.0 50.0 
1.0 2.0 3.0 10.0 22.0 25.0 50.0 68.0 
1.0 2.0 3.0 10.0 22.0 25.0 50.0 68.0 95.0 
1.0 2.0 3.0 10.0 22.0 25.0 50.0 68.0 95.0 89.0 
1.0 2.0 3.0 10.0 22.0 25.0 50.0 68.0 95.0 89.0 89.0 
1.0 2.0 3.0 10.0 22.0 25.0 50.0 68.0 95.0 89.0 89.0 115.0 
1.0 2.0 3.0 10.0 22.0 25.0 50.0 68.0 95.0 89.0 89.0 115.0 98.0 
1.0 2.0 3.0 10.0 22.0 25.0 50.0 68.0 95.0 89.0 89.0 115.0 98.0 106.0 
1.0 2.0 3.0 10.0 22.0 25.0 50.0 68.0 95.0 89.0 89.0 115.0 98.0 106.0 104.0 
1.0 2.0 3.0 10.0 22.0 25.0 50.0 68.0 95.0 89.0 89.0 115.0 98.0 106.0 104.0 92.0 
1.0 2.0 3.0 10.0 22.0 25.0 50.0 68.0 95.0 89.0 89.0 115.0 98.0 106.0 104.0 92.0 61.0 
1.0 2.0 3.0 10.0 22.0 25.0 50.0 68.0 95.0 89.0 89.0 115.0 98.0 106.0 104.0 92.0 61.0 40.0 
1.0 2.0 3.0 10.0 22.0 25.0 50.0 68.0 95.0 89.0 89.0 115.0 98.0 106.0 104.0 92.0 61.0 40.0 18.0 
1.0 2.0 3.0 10.0 22.0 25.0 50.0 68.0 95.0 89.0 89.0 115.0 98.0 106.0 104.0 92.0 61.0 40.0 18.0 8.0 
1.0 2.0 3.0 10.0 22.0 25.0 50.0 68.0 95.0 89.0 89.0 115.0 98.0 106.0 104.0 92.0 61.0 40.0 18.0 8.0 4.0 
0.0 
0.0 1.0 
0.0 1.0 2.0 
0.0 1.0 2.0 3.0 
0.0 1.0 2.0 3.0 8.0 
0.0 1.0 2.0 3.0 8.0 20.0 
0.0 1.0 2.0 3.0 8.0 20.0 34.0 
0.0 1.0 2.0 3.0 8.0 20.0 34.0 70.0 
0.0 1.0 2.0 3.0 8.0 20.0 34.0 70.0 75.0 
0.0 1.0 2.0 3.0 8.0 20.0 34.0 70.0 75.0 101.0 
0.0 1.0 2.0 3.0 8.0 20.0 34.0 70.0 75.0 101.0 106.0 
0.0 1.0 2.0 3.0 8.0 20.0 34.0 70.0 75.0 101.0 106.0 107.0 
0.0 1.0 2.0 3.0 8.0 20.0 34.0 70.0 75.0 101.0 106.0 107.0 85.0 
0.0 1.0 2.0 3.0 8.0 20.0 34.0 70.0 75.0 101.0 106.0 107.0 85.0 89.0 
0.0 1.0 2.0 3.0 8.0 20.0 34.0 70.0 75.0 101.0 106.0 107.0 85.0 89.0 77.0 
0.0 1.0 2.0 3.0 8.0 20.0 34.0 70.0 75.0 101.0 106.0 107.0 85.0 89.0 77.0 58.0 
0.0 1.0 2.0 3.0 8.0 20.0 34.0 70.0 75.0 101.0 106.0 107.0 85.0 89.0 77.0 58.0 36.0 
0.0 1.0 2.0 3.0 8.0 20.0 34.0 70.0 75.0 101.0 106.0 107.0 85.0 89.0 77.0 58.0 36.0 18.0 
0.0 1.0 2.0 3.0 8.0 20.0 34.0 70.0 75.0 101.0 106.0 107.0 85.0 89.0 77.0 58.0 36.0 18.0 11.0 
0.0 1.0 2.0 3.0 8.0 20.0 34.0 70.0 75.0 101.0 106.0 107.0 85.0 89.0 77.0 58.0 36.0 18.0 11.0 2.0 
0.0 1.0 2.0 3.0 8.0 20.0 34.0 70.0 75.0 101.0 106.0 107.0 85.0 89.0 77.0 58.0 36.0 18.0 11.0 2.0 0.0 
