3.0 
3.0 10.0 
3.0 10.0 17.0 
3.0 10.0 17.0 19.0 
3.0 10.0 17.0 19.0 31.0 
3.0 10.0 17.0 19.0 31.0 57.0 
3.0 10.0 17.0 19.0 31.0 57.0 68.0 
3.0 10.0 17.0 19.0 31.0 57.0 68.0 81.0 
3.0 10.0 17.0 19.0 31.0 57.0 68.0 81.0 81.0 
3.0 10.0 17.0 19.0 31.0 57.0 68.0 81.0 81.0 113.0 
3.0 10.0 17.0 19.0 31.0 57.0 68.0 81.0 81.0 113.0 114.0 
3.0 10.0 17.0 19.0 31.0 57.0 68.0 81.0 81.0 113.0 114.0 99.0 
3.0 10.0 17.0 19.0 31.0 57.0 68.0 81.0 81.0 113.0 114.0 99.0 102.0 
3.0 10.0 17.0 19.0 31.0 57.0 68.0 81.0 81.0 113.0 114.0 99.0 102.0 114.0 
3.0 10.0 17.0 19.0 31.0 57.0 68.0 81.0 81.0 113.0 114.0 99.0 102.0 114.0 94.0 
3.0 10.0 17.0 19.0 31.0 57.0 68.0 81.0 81.0 113.0 114.0 99.0 102.0 114.0 94.0 71.0 
3.0 10.0 17.0 19.0 31.0 57.0 68.0 81.0 81.0 113.0 114.0 99.0 102.0 114.0 94.0 71.0 81.0 
3.0 10.0 17.0 19.0 31.0 57.0 68.0 81.0 81.0 113.0 114.0 99.0 102.0 114.0 94.0 71.0 81.0 61.0 
3.0 10.0 17.0 19.0 31.0 57.0 68.0 81.0 81.0 113.0 114.0 99.0 102.0 114.0 94.0 71.0 81.0 61.0 41.0 
3.0 10.0 17.0 19.0 31.0 57.0 68.0 81.0 81.0 113.0 114.0 99.0 102.0 114.0 94.0 71.0 81.0 61.0 41.0 30.0 
3.0 10.0 17.0 19.0 31.0 57.0 68.0 81.0 81.0 113.0 114.0 99.0 102.0 114.0 94.0 71.0 81.0 61.0 41.0 30.0 21.0 
3.0 
3.0 4.0 
3.0 4.0 6.0 
3.0 4.0 6.0 10.0 
3.0 4.0 6.0 10.0 28.0 
3.0 4.0 6.0 10.0 28.0 38.0 
3.0 4.0 6.0 10.0 28.0 38.0 48.0 
3.0 4.0 6.0 10.0 28.0 38.0 48.0 85.0 
3.0 4.0 6.0 10.0 28.0 38.0 48.0 85.0 95.0 
0.0 
0.0 1.0 
0.0 1.0 9.0 
0.0 1.0 9.0 20.0 
0.0 1.0 9.0 20.0 38.0 
0.0 1.0 9.0 20.0 38.0 63.0 
0.0 1.0 9.0 20.0 38.0 63.0 66.0 
0.0 1.0 9.0 20.0 38.0 63.0 66.0 80.0 
0.0 1.0 9.0 20.0 38.0 63.0 66.0 80.0 94.0 
0.0 1.0 9.0 20.0 38.0 63.0 66.0 80.0 94.0 88.0 
0.0 1.0 9.0 20.0 38.0 63.0 66.0 80.0 94.0 88.0 97.0 
0.0 1.0 9.0 20.0 38.0 63.0 66.0 80.0 94.0 88.0 97.0 98.0 
0.0 1.0 9.0 20.0 38.0 63.0 66.0 80.0 94.0 88.0 97.0 98.0 100.0 
0.0 1.0 9.0 20.0 38.0 63.0 66.0 80.0 94.0 88.0 97.0 98.0 100.0 101.0 
0.0 1.0 9.0 20.0 38.0 63.0 66.0 80.0 94.0 88.0 97.0 98.0 100.0 101.0 84.0 
0.0 1.0 9.0 20.0 38.0 63.0 66.0 80.0 94.0 88.0 97.0 98.0 100.0 101.0 84.0 94.0 
0.0 1.0 9.0 20.0 38.0 63.0 66.0 80.0 94.0 88.0 97.0 98.0 100.0 101.0 84.0 94.0 69.0 
0.0 1.0 9.0 20.0 38.0 63.0 66.0 80.0 94.0 88.0 97.0 98.0 100.0 101.0 84.0 94.0 69.0 57.0 
0.0 1.0 9.0 20.0 38.0 63.0 66.0 80.0 94.0 88.0 97.0 98.0 100.0 101.0 84.0 94.0 69.0 57.0 40.0 
0.0 1.0 9.0 20.0 38.0 63.0 66.0 80.0 94.0 88.0 97.0 98.0 100.0 101.0 84.0 94.0 69.0 57.0 40.0 25.0 
0.0 1.0 9.0 20.0 38.0 63.0 66.0 80.0 94.0 88.0 97.0 98.0 100.0 101.0 84.0 94.0 69.0 57.0 40.0 25.0 19.0 
2.0 
2.0 5.0 
2.0 5.0 6.0 
2.0 5.0 6.0 11.0 
2.0 5.0 6.0 11.0 26.0 
2.0 5.0 6.0 11.0 26.0 31.0 
2.0 5.0 6.0 11.0 26.0 31.0 52.0 
2.0 5.0 6.0 11.0 26.0 31.0 52.0 77.0 
2.0 5.0 6.0 11.0 26.0 31.0 52.0 77.0 76.0 
2.0 5.0 6.0 11.0 26.0 31.0 52.0 77.0 76.0 89.0 
2.0 5.0 6.0 11.0 26.0 31.0 52.0 77.0 76.0 89.0 118.0 
2.0 5.0 6.0 11.0 26.0 31.0 52.0 77.0 76.0 89.0 118.0 108.0 
2.0 5.0 6.0 11.0 26.0 31.0 52.0 77.0 76.0 89.0 118.0 108.0 111.0 
2.0 5.0 6.0 11.0 26.0 31.0 52.0 77.0 76.0 89.0 118.0 108.0 111.0 102.0 
2.0 5.0 6.0 11.0 26.0 31.0 52.0 77.0 76.0 89.0 118.0 108.0 111.0 102.0 85.0 
2.0 5.0 6.0 11.0 26.0 31.0 52.0 77.0 76.0 89.0 118.0 108.0 111.0 102.0 85.0 81.0 
2.0 5.0 6.0 11.0 26.0 31.0 52.0 77.0 76.0 89.0 118.0 108.0 111.0 102.0 85.0 81.0 57.0 
2.0 5.0 6.0 11.0 26.0 31.0 52.0 77.0 76.0 89.0 118.0 108.0 111.0 102.0 85.0 81.0 57.0 32.0 
2.0 5.0 6.0 11.0 26.0 31.0 52.0 77.0 76.0 89.0 118.0 108.0 111.0 102.0 85.0 81.0 57.0 32.0 6.0 
2.0 5.0 6.0 11.0 26.0 31.0 52.0 77.0 76.0 89.0 118.0 108.0 111.0 102.0 85.0 81.0 57.0 32.0 6.0 10.0 
2.0 5.0 6.0 11.0 26.0 31.0 52.0 77.0 76.0 89.0 118.0 108.0 111.0 102.0 85.0 81.0 57.0 32.0 6.0 10.0 9.0 
