0.0 
0.0 0.0 
0.0 0.0 1.0 
0.0 0.0 1.0 2.0 
0.0 0.0 1.0 2.0 3.0 
0.0 0.0 1.0 2.0 3.0 13.0 
0.0 0.0 1.0 2.0 3.0 13.0 36.0 
0.0 0.0 1.0 2.0 3.0 13.0 36.0 62.0 
0.0 0.0 1.0 2.0 3.0 13.0 36.0 62.0 89.0 
0.0 0.0 1.0 2.0 3.0 13.0 36.0 62.0 89.0 81.0 
0.0 0.0 1.0 2.0 3.0 13.0 36.0 62.0 89.0 81.0 114.0 
0.0 0.0 1.0 2.0 3.0 13.0 36.0 62.0 89.0 81.0 114.0 80.0 
0.0 0.0 1.0 2.0 3.0 13.0 36.0 62.0 89.0 81.0 114.0 80.0 102.0 
0.0 0.0 1.0 2.0 3.0 13.0 36.0 62.0 89.0 81.0 114.0 80.0 102.0 89.0 
0.0 0.0 1.0 2.0 3.0 13.0 36.0 62.0 89.0 81.0 114.0 80.0 102.0 89.0 90.0 
0.0 0.0 1.0 2.0 3.0 13.0 36.0 62.0 89.0 81.0 114.0 80.0 102.0 89.0 90.0 88.0 
0.0 0.0 1.0 2.0 3.0 13.0 36.0 62.0 89.0 81.0 114.0 80.0 102.0 89.0 90.0 88.0 57.0 
0.0 0.0 1.0 2.0 3.0 13.0 36.0 62.0 89.0 81.0 114.0 80.0 102.0 89.0 90.0 88.0 57.0 31.0 
0.0 0.0 1.0 2.0 3.0 13.0 36.0 62.0 89.0 81.0 114.0 80.0 102.0 89.0 90.0 88.0 57.0 31.0 10.0 
0.0 0.0 1.0 2.0 3.0 13.0 36.0 62.0 89.0 81.0 114.0 80.0 102.0 89.0 90.0 88.0 57.0 31.0 10.0 0.0 
0.0 0.0 1.0 2.0 3.0 13.0 36.0 62.0 89.0 81.0 114.0 80.0 102.0 89.0 90.0 88.0 57.0 31.0 10.0 0.0 1.0 
0.0 
0.0 0.0 
0.0 0.0 0.0 
0.0 0.0 0.0 0.0 
0.0 0.0 0.0 0.0 1.0 
0.0 0.0 0.0 0.0 1.0 2.0 
0.0 0.0 0.0 0.0 1.0 2.0 16.0 
0.0 0.0 0.0 0.0 1.0 2.0 16.0 36.0 
0.0 0.0 0.0 0.0 1.0 2.0 16.0 36.0 65.0 
0.0 0.0 0.0 0.0 1.0 2.0 16.0 36.0 65.0 83.0 
0.0 0.0 0.0 0.0 1.0 2.0 16.0 36.0 65.0 83.0 104.0 
0.0 0.0 0.0 0.0 1.0 2.0 16.0 36.0 65.0 83.0 104.0 104.0 
0.0 0.0 0.0 0.0 1.0 2.0 16.0 36.0 65.0 83.0 104.0 104.0 107.0 
0.0 0.0 0.0 0.0 1.0 2.0 16.0 36.0 65.0 83.0 104.0 104.0 107.0 95.0 
0.0 0.0 0.0 0.0 1.0 2.0 16.0 36.0 65.0 83.0 104.0 104.0 107.0 95.0 59.0 
0.0 0.0 0.0 0.0 1.0 2.0 16.0 36.0 65.0 83.0 104.0 104.0 107.0 95.0 59.0 30.0 
0.0 0.0 0.0 0.0 1.0 2.0 16.0 36.0 65.0 83.0 104.0 104.0 107.0 95.0 59.0 30.0 5.0 
0.0 0.0 0.0 0.0 1.0 2.0 16.0 36.0 65.0 83.0 104.0 104.0 107.0 95.0 59.0 30.0 5.0 0.0 
0.0 0.0 0.0 0.0 1.0 2.0 16.0 36.0 65.0 83.0 104.0 104.0 107.0 95.0 59.0 30.0 5.0 0.0 0.0 
0.0 
0.0 0.0 
0.0 0.0 0.0 
0.0 0.0 0.0 0.0 
0.0 0.0 0.0 0.0 1.0 
0.0 0.0 0.0 0.0 1.0 10.0 
0.0 0.0 0.0 0.0 1.0 10.0 32.0 
0.0 0.0 0.0 0.0 1.0 10.0 32.0 58.0 
0.0 0.0 0.0 0.0 1.0 10.0 32.0 58.0 87.0 
0.0 0.0 0.0 0.0 1.0 10.0 32.0 58.0 87.0 94.0 
0.0 0.0 0.0 0.0 1.0 10.0 32.0 58.0 87.0 94.0 98.0 
0.0 0.0 0.0 0.0 1.0 10.0 32.0 58.0 87.0 94.0 98.0 83.0 
0.0 0.0 0.0 0.0 1.0 10.0 32.0 58.0 87.0 94.0 98.0 83.0 104.0 
0.0 0.0 0.0 0.0 1.0 10.0 32.0 58.0 87.0 94.0 98.0 83.0 104.0 97.0 
0.0 0.0 0.0 0.0 1.0 10.0 32.0 58.0 87.0 94.0 98.0 83.0 104.0 97.0 78.0 
0.0 0.0 0.0 0.0 1.0 10.0 32.0 58.0 87.0 94.0 98.0 83.0 104.0 97.0 78.0 84.0 
0.0 0.0 0.0 0.0 1.0 10.0 32.0 58.0 87.0 94.0 98.0 83.0 104.0 97.0 78.0 84.0 70.0 
0.0 0.0 0.0 0.0 1.0 10.0 32.0 58.0 87.0 94.0 98.0 83.0 104.0 97.0 78.0 84.0 70.0 31.0 
0.0 0.0 0.0 0.0 1.0 10.0 32.0 58.0 87.0 94.0 98.0 83.0 104.0 97.0 78.0 84.0 70.0 31.0 14.0 
0.0 0.0 0.0 0.0 1.0 10.0 32.0 58.0 87.0 94.0 98.0 83.0 104.0 97.0 78.0 84.0 70.0 31.0 14.0 5.0 
0.0 0.0 0.0 0.0 1.0 10.0 32.0 58.0 87.0 94.0 98.0 83.0 104.0 97.0 78.0 84.0 70.0 31.0 14.0 5.0 1.0 
0.0 
0.0 0.0 
0.0 0.0 0.0 
0.0 0.0 0.0 0.0 
0.0 0.0 0.0 0.0 2.0 
0.0 0.0 0.0 0.0 2.0 4.0 
0.0 0.0 0.0 0.0 2.0 4.0 15.0 
0.0 0.0 0.0 0.0 2.0 4.0 15.0 41.0 
0.0 0.0 0.0 0.0 2.0 4.0 15.0 41.0 75.0 
0.0 0.0 0.0 0.0 2.0 4.0 15.0 41.0 75.0 90.0 
0.0 0.0 0.0 0.0 2.0 4.0 15.0 41.0 75.0 90.0 111.0 
0.0 0.0 0.0 0.0 2.0 4.0 15.0 41.0 75.0 90.0 111.0 91.0 
0.0 0.0 0.0 0.0 2.0 4.0 15.0 41.0 75.0 90.0 111.0 91.0 110.0 
0.0 0.0 0.0 0.0 2.0 4.0 15.0 41.0 75.0 90.0 111.0 91.0 110.0 82.0 
0.0 0.0 0.0 0.0 2.0 4.0 15.0 41.0 75.0 90.0 111.0 91.0 110.0 82.0 61.0 
0.0 0.0 0.0 0.0 2.0 4.0 15.0 41.0 75.0 90.0 111.0 91.0 110.0 82.0 61.0 28.0 
0.0 0.0 0.0 0.0 2.0 4.0 15.0 41.0 75.0 90.0 111.0 91.0 110.0 82.0 61.0 28.0 15.0 
0.0 0.0 0.0 0.0 2.0 4.0 15.0 41.0 75.0 90.0 111.0 91.0 110.0 82.0 61.0 28.0 15.0 3.0 
0.0 0.0 0.0 0.0 2.0 4.0 15.0 41.0 75.0 90.0 111.0 91.0 110.0 82.0 61.0 28.0 15.0 3.0 3.0 
0.0 0.0 0.0 0.0 2.0 4.0 15.0 41.0 75.0 90.0 111.0 91.0 110.0 82.0 61.0 28.0 15.0 3.0 3.0 0.0 
0.0 0.0 0.0 0.0 2.0 4.0 15.0 41.0 75.0 90.0 111.0 91.0 110.0 82.0 61.0 28.0 15.0 3.0 3.0 0.0 0.0 
