0.0 
0.0 0.0 
0.0 0.0 0.0 
0.0 0.0 0.0 0.0 
0.0 0.0 0.0 0.0 0.0 
0.0 0.0 0.0 0.0 0.0 0.0 
0.0 0.0 0.0 0.0 0.0 0.0 4.0 
0.0 0.0 0.0 0.0 0.0 0.0 4.0 42.0 
0.0 0.0 0.0 0.0 0.0 0.0 4.0 42.0 82.0 
0.0 0.0 0.0 0.0 0.0 0.0 4.0 42.0 82.0 71.0 
0.0 0.0 0.0 0.0 0.0 0.0 4.0 42.0 82.0 71.0 70.0 
0.0 0.0 0.0 0.0 0.0 0.0 4.0 42.0 82.0 71.0 70.0 51.0 
0.0 0.0 0.0 0.0 0.0 0.0 4.0 42.0 82.0 71.0 70.0 51.0 35.0 
0.0 0.0 0.0 0.0 0.0 0.0 4.0 42.0 82.0 71.0 70.0 51.0 35.0 22.0 
0.0 0.0 0.0 0.0 0.0 0.0 4.0 42.0 82.0 71.0 70.0 51.0 35.0 22.0 69.0 
0.0 0.0 0.0 0.0 0.0 0.0 4.0 42.0 82.0 71.0 70.0 51.0 35.0 22.0 69.0 37.0 
0.0 0.0 0.0 0.0 0.0 0.0 4.0 42.0 82.0 71.0 70.0 51.0 35.0 22.0 69.0 37.0 40.0 
0.0 0.0 0.0 0.0 0.0 0.0 4.0 42.0 82.0 71.0 70.0 51.0 35.0 22.0 69.0 37.0 40.0 0.0 
0.0 0.0 0.0 0.0 0.0 0.0 4.0 42.0 82.0 71.0 70.0 51.0 35.0 22.0 69.0 37.0 40.0 0.0 0.0 
0.0 0.0 0.0 0.0 0.0 0.0 4.0 42.0 82.0 71.0 70.0 51.0 35.0 22.0 69.0 37.0 40.0 0.0 0.0 0.0 
0.0 0.0 0.0 0.0 0.0 0.0 4.0 42.0 82.0 71.0 70.0 51.0 35.0 22.0 69.0 37.0 40.0 0.0 0.0 0.0 0.0 
0.0 
0.0 0.0 
0.0 0.0 0.0 
0.0 0.0 0.0 0.0 
0.0 0.0 0.0 0.0 0.0 
0.0 0.0 0.0 0.0 0.0 0.0 
0.0 0.0 0.0 0.0 0.0 0.0 1.0 
0.0 0.0 0.0 0.0 0.0 0.0 1.0 10.0 
0.0 0.0 0.0 0.0 0.0 0.0 1.0 10.0 40.0 
0.0 0.0 0.0 0.0 0.0 0.0 1.0 10.0 40.0 86.0 
0.0 0.0 0.0 0.0 0.0 0.0 1.0 10.0 40.0 86.0 96.0 
0.0 0.0 0.0 0.0 0.0 0.0 1.0 10.0 40.0 86.0 96.0 63.0 
0.0 0.0 0.0 0.0 0.0 0.0 1.0 10.0 40.0 86.0 96.0 63.0 54.0 
0.0 0.0 0.0 0.0 0.0 0.0 1.0 10.0 40.0 86.0 96.0 63.0 54.0 80.0 
0.0 0.0 0.0 0.0 0.0 0.0 1.0 10.0 40.0 86.0 96.0 63.0 54.0 80.0 42.0 
0.0 0.0 0.0 0.0 0.0 0.0 1.0 10.0 40.0 86.0 96.0 63.0 54.0 80.0 42.0 7.0 
0.0 0.0 0.0 0.0 0.0 0.0 1.0 10.0 40.0 86.0 96.0 63.0 54.0 80.0 42.0 7.0 0.0 
0.0 0.0 0.0 0.0 0.0 0.0 1.0 10.0 40.0 86.0 96.0 63.0 54.0 80.0 42.0 7.0 0.0 0.0 
0.0 0.0 0.0 0.0 0.0 0.0 1.0 10.0 40.0 86.0 96.0 63.0 54.0 80.0 42.0 7.0 0.0 0.0 0.0 
0.0 0.0 0.0 0.0 0.0 0.0 1.0 10.0 40.0 86.0 96.0 63.0 54.0 80.0 42.0 7.0 0.0 0.0 0.0 0.0 
0.0 0.0 0.0 0.0 0.0 0.0 1.0 10.0 40.0 86.0 96.0 63.0 54.0 80.0 42.0 7.0 0.0 0.0 0.0 0.0 0.0 
0.0 
0.0 0.0 
0.0 0.0 0.0 
0.0 0.0 0.0 0.0 
0.0 0.0 0.0 0.0 0.0 
0.0 0.0 0.0 0.0 0.0 1.0 
0.0 0.0 0.0 0.0 0.0 1.0 5.0 
0.0 0.0 0.0 0.0 0.0 1.0 5.0 40.0 
0.0 0.0 0.0 0.0 0.0 1.0 5.0 40.0 61.0 
0.0 0.0 0.0 0.0 0.0 1.0 5.0 40.0 61.0 65.0 
0.0 0.0 0.0 0.0 0.0 1.0 5.0 40.0 61.0 65.0 39.0 
0.0 0.0 0.0 0.0 0.0 1.0 5.0 40.0 61.0 65.0 39.0 32.0 
0.0 0.0 0.0 0.0 0.0 1.0 5.0 40.0 61.0 65.0 39.0 32.0 43.0 
0.0 0.0 0.0 0.0 0.0 1.0 5.0 40.0 61.0 65.0 39.0 32.0 43.0 39.0 
0.0 0.0 0.0 0.0 0.0 1.0 5.0 40.0 61.0 65.0 39.0 32.0 43.0 39.0 43.0 
0.0 0.0 0.0 0.0 0.0 1.0 5.0 40.0 61.0 65.0 39.0 32.0 43.0 39.0 43.0 65.0 
0.0 0.0 0.0 0.0 0.0 1.0 5.0 40.0 61.0 65.0 39.0 32.0 43.0 39.0 43.0 65.0 35.0 
0.0 0.0 0.0 0.0 0.0 1.0 5.0 40.0 61.0 65.0 39.0 32.0 43.0 39.0 43.0 65.0 35.0 1.0 
0.0 0.0 0.0 0.0 0.0 1.0 5.0 40.0 61.0 65.0 39.0 32.0 43.0 39.0 43.0 65.0 35.0 1.0 0.0 
0.0 0.0 0.0 0.0 0.0 1.0 5.0 40.0 61.0 65.0 39.0 32.0 43.0 39.0 43.0 65.0 35.0 1.0 0.0 0.0 
0.0 0.0 0.0 0.0 0.0 1.0 5.0 40.0 61.0 65.0 39.0 32.0 43.0 39.0 43.0 65.0 35.0 1.0 0.0 0.0 0.0 
0.0 
0.0 0.0 
0.0 0.0 0.0 
0.0 0.0 0.0 0.0 
0.0 0.0 0.0 0.0 0.0 
0.0 0.0 0.0 0.0 0.0 0.0 
0.0 0.0 0.0 0.0 0.0 0.0 0.0 
0.0 0.0 0.0 0.0 0.0 0.0 0.0 9.0 
0.0 0.0 0.0 0.0 0.0 0.0 0.0 9.0 45.0 
0.0 0.0 0.0 0.0 0.0 0.0 0.0 9.0 45.0 93.0 
0.0 0.0 0.0 0.0 0.0 0.0 0.0 9.0 45.0 93.0 71.0 
0.0 0.0 0.0 0.0 0.0 0.0 0.0 9.0 45.0 93.0 71.0 1.0 
0.0 0.0 0.0 0.0 0.0 0.0 0.0 9.0 45.0 93.0 71.0 1.0 61.0 
0.0 0.0 0.0 0.0 0.0 0.0 0.0 9.0 45.0 93.0 71.0 1.0 61.0 69.0 
0.0 0.0 0.0 0.0 0.0 0.0 0.0 9.0 45.0 93.0 71.0 1.0 61.0 69.0 46.0 
0.0 0.0 0.0 0.0 0.0 0.0 0.0 9.0 45.0 93.0 71.0 1.0 61.0 69.0 46.0 4.0 
0.0 0.0 0.0 0.0 0.0 0.0 0.0 9.0 45.0 93.0 71.0 1.0 61.0 69.0 46.0 4.0 0.0 
0.0 0.0 0.0 0.0 0.0 0.0 0.0 9.0 45.0 93.0 71.0 1.0 61.0 69.0 46.0 4.0 0.0 0.0 
0.0 0.0 0.0 0.0 0.0 0.0 0.0 9.0 45.0 93.0 71.0 1.0 61.0 69.0 46.0 4.0 0.0 0.0 0.0 
0.0 0.0 0.0 0.0 0.0 0.0 0.0 9.0 45.0 93.0 71.0 1.0 61.0 69.0 46.0 4.0 0.0 0.0 0.0 0.0 
0.0 0.0 0.0 0.0 0.0 0.0 0.0 9.0 45.0 93.0 71.0 1.0 61.0 69.0 46.0 4.0 0.0 0.0 0.0 0.0 0.0 
