0.0 
0.0 1.0 
0.0 1.0 1.0 
0.0 1.0 1.0 5.0 
0.0 1.0 1.0 5.0 15.0 
0.0 1.0 1.0 5.0 15.0 21.0 
0.0 1.0 1.0 5.0 15.0 21.0 53.0 
0.0 1.0 1.0 5.0 15.0 21.0 53.0 73.0 
0.0 1.0 1.0 5.0 15.0 21.0 53.0 73.0 95.0 
0.0 1.0 1.0 5.0 15.0 21.0 53.0 73.0 95.0 104.0 
0.0 1.0 1.0 5.0 15.0 21.0 53.0 73.0 95.0 104.0 87.0 
0.0 1.0 1.0 5.0 15.0 21.0 53.0 73.0 95.0 104.0 87.0 102.0 
0.0 1.0 1.0 5.0 15.0 21.0 53.0 73.0 95.0 104.0 87.0 102.0 100.0 
0.0 1.0 1.0 5.0 15.0 21.0 53.0 73.0 95.0 104.0 87.0 102.0 100.0 71.0 
0.0 1.0 1.0 5.0 15.0 21.0 53.0 73.0 95.0 104.0 87.0 102.0 100.0 71.0 68.0 
0.0 1.0 1.0 5.0 15.0 21.0 53.0 73.0 95.0 104.0 87.0 102.0 100.0 71.0 68.0 86.0 
0.0 1.0 1.0 5.0 15.0 21.0 53.0 73.0 95.0 104.0 87.0 102.0 100.0 71.0 68.0 86.0 48.0 
0.0 1.0 1.0 5.0 15.0 21.0 53.0 73.0 95.0 104.0 87.0 102.0 100.0 71.0 68.0 86.0 48.0 42.0 
0.0 1.0 1.0 5.0 15.0 21.0 53.0 73.0 95.0 104.0 87.0 102.0 100.0 71.0 68.0 86.0 48.0 42.0 24.0 
0.0 1.0 1.0 5.0 15.0 21.0 53.0 73.0 95.0 104.0 87.0 102.0 100.0 71.0 68.0 86.0 48.0 42.0 24.0 9.0 
0.0 1.0 1.0 5.0 15.0 21.0 53.0 73.0 95.0 104.0 87.0 102.0 100.0 71.0 68.0 86.0 48.0 42.0 24.0 9.0 2.0 
0.0 
0.0 0.0 
0.0 0.0 1.0 
0.0 0.0 1.0 1.0 
0.0 0.0 1.0 1.0 4.0 
0.0 0.0 1.0 1.0 4.0 15.0 
0.0 0.0 1.0 1.0 4.0 15.0 36.0 
0.0 0.0 1.0 1.0 4.0 15.0 36.0 59.0 
0.0 0.0 1.0 1.0 4.0 15.0 36.0 59.0 72.0 
0.0 0.0 1.0 1.0 4.0 15.0 36.0 59.0 72.0 92.0 
0.0 0.0 1.0 1.0 4.0 15.0 36.0 59.0 72.0 92.0 111.0 
0.0 0.0 1.0 1.0 4.0 15.0 36.0 59.0 72.0 92.0 111.0 94.0 
0.0 0.0 1.0 1.0 4.0 15.0 36.0 59.0 72.0 92.0 111.0 94.0 96.0 
0.0 0.0 1.0 1.0 4.0 15.0 36.0 59.0 72.0 92.0 111.0 94.0 96.0 83.0 
0.0 0.0 1.0 1.0 4.0 15.0 36.0 59.0 72.0 92.0 111.0 94.0 96.0 83.0 80.0 
0.0 
0.0 1.0 
0.0 1.0 3.0 
0.0 1.0 3.0 8.0 
0.0 1.0 3.0 8.0 20.0 
0.0 1.0 3.0 8.0 20.0 22.0 
0.0 1.0 3.0 8.0 20.0 22.0 48.0 
0.0 1.0 3.0 8.0 20.0 22.0 48.0 65.0 
0.0 1.0 3.0 8.0 20.0 22.0 48.0 65.0 88.0 
0.0 1.0 3.0 8.0 20.0 22.0 48.0 65.0 88.0 108.0 
0.0 1.0 3.0 8.0 20.0 22.0 48.0 65.0 88.0 108.0 106.0 
0.0 1.0 3.0 8.0 20.0 22.0 48.0 65.0 88.0 108.0 106.0 110.0 
0.0 1.0 3.0 8.0 20.0 22.0 48.0 65.0 88.0 108.0 106.0 110.0 85.0 
0.0 1.0 3.0 8.0 20.0 22.0 48.0 65.0 88.0 108.0 106.0 110.0 85.0 105.0 
0.0 1.0 3.0 8.0 20.0 22.0 48.0 65.0 88.0 108.0 106.0 110.0 85.0 105.0 87.0 
0.0 1.0 3.0 8.0 20.0 22.0 48.0 65.0 88.0 108.0 106.0 110.0 85.0 105.0 87.0 75.0 
0.0 1.0 3.0 8.0 20.0 22.0 48.0 65.0 88.0 108.0 106.0 110.0 85.0 105.0 87.0 75.0 61.0 
0.0 1.0 3.0 8.0 20.0 22.0 48.0 65.0 88.0 108.0 106.0 110.0 85.0 105.0 87.0 75.0 61.0 50.0 
0.0 1.0 3.0 8.0 20.0 22.0 48.0 65.0 88.0 108.0 106.0 110.0 85.0 105.0 87.0 75.0 61.0 50.0 31.0 
0.0 1.0 3.0 8.0 20.0 22.0 48.0 65.0 88.0 108.0 106.0 110.0 85.0 105.0 87.0 75.0 61.0 50.0 31.0 17.0 
0.0 1.0 3.0 8.0 20.0 22.0 48.0 65.0 88.0 108.0 106.0 110.0 85.0 105.0 87.0 75.0 61.0 50.0 31.0 17.0 4.0 
0.0 
0.0 0.0 
0.0 0.0 0.0 
0.0 0.0 0.0 2.0 
0.0 0.0 0.0 2.0 8.0 
0.0 0.0 0.0 2.0 8.0 15.0 
0.0 0.0 0.0 2.0 8.0 15.0 24.0 
0.0 0.0 0.0 2.0 8.0 15.0 24.0 55.0 
0.0 0.0 0.0 2.0 8.0 15.0 24.0 55.0 80.0 
0.0 0.0 0.0 2.0 8.0 15.0 24.0 55.0 80.0 99.0 
0.0 0.0 0.0 2.0 8.0 15.0 24.0 55.0 80.0 99.0 111.0 
0.0 0.0 0.0 2.0 8.0 15.0 24.0 55.0 80.0 99.0 111.0 101.0 
0.0 0.0 0.0 2.0 8.0 15.0 24.0 55.0 80.0 99.0 111.0 101.0 94.0 
0.0 0.0 0.0 2.0 8.0 15.0 24.0 55.0 80.0 99.0 111.0 101.0 94.0 87.0 
0.0 0.0 0.0 2.0 8.0 15.0 24.0 55.0 80.0 99.0 111.0 101.0 94.0 87.0 64.0 
0.0 0.0 0.0 2.0 8.0 15.0 24.0 55.0 80.0 99.0 111.0 101.0 94.0 87.0 64.0 47.0 
0.0 0.0 0.0 2.0 8.0 15.0 24.0 55.0 80.0 99.0 111.0 101.0 94.0 87.0 64.0 47.0 27.0 
0.0 0.0 0.0 2.0 8.0 15.0 24.0 55.0 80.0 99.0 111.0 101.0 94.0 87.0 64.0 47.0 27.0 14.0 
0.0 0.0 0.0 2.0 8.0 15.0 24.0 55.0 80.0 99.0 111.0 101.0 94.0 87.0 64.0 47.0 27.0 14.0 6.0 
0.0 0.0 0.0 2.0 8.0 15.0 24.0 55.0 80.0 99.0 111.0 101.0 94.0 87.0 64.0 47.0 27.0 14.0 6.0 1.0 
0.0 0.0 0.0 2.0 8.0 15.0 24.0 55.0 80.0 99.0 111.0 101.0 94.0 87.0 64.0 47.0 27.0 14.0 6.0 1.0 0.0 
