1.0 
1.0 1.0 
1.0 1.0 1.0 
1.0 1.0 1.0 5.0 
1.0 1.0 1.0 5.0 11.0 
1.0 1.0 1.0 5.0 11.0 25.0 
1.0 1.0 1.0 5.0 11.0 25.0 54.0 
1.0 1.0 1.0 5.0 11.0 25.0 54.0 85.0 
1.0 1.0 1.0 5.0 11.0 25.0 54.0 85.0 83.0 
1.0 1.0 1.0 5.0 11.0 25.0 54.0 85.0 83.0 87.0 
1.0 1.0 1.0 5.0 11.0 25.0 54.0 85.0 83.0 87.0 102.0 
1.0 1.0 1.0 5.0 11.0 25.0 54.0 85.0 83.0 87.0 102.0 109.0 
1.0 1.0 1.0 5.0 11.0 25.0 54.0 85.0 83.0 87.0 102.0 109.0 83.0 
1.0 1.0 1.0 5.0 11.0 25.0 54.0 85.0 83.0 87.0 102.0 109.0 83.0 98.0 
1.0 1.0 1.0 5.0 11.0 25.0 54.0 85.0 83.0 87.0 102.0 109.0 83.0 98.0 89.0 
1.0 1.0 1.0 5.0 11.0 25.0 54.0 85.0 83.0 87.0 102.0 109.0 83.0 98.0 89.0 89.0 
1.0 1.0 1.0 5.0 11.0 25.0 54.0 85.0 83.0 87.0 102.0 109.0 83.0 98.0 89.0 89.0 75.0 
1.0 1.0 1.0 5.0 11.0 25.0 54.0 85.0 83.0 87.0 102.0 109.0 83.0 98.0 89.0 89.0 75.0 50.0 
1.0 1.0 1.0 5.0 11.0 25.0 54.0 85.0 83.0 87.0 102.0 109.0 83.0 98.0 89.0 89.0 75.0 50.0 24.0 
1.0 1.0 1.0 5.0 11.0 25.0 54.0 85.0 83.0 87.0 102.0 109.0 83.0 98.0 89.0 89.0 75.0 50.0 24.0 17.0 
1.0 1.0 1.0 5.0 11.0 25.0 54.0 85.0 83.0 87.0 102.0 109.0 83.0 98.0 89.0 89.0 75.0 50.0 24.0 17.0 9.0 
0.0 
0.0 0.0 
0.0 0.0 3.0 
0.0 0.0 3.0 9.0 
0.0 0.0 3.0 9.0 9.0 
0.0 0.0 3.0 9.0 9.0 16.0 
0.0 0.0 3.0 9.0 9.0 16.0 40.0 
0.0 0.0 3.0 9.0 9.0 16.0 40.0 67.0 
0.0 0.0 3.0 9.0 9.0 16.0 40.0 67.0 78.0 
0.0 0.0 3.0 9.0 9.0 16.0 40.0 67.0 78.0 95.0 
0.0 0.0 3.0 9.0 9.0 16.0 40.0 67.0 78.0 95.0 109.0 
0.0 0.0 3.0 9.0 9.0 16.0 40.0 67.0 78.0 95.0 109.0 107.0 
0.0 0.0 3.0 9.0 9.0 16.0 40.0 67.0 78.0 95.0 109.0 107.0 111.0 
0.0 0.0 3.0 9.0 9.0 16.0 40.0 67.0 78.0 95.0 109.0 107.0 111.0 83.0 
0.0 
0.0 1.0 
0.0 1.0 5.0 
0.0 1.0 5.0 11.0 
0.0 1.0 5.0 11.0 18.0 
0.0 1.0 5.0 11.0 18.0 36.0 
0.0 1.0 5.0 11.0 18.0 36.0 52.0 
0.0 1.0 5.0 11.0 18.0 36.0 52.0 69.0 
0.0 1.0 5.0 11.0 18.0 36.0 52.0 69.0 91.0 
0.0 1.0 5.0 11.0 18.0 36.0 52.0 69.0 91.0 106.0 
0.0 1.0 5.0 11.0 18.0 36.0 52.0 69.0 91.0 106.0 112.0 
0.0 1.0 5.0 11.0 18.0 36.0 52.0 69.0 91.0 106.0 112.0 88.0 
0.0 1.0 5.0 11.0 18.0 36.0 52.0 69.0 91.0 106.0 112.0 88.0 87.0 
0.0 1.0 5.0 11.0 18.0 36.0 52.0 69.0 91.0 106.0 112.0 88.0 87.0 100.0 
0.0 1.0 5.0 11.0 18.0 36.0 52.0 69.0 91.0 106.0 112.0 88.0 87.0 100.0 89.0 
0.0 1.0 5.0 11.0 18.0 36.0 52.0 69.0 91.0 106.0 112.0 88.0 87.0 100.0 89.0 77.0 
0.0 1.0 5.0 11.0 18.0 36.0 52.0 69.0 91.0 106.0 112.0 88.0 87.0 100.0 89.0 77.0 60.0 
0.0 1.0 5.0 11.0 18.0 36.0 52.0 69.0 91.0 106.0 112.0 88.0 87.0 100.0 89.0 77.0 60.0 42.0 
0.0 1.0 5.0 11.0 18.0 36.0 52.0 69.0 91.0 106.0 112.0 88.0 87.0 100.0 89.0 77.0 60.0 42.0 30.0 
0.0 1.0 5.0 11.0 18.0 36.0 52.0 69.0 91.0 106.0 112.0 88.0 87.0 100.0 89.0 77.0 60.0 42.0 30.0 18.0 
0.0 1.0 5.0 11.0 18.0 36.0 52.0 69.0 91.0 106.0 112.0 88.0 87.0 100.0 89.0 77.0 60.0 42.0 30.0 18.0 6.0 
0.0 
0.0 0.0 
0.0 0.0 2.0 
0.0 0.0 2.0 6.0 
0.0 0.0 2.0 6.0 14.0 
0.0 0.0 2.0 6.0 14.0 24.0 
0.0 0.0 2.0 6.0 14.0 24.0 42.0 
0.0 0.0 2.0 6.0 14.0 24.0 42.0 59.0 
0.0 0.0 2.0 6.0 14.0 24.0 42.0 59.0 83.0 
0.0 0.0 2.0 6.0 14.0 24.0 42.0 59.0 83.0 110.0 
0.0 0.0 2.0 6.0 14.0 24.0 42.0 59.0 83.0 110.0 110.0 
0.0 0.0 2.0 6.0 14.0 24.0 42.0 59.0 83.0 110.0 110.0 107.0 
0.0 0.0 2.0 6.0 14.0 24.0 42.0 59.0 83.0 110.0 110.0 107.0 101.0 
0.0 0.0 2.0 6.0 14.0 24.0 42.0 59.0 83.0 110.0 110.0 107.0 101.0 96.0 
0.0 0.0 2.0 6.0 14.0 24.0 42.0 59.0 83.0 110.0 110.0 107.0 101.0 96.0 85.0 
0.0 0.0 2.0 6.0 14.0 24.0 42.0 59.0 83.0 110.0 110.0 107.0 101.0 96.0 85.0 56.0 
0.0 0.0 2.0 6.0 14.0 24.0 42.0 59.0 83.0 110.0 110.0 107.0 101.0 96.0 85.0 56.0 38.0 
0.0 0.0 2.0 6.0 14.0 24.0 42.0 59.0 83.0 110.0 110.0 107.0 101.0 96.0 85.0 56.0 38.0 26.0 
0.0 0.0 2.0 6.0 14.0 24.0 42.0 59.0 83.0 110.0 110.0 107.0 101.0 96.0 85.0 56.0 38.0 26.0 11.0 
0.0 0.0 2.0 6.0 14.0 24.0 42.0 59.0 83.0 110.0 110.0 107.0 101.0 96.0 85.0 56.0 38.0 26.0 11.0 4.0 
0.0 0.0 2.0 6.0 14.0 24.0 42.0 59.0 83.0 110.0 110.0 107.0 101.0 96.0 85.0 56.0 38.0 26.0 11.0 4.0 1.0 
