1.0 
1.0 2.0 
1.0 2.0 5.0 
1.0 2.0 5.0 10.0 
1.0 2.0 5.0 10.0 19.0 
1.0 2.0 5.0 10.0 19.0 26.0 
1.0 2.0 5.0 10.0 19.0 26.0 32.0 
1.0 2.0 5.0 10.0 19.0 26.0 32.0 64.0 
1.0 2.0 5.0 10.0 19.0 26.0 32.0 64.0 81.0 
1.0 2.0 5.0 10.0 19.0 26.0 32.0 64.0 81.0 98.0 
1.0 2.0 5.0 10.0 19.0 26.0 32.0 64.0 81.0 98.0 109.0 
1.0 2.0 5.0 10.0 19.0 26.0 32.0 64.0 81.0 98.0 109.0 95.0 
1.0 2.0 5.0 10.0 19.0 26.0 32.0 64.0 81.0 98.0 109.0 95.0 120.0 
1.0 2.0 5.0 10.0 19.0 26.0 32.0 64.0 81.0 98.0 109.0 95.0 120.0 91.0 
1.0 2.0 5.0 10.0 19.0 26.0 32.0 64.0 81.0 98.0 109.0 95.0 120.0 91.0 93.0 
1.0 2.0 5.0 10.0 19.0 26.0 32.0 64.0 81.0 98.0 109.0 95.0 120.0 91.0 93.0 84.0 
1.0 2.0 5.0 10.0 19.0 26.0 32.0 64.0 81.0 98.0 109.0 95.0 120.0 91.0 93.0 84.0 60.0 
1.0 2.0 5.0 10.0 19.0 26.0 32.0 64.0 81.0 98.0 109.0 95.0 120.0 91.0 93.0 84.0 60.0 43.0 
1.0 2.0 5.0 10.0 19.0 26.0 32.0 64.0 81.0 98.0 109.0 95.0 120.0 91.0 93.0 84.0 60.0 43.0 22.0 
1.0 2.0 5.0 10.0 19.0 26.0 32.0 64.0 81.0 98.0 109.0 95.0 120.0 91.0 93.0 84.0 60.0 43.0 22.0 7.0 
1.0 2.0 5.0 10.0 19.0 26.0 32.0 64.0 81.0 98.0 109.0 95.0 120.0 91.0 93.0 84.0 60.0 43.0 22.0 7.0 6.0 
0.0 
0.0 0.0 
0.0 0.0 2.0 
0.0 0.0 2.0 2.0 
0.0 0.0 2.0 2.0 6.0 
0.0 0.0 2.0 2.0 6.0 13.0 
0.0 0.0 2.0 2.0 6.0 13.0 29.0 
0.0 0.0 2.0 2.0 6.0 13.0 29.0 49.0 
0.0 0.0 2.0 2.0 6.0 13.0 29.0 49.0 71.0 
0.0 0.0 2.0 2.0 6.0 13.0 29.0 49.0 71.0 83.0 
0.0 0.0 2.0 2.0 6.0 13.0 29.0 49.0 71.0 83.0 103.0 
0.0 0.0 2.0 2.0 6.0 13.0 29.0 49.0 71.0 83.0 103.0 111.0 
0.0 0.0 2.0 2.0 6.0 13.0 29.0 49.0 71.0 83.0 103.0 111.0 97.0 
0.0 
0.0 0.0 
0.0 0.0 1.0 
0.0 0.0 1.0 3.0 
0.0 0.0 1.0 3.0 10.0 
0.0 0.0 1.0 3.0 10.0 20.0 
0.0 0.0 1.0 3.0 10.0 20.0 34.0 
0.0 0.0 1.0 3.0 10.0 20.0 34.0 67.0 
0.0 0.0 1.0 3.0 10.0 20.0 34.0 67.0 84.0 
0.0 0.0 1.0 3.0 10.0 20.0 34.0 67.0 84.0 97.0 
0.0 0.0 1.0 3.0 10.0 20.0 34.0 67.0 84.0 97.0 85.0 
0.0 0.0 1.0 3.0 10.0 20.0 34.0 67.0 84.0 97.0 85.0 94.0 
0.0 0.0 1.0 3.0 10.0 20.0 34.0 67.0 84.0 97.0 85.0 94.0 99.0 
0.0 0.0 1.0 3.0 10.0 20.0 34.0 67.0 84.0 97.0 85.0 94.0 99.0 100.0 
0.0 0.0 1.0 3.0 10.0 20.0 34.0 67.0 84.0 97.0 85.0 94.0 99.0 100.0 84.0 
0.0 0.0 1.0 3.0 10.0 20.0 34.0 67.0 84.0 97.0 85.0 94.0 99.0 100.0 84.0 61.0 
0.0 0.0 1.0 3.0 10.0 20.0 34.0 67.0 84.0 97.0 85.0 94.0 99.0 100.0 84.0 61.0 63.0 
0.0 0.0 1.0 3.0 10.0 20.0 34.0 67.0 84.0 97.0 85.0 94.0 99.0 100.0 84.0 61.0 63.0 34.0 
0.0 0.0 1.0 3.0 10.0 20.0 34.0 67.0 84.0 97.0 85.0 94.0 99.0 100.0 84.0 61.0 63.0 34.0 21.0 
0.0 0.0 1.0 3.0 10.0 20.0 34.0 67.0 84.0 97.0 85.0 94.0 99.0 100.0 84.0 61.0 63.0 34.0 21.0 8.0 
0.0 0.0 1.0 3.0 10.0 20.0 34.0 67.0 84.0 97.0 85.0 94.0 99.0 100.0 84.0 61.0 63.0 34.0 21.0 8.0 3.0 
0.0 
0.0 1.0 
0.0 1.0 2.0 
0.0 1.0 2.0 2.0 
0.0 1.0 2.0 2.0 4.0 
0.0 1.0 2.0 2.0 4.0 16.0 
0.0 1.0 2.0 2.0 4.0 16.0 29.0 
0.0 1.0 2.0 2.0 4.0 16.0 29.0 51.0 
0.0 1.0 2.0 2.0 4.0 16.0 29.0 51.0 74.0 
0.0 1.0 2.0 2.0 4.0 16.0 29.0 51.0 74.0 84.0 
0.0 1.0 2.0 2.0 4.0 16.0 29.0 51.0 74.0 84.0 101.0 
0.0 1.0 2.0 2.0 4.0 16.0 29.0 51.0 74.0 84.0 101.0 120.0 
0.0 1.0 2.0 2.0 4.0 16.0 29.0 51.0 74.0 84.0 101.0 120.0 94.0 
0.0 1.0 2.0 2.0 4.0 16.0 29.0 51.0 74.0 84.0 101.0 120.0 94.0 87.0 
0.0 1.0 2.0 2.0 4.0 16.0 29.0 51.0 74.0 84.0 101.0 120.0 94.0 87.0 73.0 
0.0 1.0 2.0 2.0 4.0 16.0 29.0 51.0 74.0 84.0 101.0 120.0 94.0 87.0 73.0 47.0 
0.0 1.0 2.0 2.0 4.0 16.0 29.0 51.0 74.0 84.0 101.0 120.0 94.0 87.0 73.0 47.0 26.0 
0.0 1.0 2.0 2.0 4.0 16.0 29.0 51.0 74.0 84.0 101.0 120.0 94.0 87.0 73.0 47.0 26.0 14.0 
0.0 1.0 2.0 2.0 4.0 16.0 29.0 51.0 74.0 84.0 101.0 120.0 94.0 87.0 73.0 47.0 26.0 14.0 5.0 
0.0 1.0 2.0 2.0 4.0 16.0 29.0 51.0 74.0 84.0 101.0 120.0 94.0 87.0 73.0 47.0 26.0 14.0 5.0 3.0 
0.0 1.0 2.0 2.0 4.0 16.0 29.0 51.0 74.0 84.0 101.0 120.0 94.0 87.0 73.0 47.0 26.0 14.0 5.0 3.0 3.0 
