1.0 
1.0 1.0 
1.0 1.0 1.0 
1.0 1.0 1.0 3.0 
1.0 1.0 1.0 3.0 8.0 
1.0 1.0 1.0 3.0 8.0 20.0 
1.0 1.0 1.0 3.0 8.0 20.0 37.0 
1.0 1.0 1.0 3.0 8.0 20.0 37.0 72.0 
1.0 1.0 1.0 3.0 8.0 20.0 37.0 72.0 58.0 
1.0 1.0 1.0 3.0 8.0 20.0 37.0 72.0 58.0 93.0 
1.0 1.0 1.0 3.0 8.0 20.0 37.0 72.0 58.0 93.0 94.0 
1.0 1.0 1.0 3.0 8.0 20.0 37.0 72.0 58.0 93.0 94.0 94.0 
1.0 1.0 1.0 3.0 8.0 20.0 37.0 72.0 58.0 93.0 94.0 94.0 89.0 
1.0 1.0 1.0 3.0 8.0 20.0 37.0 72.0 58.0 93.0 94.0 94.0 89.0 94.0 
1.0 1.0 1.0 3.0 8.0 20.0 37.0 72.0 58.0 93.0 94.0 94.0 89.0 94.0 97.0 
1.0 1.0 1.0 3.0 8.0 20.0 37.0 72.0 58.0 93.0 94.0 94.0 89.0 94.0 97.0 72.0 
1.0 1.0 1.0 3.0 8.0 20.0 37.0 72.0 58.0 93.0 94.0 94.0 89.0 94.0 97.0 72.0 58.0 
1.0 1.0 1.0 3.0 8.0 20.0 37.0 72.0 58.0 93.0 94.0 94.0 89.0 94.0 97.0 72.0 58.0 33.0 
1.0 1.0 1.0 3.0 8.0 20.0 37.0 72.0 58.0 93.0 94.0 94.0 89.0 94.0 97.0 72.0 58.0 33.0 13.0 
1.0 1.0 1.0 3.0 8.0 20.0 37.0 72.0 58.0 93.0 94.0 94.0 89.0 94.0 97.0 72.0 58.0 33.0 13.0 3.0 
1.0 1.0 1.0 3.0 8.0 20.0 37.0 72.0 58.0 93.0 94.0 94.0 89.0 94.0 97.0 72.0 58.0 33.0 13.0 3.0 1.0 
0.0 
0.0 0.0 
0.0 0.0 1.0 
0.0 0.0 1.0 2.0 
0.0 0.0 1.0 2.0 3.0 
0.0 0.0 1.0 2.0 3.0 10.0 
0.0 0.0 1.0 2.0 3.0 10.0 27.0 
0.0 0.0 1.0 2.0 3.0 10.0 27.0 41.0 
0.0 0.0 1.0 2.0 3.0 10.0 27.0 41.0 75.0 
0.0 0.0 1.0 2.0 3.0 10.0 27.0 41.0 75.0 104.0 
0.0 0.0 1.0 2.0 3.0 10.0 27.0 41.0 75.0 104.0 105.0 
0.0 0.0 1.0 2.0 3.0 10.0 27.0 41.0 75.0 104.0 105.0 105.0 
0.0 0.0 1.0 2.0 3.0 10.0 27.0 41.0 75.0 104.0 105.0 105.0 104.0 
0.0 0.0 1.0 2.0 3.0 10.0 27.0 41.0 75.0 104.0 105.0 105.0 104.0 77.0 
0.0 0.0 1.0 2.0 3.0 10.0 27.0 41.0 75.0 104.0 105.0 105.0 104.0 77.0 73.0 
0.0 0.0 1.0 2.0 3.0 10.0 27.0 41.0 75.0 104.0 105.0 105.0 104.0 77.0 73.0 45.0 
1.0 
1.0 1.0 
1.0 1.0 0.0 
1.0 1.0 0.0 5.0 
1.0 1.0 0.0 5.0 12.0 
1.0 1.0 0.0 5.0 12.0 26.0 
1.0 1.0 0.0 5.0 12.0 26.0 58.0 
1.0 1.0 0.0 5.0 12.0 26.0 58.0 73.0 
1.0 1.0 0.0 5.0 12.0 26.0 58.0 73.0 88.0 
1.0 1.0 0.0 5.0 12.0 26.0 58.0 73.0 88.0 97.0 
1.0 1.0 0.0 5.0 12.0 26.0 58.0 73.0 88.0 97.0 96.0 
1.0 1.0 0.0 5.0 12.0 26.0 58.0 73.0 88.0 97.0 96.0 103.0 
1.0 1.0 0.0 5.0 12.0 26.0 58.0 73.0 88.0 97.0 96.0 103.0 103.0 
1.0 1.0 0.0 5.0 12.0 26.0 58.0 73.0 88.0 97.0 96.0 103.0 103.0 98.0 
1.0 1.0 0.0 5.0 12.0 26.0 58.0 73.0 88.0 97.0 96.0 103.0 103.0 98.0 72.0 
1.0 1.0 0.0 5.0 12.0 26.0 58.0 73.0 88.0 97.0 96.0 103.0 103.0 98.0 72.0 77.0 
1.0 1.0 0.0 5.0 12.0 26.0 58.0 73.0 88.0 97.0 96.0 103.0 103.0 98.0 72.0 77.0 61.0 
1.0 1.0 0.0 5.0 12.0 26.0 58.0 73.0 88.0 97.0 96.0 103.0 103.0 98.0 72.0 77.0 61.0 35.0 
1.0 1.0 0.0 5.0 12.0 26.0 58.0 73.0 88.0 97.0 96.0 103.0 103.0 98.0 72.0 77.0 61.0 35.0 12.0 
1.0 1.0 0.0 5.0 12.0 26.0 58.0 73.0 88.0 97.0 96.0 103.0 103.0 98.0 72.0 77.0 61.0 35.0 12.0 4.0 
1.0 1.0 0.0 5.0 12.0 26.0 58.0 73.0 88.0 97.0 96.0 103.0 103.0 98.0 72.0 77.0 61.0 35.0 12.0 4.0 3.0 
0.0 
0.0 0.0 
0.0 0.0 0.0 
0.0 0.0 0.0 1.0 
0.0 0.0 0.0 1.0 2.0 
0.0 0.0 0.0 1.0 2.0 10.0 
0.0 0.0 0.0 1.0 2.0 10.0 27.0 
0.0 0.0 0.0 1.0 2.0 10.0 27.0 50.0 
0.0 0.0 0.0 1.0 2.0 10.0 27.0 50.0 80.0 
0.0 0.0 0.0 1.0 2.0 10.0 27.0 50.0 80.0 97.0 
0.0 0.0 0.0 1.0 2.0 10.0 27.0 50.0 80.0 97.0 118.0 
0.0 0.0 0.0 1.0 2.0 10.0 27.0 50.0 80.0 97.0 118.0 94.0 
0.0 0.0 0.0 1.0 2.0 10.0 27.0 50.0 80.0 97.0 118.0 94.0 95.0 
0.0 0.0 0.0 1.0 2.0 10.0 27.0 50.0 80.0 97.0 118.0 94.0 95.0 93.0 
0.0 0.0 0.0 1.0 2.0 10.0 27.0 50.0 80.0 97.0 118.0 94.0 95.0 93.0 67.0 
0.0 0.0 0.0 1.0 2.0 10.0 27.0 50.0 80.0 97.0 118.0 94.0 95.0 93.0 67.0 40.0 
0.0 0.0 0.0 1.0 2.0 10.0 27.0 50.0 80.0 97.0 118.0 94.0 95.0 93.0 67.0 40.0 18.0 
0.0 0.0 0.0 1.0 2.0 10.0 27.0 50.0 80.0 97.0 118.0 94.0 95.0 93.0 67.0 40.0 18.0 8.0 
0.0 0.0 0.0 1.0 2.0 10.0 27.0 50.0 80.0 97.0 118.0 94.0 95.0 93.0 67.0 40.0 18.0 8.0 0.0 
0.0 0.0 0.0 1.0 2.0 10.0 27.0 50.0 80.0 97.0 118.0 94.0 95.0 93.0 67.0 40.0 18.0 8.0 0.0 1.0 
0.0 0.0 0.0 1.0 2.0 10.0 27.0 50.0 80.0 97.0 118.0 94.0 95.0 93.0 67.0 40.0 18.0 8.0 0.0 1.0 0.0 
