3.0 
3.0 7.0 
3.0 7.0 14.0 
3.0 7.0 14.0 22.0 
3.0 7.0 14.0 22.0 33.0 
3.0 7.0 14.0 22.0 33.0 51.0 
3.0 7.0 14.0 22.0 33.0 51.0 67.0 
3.0 7.0 14.0 22.0 33.0 51.0 67.0 72.0 
3.0 7.0 14.0 22.0 33.0 51.0 67.0 72.0 100.0 
3.0 7.0 14.0 22.0 33.0 51.0 67.0 72.0 100.0 96.0 
3.0 7.0 14.0 22.0 33.0 51.0 67.0 72.0 100.0 96.0 72.0 
3.0 7.0 14.0 22.0 33.0 51.0 67.0 72.0 100.0 96.0 72.0 100.0 
3.0 7.0 14.0 22.0 33.0 51.0 67.0 72.0 100.0 96.0 72.0 100.0 104.0 
3.0 7.0 14.0 22.0 33.0 51.0 67.0 72.0 100.0 96.0 72.0 100.0 104.0 96.0 
3.0 7.0 14.0 22.0 33.0 51.0 67.0 72.0 100.0 96.0 72.0 100.0 104.0 96.0 91.0 
3.0 7.0 14.0 22.0 33.0 51.0 67.0 72.0 100.0 96.0 72.0 100.0 104.0 96.0 91.0 81.0 
3.0 7.0 14.0 22.0 33.0 51.0 67.0 72.0 100.0 96.0 72.0 100.0 104.0 96.0 91.0 81.0 70.0 
3.0 7.0 14.0 22.0 33.0 51.0 67.0 72.0 100.0 96.0 72.0 100.0 104.0 96.0 91.0 81.0 70.0 44.0 
3.0 7.0 14.0 22.0 33.0 51.0 67.0 72.0 100.0 96.0 72.0 100.0 104.0 96.0 91.0 81.0 70.0 44.0 37.0 
3.0 7.0 14.0 22.0 33.0 51.0 67.0 72.0 100.0 96.0 72.0 100.0 104.0 96.0 91.0 81.0 70.0 44.0 37.0 26.0 
3.0 7.0 14.0 22.0 33.0 51.0 67.0 72.0 100.0 96.0 72.0 100.0 104.0 96.0 91.0 81.0 70.0 44.0 37.0 26.0 14.0 
0.0 
0.0 2.0 
0.0 2.0 5.0 
0.0 2.0 5.0 8.0 
0.0 2.0 5.0 8.0 13.0 
0.0 2.0 5.0 8.0 13.0 28.0 
0.0 2.0 5.0 8.0 13.0 28.0 50.0 
0.0 2.0 5.0 8.0 13.0 28.0 50.0 74.0 
0.0 2.0 5.0 8.0 13.0 28.0 50.0 74.0 91.0 
0.0 2.0 5.0 8.0 13.0 28.0 50.0 74.0 91.0 101.0 
0.0 2.0 5.0 8.0 13.0 28.0 50.0 74.0 91.0 101.0 99.0 
0.0 2.0 5.0 8.0 13.0 28.0 50.0 74.0 91.0 101.0 99.0 110.0 
1.0 
1.0 3.0 
1.0 3.0 8.0 
1.0 3.0 8.0 13.0 
1.0 3.0 8.0 13.0 19.0 
1.0 3.0 8.0 13.0 19.0 38.0 
1.0 3.0 8.0 13.0 19.0 38.0 57.0 
1.0 3.0 8.0 13.0 19.0 38.0 57.0 92.0 
1.0 3.0 8.0 13.0 19.0 38.0 57.0 92.0 102.0 
1.0 3.0 8.0 13.0 19.0 38.0 57.0 92.0 102.0 99.0 
1.0 3.0 8.0 13.0 19.0 38.0 57.0 92.0 102.0 99.0 102.0 
1.0 3.0 8.0 13.0 19.0 38.0 57.0 92.0 102.0 99.0 102.0 100.0 
1.0 3.0 8.0 13.0 19.0 38.0 57.0 92.0 102.0 99.0 102.0 100.0 105.0 
1.0 3.0 8.0 13.0 19.0 38.0 57.0 92.0 102.0 99.0 102.0 100.0 105.0 97.0 
1.0 3.0 8.0 13.0 19.0 38.0 57.0 92.0 102.0 99.0 102.0 100.0 105.0 97.0 99.0 
1.0 3.0 8.0 13.0 19.0 38.0 57.0 92.0 102.0 99.0 102.0 100.0 105.0 97.0 99.0 86.0 
1.0 3.0 8.0 13.0 19.0 38.0 57.0 92.0 102.0 99.0 102.0 100.0 105.0 97.0 99.0 86.0 72.0 
1.0 3.0 8.0 13.0 19.0 38.0 57.0 92.0 102.0 99.0 102.0 100.0 105.0 97.0 99.0 86.0 72.0 55.0 
1.0 3.0 8.0 13.0 19.0 38.0 57.0 92.0 102.0 99.0 102.0 100.0 105.0 97.0 99.0 86.0 72.0 55.0 39.0 
1.0 3.0 8.0 13.0 19.0 38.0 57.0 92.0 102.0 99.0 102.0 100.0 105.0 97.0 99.0 86.0 72.0 55.0 39.0 26.0 
1.0 3.0 8.0 13.0 19.0 38.0 57.0 92.0 102.0 99.0 102.0 100.0 105.0 97.0 99.0 86.0 72.0 55.0 39.0 26.0 14.0 
0.0 
0.0 3.0 
0.0 3.0 7.0 
0.0 3.0 7.0 12.0 
0.0 3.0 7.0 12.0 19.0 
0.0 3.0 7.0 12.0 19.0 30.0 
0.0 3.0 7.0 12.0 19.0 30.0 56.0 
0.0 3.0 7.0 12.0 19.0 30.0 56.0 74.0 
0.0 3.0 7.0 12.0 19.0 30.0 56.0 74.0 90.0 
0.0 3.0 7.0 12.0 19.0 30.0 56.0 74.0 90.0 113.0 
0.0 3.0 7.0 12.0 19.0 30.0 56.0 74.0 90.0 113.0 112.0 
0.0 3.0 7.0 12.0 19.0 30.0 56.0 74.0 90.0 113.0 112.0 97.0 
0.0 3.0 7.0 12.0 19.0 30.0 56.0 74.0 90.0 113.0 112.0 97.0 99.0 
0.0 3.0 7.0 12.0 19.0 30.0 56.0 74.0 90.0 113.0 112.0 97.0 99.0 100.0 
0.0 3.0 7.0 12.0 19.0 30.0 56.0 74.0 90.0 113.0 112.0 97.0 99.0 100.0 70.0 
0.0 3.0 7.0 12.0 19.0 30.0 56.0 74.0 90.0 113.0 112.0 97.0 99.0 100.0 70.0 70.0 
0.0 3.0 7.0 12.0 19.0 30.0 56.0 74.0 90.0 113.0 112.0 97.0 99.0 100.0 70.0 70.0 37.0 
0.0 3.0 7.0 12.0 19.0 30.0 56.0 74.0 90.0 113.0 112.0 97.0 99.0 100.0 70.0 70.0 37.0 22.0 
0.0 3.0 7.0 12.0 19.0 30.0 56.0 74.0 90.0 113.0 112.0 97.0 99.0 100.0 70.0 70.0 37.0 22.0 21.0 
0.0 3.0 7.0 12.0 19.0 30.0 56.0 74.0 90.0 113.0 112.0 97.0 99.0 100.0 70.0 70.0 37.0 22.0 21.0 16.0 
0.0 3.0 7.0 12.0 19.0 30.0 56.0 74.0 90.0 113.0 112.0 97.0 99.0 100.0 70.0 70.0 37.0 22.0 21.0 16.0 3.0 
