0.0 
0.0 0.0 
0.0 0.0 5.0 
0.0 0.0 5.0 10.0 
0.0 0.0 5.0 10.0 12.0 
0.0 0.0 5.0 10.0 12.0 42.0 
0.0 0.0 5.0 10.0 12.0 42.0 65.0 
0.0 0.0 5.0 10.0 12.0 42.0 65.0 80.0 
0.0 0.0 5.0 10.0 12.0 42.0 65.0 80.0 78.0 
0.0 0.0 5.0 10.0 12.0 42.0 65.0 80.0 78.0 85.0 
0.0 0.0 5.0 10.0 12.0 42.0 65.0 80.0 78.0 85.0 101.0 
0.0 0.0 5.0 10.0 12.0 42.0 65.0 80.0 78.0 85.0 101.0 108.0 
0.0 0.0 5.0 10.0 12.0 42.0 65.0 80.0 78.0 85.0 101.0 108.0 103.0 
0.0 0.0 5.0 10.0 12.0 42.0 65.0 80.0 78.0 85.0 101.0 108.0 103.0 121.0 
0.0 0.0 5.0 10.0 12.0 42.0 65.0 80.0 78.0 85.0 101.0 108.0 103.0 121.0 95.0 
0.0 0.0 5.0 10.0 12.0 42.0 65.0 80.0 78.0 85.0 101.0 108.0 103.0 121.0 95.0 82.0 
0.0 0.0 5.0 10.0 12.0 42.0 65.0 80.0 78.0 85.0 101.0 108.0 103.0 121.0 95.0 82.0 59.0 
0.0 0.0 5.0 10.0 12.0 42.0 65.0 80.0 78.0 85.0 101.0 108.0 103.0 121.0 95.0 82.0 59.0 48.0 
0.0 0.0 5.0 10.0 12.0 42.0 65.0 80.0 78.0 85.0 101.0 108.0 103.0 121.0 95.0 82.0 59.0 48.0 30.0 
0.0 0.0 5.0 10.0 12.0 42.0 65.0 80.0 78.0 85.0 101.0 108.0 103.0 121.0 95.0 82.0 59.0 48.0 30.0 17.0 
0.0 0.0 5.0 10.0 12.0 42.0 65.0 80.0 78.0 85.0 101.0 108.0 103.0 121.0 95.0 82.0 59.0 48.0 30.0 17.0 4.0 
1.0 
1.0 4.0 
1.0 4.0 3.0 
1.0 4.0 3.0 3.0 
1.0 4.0 3.0 3.0 8.0 
1.0 4.0 3.0 3.0 8.0 19.0 
1.0 4.0 3.0 3.0 8.0 19.0 46.0 
1.0 4.0 3.0 3.0 8.0 19.0 46.0 67.0 
1.0 4.0 3.0 3.0 8.0 19.0 46.0 67.0 86.0 
1.0 4.0 3.0 3.0 8.0 19.0 46.0 67.0 86.0 92.0 
1.0 4.0 3.0 3.0 8.0 19.0 46.0 67.0 86.0 92.0 96.0 
1.0 4.0 3.0 3.0 8.0 19.0 46.0 67.0 86.0 92.0 96.0 101.0 
0.0 
0.0 2.0 
0.0 2.0 4.0 
0.0 2.0 4.0 8.0 
0.0 2.0 4.0 8.0 11.0 
0.0 2.0 4.0 8.0 11.0 34.0 
0.0 2.0 4.0 8.0 11.0 34.0 51.0 
0.0 2.0 4.0 8.0 11.0 34.0 51.0 80.0 
0.0 2.0 4.0 8.0 11.0 34.0 51.0 80.0 93.0 
0.0 2.0 4.0 8.0 11.0 34.0 51.0 80.0 93.0 86.0 
0.0 2.0 4.0 8.0 11.0 34.0 51.0 80.0 93.0 86.0 108.0 
0.0 2.0 4.0 8.0 11.0 34.0 51.0 80.0 93.0 86.0 108.0 113.0 
0.0 2.0 4.0 8.0 11.0 34.0 51.0 80.0 93.0 86.0 108.0 113.0 109.0 
0.0 2.0 4.0 8.0 11.0 34.0 51.0 80.0 93.0 86.0 108.0 113.0 109.0 104.0 
0.0 2.0 4.0 8.0 11.0 34.0 51.0 80.0 93.0 86.0 108.0 113.0 109.0 104.0 96.0 
0.0 2.0 4.0 8.0 11.0 34.0 51.0 80.0 93.0 86.0 108.0 113.0 109.0 104.0 96.0 94.0 
0.0 2.0 4.0 8.0 11.0 34.0 51.0 80.0 93.0 86.0 108.0 113.0 109.0 104.0 96.0 94.0 74.0 
0.0 2.0 4.0 8.0 11.0 34.0 51.0 80.0 93.0 86.0 108.0 113.0 109.0 104.0 96.0 94.0 74.0 49.0 
0.0 2.0 4.0 8.0 11.0 34.0 51.0 80.0 93.0 86.0 108.0 113.0 109.0 104.0 96.0 94.0 74.0 49.0 28.0 
0.0 2.0 4.0 8.0 11.0 34.0 51.0 80.0 93.0 86.0 108.0 113.0 109.0 104.0 96.0 94.0 74.0 49.0 28.0 15.0 
0.0 2.0 4.0 8.0 11.0 34.0 51.0 80.0 93.0 86.0 108.0 113.0 109.0 104.0 96.0 94.0 74.0 49.0 28.0 15.0 7.0 
0.0 
0.0 0.0 
0.0 0.0 2.0 
0.0 0.0 2.0 5.0 
0.0 0.0 2.0 5.0 13.0 
0.0 0.0 2.0 5.0 13.0 27.0 
0.0 0.0 2.0 5.0 13.0 27.0 46.0 
0.0 0.0 2.0 5.0 13.0 27.0 46.0 65.0 
0.0 0.0 2.0 5.0 13.0 27.0 46.0 65.0 71.0 
0.0 0.0 2.0 5.0 13.0 27.0 46.0 65.0 71.0 106.0 
0.0 0.0 2.0 5.0 13.0 27.0 46.0 65.0 71.0 106.0 105.0 
0.0 0.0 2.0 5.0 13.0 27.0 46.0 65.0 71.0 106.0 105.0 105.0 
0.0 0.0 2.0 5.0 13.0 27.0 46.0 65.0 71.0 106.0 105.0 105.0 91.0 
0.0 0.0 2.0 5.0 13.0 27.0 46.0 65.0 71.0 106.0 105.0 105.0 91.0 100.0 
0.0 0.0 2.0 5.0 13.0 27.0 46.0 65.0 71.0 106.0 105.0 105.0 91.0 100.0 70.0 
0.0 0.0 2.0 5.0 13.0 27.0 46.0 65.0 71.0 106.0 105.0 105.0 91.0 100.0 70.0 53.0 
0.0 0.0 2.0 5.0 13.0 27.0 46.0 65.0 71.0 106.0 105.0 105.0 91.0 100.0 70.0 53.0 39.0 
0.0 0.0 2.0 5.0 13.0 27.0 46.0 65.0 71.0 106.0 105.0 105.0 91.0 100.0 70.0 53.0 39.0 20.0 
0.0 0.0 2.0 5.0 13.0 27.0 46.0 65.0 71.0 106.0 105.0 105.0 91.0 100.0 70.0 53.0 39.0 20.0 12.0 
0.0 0.0 2.0 5.0 13.0 27.0 46.0 65.0 71.0 106.0 105.0 105.0 91.0 100.0 70.0 53.0 39.0 20.0 12.0 8.0 
0.0 0.0 2.0 5.0 13.0 27.0 46.0 65.0 71.0 106.0 105.0 105.0 91.0 100.0 70.0 53.0 39.0 20.0 12.0 8.0 4.0 
