0.0 
0.0 0.0 
0.0 0.0 0.0 
0.0 0.0 0.0 0.0 
0.0 0.0 0.0 0.0 0.0 
0.0 0.0 0.0 0.0 0.0 5.0 
0.0 0.0 0.0 0.0 0.0 5.0 22.0 
0.0 0.0 0.0 0.0 0.0 5.0 22.0 56.0 
0.0 0.0 0.0 0.0 0.0 5.0 22.0 56.0 88.0 
0.0 0.0 0.0 0.0 0.0 5.0 22.0 56.0 88.0 94.0 
0.0 0.0 0.0 0.0 0.0 5.0 22.0 56.0 88.0 94.0 90.0 
0.0 0.0 0.0 0.0 0.0 5.0 22.0 56.0 88.0 94.0 90.0 82.0 
0.0 0.0 0.0 0.0 0.0 5.0 22.0 56.0 88.0 94.0 90.0 82.0 77.0 
0.0 0.0 0.0 0.0 0.0 5.0 22.0 56.0 88.0 94.0 90.0 82.0 77.0 73.0 
0.0 0.0 0.0 0.0 0.0 5.0 22.0 56.0 88.0 94.0 90.0 82.0 77.0 73.0 79.0 
0.0 0.0 0.0 0.0 0.0 5.0 22.0 56.0 88.0 94.0 90.0 82.0 77.0 73.0 79.0 80.0 
0.0 0.0 0.0 0.0 0.0 5.0 22.0 56.0 88.0 94.0 90.0 82.0 77.0 73.0 79.0 80.0 39.0 
0.0 0.0 0.0 0.0 0.0 5.0 22.0 56.0 88.0 94.0 90.0 82.0 77.0 73.0 79.0 80.0 39.0 21.0 
0.0 0.0 0.0 0.0 0.0 5.0 22.0 56.0 88.0 94.0 90.0 82.0 77.0 73.0 79.0 80.0 39.0 21.0 2.0 
0.0 0.0 0.0 0.0 0.0 5.0 22.0 56.0 88.0 94.0 90.0 82.0 77.0 73.0 79.0 80.0 39.0 21.0 2.0 1.0 
0.0 0.0 0.0 0.0 0.0 5.0 22.0 56.0 88.0 94.0 90.0 82.0 77.0 73.0 79.0 80.0 39.0 21.0 2.0 1.0 0.0 
0.0 
0.0 0.0 
0.0 0.0 0.0 
0.0 0.0 0.0 0.0 
0.0 0.0 0.0 0.0 1.0 
0.0 0.0 0.0 0.0 1.0 4.0 
0.0 0.0 0.0 0.0 1.0 4.0 12.0 
0.0 0.0 0.0 0.0 1.0 4.0 12.0 28.0 
0.0 0.0 0.0 0.0 1.0 4.0 12.0 28.0 52.0 
0.0 0.0 0.0 0.0 1.0 4.0 12.0 28.0 52.0 95.0 
0.0 0.0 0.0 0.0 1.0 4.0 12.0 28.0 52.0 95.0 114.0 
0.0 0.0 0.0 0.0 1.0 4.0 12.0 28.0 52.0 95.0 114.0 70.0 
0.0 0.0 0.0 0.0 1.0 4.0 12.0 28.0 52.0 95.0 114.0 70.0 95.0 
0.0 0.0 0.0 0.0 1.0 4.0 12.0 28.0 52.0 95.0 114.0 70.0 95.0 99.0 
0.0 0.0 0.0 0.0 1.0 4.0 12.0 28.0 52.0 95.0 114.0 70.0 95.0 99.0 60.0 
0.0 0.0 0.0 0.0 1.0 4.0 12.0 28.0 52.0 95.0 114.0 70.0 95.0 99.0 60.0 22.0 
0.0 0.0 0.0 0.0 1.0 4.0 12.0 28.0 52.0 95.0 114.0 70.0 95.0 99.0 60.0 22.0 10.0 
0.0 0.0 0.0 0.0 1.0 4.0 12.0 28.0 52.0 95.0 114.0 70.0 95.0 99.0 60.0 22.0 10.0 1.0 
0.0 0.0 0.0 0.0 1.0 4.0 12.0 28.0 52.0 95.0 114.0 70.0 95.0 99.0 60.0 22.0 10.0 1.0 0.0 
0.0 0.0 0.0 0.0 1.0 4.0 12.0 28.0 52.0 95.0 114.0 70.0 95.0 99.0 60.0 22.0 10.0 1.0 0.0 0.0 
0.0 0.0 0.0 0.0 1.0 4.0 12.0 28.0 52.0 95.0 114.0 70.0 95.0 99.0 60.0 22.0 10.0 1.0 0.0 0.0 0.0 
0.0 
0.0 0.0 
0.0 0.0 0.0 
0.0 0.0 0.0 0.0 
0.0 0.0 0.0 0.0 4.0 
0.0 0.0 0.0 0.0 4.0 10.0 
0.0 0.0 0.0 0.0 4.0 10.0 28.0 
0.0 0.0 0.0 0.0 4.0 10.0 28.0 54.0 
0.0 0.0 0.0 0.0 4.0 10.0 28.0 54.0 91.0 
0.0 0.0 0.0 0.0 4.0 10.0 28.0 54.0 91.0 84.0 
0.0 0.0 0.0 0.0 4.0 10.0 28.0 54.0 91.0 84.0 80.0 
0.0 0.0 0.0 0.0 4.0 10.0 28.0 54.0 91.0 84.0 80.0 105.0 
0.0 0.0 0.0 0.0 4.0 10.0 28.0 54.0 91.0 84.0 80.0 105.0 76.0 
0.0 0.0 0.0 0.0 4.0 10.0 28.0 54.0 91.0 84.0 80.0 105.0 76.0 93.0 
0.0 0.0 0.0 0.0 4.0 10.0 28.0 54.0 91.0 84.0 80.0 105.0 76.0 93.0 78.0 
0.0 0.0 0.0 0.0 4.0 10.0 28.0 54.0 91.0 84.0 80.0 105.0 76.0 93.0 78.0 78.0 
0.0 0.0 0.0 0.0 4.0 10.0 28.0 54.0 91.0 84.0 80.0 105.0 76.0 93.0 78.0 78.0 45.0 
0.0 0.0 0.0 0.0 4.0 10.0 28.0 54.0 91.0 84.0 80.0 105.0 76.0 93.0 78.0 78.0 45.0 17.0 
0.0 0.0 0.0 0.0 4.0 10.0 28.0 54.0 91.0 84.0 80.0 105.0 76.0 93.0 78.0 78.0 45.0 17.0 6.0 
0.0 0.0 0.0 0.0 4.0 10.0 28.0 54.0 91.0 84.0 80.0 105.0 76.0 93.0 78.0 78.0 45.0 17.0 6.0 0.0 
0.0 0.0 0.0 0.0 4.0 10.0 28.0 54.0 91.0 84.0 80.0 105.0 76.0 93.0 78.0 78.0 45.0 17.0 6.0 0.0 0.0 
0.0 
0.0 0.0 
0.0 0.0 0.0 
0.0 0.0 0.0 0.0 
0.0 0.0 0.0 0.0 1.0 
0.0 0.0 0.0 0.0 1.0 2.0 
0.0 0.0 0.0 0.0 1.0 2.0 3.0 
0.0 0.0 0.0 0.0 1.0 2.0 3.0 22.0 
0.0 0.0 0.0 0.0 1.0 2.0 3.0 22.0 58.0 
0.0 0.0 0.0 0.0 1.0 2.0 3.0 22.0 58.0 91.0 
0.0 0.0 0.0 0.0 1.0 2.0 3.0 22.0 58.0 91.0 111.0 
0.0 0.0 0.0 0.0 1.0 2.0 3.0 22.0 58.0 91.0 111.0 86.0 
0.0 0.0 0.0 0.0 1.0 2.0 3.0 22.0 58.0 91.0 111.0 86.0 98.0 
0.0 0.0 0.0 0.0 1.0 2.0 3.0 22.0 58.0 91.0 111.0 86.0 98.0 81.0 
0.0 0.0 0.0 0.0 1.0 2.0 3.0 22.0 58.0 91.0 111.0 86.0 98.0 81.0 62.0 
0.0 0.0 0.0 0.0 1.0 2.0 3.0 22.0 58.0 91.0 111.0 86.0 98.0 81.0 62.0 26.0 
0.0 0.0 0.0 0.0 1.0 2.0 3.0 22.0 58.0 91.0 111.0 86.0 98.0 81.0 62.0 26.0 6.0 
0.0 0.0 0.0 0.0 1.0 2.0 3.0 22.0 58.0 91.0 111.0 86.0 98.0 81.0 62.0 26.0 6.0 1.0 
0.0 0.0 0.0 0.0 1.0 2.0 3.0 22.0 58.0 91.0 111.0 86.0 98.0 81.0 62.0 26.0 6.0 1.0 1.0 
0.0 0.0 0.0 0.0 1.0 2.0 3.0 22.0 58.0 91.0 111.0 86.0 98.0 81.0 62.0 26.0 6.0 1.0 1.0 0.0 
0.0 0.0 0.0 0.0 1.0 2.0 3.0 22.0 58.0 91.0 111.0 86.0 98.0 81.0 62.0 26.0 6.0 1.0 1.0 0.0 0.0 
