0.0 
0.0 0.0 
0.0 0.0 0.0 
0.0 0.0 0.0 0.0 
0.0 0.0 0.0 0.0 0.0 
0.0 0.0 0.0 0.0 0.0 2.0 
0.0 0.0 0.0 0.0 0.0 2.0 13.0 
0.0 0.0 0.0 0.0 0.0 2.0 13.0 57.0 
0.0 0.0 0.0 0.0 0.0 2.0 13.0 57.0 99.0 
0.0 0.0 0.0 0.0 0.0 2.0 13.0 57.0 99.0 56.0 
0.0 0.0 0.0 0.0 0.0 2.0 13.0 57.0 99.0 56.0 52.0 
0.0 0.0 0.0 0.0 0.0 2.0 13.0 57.0 99.0 56.0 52.0 42.0 
0.0 0.0 0.0 0.0 0.0 2.0 13.0 57.0 99.0 56.0 52.0 42.0 41.0 
0.0 0.0 0.0 0.0 0.0 2.0 13.0 57.0 99.0 56.0 52.0 42.0 41.0 59.0 
0.0 0.0 0.0 0.0 0.0 2.0 13.0 57.0 99.0 56.0 52.0 42.0 41.0 59.0 19.0 
0.0 0.0 0.0 0.0 0.0 2.0 13.0 57.0 99.0 56.0 52.0 42.0 41.0 59.0 19.0 45.0 
0.0 0.0 0.0 0.0 0.0 2.0 13.0 57.0 99.0 56.0 52.0 42.0 41.0 59.0 19.0 45.0 43.0 
0.0 0.0 0.0 0.0 0.0 2.0 13.0 57.0 99.0 56.0 52.0 42.0 41.0 59.0 19.0 45.0 43.0 9.0 
0.0 0.0 0.0 0.0 0.0 2.0 13.0 57.0 99.0 56.0 52.0 42.0 41.0 59.0 19.0 45.0 43.0 9.0 2.0 
0.0 0.0 0.0 0.0 0.0 2.0 13.0 57.0 99.0 56.0 52.0 42.0 41.0 59.0 19.0 45.0 43.0 9.0 2.0 0.0 
0.0 0.0 0.0 0.0 0.0 2.0 13.0 57.0 99.0 56.0 52.0 42.0 41.0 59.0 19.0 45.0 43.0 9.0 2.0 0.0 0.0 
0.0 
0.0 0.0 
0.0 0.0 0.0 
0.0 0.0 0.0 0.0 
0.0 0.0 0.0 0.0 0.0 
0.0 0.0 0.0 0.0 0.0 0.0 
0.0 0.0 0.0 0.0 0.0 0.0 5.0 
0.0 0.0 0.0 0.0 0.0 0.0 5.0 19.0 
0.0 0.0 0.0 0.0 0.0 0.0 5.0 19.0 51.0 
0.0 0.0 0.0 0.0 0.0 0.0 5.0 19.0 51.0 97.0 
0.0 0.0 0.0 0.0 0.0 0.0 5.0 19.0 51.0 97.0 95.0 
0.0 0.0 0.0 0.0 0.0 0.0 5.0 19.0 51.0 97.0 95.0 87.0 
0.0 0.0 0.0 0.0 0.0 0.0 5.0 19.0 51.0 97.0 95.0 87.0 77.0 
0.0 0.0 0.0 0.0 0.0 0.0 5.0 19.0 51.0 97.0 95.0 87.0 77.0 90.0 
0.0 0.0 0.0 0.0 0.0 0.0 5.0 19.0 51.0 97.0 95.0 87.0 77.0 90.0 44.0 
0.0 0.0 0.0 0.0 0.0 0.0 5.0 19.0 51.0 97.0 95.0 87.0 77.0 90.0 44.0 13.0 
0.0 0.0 0.0 0.0 0.0 0.0 5.0 19.0 51.0 97.0 95.0 87.0 77.0 90.0 44.0 13.0 3.0 
0.0 0.0 0.0 0.0 0.0 0.0 5.0 19.0 51.0 97.0 95.0 87.0 77.0 90.0 44.0 13.0 3.0 0.0 
0.0 0.0 0.0 0.0 0.0 0.0 5.0 19.0 51.0 97.0 95.0 87.0 77.0 90.0 44.0 13.0 3.0 0.0 0.0 
0.0 0.0 0.0 0.0 0.0 0.0 5.0 19.0 51.0 97.0 95.0 87.0 77.0 90.0 44.0 13.0 3.0 0.0 0.0 0.0 
0.0 0.0 0.0 0.0 0.0 0.0 5.0 19.0 51.0 97.0 95.0 87.0 77.0 90.0 44.0 13.0 3.0 0.0 0.0 0.0 0.0 
0.0 
0.0 0.0 
0.0 0.0 0.0 
0.0 0.0 0.0 0.0 
0.0 0.0 0.0 0.0 0.0 
0.0 0.0 0.0 0.0 0.0 2.0 
0.0 0.0 0.0 0.0 0.0 2.0 15.0 
0.0 0.0 0.0 0.0 0.0 2.0 15.0 51.0 
0.0 0.0 0.0 0.0 0.0 2.0 15.0 51.0 74.0 
0.0 0.0 0.0 0.0 0.0 2.0 15.0 51.0 74.0 76.0 
0.0 0.0 0.0 0.0 0.0 2.0 15.0 51.0 74.0 76.0 56.0 
0.0 0.0 0.0 0.0 0.0 2.0 15.0 51.0 74.0 76.0 56.0 78.0 
0.0 0.0 0.0 0.0 0.0 2.0 15.0 51.0 74.0 76.0 56.0 78.0 51.0 
0.0 0.0 0.0 0.0 0.0 2.0 15.0 51.0 74.0 76.0 56.0 78.0 51.0 28.0 
0.0 0.0 0.0 0.0 0.0 2.0 15.0 51.0 74.0 76.0 56.0 78.0 51.0 28.0 17.0 
0.0 0.0 0.0 0.0 0.0 2.0 15.0 51.0 74.0 76.0 56.0 78.0 51.0 28.0 17.0 55.0 
0.0 0.0 0.0 0.0 0.0 2.0 15.0 51.0 74.0 76.0 56.0 78.0 51.0 28.0 17.0 55.0 46.0 
0.0 0.0 0.0 0.0 0.0 2.0 15.0 51.0 74.0 76.0 56.0 78.0 51.0 28.0 17.0 55.0 46.0 8.0 
0.0 0.0 0.0 0.0 0.0 2.0 15.0 51.0 74.0 76.0 56.0 78.0 51.0 28.0 17.0 55.0 46.0 8.0 0.0 
0.0 0.0 0.0 0.0 0.0 2.0 15.0 51.0 74.0 76.0 56.0 78.0 51.0 28.0 17.0 55.0 46.0 8.0 0.0 0.0 
0.0 0.0 0.0 0.0 0.0 2.0 15.0 51.0 74.0 76.0 56.0 78.0 51.0 28.0 17.0 55.0 46.0 8.0 0.0 0.0 0.0 
0.0 
0.0 0.0 
0.0 0.0 0.0 
0.0 0.0 0.0 0.0 
0.0 0.0 0.0 0.0 0.0 
0.0 0.0 0.0 0.0 0.0 0.0 
0.0 0.0 0.0 0.0 0.0 0.0 2.0 
0.0 0.0 0.0 0.0 0.0 0.0 2.0 17.0 
0.0 0.0 0.0 0.0 0.0 0.0 2.0 17.0 53.0 
0.0 0.0 0.0 0.0 0.0 0.0 2.0 17.0 53.0 100.0 
0.0 0.0 0.0 0.0 0.0 0.0 2.0 17.0 53.0 100.0 101.0 
0.0 0.0 0.0 0.0 0.0 0.0 2.0 17.0 53.0 100.0 101.0 80.0 
0.0 0.0 0.0 0.0 0.0 0.0 2.0 17.0 53.0 100.0 101.0 80.0 91.0 
0.0 0.0 0.0 0.0 0.0 0.0 2.0 17.0 53.0 100.0 101.0 80.0 91.0 86.0 
0.0 0.0 0.0 0.0 0.0 0.0 2.0 17.0 53.0 100.0 101.0 80.0 91.0 86.0 47.0 
0.0 0.0 0.0 0.0 0.0 0.0 2.0 17.0 53.0 100.0 101.0 80.0 91.0 86.0 47.0 15.0 
0.0 0.0 0.0 0.0 0.0 0.0 2.0 17.0 53.0 100.0 101.0 80.0 91.0 86.0 47.0 15.0 4.0 
0.0 0.0 0.0 0.0 0.0 0.0 2.0 17.0 53.0 100.0 101.0 80.0 91.0 86.0 47.0 15.0 4.0 1.0 
0.0 0.0 0.0 0.0 0.0 0.0 2.0 17.0 53.0 100.0 101.0 80.0 91.0 86.0 47.0 15.0 4.0 1.0 0.0 
0.0 0.0 0.0 0.0 0.0 0.0 2.0 17.0 53.0 100.0 101.0 80.0 91.0 86.0 47.0 15.0 4.0 1.0 0.0 0.0 
0.0 0.0 0.0 0.0 0.0 0.0 2.0 17.0 53.0 100.0 101.0 80.0 91.0 86.0 47.0 15.0 4.0 1.0 0.0 0.0 0.0 
