3.0 
3.0 6.0 
3.0 6.0 13.0 
3.0 6.0 13.0 20.0 
3.0 6.0 13.0 20.0 26.0 
3.0 6.0 13.0 20.0 26.0 41.0 
3.0 6.0 13.0 20.0 26.0 41.0 66.0 
3.0 6.0 13.0 20.0 26.0 41.0 66.0 82.0 
3.0 6.0 13.0 20.0 26.0 41.0 66.0 82.0 89.0 
3.0 6.0 13.0 20.0 26.0 41.0 66.0 82.0 89.0 102.0 
3.0 6.0 13.0 20.0 26.0 41.0 66.0 82.0 89.0 102.0 103.0 
3.0 6.0 13.0 20.0 26.0 41.0 66.0 82.0 89.0 102.0 103.0 109.0 
3.0 6.0 13.0 20.0 26.0 41.0 66.0 82.0 89.0 102.0 103.0 109.0 93.0 
3.0 6.0 13.0 20.0 26.0 41.0 66.0 82.0 89.0 102.0 103.0 109.0 93.0 99.0 
3.0 6.0 13.0 20.0 26.0 41.0 66.0 82.0 89.0 102.0 103.0 109.0 93.0 99.0 92.0 
3.0 6.0 13.0 20.0 26.0 41.0 66.0 82.0 89.0 102.0 103.0 109.0 93.0 99.0 92.0 80.0 
3.0 6.0 13.0 20.0 26.0 41.0 66.0 82.0 89.0 102.0 103.0 109.0 93.0 99.0 92.0 80.0 75.0 
3.0 6.0 13.0 20.0 26.0 41.0 66.0 82.0 89.0 102.0 103.0 109.0 93.0 99.0 92.0 80.0 75.0 54.0 
3.0 6.0 13.0 20.0 26.0 41.0 66.0 82.0 89.0 102.0 103.0 109.0 93.0 99.0 92.0 80.0 75.0 54.0 36.0 
3.0 6.0 13.0 20.0 26.0 41.0 66.0 82.0 89.0 102.0 103.0 109.0 93.0 99.0 92.0 80.0 75.0 54.0 36.0 26.0 
3.0 6.0 13.0 20.0 26.0 41.0 66.0 82.0 89.0 102.0 103.0 109.0 93.0 99.0 92.0 80.0 75.0 54.0 36.0 26.0 17.0 
2.0 
2.0 3.0 
2.0 3.0 9.0 
2.0 3.0 9.0 15.0 
2.0 3.0 9.0 15.0 18.0 
2.0 3.0 9.0 15.0 18.0 31.0 
2.0 3.0 9.0 15.0 18.0 31.0 38.0 
2.0 3.0 9.0 15.0 18.0 31.0 38.0 66.0 
2.0 3.0 9.0 15.0 18.0 31.0 38.0 66.0 80.0 
2.0 3.0 9.0 15.0 18.0 31.0 38.0 66.0 80.0 102.0 
2.0 3.0 9.0 15.0 18.0 31.0 38.0 66.0 80.0 102.0 86.0 
2.0 3.0 9.0 15.0 18.0 31.0 38.0 66.0 80.0 102.0 86.0 108.0 
2.0 3.0 9.0 15.0 18.0 31.0 38.0 66.0 80.0 102.0 86.0 108.0 99.0 
2.0 3.0 9.0 15.0 18.0 31.0 38.0 66.0 80.0 102.0 86.0 108.0 99.0 86.0 
2.0 3.0 9.0 15.0 18.0 31.0 38.0 66.0 80.0 102.0 86.0 108.0 99.0 86.0 76.0 
2.0 3.0 9.0 15.0 18.0 31.0 38.0 66.0 80.0 102.0 86.0 108.0 99.0 86.0 76.0 54.0 
2.0 
2.0 5.0 
2.0 5.0 10.0 
2.0 5.0 10.0 16.0 
2.0 5.0 10.0 16.0 23.0 
2.0 5.0 10.0 16.0 23.0 41.0 
2.0 5.0 10.0 16.0 23.0 41.0 43.0 
2.0 5.0 10.0 16.0 23.0 41.0 43.0 78.0 
2.0 5.0 10.0 16.0 23.0 41.0 43.0 78.0 90.0 
2.0 5.0 10.0 16.0 23.0 41.0 43.0 78.0 90.0 97.0 
2.0 5.0 10.0 16.0 23.0 41.0 43.0 78.0 90.0 97.0 116.0 
2.0 5.0 10.0 16.0 23.0 41.0 43.0 78.0 90.0 97.0 116.0 102.0 
2.0 5.0 10.0 16.0 23.0 41.0 43.0 78.0 90.0 97.0 116.0 102.0 105.0 
2.0 5.0 10.0 16.0 23.0 41.0 43.0 78.0 90.0 97.0 116.0 102.0 105.0 96.0 
2.0 5.0 10.0 16.0 23.0 41.0 43.0 78.0 90.0 97.0 116.0 102.0 105.0 96.0 89.0 
2.0 5.0 10.0 16.0 23.0 41.0 43.0 78.0 90.0 97.0 116.0 102.0 105.0 96.0 89.0 67.0 
2.0 5.0 10.0 16.0 23.0 41.0 43.0 78.0 90.0 97.0 116.0 102.0 105.0 96.0 89.0 67.0 66.0 
2.0 5.0 10.0 16.0 23.0 41.0 43.0 78.0 90.0 97.0 116.0 102.0 105.0 96.0 89.0 67.0 66.0 49.0 
2.0 5.0 10.0 16.0 23.0 41.0 43.0 78.0 90.0 97.0 116.0 102.0 105.0 96.0 89.0 67.0 66.0 49.0 31.0 
2.0 5.0 10.0 16.0 23.0 41.0 43.0 78.0 90.0 97.0 116.0 102.0 105.0 96.0 89.0 67.0 66.0 49.0 31.0 18.0 
2.0 5.0 10.0 16.0 23.0 41.0 43.0 78.0 90.0 97.0 116.0 102.0 105.0 96.0 89.0 67.0 66.0 49.0 31.0 18.0 9.0 
1.0 
1.0 1.0 
1.0 1.0 6.0 
1.0 1.0 6.0 9.0 
1.0 1.0 6.0 9.0 18.0 
1.0 1.0 6.0 9.0 18.0 26.0 
1.0 1.0 6.0 9.0 18.0 26.0 44.0 
1.0 1.0 6.0 9.0 18.0 26.0 44.0 69.0 
1.0 1.0 6.0 9.0 18.0 26.0 44.0 69.0 98.0 
1.0 1.0 6.0 9.0 18.0 26.0 44.0 69.0 98.0 96.0 
1.0 1.0 6.0 9.0 18.0 26.0 44.0 69.0 98.0 96.0 93.0 
1.0 1.0 6.0 9.0 18.0 26.0 44.0 69.0 98.0 96.0 93.0 88.0 
1.0 1.0 6.0 9.0 18.0 26.0 44.0 69.0 98.0 96.0 93.0 88.0 96.0 
1.0 1.0 6.0 9.0 18.0 26.0 44.0 69.0 98.0 96.0 93.0 88.0 96.0 96.0 
1.0 1.0 6.0 9.0 18.0 26.0 44.0 69.0 98.0 96.0 93.0 88.0 96.0 96.0 83.0 
1.0 1.0 6.0 9.0 18.0 26.0 44.0 69.0 98.0 96.0 93.0 88.0 96.0 96.0 83.0 71.0 
1.0 1.0 6.0 9.0 18.0 26.0 44.0 69.0 98.0 96.0 93.0 88.0 96.0 96.0 83.0 71.0 43.0 
1.0 1.0 6.0 9.0 18.0 26.0 44.0 69.0 98.0 96.0 93.0 88.0 96.0 96.0 83.0 71.0 43.0 28.0 
1.0 1.0 6.0 9.0 18.0 26.0 44.0 69.0 98.0 96.0 93.0 88.0 96.0 96.0 83.0 71.0 43.0 28.0 20.0 
1.0 1.0 6.0 9.0 18.0 26.0 44.0 69.0 98.0 96.0 93.0 88.0 96.0 96.0 83.0 71.0 43.0 28.0 20.0 9.0 
1.0 1.0 6.0 9.0 18.0 26.0 44.0 69.0 98.0 96.0 93.0 88.0 96.0 96.0 83.0 71.0 43.0 28.0 20.0 9.0 3.0 
