0.0 
0.0 0.0 
0.0 0.0 4.0 
0.0 0.0 4.0 10.0 
0.0 0.0 4.0 10.0 13.0 
0.0 0.0 4.0 10.0 13.0 24.0 
0.0 0.0 4.0 10.0 13.0 24.0 44.0 
0.0 0.0 4.0 10.0 13.0 24.0 44.0 70.0 
0.0 0.0 4.0 10.0 13.0 24.0 44.0 70.0 82.0 
0.0 0.0 4.0 10.0 13.0 24.0 44.0 70.0 82.0 90.0 
0.0 0.0 4.0 10.0 13.0 24.0 44.0 70.0 82.0 90.0 98.0 
0.0 0.0 4.0 10.0 13.0 24.0 44.0 70.0 82.0 90.0 98.0 109.0 
0.0 0.0 4.0 10.0 13.0 24.0 44.0 70.0 82.0 90.0 98.0 109.0 107.0 
0.0 0.0 4.0 10.0 13.0 24.0 44.0 70.0 82.0 90.0 98.0 109.0 107.0 94.0 
0.0 0.0 4.0 10.0 13.0 24.0 44.0 70.0 82.0 90.0 98.0 109.0 107.0 94.0 96.0 
0.0 0.0 4.0 10.0 13.0 24.0 44.0 70.0 82.0 90.0 98.0 109.0 107.0 94.0 96.0 70.0 
0.0 0.0 4.0 10.0 13.0 24.0 44.0 70.0 82.0 90.0 98.0 109.0 107.0 94.0 96.0 70.0 57.0 
0.0 0.0 4.0 10.0 13.0 24.0 44.0 70.0 82.0 90.0 98.0 109.0 107.0 94.0 96.0 70.0 57.0 35.0 
0.0 0.0 4.0 10.0 13.0 24.0 44.0 70.0 82.0 90.0 98.0 109.0 107.0 94.0 96.0 70.0 57.0 35.0 17.0 
0.0 0.0 4.0 10.0 13.0 24.0 44.0 70.0 82.0 90.0 98.0 109.0 107.0 94.0 96.0 70.0 57.0 35.0 17.0 7.0 
0.0 0.0 4.0 10.0 13.0 24.0 44.0 70.0 82.0 90.0 98.0 109.0 107.0 94.0 96.0 70.0 57.0 35.0 17.0 7.0 5.0 
0.0 
0.0 1.0 
0.0 1.0 2.0 
0.0 1.0 2.0 8.0 
0.0 1.0 2.0 8.0 9.0 
0.0 1.0 2.0 8.0 9.0 14.0 
0.0 1.0 2.0 8.0 9.0 14.0 33.0 
0.0 1.0 2.0 8.0 9.0 14.0 33.0 51.0 
0.0 1.0 2.0 8.0 9.0 14.0 33.0 51.0 70.0 
0.0 1.0 2.0 8.0 9.0 14.0 33.0 51.0 70.0 92.0 
0.0 1.0 2.0 8.0 9.0 14.0 33.0 51.0 70.0 92.0 115.0 
0.0 1.0 2.0 8.0 9.0 14.0 33.0 51.0 70.0 92.0 115.0 101.0 
0.0 1.0 2.0 8.0 9.0 14.0 33.0 51.0 70.0 92.0 115.0 101.0 108.0 
0.0 1.0 2.0 8.0 9.0 14.0 33.0 51.0 70.0 92.0 115.0 101.0 108.0 88.0 
0.0 1.0 2.0 8.0 9.0 14.0 33.0 51.0 70.0 92.0 115.0 101.0 108.0 88.0 67.0 
0.0 1.0 2.0 8.0 9.0 14.0 33.0 51.0 70.0 92.0 115.0 101.0 108.0 88.0 67.0 49.0 
0.0 1.0 2.0 8.0 9.0 14.0 33.0 51.0 70.0 92.0 115.0 101.0 108.0 88.0 67.0 49.0 27.0 
0.0 1.0 2.0 8.0 9.0 14.0 33.0 51.0 70.0 92.0 115.0 101.0 108.0 88.0 67.0 49.0 27.0 13.0 
0.0 1.0 2.0 8.0 9.0 14.0 33.0 51.0 70.0 92.0 115.0 101.0 108.0 88.0 67.0 49.0 27.0 13.0 7.0 
0.0 1.0 2.0 8.0 9.0 14.0 33.0 51.0 70.0 92.0 115.0 101.0 108.0 88.0 67.0 49.0 27.0 13.0 7.0 2.0 
0.0 1.0 2.0 8.0 9.0 14.0 33.0 51.0 70.0 92.0 115.0 101.0 108.0 88.0 67.0 49.0 27.0 13.0 7.0 2.0 0.0 
0.0 
0.0 1.0 
0.0 1.0 1.0 
0.0 1.0 1.0 5.0 
0.0 1.0 1.0 5.0 11.0 
0.0 1.0 1.0 5.0 11.0 24.0 
0.0 1.0 1.0 5.0 11.0 24.0 42.0 
0.0 1.0 1.0 5.0 11.0 24.0 42.0 67.0 
0.0 1.0 1.0 5.0 11.0 24.0 42.0 67.0 96.0 
0.0 1.0 1.0 5.0 11.0 24.0 42.0 67.0 96.0 107.0 
0.0 1.0 1.0 5.0 11.0 24.0 42.0 67.0 96.0 107.0 91.0 
0.0 1.0 1.0 5.0 11.0 24.0 42.0 67.0 96.0 107.0 91.0 84.0 
0.0 1.0 1.0 5.0 11.0 24.0 42.0 67.0 96.0 107.0 91.0 84.0 106.0 
0.0 1.0 1.0 5.0 11.0 24.0 42.0 67.0 96.0 107.0 91.0 84.0 106.0 99.0 
0.0 1.0 1.0 5.0 11.0 24.0 42.0 67.0 96.0 107.0 91.0 84.0 106.0 99.0 87.0 
0.0 1.0 1.0 5.0 11.0 24.0 42.0 67.0 96.0 107.0 91.0 84.0 106.0 99.0 87.0 78.0 
0.0 1.0 1.0 5.0 11.0 24.0 42.0 67.0 96.0 107.0 91.0 84.0 106.0 99.0 87.0 78.0 56.0 
0.0 1.0 1.0 5.0 11.0 24.0 42.0 67.0 96.0 107.0 91.0 84.0 106.0 99.0 87.0 78.0 56.0 35.0 
0.0 1.0 1.0 5.0 11.0 24.0 42.0 67.0 96.0 107.0 91.0 84.0 106.0 99.0 87.0 78.0 56.0 35.0 25.0 
0.0 1.0 1.0 5.0 11.0 24.0 42.0 67.0 96.0 107.0 91.0 84.0 106.0 99.0 87.0 78.0 56.0 35.0 25.0 7.0 
0.0 1.0 1.0 5.0 11.0 24.0 42.0 67.0 96.0 107.0 91.0 84.0 106.0 99.0 87.0 78.0 56.0 35.0 25.0 7.0 5.0 
0.0 
0.0 1.0 
0.0 1.0 2.0 
0.0 1.0 2.0 2.0 
0.0 1.0 2.0 2.0 6.0 
0.0 1.0 2.0 2.0 6.0 18.0 
0.0 1.0 2.0 2.0 6.0 18.0 31.0 
0.0 1.0 2.0 2.0 6.0 18.0 31.0 51.0 
0.0 1.0 2.0 2.0 6.0 18.0 31.0 51.0 82.0 
0.0 1.0 2.0 2.0 6.0 18.0 31.0 51.0 82.0 97.0 
0.0 1.0 2.0 2.0 6.0 18.0 31.0 51.0 82.0 97.0 101.0 
0.0 1.0 2.0 2.0 6.0 18.0 31.0 51.0 82.0 97.0 101.0 107.0 
0.0 1.0 2.0 2.0 6.0 18.0 31.0 51.0 82.0 97.0 101.0 107.0 99.0 
0.0 1.0 2.0 2.0 6.0 18.0 31.0 51.0 82.0 97.0 101.0 107.0 99.0 82.0 
0.0 1.0 2.0 2.0 6.0 18.0 31.0 51.0 82.0 97.0 101.0 107.0 99.0 82.0 74.0 
0.0 1.0 2.0 2.0 6.0 18.0 31.0 51.0 82.0 97.0 101.0 107.0 99.0 82.0 74.0 42.0 
0.0 1.0 2.0 2.0 6.0 18.0 31.0 51.0 82.0 97.0 101.0 107.0 99.0 82.0 74.0 42.0 21.0 
0.0 1.0 2.0 2.0 6.0 18.0 31.0 51.0 82.0 97.0 101.0 107.0 99.0 82.0 74.0 42.0 21.0 10.0 
0.0 1.0 2.0 2.0 6.0 18.0 31.0 51.0 82.0 97.0 101.0 107.0 99.0 82.0 74.0 42.0 21.0 10.0 6.0 
0.0 1.0 2.0 2.0 6.0 18.0 31.0 51.0 82.0 97.0 101.0 107.0 99.0 82.0 74.0 42.0 21.0 10.0 6.0 4.0 
0.0 1.0 2.0 2.0 6.0 18.0 31.0 51.0 82.0 97.0 101.0 107.0 99.0 82.0 74.0 42.0 21.0 10.0 6.0 4.0 1.0 
