0.0 
0.0 0.0 
0.0 0.0 0.0 
0.0 0.0 0.0 0.0 
0.0 0.0 0.0 0.0 0.0 
0.0 0.0 0.0 0.0 0.0 1.0 
0.0 0.0 0.0 0.0 0.0 1.0 7.0 
0.0 0.0 0.0 0.0 0.0 1.0 7.0 49.0 
0.0 0.0 0.0 0.0 0.0 1.0 7.0 49.0 62.0 
0.0 0.0 0.0 0.0 0.0 1.0 7.0 49.0 62.0 62.0 
0.0 0.0 0.0 0.0 0.0 1.0 7.0 49.0 62.0 62.0 63.0 
0.0 0.0 0.0 0.0 0.0 1.0 7.0 49.0 62.0 62.0 63.0 28.0 
0.0 0.0 0.0 0.0 0.0 1.0 7.0 49.0 62.0 62.0 63.0 28.0 29.0 
0.0 0.0 0.0 0.0 0.0 1.0 7.0 49.0 62.0 62.0 63.0 28.0 29.0 41.0 
0.0 0.0 0.0 0.0 0.0 1.0 7.0 49.0 62.0 62.0 63.0 28.0 29.0 41.0 57.0 
0.0 0.0 0.0 0.0 0.0 1.0 7.0 49.0 62.0 62.0 63.0 28.0 29.0 41.0 57.0 46.0 
0.0 0.0 0.0 0.0 0.0 1.0 7.0 49.0 62.0 62.0 63.0 28.0 29.0 41.0 57.0 46.0 39.0 
0.0 0.0 0.0 0.0 0.0 1.0 7.0 49.0 62.0 62.0 63.0 28.0 29.0 41.0 57.0 46.0 39.0 2.0 
0.0 0.0 0.0 0.0 0.0 1.0 7.0 49.0 62.0 62.0 63.0 28.0 29.0 41.0 57.0 46.0 39.0 2.0 1.0 
0.0 0.0 0.0 0.0 0.0 1.0 7.0 49.0 62.0 62.0 63.0 28.0 29.0 41.0 57.0 46.0 39.0 2.0 1.0 0.0 
0.0 0.0 0.0 0.0 0.0 1.0 7.0 49.0 62.0 62.0 63.0 28.0 29.0 41.0 57.0 46.0 39.0 2.0 1.0 0.0 0.0 
0.0 
0.0 0.0 
0.0 0.0 0.0 
0.0 0.0 0.0 0.0 
0.0 0.0 0.0 0.0 0.0 
0.0 0.0 0.0 0.0 0.0 0.0 
0.0 0.0 0.0 0.0 0.0 0.0 0.0 
0.0 0.0 0.0 0.0 0.0 0.0 0.0 14.0 
0.0 0.0 0.0 0.0 0.0 0.0 0.0 14.0 46.0 
0.0 0.0 0.0 0.0 0.0 0.0 0.0 14.0 46.0 83.0 
0.0 0.0 0.0 0.0 0.0 0.0 0.0 14.0 46.0 83.0 71.0 
0.0 0.0 0.0 0.0 0.0 0.0 0.0 14.0 46.0 83.0 71.0 66.0 
0.0 0.0 0.0 0.0 0.0 0.0 0.0 14.0 46.0 83.0 71.0 66.0 76.0 
0.0 0.0 0.0 0.0 0.0 0.0 0.0 14.0 46.0 83.0 71.0 66.0 76.0 78.0 
0.0 0.0 0.0 0.0 0.0 0.0 0.0 14.0 46.0 83.0 71.0 66.0 76.0 78.0 48.0 
0.0 0.0 0.0 0.0 0.0 0.0 0.0 14.0 46.0 83.0 71.0 66.0 76.0 78.0 48.0 12.0 
0.0 0.0 0.0 0.0 0.0 0.0 0.0 14.0 46.0 83.0 71.0 66.0 76.0 78.0 48.0 12.0 1.0 
0.0 0.0 0.0 0.0 0.0 0.0 0.0 14.0 46.0 83.0 71.0 66.0 76.0 78.0 48.0 12.0 1.0 0.0 
0.0 0.0 0.0 0.0 0.0 0.0 0.0 14.0 46.0 83.0 71.0 66.0 76.0 78.0 48.0 12.0 1.0 0.0 0.0 
0.0 0.0 0.0 0.0 0.0 0.0 0.0 14.0 46.0 83.0 71.0 66.0 76.0 78.0 48.0 12.0 1.0 0.0 0.0 0.0 
0.0 0.0 0.0 0.0 0.0 0.0 0.0 14.0 46.0 83.0 71.0 66.0 76.0 78.0 48.0 12.0 1.0 0.0 0.0 0.0 0.0 
0.0 
0.0 0.0 
0.0 0.0 0.0 
0.0 0.0 0.0 0.0 
0.0 0.0 0.0 0.0 0.0 
0.0 0.0 0.0 0.0 0.0 3.0 
0.0 0.0 0.0 0.0 0.0 3.0 17.0 
0.0 0.0 0.0 0.0 0.0 3.0 17.0 38.0 
0.0 0.0 0.0 0.0 0.0 3.0 17.0 38.0 69.0 
0.0 0.0 0.0 0.0 0.0 3.0 17.0 38.0 69.0 78.0 
0.0 0.0 0.0 0.0 0.0 3.0 17.0 38.0 69.0 78.0 61.0 
0.0 0.0 0.0 0.0 0.0 3.0 17.0 38.0 69.0 78.0 61.0 42.0 
0.0 0.0 0.0 0.0 0.0 3.0 17.0 38.0 69.0 78.0 61.0 42.0 25.0 
0.0 0.0 0.0 0.0 0.0 3.0 17.0 38.0 69.0 78.0 61.0 42.0 25.0 29.0 
0.0 0.0 0.0 0.0 0.0 3.0 17.0 38.0 69.0 78.0 61.0 42.0 25.0 29.0 22.0 
0.0 0.0 0.0 0.0 0.0 3.0 17.0 38.0 69.0 78.0 61.0 42.0 25.0 29.0 22.0 50.0 
0.0 0.0 0.0 0.0 0.0 3.0 17.0 38.0 69.0 78.0 61.0 42.0 25.0 29.0 22.0 50.0 35.0 
0.0 0.0 0.0 0.0 0.0 3.0 17.0 38.0 69.0 78.0 61.0 42.0 25.0 29.0 22.0 50.0 35.0 8.0 
0.0 0.0 0.0 0.0 0.0 3.0 17.0 38.0 69.0 78.0 61.0 42.0 25.0 29.0 22.0 50.0 35.0 8.0 4.0 
0.0 0.0 0.0 0.0 0.0 3.0 17.0 38.0 69.0 78.0 61.0 42.0 25.0 29.0 22.0 50.0 35.0 8.0 4.0 0.0 
0.0 0.0 0.0 0.0 0.0 3.0 17.0 38.0 69.0 78.0 61.0 42.0 25.0 29.0 22.0 50.0 35.0 8.0 4.0 0.0 0.0 
0.0 
0.0 0.0 
0.0 0.0 0.0 
0.0 0.0 0.0 0.0 
0.0 0.0 0.0 0.0 0.0 
0.0 0.0 0.0 0.0 0.0 0.0 
0.0 0.0 0.0 0.0 0.0 0.0 3.0 
0.0 0.0 0.0 0.0 0.0 0.0 3.0 11.0 
0.0 0.0 0.0 0.0 0.0 0.0 3.0 11.0 46.0 
0.0 0.0 0.0 0.0 0.0 0.0 3.0 11.0 46.0 81.0 
0.0 0.0 0.0 0.0 0.0 0.0 3.0 11.0 46.0 81.0 88.0 
0.0 0.0 0.0 0.0 0.0 0.0 3.0 11.0 46.0 81.0 88.0 54.0 
0.0 0.0 0.0 0.0 0.0 0.0 3.0 11.0 46.0 81.0 88.0 54.0 98.0 
0.0 0.0 0.0 0.0 0.0 0.0 3.0 11.0 46.0 81.0 88.0 54.0 98.0 71.0 
0.0 0.0 0.0 0.0 0.0 0.0 3.0 11.0 46.0 81.0 88.0 54.0 98.0 71.0 44.0 
0.0 0.0 0.0 0.0 0.0 0.0 3.0 11.0 46.0 81.0 88.0 54.0 98.0 71.0 44.0 13.0 
0.0 0.0 0.0 0.0 0.0 0.0 3.0 11.0 46.0 81.0 88.0 54.0 98.0 71.0 44.0 13.0 2.0 
0.0 0.0 0.0 0.0 0.0 0.0 3.0 11.0 46.0 81.0 88.0 54.0 98.0 71.0 44.0 13.0 2.0 0.0 
0.0 0.0 0.0 0.0 0.0 0.0 3.0 11.0 46.0 81.0 88.0 54.0 98.0 71.0 44.0 13.0 2.0 0.0 0.0 
0.0 0.0 0.0 0.0 0.0 0.0 3.0 11.0 46.0 81.0 88.0 54.0 98.0 71.0 44.0 13.0 2.0 0.0 0.0 0.0 
0.0 0.0 0.0 0.0 0.0 0.0 3.0 11.0 46.0 81.0 88.0 54.0 98.0 71.0 44.0 13.0 2.0 0.0 0.0 0.0 0.0 
