0.0 
0.0 0.0 
0.0 0.0 0.0 
0.0 0.0 0.0 0.0 
0.0 0.0 0.0 0.0 0.0 
0.0 0.0 0.0 0.0 0.0 0.0 
0.0 0.0 0.0 0.0 0.0 0.0 1.0 
0.0 0.0 0.0 0.0 0.0 0.0 1.0 26.0 
0.0 0.0 0.0 0.0 0.0 0.0 1.0 26.0 69.0 
0.0 0.0 0.0 0.0 0.0 0.0 1.0 26.0 69.0 33.0 
0.0 0.0 0.0 0.0 0.0 0.0 1.0 26.0 69.0 33.0 35.0 
0.0 0.0 0.0 0.0 0.0 0.0 1.0 26.0 69.0 33.0 35.0 18.0 
0.0 0.0 0.0 0.0 0.0 0.0 1.0 26.0 69.0 33.0 35.0 18.0 38.0 
0.0 0.0 0.0 0.0 0.0 0.0 1.0 26.0 69.0 33.0 35.0 18.0 38.0 24.0 
0.0 0.0 0.0 0.0 0.0 0.0 1.0 26.0 69.0 33.0 35.0 18.0 38.0 24.0 34.0 
0.0 0.0 0.0 0.0 0.0 0.0 1.0 26.0 69.0 33.0 35.0 18.0 38.0 24.0 34.0 32.0 
0.0 0.0 0.0 0.0 0.0 0.0 1.0 26.0 69.0 33.0 35.0 18.0 38.0 24.0 34.0 32.0 35.0 
0.0 0.0 0.0 0.0 0.0 0.0 1.0 26.0 69.0 33.0 35.0 18.0 38.0 24.0 34.0 32.0 35.0 2.0 
0.0 0.0 0.0 0.0 0.0 0.0 1.0 26.0 69.0 33.0 35.0 18.0 38.0 24.0 34.0 32.0 35.0 2.0 0.0 
0.0 0.0 0.0 0.0 0.0 0.0 1.0 26.0 69.0 33.0 35.0 18.0 38.0 24.0 34.0 32.0 35.0 2.0 0.0 0.0 
0.0 0.0 0.0 0.0 0.0 0.0 1.0 26.0 69.0 33.0 35.0 18.0 38.0 24.0 34.0 32.0 35.0 2.0 0.0 0.0 0.0 
0.0 
0.0 0.0 
0.0 0.0 0.0 
0.0 0.0 0.0 0.0 
0.0 0.0 0.0 0.0 0.0 
0.0 0.0 0.0 0.0 0.0 0.0 
0.0 0.0 0.0 0.0 0.0 0.0 1.0 
0.0 0.0 0.0 0.0 0.0 0.0 1.0 5.0 
0.0 0.0 0.0 0.0 0.0 0.0 1.0 5.0 40.0 
0.0 0.0 0.0 0.0 0.0 0.0 1.0 5.0 40.0 80.0 
0.0 0.0 0.0 0.0 0.0 0.0 1.0 5.0 40.0 80.0 55.0 
0.0 0.0 0.0 0.0 0.0 0.0 1.0 5.0 40.0 80.0 55.0 35.0 
0.0 0.0 0.0 0.0 0.0 0.0 1.0 5.0 40.0 80.0 55.0 35.0 27.0 
0.0 0.0 0.0 0.0 0.0 0.0 1.0 5.0 40.0 80.0 55.0 35.0 27.0 2.0 
0.0 0.0 0.0 0.0 0.0 0.0 1.0 5.0 40.0 80.0 55.0 35.0 27.0 2.0 54.0 
0.0 0.0 0.0 0.0 0.0 0.0 1.0 5.0 40.0 80.0 55.0 35.0 27.0 2.0 54.0 0.0 
0.0 0.0 0.0 0.0 0.0 0.0 1.0 5.0 40.0 80.0 55.0 35.0 27.0 2.0 54.0 0.0 0.0 
0.0 0.0 0.0 0.0 0.0 0.0 1.0 5.0 40.0 80.0 55.0 35.0 27.0 2.0 54.0 0.0 0.0 0.0 
0.0 0.0 0.0 0.0 0.0 0.0 1.0 5.0 40.0 80.0 55.0 35.0 27.0 2.0 54.0 0.0 0.0 0.0 0.0 
0.0 0.0 0.0 0.0 0.0 0.0 1.0 5.0 40.0 80.0 55.0 35.0 27.0 2.0 54.0 0.0 0.0 0.0 0.0 0.0 
0.0 0.0 0.0 0.0 0.0 0.0 1.0 5.0 40.0 80.0 55.0 35.0 27.0 2.0 54.0 0.0 0.0 0.0 0.0 0.0 0.0 
0.0 
0.0 0.0 
0.0 0.0 0.0 
0.0 0.0 0.0 0.0 
0.0 0.0 0.0 0.0 0.0 
0.0 0.0 0.0 0.0 0.0 1.0 
0.0 0.0 0.0 0.0 0.0 1.0 4.0 
0.0 0.0 0.0 0.0 0.0 1.0 4.0 20.0 
0.0 0.0 0.0 0.0 0.0 1.0 4.0 20.0 69.0 
0.0 0.0 0.0 0.0 0.0 1.0 4.0 20.0 69.0 44.0 
0.0 0.0 0.0 0.0 0.0 1.0 4.0 20.0 69.0 44.0 29.0 
0.0 0.0 0.0 0.0 0.0 1.0 4.0 20.0 69.0 44.0 29.0 20.0 
0.0 0.0 0.0 0.0 0.0 1.0 4.0 20.0 69.0 44.0 29.0 20.0 14.0 
0.0 0.0 0.0 0.0 0.0 1.0 4.0 20.0 69.0 44.0 29.0 20.0 14.0 18.0 
0.0 0.0 0.0 0.0 0.0 1.0 4.0 20.0 69.0 44.0 29.0 20.0 14.0 18.0 46.0 
0.0 0.0 0.0 0.0 0.0 1.0 4.0 20.0 69.0 44.0 29.0 20.0 14.0 18.0 46.0 36.0 
0.0 0.0 0.0 0.0 0.0 1.0 4.0 20.0 69.0 44.0 29.0 20.0 14.0 18.0 46.0 36.0 38.0 
0.0 0.0 0.0 0.0 0.0 1.0 4.0 20.0 69.0 44.0 29.0 20.0 14.0 18.0 46.0 36.0 38.0 0.0 
0.0 0.0 0.0 0.0 0.0 1.0 4.0 20.0 69.0 44.0 29.0 20.0 14.0 18.0 46.0 36.0 38.0 0.0 0.0 
0.0 0.0 0.0 0.0 0.0 1.0 4.0 20.0 69.0 44.0 29.0 20.0 14.0 18.0 46.0 36.0 38.0 0.0 0.0 0.0 
0.0 0.0 0.0 0.0 0.0 1.0 4.0 20.0 69.0 44.0 29.0 20.0 14.0 18.0 46.0 36.0 38.0 0.0 0.0 0.0 0.0 
0.0 
0.0 0.0 
0.0 0.0 0.0 
0.0 0.0 0.0 0.0 
0.0 0.0 0.0 0.0 0.0 
0.0 0.0 0.0 0.0 0.0 0.0 
0.0 0.0 0.0 0.0 0.0 0.0 0.0 
0.0 0.0 0.0 0.0 0.0 0.0 0.0 4.0 
0.0 0.0 0.0 0.0 0.0 0.0 0.0 4.0 35.0 
0.0 0.0 0.0 0.0 0.0 0.0 0.0 4.0 35.0 116.0 
0.0 0.0 0.0 0.0 0.0 0.0 0.0 4.0 35.0 116.0 4.0 
0.0 0.0 0.0 0.0 0.0 0.0 0.0 4.0 35.0 116.0 4.0 16.0 
0.0 0.0 0.0 0.0 0.0 0.0 0.0 4.0 35.0 116.0 4.0 16.0 35.0 
0.0 0.0 0.0 0.0 0.0 0.0 0.0 4.0 35.0 116.0 4.0 16.0 35.0 24.0 
0.0 0.0 0.0 0.0 0.0 0.0 0.0 4.0 35.0 116.0 4.0 16.0 35.0 24.0 49.0 
0.0 0.0 0.0 0.0 0.0 0.0 0.0 4.0 35.0 116.0 4.0 16.0 35.0 24.0 49.0 6.0 
0.0 0.0 0.0 0.0 0.0 0.0 0.0 4.0 35.0 116.0 4.0 16.0 35.0 24.0 49.0 6.0 0.0 
0.0 0.0 0.0 0.0 0.0 0.0 0.0 4.0 35.0 116.0 4.0 16.0 35.0 24.0 49.0 6.0 0.0 0.0 
0.0 0.0 0.0 0.0 0.0 0.0 0.0 4.0 35.0 116.0 4.0 16.0 35.0 24.0 49.0 6.0 0.0 0.0 0.0 
0.0 0.0 0.0 0.0 0.0 0.0 0.0 4.0 35.0 116.0 4.0 16.0 35.0 24.0 49.0 6.0 0.0 0.0 0.0 0.0 
0.0 0.0 0.0 0.0 0.0 0.0 0.0 4.0 35.0 116.0 4.0 16.0 35.0 24.0 49.0 6.0 0.0 0.0 0.0 0.0 0.0 
