0.0 
0.0 0.0 
0.0 0.0 1.0 
0.0 0.0 1.0 4.0 
0.0 0.0 1.0 4.0 6.0 
0.0 0.0 1.0 4.0 6.0 11.0 
0.0 0.0 1.0 4.0 6.0 11.0 31.0 
0.0 0.0 1.0 4.0 6.0 11.0 31.0 60.0 
0.0 0.0 1.0 4.0 6.0 11.0 31.0 60.0 77.0 
0.0 0.0 1.0 4.0 6.0 11.0 31.0 60.0 77.0 87.0 
0.0 0.0 1.0 4.0 6.0 11.0 31.0 60.0 77.0 87.0 98.0 
0.0 0.0 1.0 4.0 6.0 11.0 31.0 60.0 77.0 87.0 98.0 82.0 
0.0 0.0 1.0 4.0 6.0 11.0 31.0 60.0 77.0 87.0 98.0 82.0 93.0 
0.0 0.0 1.0 4.0 6.0 11.0 31.0 60.0 77.0 87.0 98.0 82.0 93.0 77.0 
0.0 0.0 1.0 4.0 6.0 11.0 31.0 60.0 77.0 87.0 98.0 82.0 93.0 77.0 83.0 
0.0 0.0 1.0 4.0 6.0 11.0 31.0 60.0 77.0 87.0 98.0 82.0 93.0 77.0 83.0 65.0 
0.0 0.0 1.0 4.0 6.0 11.0 31.0 60.0 77.0 87.0 98.0 82.0 93.0 77.0 83.0 65.0 53.0 
0.0 0.0 1.0 4.0 6.0 11.0 31.0 60.0 77.0 87.0 98.0 82.0 93.0 77.0 83.0 65.0 53.0 13.0 
0.0 0.0 1.0 4.0 6.0 11.0 31.0 60.0 77.0 87.0 98.0 82.0 93.0 77.0 83.0 65.0 53.0 13.0 10.0 
0.0 0.0 1.0 4.0 6.0 11.0 31.0 60.0 77.0 87.0 98.0 82.0 93.0 77.0 83.0 65.0 53.0 13.0 10.0 5.0 
0.0 0.0 1.0 4.0 6.0 11.0 31.0 60.0 77.0 87.0 98.0 82.0 93.0 77.0 83.0 65.0 53.0 13.0 10.0 5.0 1.0 
0.0 
0.0 1.0 
0.0 1.0 1.0 
0.0 1.0 1.0 0.0 
0.0 1.0 1.0 0.0 1.0 
0.0 1.0 1.0 0.0 1.0 5.0 
0.0 1.0 1.0 0.0 1.0 5.0 15.0 
0.0 1.0 1.0 0.0 1.0 5.0 15.0 32.0 
0.0 1.0 1.0 0.0 1.0 5.0 15.0 32.0 76.0 
0.0 1.0 1.0 0.0 1.0 5.0 15.0 32.0 76.0 92.0 
0.0 1.0 1.0 0.0 1.0 5.0 15.0 32.0 76.0 92.0 102.0 
0.0 1.0 1.0 0.0 1.0 5.0 15.0 32.0 76.0 92.0 102.0 100.0 
0.0 1.0 1.0 0.0 1.0 5.0 15.0 32.0 76.0 92.0 102.0 100.0 104.0 
0.0 1.0 1.0 0.0 1.0 5.0 15.0 32.0 76.0 92.0 102.0 100.0 104.0 69.0 
0.0 1.0 1.0 0.0 1.0 5.0 15.0 32.0 76.0 92.0 102.0 100.0 104.0 69.0 60.0 
0.0 1.0 1.0 0.0 1.0 5.0 15.0 32.0 76.0 92.0 102.0 100.0 104.0 69.0 60.0 34.0 
0.0 1.0 1.0 0.0 1.0 5.0 15.0 32.0 76.0 92.0 102.0 100.0 104.0 69.0 60.0 34.0 6.0 
0.0 1.0 1.0 0.0 1.0 5.0 15.0 32.0 76.0 92.0 102.0 100.0 104.0 69.0 60.0 34.0 6.0 1.0 
0.0 1.0 1.0 0.0 1.0 5.0 15.0 32.0 76.0 92.0 102.0 100.0 104.0 69.0 60.0 34.0 6.0 1.0 1.0 
0.0 1.0 1.0 0.0 1.0 5.0 15.0 32.0 76.0 92.0 102.0 100.0 104.0 69.0 60.0 34.0 6.0 1.0 1.0 2.0 
0.0 1.0 1.0 0.0 1.0 5.0 15.0 32.0 76.0 92.0 102.0 100.0 104.0 69.0 60.0 34.0 6.0 1.0 1.0 2.0 1.0 
0.0 
0.0 0.0 
0.0 0.0 0.0 
0.0 0.0 0.0 0.0 
0.0 0.0 0.0 0.0 4.0 
0.0 0.0 0.0 0.0 4.0 13.0 
0.0 0.0 0.0 0.0 4.0 13.0 31.0 
0.0 0.0 0.0 0.0 4.0 13.0 31.0 68.0 
0.0 0.0 0.0 0.0 4.0 13.0 31.0 68.0 87.0 
0.0 0.0 0.0 0.0 4.0 13.0 31.0 68.0 87.0 89.0 
0.0 0.0 0.0 0.0 4.0 13.0 31.0 68.0 87.0 89.0 96.0 
0.0 0.0 0.0 0.0 4.0 13.0 31.0 68.0 87.0 89.0 96.0 97.0 
0.0 0.0 0.0 0.0 4.0 13.0 31.0 68.0 87.0 89.0 96.0 97.0 98.0 
0.0 0.0 0.0 0.0 4.0 13.0 31.0 68.0 87.0 89.0 96.0 97.0 98.0 96.0 
0.0 0.0 0.0 0.0 4.0 13.0 31.0 68.0 87.0 89.0 96.0 97.0 98.0 96.0 47.0 
0.0 0.0 0.0 0.0 4.0 13.0 31.0 68.0 87.0 89.0 96.0 97.0 98.0 96.0 47.0 72.0 
0.0 0.0 0.0 0.0 4.0 13.0 31.0 68.0 87.0 89.0 96.0 97.0 98.0 96.0 47.0 72.0 46.0 
0.0 0.0 0.0 0.0 4.0 13.0 31.0 68.0 87.0 89.0 96.0 97.0 98.0 96.0 47.0 72.0 46.0 19.0 
0.0 0.0 0.0 0.0 4.0 13.0 31.0 68.0 87.0 89.0 96.0 97.0 98.0 96.0 47.0 72.0 46.0 19.0 5.0 
0.0 0.0 0.0 0.0 4.0 13.0 31.0 68.0 87.0 89.0 96.0 97.0 98.0 96.0 47.0 72.0 46.0 19.0 5.0 2.0 
0.0 0.0 0.0 0.0 4.0 13.0 31.0 68.0 87.0 89.0 96.0 97.0 98.0 96.0 47.0 72.0 46.0 19.0 5.0 2.0 1.0 
0.0 
0.0 0.0 
0.0 0.0 0.0 
0.0 0.0 0.0 0.0 
0.0 0.0 0.0 0.0 0.0 
0.0 0.0 0.0 0.0 0.0 7.0 
0.0 0.0 0.0 0.0 0.0 7.0 22.0 
0.0 0.0 0.0 0.0 0.0 7.0 22.0 49.0 
0.0 0.0 0.0 0.0 0.0 7.0 22.0 49.0 66.0 
0.0 0.0 0.0 0.0 0.0 7.0 22.0 49.0 66.0 107.0 
0.0 0.0 0.0 0.0 0.0 7.0 22.0 49.0 66.0 107.0 108.0 
0.0 0.0 0.0 0.0 0.0 7.0 22.0 49.0 66.0 107.0 108.0 118.0 
0.0 0.0 0.0 0.0 0.0 7.0 22.0 49.0 66.0 107.0 108.0 118.0 90.0 
0.0 0.0 0.0 0.0 0.0 7.0 22.0 49.0 66.0 107.0 108.0 118.0 90.0 72.0 
0.0 0.0 0.0 0.0 0.0 7.0 22.0 49.0 66.0 107.0 108.0 118.0 90.0 72.0 60.0 
0.0 0.0 0.0 0.0 0.0 7.0 22.0 49.0 66.0 107.0 108.0 118.0 90.0 72.0 60.0 37.0 
0.0 0.0 0.0 0.0 0.0 7.0 22.0 49.0 66.0 107.0 108.0 118.0 90.0 72.0 60.0 37.0 17.0 
0.0 0.0 0.0 0.0 0.0 7.0 22.0 49.0 66.0 107.0 108.0 118.0 90.0 72.0 60.0 37.0 17.0 6.0 
0.0 0.0 0.0 0.0 0.0 7.0 22.0 49.0 66.0 107.0 108.0 118.0 90.0 72.0 60.0 37.0 17.0 6.0 3.0 
0.0 0.0 0.0 0.0 0.0 7.0 22.0 49.0 66.0 107.0 108.0 118.0 90.0 72.0 60.0 37.0 17.0 6.0 3.0 0.0 
0.0 0.0 0.0 0.0 0.0 7.0 22.0 49.0 66.0 107.0 108.0 118.0 90.0 72.0 60.0 37.0 17.0 6.0 3.0 0.0 1.0 
