3.0 
3.0 6.0 
3.0 6.0 14.0 
3.0 6.0 14.0 22.0 
3.0 6.0 14.0 22.0 30.0 
3.0 6.0 14.0 22.0 30.0 55.0 
3.0 6.0 14.0 22.0 30.0 55.0 63.0 
3.0 6.0 14.0 22.0 30.0 55.0 63.0 78.0 
3.0 6.0 14.0 22.0 30.0 55.0 63.0 78.0 86.0 
3.0 6.0 14.0 22.0 30.0 55.0 63.0 78.0 86.0 102.0 
3.0 6.0 14.0 22.0 30.0 55.0 63.0 78.0 86.0 102.0 96.0 
3.0 6.0 14.0 22.0 30.0 55.0 63.0 78.0 86.0 102.0 96.0 117.0 
3.0 6.0 14.0 22.0 30.0 55.0 63.0 78.0 86.0 102.0 96.0 117.0 124.0 
3.0 6.0 14.0 22.0 30.0 55.0 63.0 78.0 86.0 102.0 96.0 117.0 124.0 102.0 
3.0 6.0 14.0 22.0 30.0 55.0 63.0 78.0 86.0 102.0 96.0 117.0 124.0 102.0 96.0 
3.0 6.0 14.0 22.0 30.0 55.0 63.0 78.0 86.0 102.0 96.0 117.0 124.0 102.0 96.0 87.0 
3.0 6.0 14.0 22.0 30.0 55.0 63.0 78.0 86.0 102.0 96.0 117.0 124.0 102.0 96.0 87.0 75.0 
3.0 6.0 14.0 22.0 30.0 55.0 63.0 78.0 86.0 102.0 96.0 117.0 124.0 102.0 96.0 87.0 75.0 60.0 
3.0 6.0 14.0 22.0 30.0 55.0 63.0 78.0 86.0 102.0 96.0 117.0 124.0 102.0 96.0 87.0 75.0 60.0 43.0 
3.0 6.0 14.0 22.0 30.0 55.0 63.0 78.0 86.0 102.0 96.0 117.0 124.0 102.0 96.0 87.0 75.0 60.0 43.0 28.0 
3.0 6.0 14.0 22.0 30.0 55.0 63.0 78.0 86.0 102.0 96.0 117.0 124.0 102.0 96.0 87.0 75.0 60.0 43.0 28.0 13.0 
1.0 
1.0 3.0 
1.0 3.0 8.0 
1.0 3.0 8.0 13.0 
1.0 3.0 8.0 13.0 17.0 
1.0 3.0 8.0 13.0 17.0 34.0 
1.0 3.0 8.0 13.0 17.0 34.0 53.0 
1.0 3.0 8.0 13.0 17.0 34.0 53.0 74.0 
1.0 3.0 8.0 13.0 17.0 34.0 53.0 74.0 94.0 
1.0 3.0 8.0 13.0 17.0 34.0 53.0 74.0 94.0 88.0 
1.0 3.0 8.0 13.0 17.0 34.0 53.0 74.0 94.0 88.0 120.0 
1.0 3.0 8.0 13.0 17.0 34.0 53.0 74.0 94.0 88.0 120.0 111.0 
1.0 3.0 8.0 13.0 17.0 34.0 53.0 74.0 94.0 88.0 120.0 111.0 108.0 
1.0 3.0 8.0 13.0 17.0 34.0 53.0 74.0 94.0 88.0 120.0 111.0 108.0 78.0 
1.0 3.0 8.0 13.0 17.0 34.0 53.0 74.0 94.0 88.0 120.0 111.0 108.0 78.0 82.0 
1.0 3.0 8.0 13.0 17.0 34.0 53.0 74.0 94.0 88.0 120.0 111.0 108.0 78.0 82.0 64.0 
1.0 3.0 8.0 13.0 17.0 34.0 53.0 74.0 94.0 88.0 120.0 111.0 108.0 78.0 82.0 64.0 44.0 
1.0 3.0 8.0 13.0 17.0 34.0 53.0 74.0 94.0 88.0 120.0 111.0 108.0 78.0 82.0 64.0 44.0 29.0 
1.0 3.0 8.0 13.0 17.0 34.0 53.0 74.0 94.0 88.0 120.0 111.0 108.0 78.0 82.0 64.0 44.0 29.0 19.0 
1.0 3.0 8.0 13.0 17.0 34.0 53.0 74.0 94.0 88.0 120.0 111.0 108.0 78.0 82.0 64.0 44.0 29.0 19.0 14.0 
5.0 
5.0 10.0 
5.0 10.0 10.0 
5.0 10.0 10.0 16.0 
5.0 10.0 10.0 16.0 29.0 
5.0 10.0 10.0 16.0 29.0 42.0 
5.0 10.0 10.0 16.0 29.0 42.0 74.0 
5.0 10.0 10.0 16.0 29.0 42.0 74.0 73.0 
5.0 10.0 10.0 16.0 29.0 42.0 74.0 73.0 99.0 
5.0 10.0 10.0 16.0 29.0 42.0 74.0 73.0 99.0 93.0 
5.0 10.0 10.0 16.0 29.0 42.0 74.0 73.0 99.0 93.0 116.0 
5.0 10.0 10.0 16.0 29.0 42.0 74.0 73.0 99.0 93.0 116.0 113.0 
5.0 10.0 10.0 16.0 29.0 42.0 74.0 73.0 99.0 93.0 116.0 113.0 111.0 
5.0 10.0 10.0 16.0 29.0 42.0 74.0 73.0 99.0 93.0 116.0 113.0 111.0 109.0 
5.0 10.0 10.0 16.0 29.0 42.0 74.0 73.0 99.0 93.0 116.0 113.0 111.0 109.0 82.0 
5.0 10.0 10.0 16.0 29.0 42.0 74.0 73.0 99.0 93.0 116.0 113.0 111.0 109.0 82.0 84.0 
5.0 10.0 10.0 16.0 29.0 42.0 74.0 73.0 99.0 93.0 116.0 113.0 111.0 109.0 82.0 84.0 72.0 
5.0 10.0 10.0 16.0 29.0 42.0 74.0 73.0 99.0 93.0 116.0 113.0 111.0 109.0 82.0 84.0 72.0 62.0 
5.0 10.0 10.0 16.0 29.0 42.0 74.0 73.0 99.0 93.0 116.0 113.0 111.0 109.0 82.0 84.0 72.0 62.0 31.0 
5.0 10.0 10.0 16.0 29.0 42.0 74.0 73.0 99.0 93.0 116.0 113.0 111.0 109.0 82.0 84.0 72.0 62.0 31.0 21.0 
5.0 10.0 10.0 16.0 29.0 42.0 74.0 73.0 99.0 93.0 116.0 113.0 111.0 109.0 82.0 84.0 72.0 62.0 31.0 21.0 18.0 
1.0 
1.0 1.0 
1.0 1.0 3.0 
1.0 1.0 3.0 9.0 
1.0 1.0 3.0 9.0 19.0 
1.0 1.0 3.0 9.0 19.0 28.0 
1.0 1.0 3.0 9.0 19.0 28.0 43.0 
1.0 1.0 3.0 9.0 19.0 28.0 43.0 61.0 
1.0 1.0 3.0 9.0 19.0 28.0 43.0 61.0 87.0 
1.0 1.0 3.0 9.0 19.0 28.0 43.0 61.0 87.0 93.0 
1.0 1.0 3.0 9.0 19.0 28.0 43.0 61.0 87.0 93.0 115.0 
1.0 1.0 3.0 9.0 19.0 28.0 43.0 61.0 87.0 93.0 115.0 108.0 
1.0 1.0 3.0 9.0 19.0 28.0 43.0 61.0 87.0 93.0 115.0 108.0 102.0 
1.0 1.0 3.0 9.0 19.0 28.0 43.0 61.0 87.0 93.0 115.0 108.0 102.0 98.0 
1.0 1.0 3.0 9.0 19.0 28.0 43.0 61.0 87.0 93.0 115.0 108.0 102.0 98.0 82.0 
1.0 1.0 3.0 9.0 19.0 28.0 43.0 61.0 87.0 93.0 115.0 108.0 102.0 98.0 82.0 65.0 
1.0 1.0 3.0 9.0 19.0 28.0 43.0 61.0 87.0 93.0 115.0 108.0 102.0 98.0 82.0 65.0 41.0 
1.0 1.0 3.0 9.0 19.0 28.0 43.0 61.0 87.0 93.0 115.0 108.0 102.0 98.0 82.0 65.0 41.0 34.0 
1.0 1.0 3.0 9.0 19.0 28.0 43.0 61.0 87.0 93.0 115.0 108.0 102.0 98.0 82.0 65.0 41.0 34.0 24.0 
1.0 1.0 3.0 9.0 19.0 28.0 43.0 61.0 87.0 93.0 115.0 108.0 102.0 98.0 82.0 65.0 41.0 34.0 24.0 11.0 
1.0 1.0 3.0 9.0 19.0 28.0 43.0 61.0 87.0 93.0 115.0 108.0 102.0 98.0 82.0 65.0 41.0 34.0 24.0 11.0 5.0 
