0.0 
0.0 0.0 
0.0 0.0 0.0 
0.0 0.0 0.0 7.0 
0.0 0.0 0.0 7.0 13.0 
0.0 0.0 0.0 7.0 13.0 21.0 
0.0 0.0 0.0 7.0 13.0 21.0 46.0 
0.0 0.0 0.0 7.0 13.0 21.0 46.0 60.0 
0.0 0.0 0.0 7.0 13.0 21.0 46.0 60.0 97.0 
0.0 0.0 0.0 7.0 13.0 21.0 46.0 60.0 97.0 100.0 
0.0 0.0 0.0 7.0 13.0 21.0 46.0 60.0 97.0 100.0 103.0 
0.0 0.0 0.0 7.0 13.0 21.0 46.0 60.0 97.0 100.0 103.0 94.0 
0.0 0.0 0.0 7.0 13.0 21.0 46.0 60.0 97.0 100.0 103.0 94.0 91.0 
0.0 0.0 0.0 7.0 13.0 21.0 46.0 60.0 97.0 100.0 103.0 94.0 91.0 80.0 
0.0 0.0 0.0 7.0 13.0 21.0 46.0 60.0 97.0 100.0 103.0 94.0 91.0 80.0 74.0 
0.0 0.0 0.0 7.0 13.0 21.0 46.0 60.0 97.0 100.0 103.0 94.0 91.0 80.0 74.0 60.0 
0.0 0.0 0.0 7.0 13.0 21.0 46.0 60.0 97.0 100.0 103.0 94.0 91.0 80.0 74.0 60.0 64.0 
0.0 0.0 0.0 7.0 13.0 21.0 46.0 60.0 97.0 100.0 103.0 94.0 91.0 80.0 74.0 60.0 64.0 34.0 
0.0 0.0 0.0 7.0 13.0 21.0 46.0 60.0 97.0 100.0 103.0 94.0 91.0 80.0 74.0 60.0 64.0 34.0 6.0 
0.0 0.0 0.0 7.0 13.0 21.0 46.0 60.0 97.0 100.0 103.0 94.0 91.0 80.0 74.0 60.0 64.0 34.0 6.0 5.0 
0.0 0.0 0.0 7.0 13.0 21.0 46.0 60.0 97.0 100.0 103.0 94.0 91.0 80.0 74.0 60.0 64.0 34.0 6.0 5.0 3.0 
0.0 
0.0 1.0 
0.0 1.0 1.0 
0.0 1.0 1.0 2.0 
0.0 1.0 1.0 2.0 7.0 
0.0 1.0 1.0 2.0 7.0 10.0 
0.0 1.0 1.0 2.0 7.0 10.0 16.0 
0.0 1.0 1.0 2.0 7.0 10.0 16.0 34.0 
0.0 1.0 1.0 2.0 7.0 10.0 16.0 34.0 77.0 
0.0 1.0 1.0 2.0 7.0 10.0 16.0 34.0 77.0 89.0 
0.0 1.0 1.0 2.0 7.0 10.0 16.0 34.0 77.0 89.0 95.0 
0.0 1.0 1.0 2.0 7.0 10.0 16.0 34.0 77.0 89.0 95.0 90.0 
0.0 1.0 1.0 2.0 7.0 10.0 16.0 34.0 77.0 89.0 95.0 90.0 96.0 
0.0 1.0 1.0 2.0 7.0 10.0 16.0 34.0 77.0 89.0 95.0 90.0 96.0 90.0 
0.0 1.0 1.0 2.0 7.0 10.0 16.0 34.0 77.0 89.0 95.0 90.0 96.0 90.0 60.0 
0.0 1.0 1.0 2.0 7.0 10.0 16.0 34.0 77.0 89.0 95.0 90.0 96.0 90.0 60.0 33.0 
0.0 1.0 1.0 2.0 7.0 10.0 16.0 34.0 77.0 89.0 95.0 90.0 96.0 90.0 60.0 33.0 17.0 
0.0 1.0 1.0 2.0 7.0 10.0 16.0 34.0 77.0 89.0 95.0 90.0 96.0 90.0 60.0 33.0 17.0 5.0 
0.0 1.0 1.0 2.0 7.0 10.0 16.0 34.0 77.0 89.0 95.0 90.0 96.0 90.0 60.0 33.0 17.0 5.0 2.0 
0.0 1.0 1.0 2.0 7.0 10.0 16.0 34.0 77.0 89.0 95.0 90.0 96.0 90.0 60.0 33.0 17.0 5.0 2.0 0.0 
0.0 1.0 1.0 2.0 7.0 10.0 16.0 34.0 77.0 89.0 95.0 90.0 96.0 90.0 60.0 33.0 17.0 5.0 2.0 0.0 0.0 
0.0 
0.0 0.0 
0.0 0.0 0.0 
0.0 0.0 0.0 0.0 
0.0 0.0 0.0 0.0 4.0 
0.0 0.0 0.0 0.0 4.0 14.0 
0.0 0.0 0.0 0.0 4.0 14.0 40.0 
0.0 0.0 0.0 0.0 4.0 14.0 40.0 56.0 
0.0 0.0 0.0 0.0 4.0 14.0 40.0 56.0 91.0 
0.0 0.0 0.0 0.0 4.0 14.0 40.0 56.0 91.0 92.0 
0.0 0.0 0.0 0.0 4.0 14.0 40.0 56.0 91.0 92.0 93.0 
0.0 0.0 0.0 0.0 4.0 14.0 40.0 56.0 91.0 92.0 93.0 106.0 
0.0 0.0 0.0 0.0 4.0 14.0 40.0 56.0 91.0 92.0 93.0 106.0 112.0 
0.0 0.0 0.0 0.0 4.0 14.0 40.0 56.0 91.0 92.0 93.0 106.0 112.0 90.0 
0.0 0.0 0.0 0.0 4.0 14.0 40.0 56.0 91.0 92.0 93.0 106.0 112.0 90.0 77.0 
0.0 0.0 0.0 0.0 4.0 14.0 40.0 56.0 91.0 92.0 93.0 106.0 112.0 90.0 77.0 79.0 
0.0 0.0 0.0 0.0 4.0 14.0 40.0 56.0 91.0 92.0 93.0 106.0 112.0 90.0 77.0 79.0 52.0 
0.0 0.0 0.0 0.0 4.0 14.0 40.0 56.0 91.0 92.0 93.0 106.0 112.0 90.0 77.0 79.0 52.0 25.0 
0.0 0.0 0.0 0.0 4.0 14.0 40.0 56.0 91.0 92.0 93.0 106.0 112.0 90.0 77.0 79.0 52.0 25.0 9.0 
0.0 0.0 0.0 0.0 4.0 14.0 40.0 56.0 91.0 92.0 93.0 106.0 112.0 90.0 77.0 79.0 52.0 25.0 9.0 8.0 
0.0 0.0 0.0 0.0 4.0 14.0 40.0 56.0 91.0 92.0 93.0 106.0 112.0 90.0 77.0 79.0 52.0 25.0 9.0 8.0 3.0 
0.0 
0.0 2.0 
0.0 2.0 3.0 
0.0 2.0 3.0 3.0 
0.0 2.0 3.0 3.0 4.0 
0.0 2.0 3.0 3.0 4.0 9.0 
0.0 2.0 3.0 3.0 4.0 9.0 19.0 
0.0 2.0 3.0 3.0 4.0 9.0 19.0 51.0 
0.0 2.0 3.0 3.0 4.0 9.0 19.0 51.0 73.0 
0.0 2.0 3.0 3.0 4.0 9.0 19.0 51.0 73.0 99.0 
0.0 2.0 3.0 3.0 4.0 9.0 19.0 51.0 73.0 99.0 125.0 
0.0 2.0 3.0 3.0 4.0 9.0 19.0 51.0 73.0 99.0 125.0 97.0 
0.0 2.0 3.0 3.0 4.0 9.0 19.0 51.0 73.0 99.0 125.0 97.0 94.0 
0.0 2.0 3.0 3.0 4.0 9.0 19.0 51.0 73.0 99.0 125.0 97.0 94.0 74.0 
0.0 2.0 3.0 3.0 4.0 9.0 19.0 51.0 73.0 99.0 125.0 97.0 94.0 74.0 64.0 
0.0 2.0 3.0 3.0 4.0 9.0 19.0 51.0 73.0 99.0 125.0 97.0 94.0 74.0 64.0 40.0 
0.0 2.0 3.0 3.0 4.0 9.0 19.0 51.0 73.0 99.0 125.0 97.0 94.0 74.0 64.0 40.0 15.0 
0.0 2.0 3.0 3.0 4.0 9.0 19.0 51.0 73.0 99.0 125.0 97.0 94.0 74.0 64.0 40.0 15.0 3.0 
0.0 2.0 3.0 3.0 4.0 9.0 19.0 51.0 73.0 99.0 125.0 97.0 94.0 74.0 64.0 40.0 15.0 3.0 3.0 
0.0 2.0 3.0 3.0 4.0 9.0 19.0 51.0 73.0 99.0 125.0 97.0 94.0 74.0 64.0 40.0 15.0 3.0 3.0 1.0 
0.0 2.0 3.0 3.0 4.0 9.0 19.0 51.0 73.0 99.0 125.0 97.0 94.0 74.0 64.0 40.0 15.0 3.0 3.0 1.0 0.0 
