0.0 
0.0 0.0 
0.0 0.0 0.0 
0.0 0.0 0.0 0.0 
0.0 0.0 0.0 0.0 2.0 
0.0 0.0 0.0 0.0 2.0 8.0 
0.0 0.0 0.0 0.0 2.0 8.0 19.0 
0.0 0.0 0.0 0.0 2.0 8.0 19.0 47.0 
0.0 0.0 0.0 0.0 2.0 8.0 19.0 47.0 80.0 
0.0 0.0 0.0 0.0 2.0 8.0 19.0 47.0 80.0 88.0 
0.0 0.0 0.0 0.0 2.0 8.0 19.0 47.0 80.0 88.0 61.0 
0.0 0.0 0.0 0.0 2.0 8.0 19.0 47.0 80.0 88.0 61.0 102.0 
0.0 0.0 0.0 0.0 2.0 8.0 19.0 47.0 80.0 88.0 61.0 102.0 49.0 
0.0 0.0 0.0 0.0 2.0 8.0 19.0 47.0 80.0 88.0 61.0 102.0 49.0 70.0 
0.0 0.0 0.0 0.0 2.0 8.0 19.0 47.0 80.0 88.0 61.0 102.0 49.0 70.0 56.0 
0.0 0.0 0.0 0.0 2.0 8.0 19.0 47.0 80.0 88.0 61.0 102.0 49.0 70.0 56.0 65.0 
0.0 0.0 0.0 0.0 2.0 8.0 19.0 47.0 80.0 88.0 61.0 102.0 49.0 70.0 56.0 65.0 48.0 
0.0 0.0 0.0 0.0 2.0 8.0 19.0 47.0 80.0 88.0 61.0 102.0 49.0 70.0 56.0 65.0 48.0 15.0 
0.0 0.0 0.0 0.0 2.0 8.0 19.0 47.0 80.0 88.0 61.0 102.0 49.0 70.0 56.0 65.0 48.0 15.0 3.0 
0.0 0.0 0.0 0.0 2.0 8.0 19.0 47.0 80.0 88.0 61.0 102.0 49.0 70.0 56.0 65.0 48.0 15.0 3.0 1.0 
0.0 0.0 0.0 0.0 2.0 8.0 19.0 47.0 80.0 88.0 61.0 102.0 49.0 70.0 56.0 65.0 48.0 15.0 3.0 1.0 1.0 
0.0 
0.0 0.0 
0.0 0.0 0.0 
0.0 0.0 0.0 0.0 
0.0 0.0 0.0 0.0 1.0 
0.0 0.0 0.0 0.0 1.0 1.0 
0.0 0.0 0.0 0.0 1.0 1.0 11.0 
0.0 0.0 0.0 0.0 1.0 1.0 11.0 31.0 
0.0 0.0 0.0 0.0 1.0 1.0 11.0 31.0 51.0 
0.0 0.0 0.0 0.0 1.0 1.0 11.0 31.0 51.0 91.0 
0.0 0.0 0.0 0.0 1.0 1.0 11.0 31.0 51.0 91.0 101.0 
0.0 0.0 0.0 0.0 1.0 1.0 11.0 31.0 51.0 91.0 101.0 72.0 
0.0 0.0 0.0 0.0 1.0 1.0 11.0 31.0 51.0 91.0 101.0 72.0 83.0 
0.0 0.0 0.0 0.0 1.0 1.0 11.0 31.0 51.0 91.0 101.0 72.0 83.0 76.0 
0.0 0.0 0.0 0.0 1.0 1.0 11.0 31.0 51.0 91.0 101.0 72.0 83.0 76.0 61.0 
0.0 0.0 0.0 0.0 1.0 1.0 11.0 31.0 51.0 91.0 101.0 72.0 83.0 76.0 61.0 18.0 
0.0 0.0 0.0 0.0 1.0 1.0 11.0 31.0 51.0 91.0 101.0 72.0 83.0 76.0 61.0 18.0 6.0 
0.0 0.0 0.0 0.0 1.0 1.0 11.0 31.0 51.0 91.0 101.0 72.0 83.0 76.0 61.0 18.0 6.0 2.0 
0.0 0.0 0.0 0.0 1.0 1.0 11.0 31.0 51.0 91.0 101.0 72.0 83.0 76.0 61.0 18.0 6.0 2.0 0.0 
0.0 0.0 0.0 0.0 1.0 1.0 11.0 31.0 51.0 91.0 101.0 72.0 83.0 76.0 61.0 18.0 6.0 2.0 0.0 0.0 
0.0 0.0 0.0 0.0 1.0 1.0 11.0 31.0 51.0 91.0 101.0 72.0 83.0 76.0 61.0 18.0 6.0 2.0 0.0 0.0 0.0 
0.0 
0.0 0.0 
0.0 0.0 0.0 
0.0 0.0 0.0 1.0 
0.0 0.0 0.0 1.0 1.0 
0.0 0.0 0.0 1.0 1.0 2.0 
0.0 0.0 0.0 1.0 1.0 2.0 21.0 
0.0 0.0 0.0 1.0 1.0 2.0 21.0 51.0 
0.0 0.0 0.0 1.0 1.0 2.0 21.0 51.0 87.0 
0.0 0.0 0.0 1.0 1.0 2.0 21.0 51.0 87.0 82.0 
0.0 0.0 0.0 1.0 1.0 2.0 21.0 51.0 87.0 82.0 76.0 
0.0 0.0 0.0 1.0 1.0 2.0 21.0 51.0 87.0 82.0 76.0 74.0 
0.0 0.0 0.0 1.0 1.0 2.0 21.0 51.0 87.0 82.0 76.0 74.0 72.0 
0.0 0.0 0.0 1.0 1.0 2.0 21.0 51.0 87.0 82.0 76.0 74.0 72.0 46.0 
0.0 0.0 0.0 1.0 1.0 2.0 21.0 51.0 87.0 82.0 76.0 74.0 72.0 46.0 62.0 
0.0 0.0 0.0 1.0 1.0 2.0 21.0 51.0 87.0 82.0 76.0 74.0 72.0 46.0 62.0 72.0 
0.0 0.0 0.0 1.0 1.0 2.0 21.0 51.0 87.0 82.0 76.0 74.0 72.0 46.0 62.0 72.0 42.0 
0.0 0.0 0.0 1.0 1.0 2.0 21.0 51.0 87.0 82.0 76.0 74.0 72.0 46.0 62.0 72.0 42.0 10.0 
0.0 0.0 0.0 1.0 1.0 2.0 21.0 51.0 87.0 82.0 76.0 74.0 72.0 46.0 62.0 72.0 42.0 10.0 2.0 
0.0 0.0 0.0 1.0 1.0 2.0 21.0 51.0 87.0 82.0 76.0 74.0 72.0 46.0 62.0 72.0 42.0 10.0 2.0 0.0 
0.0 0.0 0.0 1.0 1.0 2.0 21.0 51.0 87.0 82.0 76.0 74.0 72.0 46.0 62.0 72.0 42.0 10.0 2.0 0.0 0.0 
0.0 
0.0 0.0 
0.0 0.0 0.0 
0.0 0.0 0.0 0.0 
0.0 0.0 0.0 0.0 0.0 
0.0 0.0 0.0 0.0 0.0 5.0 
0.0 0.0 0.0 0.0 0.0 5.0 15.0 
0.0 0.0 0.0 0.0 0.0 5.0 15.0 34.0 
0.0 0.0 0.0 0.0 0.0 5.0 15.0 34.0 65.0 
0.0 0.0 0.0 0.0 0.0 5.0 15.0 34.0 65.0 107.0 
0.0 0.0 0.0 0.0 0.0 5.0 15.0 34.0 65.0 107.0 108.0 
0.0 0.0 0.0 0.0 0.0 5.0 15.0 34.0 65.0 107.0 108.0 57.0 
0.0 0.0 0.0 0.0 0.0 5.0 15.0 34.0 65.0 107.0 108.0 57.0 86.0 
0.0 0.0 0.0 0.0 0.0 5.0 15.0 34.0 65.0 107.0 108.0 57.0 86.0 85.0 
0.0 0.0 0.0 0.0 0.0 5.0 15.0 34.0 65.0 107.0 108.0 57.0 86.0 85.0 56.0 
0.0 0.0 0.0 0.0 0.0 5.0 15.0 34.0 65.0 107.0 108.0 57.0 86.0 85.0 56.0 26.0 
0.0 0.0 0.0 0.0 0.0 5.0 15.0 34.0 65.0 107.0 108.0 57.0 86.0 85.0 56.0 26.0 10.0 
0.0 0.0 0.0 0.0 0.0 5.0 15.0 34.0 65.0 107.0 108.0 57.0 86.0 85.0 56.0 26.0 10.0 2.0 
0.0 0.0 0.0 0.0 0.0 5.0 15.0 34.0 65.0 107.0 108.0 57.0 86.0 85.0 56.0 26.0 10.0 2.0 1.0 
0.0 0.0 0.0 0.0 0.0 5.0 15.0 34.0 65.0 107.0 108.0 57.0 86.0 85.0 56.0 26.0 10.0 2.0 1.0 0.0 
0.0 0.0 0.0 0.0 0.0 5.0 15.0 34.0 65.0 107.0 108.0 57.0 86.0 85.0 56.0 26.0 10.0 2.0 1.0 0.0 0.0 
