1.0 
1.0 5.0 
1.0 5.0 10.0 
1.0 5.0 10.0 16.0 
1.0 5.0 10.0 16.0 33.0 
1.0 5.0 10.0 16.0 33.0 54.0 
1.0 5.0 10.0 16.0 33.0 54.0 73.0 
1.0 5.0 10.0 16.0 33.0 54.0 73.0 90.0 
1.0 5.0 10.0 16.0 33.0 54.0 73.0 90.0 95.0 
1.0 5.0 10.0 16.0 33.0 54.0 73.0 90.0 95.0 107.0 
1.0 5.0 10.0 16.0 33.0 54.0 73.0 90.0 95.0 107.0 105.0 
1.0 5.0 10.0 16.0 33.0 54.0 73.0 90.0 95.0 107.0 105.0 105.0 
1.0 5.0 10.0 16.0 33.0 54.0 73.0 90.0 95.0 107.0 105.0 105.0 115.0 
1.0 5.0 10.0 16.0 33.0 54.0 73.0 90.0 95.0 107.0 105.0 105.0 115.0 99.0 
1.0 5.0 10.0 16.0 33.0 54.0 73.0 90.0 95.0 107.0 105.0 105.0 115.0 99.0 88.0 
1.0 5.0 10.0 16.0 33.0 54.0 73.0 90.0 95.0 107.0 105.0 105.0 115.0 99.0 88.0 92.0 
1.0 5.0 10.0 16.0 33.0 54.0 73.0 90.0 95.0 107.0 105.0 105.0 115.0 99.0 88.0 92.0 60.0 
1.0 5.0 10.0 16.0 33.0 54.0 73.0 90.0 95.0 107.0 105.0 105.0 115.0 99.0 88.0 92.0 60.0 66.0 
1.0 5.0 10.0 16.0 33.0 54.0 73.0 90.0 95.0 107.0 105.0 105.0 115.0 99.0 88.0 92.0 60.0 66.0 44.0 
1.0 5.0 10.0 16.0 33.0 54.0 73.0 90.0 95.0 107.0 105.0 105.0 115.0 99.0 88.0 92.0 60.0 66.0 44.0 25.0 
1.0 5.0 10.0 16.0 33.0 54.0 73.0 90.0 95.0 107.0 105.0 105.0 115.0 99.0 88.0 92.0 60.0 66.0 44.0 25.0 19.0 
0.0 
0.0 3.0 
0.0 3.0 9.0 
0.0 3.0 9.0 18.0 
0.0 3.0 9.0 18.0 32.0 
0.0 3.0 9.0 18.0 32.0 50.0 
0.0 3.0 9.0 18.0 32.0 50.0 64.0 
0.0 3.0 9.0 18.0 32.0 50.0 64.0 74.0 
0.0 3.0 9.0 18.0 32.0 50.0 64.0 74.0 81.0 
0.0 3.0 9.0 18.0 32.0 50.0 64.0 74.0 81.0 98.0 
0.0 3.0 9.0 18.0 32.0 50.0 64.0 74.0 81.0 98.0 115.0 
0.0 3.0 9.0 18.0 32.0 50.0 64.0 74.0 81.0 98.0 115.0 120.0 
0.0 3.0 9.0 18.0 32.0 50.0 64.0 74.0 81.0 98.0 115.0 120.0 102.0 
0.0 3.0 9.0 18.0 32.0 50.0 64.0 74.0 81.0 98.0 115.0 120.0 102.0 87.0 
0.0 3.0 9.0 18.0 32.0 50.0 64.0 74.0 81.0 98.0 115.0 120.0 102.0 87.0 86.0 
0.0 3.0 9.0 18.0 32.0 50.0 64.0 74.0 81.0 98.0 115.0 120.0 102.0 87.0 86.0 59.0 
0.0 3.0 9.0 18.0 32.0 50.0 64.0 74.0 81.0 98.0 115.0 120.0 102.0 87.0 86.0 59.0 40.0 
0.0 3.0 9.0 18.0 32.0 50.0 64.0 74.0 81.0 98.0 115.0 120.0 102.0 87.0 86.0 59.0 40.0 33.0 
0.0 3.0 9.0 18.0 32.0 50.0 64.0 74.0 81.0 98.0 115.0 120.0 102.0 87.0 86.0 59.0 40.0 33.0 20.0 
0.0 3.0 9.0 18.0 32.0 50.0 64.0 74.0 81.0 98.0 115.0 120.0 102.0 87.0 86.0 59.0 40.0 33.0 20.0 14.0 
0.0 3.0 9.0 18.0 32.0 50.0 64.0 74.0 81.0 98.0 115.0 120.0 102.0 87.0 86.0 59.0 40.0 33.0 20.0 14.0 11.0 
0.0 
0.0 5.0 
0.0 5.0 7.0 
0.0 5.0 7.0 18.0 
0.0 5.0 7.0 18.0 26.0 
0.0 5.0 7.0 18.0 26.0 56.0 
0.0 5.0 7.0 18.0 26.0 56.0 67.0 
0.0 5.0 7.0 18.0 26.0 56.0 67.0 77.0 
0.0 5.0 7.0 18.0 26.0 56.0 67.0 77.0 79.0 
0.0 5.0 7.0 18.0 26.0 56.0 67.0 77.0 79.0 109.0 
0.0 5.0 7.0 18.0 26.0 56.0 67.0 77.0 79.0 109.0 122.0 
0.0 5.0 7.0 18.0 26.0 56.0 67.0 77.0 79.0 109.0 122.0 113.0 
0.0 5.0 7.0 18.0 26.0 56.0 67.0 77.0 79.0 109.0 122.0 113.0 122.0 
0.0 5.0 7.0 18.0 26.0 56.0 67.0 77.0 79.0 109.0 122.0 113.0 122.0 98.0 
0.0 5.0 7.0 18.0 26.0 56.0 67.0 77.0 79.0 109.0 122.0 113.0 122.0 98.0 100.0 
0.0 5.0 7.0 18.0 26.0 56.0 67.0 77.0 79.0 109.0 122.0 113.0 122.0 98.0 100.0 93.0 
0.0 5.0 7.0 18.0 26.0 56.0 67.0 77.0 79.0 109.0 122.0 113.0 122.0 98.0 100.0 93.0 71.0 
0.0 5.0 7.0 18.0 26.0 56.0 67.0 77.0 79.0 109.0 122.0 113.0 122.0 98.0 100.0 93.0 71.0 39.0 
0.0 5.0 7.0 18.0 26.0 56.0 67.0 77.0 79.0 109.0 122.0 113.0 122.0 98.0 100.0 93.0 71.0 39.0 32.0 
0.0 5.0 7.0 18.0 26.0 56.0 67.0 77.0 79.0 109.0 122.0 113.0 122.0 98.0 100.0 93.0 71.0 39.0 32.0 16.0 
0.0 5.0 7.0 18.0 26.0 56.0 67.0 77.0 79.0 109.0 122.0 113.0 122.0 98.0 100.0 93.0 71.0 39.0 32.0 16.0 18.0 
0.0 
0.0 5.0 
0.0 5.0 11.0 
0.0 5.0 11.0 16.0 
0.0 5.0 11.0 16.0 18.0 
0.0 5.0 11.0 16.0 18.0 31.0 
0.0 5.0 11.0 16.0 18.0 31.0 57.0 
0.0 5.0 11.0 16.0 18.0 31.0 57.0 64.0 
0.0 5.0 11.0 16.0 18.0 31.0 57.0 64.0 94.0 
0.0 5.0 11.0 16.0 18.0 31.0 57.0 64.0 94.0 110.0 
0.0 5.0 11.0 16.0 18.0 31.0 57.0 64.0 94.0 110.0 94.0 
0.0 5.0 11.0 16.0 18.0 31.0 57.0 64.0 94.0 110.0 94.0 108.0 
0.0 5.0 11.0 16.0 18.0 31.0 57.0 64.0 94.0 110.0 94.0 108.0 111.0 
0.0 5.0 11.0 16.0 18.0 31.0 57.0 64.0 94.0 110.0 94.0 108.0 111.0 91.0 
0.0 5.0 11.0 16.0 18.0 31.0 57.0 64.0 94.0 110.0 94.0 108.0 111.0 91.0 71.0 
0.0 5.0 11.0 16.0 18.0 31.0 57.0 64.0 94.0 110.0 94.0 108.0 111.0 91.0 71.0 57.0 
0.0 5.0 11.0 16.0 18.0 31.0 57.0 64.0 94.0 110.0 94.0 108.0 111.0 91.0 71.0 57.0 44.0 
0.0 5.0 11.0 16.0 18.0 31.0 57.0 64.0 94.0 110.0 94.0 108.0 111.0 91.0 71.0 57.0 44.0 32.0 
0.0 5.0 11.0 16.0 18.0 31.0 57.0 64.0 94.0 110.0 94.0 108.0 111.0 91.0 71.0 57.0 44.0 32.0 13.0 
0.0 5.0 11.0 16.0 18.0 31.0 57.0 64.0 94.0 110.0 94.0 108.0 111.0 91.0 71.0 57.0 44.0 32.0 13.0 10.0 
0.0 5.0 11.0 16.0 18.0 31.0 57.0 64.0 94.0 110.0 94.0 108.0 111.0 91.0 71.0 57.0 44.0 32.0 13.0 10.0 8.0 
