0.0 
0.0 0.0 
0.0 0.0 0.0 
0.0 0.0 0.0 0.0 
0.0 0.0 0.0 0.0 0.0 
0.0 0.0 0.0 0.0 0.0 6.0 
0.0 0.0 0.0 0.0 0.0 6.0 24.0 
0.0 0.0 0.0 0.0 0.0 6.0 24.0 52.0 
0.0 0.0 0.0 0.0 0.0 6.0 24.0 52.0 65.0 
0.0 0.0 0.0 0.0 0.0 6.0 24.0 52.0 65.0 96.0 
0.0 0.0 0.0 0.0 0.0 6.0 24.0 52.0 65.0 96.0 56.0 
0.0 0.0 0.0 0.0 0.0 6.0 24.0 52.0 65.0 96.0 56.0 81.0 
0.0 0.0 0.0 0.0 0.0 6.0 24.0 52.0 65.0 96.0 56.0 81.0 43.0 
0.0 0.0 0.0 0.0 0.0 6.0 24.0 52.0 65.0 96.0 56.0 81.0 43.0 38.0 
0.0 0.0 0.0 0.0 0.0 6.0 24.0 52.0 65.0 96.0 56.0 81.0 43.0 38.0 29.0 
0.0 0.0 0.0 0.0 0.0 6.0 24.0 52.0 65.0 96.0 56.0 81.0 43.0 38.0 29.0 54.0 
0.0 0.0 0.0 0.0 0.0 6.0 24.0 52.0 65.0 96.0 56.0 81.0 43.0 38.0 29.0 54.0 47.0 
0.0 0.0 0.0 0.0 0.0 6.0 24.0 52.0 65.0 96.0 56.0 81.0 43.0 38.0 29.0 54.0 47.0 12.0 
0.0 0.0 0.0 0.0 0.0 6.0 24.0 52.0 65.0 96.0 56.0 81.0 43.0 38.0 29.0 54.0 47.0 12.0 3.0 
0.0 0.0 0.0 0.0 0.0 6.0 24.0 52.0 65.0 96.0 56.0 81.0 43.0 38.0 29.0 54.0 47.0 12.0 3.0 1.0 
0.0 0.0 0.0 0.0 0.0 6.0 24.0 52.0 65.0 96.0 56.0 81.0 43.0 38.0 29.0 54.0 47.0 12.0 3.0 1.0 0.0 
0.0 
0.0 0.0 
0.0 0.0 0.0 
0.0 0.0 0.0 0.0 
0.0 0.0 0.0 0.0 0.0 
0.0 0.0 0.0 0.0 0.0 0.0 
0.0 0.0 0.0 0.0 0.0 0.0 5.0 
0.0 0.0 0.0 0.0 0.0 0.0 5.0 28.0 
0.0 0.0 0.0 0.0 0.0 0.0 5.0 28.0 64.0 
0.0 0.0 0.0 0.0 0.0 0.0 5.0 28.0 64.0 86.0 
0.0 0.0 0.0 0.0 0.0 0.0 5.0 28.0 64.0 86.0 88.0 
0.0 0.0 0.0 0.0 0.0 0.0 5.0 28.0 64.0 86.0 88.0 80.0 
0.0 0.0 0.0 0.0 0.0 0.0 5.0 28.0 64.0 86.0 88.0 80.0 100.0 
0.0 0.0 0.0 0.0 0.0 0.0 5.0 28.0 64.0 86.0 88.0 80.0 100.0 78.0 
0.0 0.0 0.0 0.0 0.0 0.0 5.0 28.0 64.0 86.0 88.0 80.0 100.0 78.0 40.0 
0.0 0.0 0.0 0.0 0.0 0.0 5.0 28.0 64.0 86.0 88.0 80.0 100.0 78.0 40.0 11.0 
0.0 0.0 0.0 0.0 0.0 0.0 5.0 28.0 64.0 86.0 88.0 80.0 100.0 78.0 40.0 11.0 2.0 
0.0 0.0 0.0 0.0 0.0 0.0 5.0 28.0 64.0 86.0 88.0 80.0 100.0 78.0 40.0 11.0 2.0 1.0 
0.0 0.0 0.0 0.0 0.0 0.0 5.0 28.0 64.0 86.0 88.0 80.0 100.0 78.0 40.0 11.0 2.0 1.0 0.0 
0.0 0.0 0.0 0.0 0.0 0.0 5.0 28.0 64.0 86.0 88.0 80.0 100.0 78.0 40.0 11.0 2.0 1.0 0.0 0.0 
0.0 0.0 0.0 0.0 0.0 0.0 5.0 28.0 64.0 86.0 88.0 80.0 100.0 78.0 40.0 11.0 2.0 1.0 0.0 0.0 0.0 
0.0 
0.0 0.0 
0.0 0.0 0.0 
0.0 0.0 0.0 0.0 
0.0 0.0 0.0 0.0 0.0 
0.0 0.0 0.0 0.0 0.0 3.0 
0.0 0.0 0.0 0.0 0.0 3.0 13.0 
0.0 0.0 0.0 0.0 0.0 3.0 13.0 54.0 
0.0 0.0 0.0 0.0 0.0 3.0 13.0 54.0 76.0 
0.0 0.0 0.0 0.0 0.0 3.0 13.0 54.0 76.0 84.0 
0.0 0.0 0.0 0.0 0.0 3.0 13.0 54.0 76.0 84.0 53.0 
0.0 0.0 0.0 0.0 0.0 3.0 13.0 54.0 76.0 84.0 53.0 67.0 
0.0 0.0 0.0 0.0 0.0 3.0 13.0 54.0 76.0 84.0 53.0 67.0 47.0 
0.0 0.0 0.0 0.0 0.0 3.0 13.0 54.0 76.0 84.0 53.0 67.0 47.0 85.0 
0.0 0.0 0.0 0.0 0.0 3.0 13.0 54.0 76.0 84.0 53.0 67.0 47.0 85.0 65.0 
0.0 0.0 0.0 0.0 0.0 3.0 13.0 54.0 76.0 84.0 53.0 67.0 47.0 85.0 65.0 54.0 
0.0 0.0 0.0 0.0 0.0 3.0 13.0 54.0 76.0 84.0 53.0 67.0 47.0 85.0 65.0 54.0 45.0 
0.0 0.0 0.0 0.0 0.0 3.0 13.0 54.0 76.0 84.0 53.0 67.0 47.0 85.0 65.0 54.0 45.0 16.0 
0.0 0.0 0.0 0.0 0.0 3.0 13.0 54.0 76.0 84.0 53.0 67.0 47.0 85.0 65.0 54.0 45.0 16.0 3.0 
0.0 0.0 0.0 0.0 0.0 3.0 13.0 54.0 76.0 84.0 53.0 67.0 47.0 85.0 65.0 54.0 45.0 16.0 3.0 0.0 
0.0 0.0 0.0 0.0 0.0 3.0 13.0 54.0 76.0 84.0 53.0 67.0 47.0 85.0 65.0 54.0 45.0 16.0 3.0 0.0 0.0 
0.0 
0.0 0.0 
0.0 0.0 0.0 
0.0 0.0 0.0 0.0 
0.0 0.0 0.0 0.0 0.0 
0.0 0.0 0.0 0.0 0.0 1.0 
0.0 0.0 0.0 0.0 0.0 1.0 4.0 
0.0 0.0 0.0 0.0 0.0 1.0 4.0 26.0 
0.0 0.0 0.0 0.0 0.0 1.0 4.0 26.0 53.0 
0.0 0.0 0.0 0.0 0.0 1.0 4.0 26.0 53.0 92.0 
0.0 0.0 0.0 0.0 0.0 1.0 4.0 26.0 53.0 92.0 88.0 
0.0 0.0 0.0 0.0 0.0 1.0 4.0 26.0 53.0 92.0 88.0 83.0 
0.0 0.0 0.0 0.0 0.0 1.0 4.0 26.0 53.0 92.0 88.0 83.0 89.0 
0.0 0.0 0.0 0.0 0.0 1.0 4.0 26.0 53.0 92.0 88.0 83.0 89.0 84.0 
0.0 0.0 0.0 0.0 0.0 1.0 4.0 26.0 53.0 92.0 88.0 83.0 89.0 84.0 37.0 
0.0 0.0 0.0 0.0 0.0 1.0 4.0 26.0 53.0 92.0 88.0 83.0 89.0 84.0 37.0 13.0 
0.0 0.0 0.0 0.0 0.0 1.0 4.0 26.0 53.0 92.0 88.0 83.0 89.0 84.0 37.0 13.0 4.0 
0.0 0.0 0.0 0.0 0.0 1.0 4.0 26.0 53.0 92.0 88.0 83.0 89.0 84.0 37.0 13.0 4.0 1.0 
0.0 0.0 0.0 0.0 0.0 1.0 4.0 26.0 53.0 92.0 88.0 83.0 89.0 84.0 37.0 13.0 4.0 1.0 0.0 
0.0 0.0 0.0 0.0 0.0 1.0 4.0 26.0 53.0 92.0 88.0 83.0 89.0 84.0 37.0 13.0 4.0 1.0 0.0 0.0 
0.0 0.0 0.0 0.0 0.0 1.0 4.0 26.0 53.0 92.0 88.0 83.0 89.0 84.0 37.0 13.0 4.0 1.0 0.0 0.0 0.0 
