0.0 
0.0 0.0 
0.0 0.0 1.0 
0.0 0.0 1.0 9.0 
0.0 0.0 1.0 9.0 14.0 
0.0 0.0 1.0 9.0 14.0 25.0 
0.0 0.0 1.0 9.0 14.0 25.0 66.0 
0.0 0.0 1.0 9.0 14.0 25.0 66.0 79.0 
0.0 0.0 1.0 9.0 14.0 25.0 66.0 79.0 83.0 
0.0 0.0 1.0 9.0 14.0 25.0 66.0 79.0 83.0 87.0 
0.0 0.0 1.0 9.0 14.0 25.0 66.0 79.0 83.0 87.0 109.0 
0.0 0.0 1.0 9.0 14.0 25.0 66.0 79.0 83.0 87.0 109.0 105.0 
0.0 0.0 1.0 9.0 14.0 25.0 66.0 79.0 83.0 87.0 109.0 105.0 93.0 
0.0 0.0 1.0 9.0 14.0 25.0 66.0 79.0 83.0 87.0 109.0 105.0 93.0 90.0 
0.0 0.0 1.0 9.0 14.0 25.0 66.0 79.0 83.0 87.0 109.0 105.0 93.0 90.0 89.0 
0.0 0.0 1.0 9.0 14.0 25.0 66.0 79.0 83.0 87.0 109.0 105.0 93.0 90.0 89.0 83.0 
0.0 0.0 1.0 9.0 14.0 25.0 66.0 79.0 83.0 87.0 109.0 105.0 93.0 90.0 89.0 83.0 57.0 
0.0 0.0 1.0 9.0 14.0 25.0 66.0 79.0 83.0 87.0 109.0 105.0 93.0 90.0 89.0 83.0 57.0 39.0 
0.0 0.0 1.0 9.0 14.0 25.0 66.0 79.0 83.0 87.0 109.0 105.0 93.0 90.0 89.0 83.0 57.0 39.0 20.0 
0.0 0.0 1.0 9.0 14.0 25.0 66.0 79.0 83.0 87.0 109.0 105.0 93.0 90.0 89.0 83.0 57.0 39.0 20.0 7.0 
0.0 0.0 1.0 9.0 14.0 25.0 66.0 79.0 83.0 87.0 109.0 105.0 93.0 90.0 89.0 83.0 57.0 39.0 20.0 7.0 3.0 
1.0 
1.0 2.0 
1.0 2.0 2.0 
1.0 2.0 2.0 2.0 
1.0 2.0 2.0 2.0 6.0 
1.0 2.0 2.0 2.0 6.0 18.0 
1.0 2.0 2.0 2.0 6.0 18.0 35.0 
1.0 2.0 2.0 2.0 6.0 18.0 35.0 52.0 
1.0 2.0 2.0 2.0 6.0 18.0 35.0 52.0 77.0 
1.0 2.0 2.0 2.0 6.0 18.0 35.0 52.0 77.0 101.0 
1.0 2.0 2.0 2.0 6.0 18.0 35.0 52.0 77.0 101.0 114.0 
1.0 2.0 2.0 2.0 6.0 18.0 35.0 52.0 77.0 101.0 114.0 103.0 
1.0 2.0 2.0 2.0 6.0 18.0 35.0 52.0 77.0 101.0 114.0 103.0 105.0 
1.0 2.0 2.0 2.0 6.0 18.0 35.0 52.0 77.0 101.0 114.0 103.0 105.0 101.0 
1.0 2.0 2.0 2.0 6.0 18.0 35.0 52.0 77.0 101.0 114.0 103.0 105.0 101.0 78.0 
1.0 2.0 2.0 2.0 6.0 18.0 35.0 52.0 77.0 101.0 114.0 103.0 105.0 101.0 78.0 61.0 
1.0 2.0 2.0 2.0 6.0 18.0 35.0 52.0 77.0 101.0 114.0 103.0 105.0 101.0 78.0 61.0 35.0 
1.0 2.0 2.0 2.0 6.0 18.0 35.0 52.0 77.0 101.0 114.0 103.0 105.0 101.0 78.0 61.0 35.0 15.0 
1.0 2.0 2.0 2.0 6.0 18.0 35.0 52.0 77.0 101.0 114.0 103.0 105.0 101.0 78.0 61.0 35.0 15.0 10.0 
1.0 2.0 2.0 2.0 6.0 18.0 35.0 52.0 77.0 101.0 114.0 103.0 105.0 101.0 78.0 61.0 35.0 15.0 10.0 6.0 
1.0 2.0 2.0 2.0 6.0 18.0 35.0 52.0 77.0 101.0 114.0 103.0 105.0 101.0 78.0 61.0 35.0 15.0 10.0 6.0 1.0 
0.0 
0.0 1.0 
0.0 1.0 5.0 
0.0 1.0 5.0 12.0 
0.0 1.0 5.0 12.0 23.0 
0.0 1.0 5.0 12.0 23.0 33.0 
0.0 1.0 5.0 12.0 23.0 33.0 51.0 
0.0 1.0 5.0 12.0 23.0 33.0 51.0 73.0 
0.0 1.0 5.0 12.0 23.0 33.0 51.0 73.0 97.0 
0.0 1.0 5.0 12.0 23.0 33.0 51.0 73.0 97.0 98.0 
0.0 1.0 5.0 12.0 23.0 33.0 51.0 73.0 97.0 98.0 100.0 
0.0 1.0 5.0 12.0 23.0 33.0 51.0 73.0 97.0 98.0 100.0 85.0 
0.0 1.0 5.0 12.0 23.0 33.0 51.0 73.0 97.0 98.0 100.0 85.0 96.0 
0.0 1.0 5.0 12.0 23.0 33.0 51.0 73.0 97.0 98.0 100.0 85.0 96.0 102.0 
0.0 1.0 5.0 12.0 23.0 33.0 51.0 73.0 97.0 98.0 100.0 85.0 96.0 102.0 91.0 
0.0 1.0 5.0 12.0 23.0 33.0 51.0 73.0 97.0 98.0 100.0 85.0 96.0 102.0 91.0 72.0 
0.0 1.0 5.0 12.0 23.0 33.0 51.0 73.0 97.0 98.0 100.0 85.0 96.0 102.0 91.0 72.0 71.0 
0.0 1.0 5.0 12.0 23.0 33.0 51.0 73.0 97.0 98.0 100.0 85.0 96.0 102.0 91.0 72.0 71.0 46.0 
0.0 1.0 5.0 12.0 23.0 33.0 51.0 73.0 97.0 98.0 100.0 85.0 96.0 102.0 91.0 72.0 71.0 46.0 16.0 
0.0 1.0 5.0 12.0 23.0 33.0 51.0 73.0 97.0 98.0 100.0 85.0 96.0 102.0 91.0 72.0 71.0 46.0 16.0 7.0 
0.0 1.0 5.0 12.0 23.0 33.0 51.0 73.0 97.0 98.0 100.0 85.0 96.0 102.0 91.0 72.0 71.0 46.0 16.0 7.0 4.0 
0.0 
0.0 0.0 
0.0 0.0 0.0 
0.0 0.0 0.0 4.0 
0.0 0.0 0.0 4.0 9.0 
0.0 0.0 0.0 4.0 9.0 18.0 
0.0 0.0 0.0 4.0 9.0 18.0 33.0 
0.0 0.0 0.0 4.0 9.0 18.0 33.0 46.0 
0.0 0.0 0.0 4.0 9.0 18.0 33.0 46.0 78.0 
0.0 0.0 0.0 4.0 9.0 18.0 33.0 46.0 78.0 94.0 
0.0 0.0 0.0 4.0 9.0 18.0 33.0 46.0 78.0 94.0 119.0 
0.0 0.0 0.0 4.0 9.0 18.0 33.0 46.0 78.0 94.0 119.0 95.0 
0.0 0.0 0.0 4.0 9.0 18.0 33.0 46.0 78.0 94.0 119.0 95.0 78.0 
0.0 0.0 0.0 4.0 9.0 18.0 33.0 46.0 78.0 94.0 119.0 95.0 78.0 96.0 
0.0 0.0 0.0 4.0 9.0 18.0 33.0 46.0 78.0 94.0 119.0 95.0 78.0 96.0 83.0 
0.0 0.0 0.0 4.0 9.0 18.0 33.0 46.0 78.0 94.0 119.0 95.0 78.0 96.0 83.0 53.0 
0.0 0.0 0.0 4.0 9.0 18.0 33.0 46.0 78.0 94.0 119.0 95.0 78.0 96.0 83.0 53.0 28.0 
0.0 0.0 0.0 4.0 9.0 18.0 33.0 46.0 78.0 94.0 119.0 95.0 78.0 96.0 83.0 53.0 28.0 18.0 
0.0 0.0 0.0 4.0 9.0 18.0 33.0 46.0 78.0 94.0 119.0 95.0 78.0 96.0 83.0 53.0 28.0 18.0 11.0 
0.0 0.0 0.0 4.0 9.0 18.0 33.0 46.0 78.0 94.0 119.0 95.0 78.0 96.0 83.0 53.0 28.0 18.0 11.0 5.0 
0.0 0.0 0.0 4.0 9.0 18.0 33.0 46.0 78.0 94.0 119.0 95.0 78.0 96.0 83.0 53.0 28.0 18.0 11.0 5.0 1.0 
