0.0 
0.0 1.0 
0.0 1.0 5.0 
0.0 1.0 5.0 14.0 
0.0 1.0 5.0 14.0 25.0 
0.0 1.0 5.0 14.0 25.0 33.0 
0.0 1.0 5.0 14.0 25.0 33.0 62.0 
0.0 1.0 5.0 14.0 25.0 33.0 62.0 73.0 
0.0 1.0 5.0 14.0 25.0 33.0 62.0 73.0 86.0 
0.0 1.0 5.0 14.0 25.0 33.0 62.0 73.0 86.0 101.0 
0.0 1.0 5.0 14.0 25.0 33.0 62.0 73.0 86.0 101.0 89.0 
0.0 1.0 5.0 14.0 25.0 33.0 62.0 73.0 86.0 101.0 89.0 95.0 
0.0 1.0 5.0 14.0 25.0 33.0 62.0 73.0 86.0 101.0 89.0 95.0 88.0 
0.0 1.0 5.0 14.0 25.0 33.0 62.0 73.0 86.0 101.0 89.0 95.0 88.0 111.0 
0.0 1.0 5.0 14.0 25.0 33.0 62.0 73.0 86.0 101.0 89.0 95.0 88.0 111.0 103.0 
0.0 1.0 5.0 14.0 25.0 33.0 62.0 73.0 86.0 101.0 89.0 95.0 88.0 111.0 103.0 77.0 
0.0 1.0 5.0 14.0 25.0 33.0 62.0 73.0 86.0 101.0 89.0 95.0 88.0 111.0 103.0 77.0 66.0 
0.0 1.0 5.0 14.0 25.0 33.0 62.0 73.0 86.0 101.0 89.0 95.0 88.0 111.0 103.0 77.0 66.0 42.0 
0.0 1.0 5.0 14.0 25.0 33.0 62.0 73.0 86.0 101.0 89.0 95.0 88.0 111.0 103.0 77.0 66.0 42.0 26.0 
0.0 1.0 5.0 14.0 25.0 33.0 62.0 73.0 86.0 101.0 89.0 95.0 88.0 111.0 103.0 77.0 66.0 42.0 26.0 16.0 
0.0 1.0 5.0 14.0 25.0 33.0 62.0 73.0 86.0 101.0 89.0 95.0 88.0 111.0 103.0 77.0 66.0 42.0 26.0 16.0 10.0 
0.0 
0.0 0.0 
0.0 0.0 2.0 
0.0 0.0 2.0 9.0 
0.0 0.0 2.0 9.0 21.0 
0.0 0.0 2.0 9.0 21.0 36.0 
0.0 0.0 2.0 9.0 21.0 36.0 38.0 
0.0 0.0 2.0 9.0 21.0 36.0 38.0 59.0 
0.0 0.0 2.0 9.0 21.0 36.0 38.0 59.0 83.0 
0.0 0.0 2.0 9.0 21.0 36.0 38.0 59.0 83.0 90.0 
0.0 0.0 2.0 9.0 21.0 36.0 38.0 59.0 83.0 90.0 109.0 
0.0 0.0 2.0 9.0 21.0 36.0 38.0 59.0 83.0 90.0 109.0 109.0 
0.0 0.0 2.0 9.0 21.0 36.0 38.0 59.0 83.0 90.0 109.0 109.0 100.0 
0.0 0.0 2.0 9.0 21.0 36.0 38.0 59.0 83.0 90.0 109.0 109.0 100.0 82.0 
0.0 0.0 2.0 9.0 21.0 36.0 38.0 59.0 83.0 90.0 109.0 109.0 100.0 82.0 71.0 
0.0 0.0 2.0 9.0 21.0 36.0 38.0 59.0 83.0 90.0 109.0 109.0 100.0 82.0 71.0 60.0 
0.0 0.0 2.0 9.0 21.0 36.0 38.0 59.0 83.0 90.0 109.0 109.0 100.0 82.0 71.0 60.0 47.0 
0.0 0.0 2.0 9.0 21.0 36.0 38.0 59.0 83.0 90.0 109.0 109.0 100.0 82.0 71.0 60.0 47.0 21.0 
0.0 0.0 2.0 9.0 21.0 36.0 38.0 59.0 83.0 90.0 109.0 109.0 100.0 82.0 71.0 60.0 47.0 21.0 8.0 
0.0 0.0 2.0 9.0 21.0 36.0 38.0 59.0 83.0 90.0 109.0 109.0 100.0 82.0 71.0 60.0 47.0 21.0 8.0 3.0 
0.0 0.0 2.0 9.0 21.0 36.0 38.0 59.0 83.0 90.0 109.0 109.0 100.0 82.0 71.0 60.0 47.0 21.0 8.0 3.0 1.0 
0.0 
0.0 2.0 
0.0 2.0 4.0 
0.0 2.0 4.0 9.0 
0.0 2.0 4.0 9.0 18.0 
0.0 2.0 4.0 9.0 18.0 36.0 
0.0 2.0 4.0 9.0 18.0 36.0 58.0 
0.0 2.0 4.0 9.0 18.0 36.0 58.0 83.0 
0.0 2.0 4.0 9.0 18.0 36.0 58.0 83.0 90.0 
0.0 2.0 4.0 9.0 18.0 36.0 58.0 83.0 90.0 101.0 
0.0 2.0 4.0 9.0 18.0 36.0 58.0 83.0 90.0 101.0 96.0 
0.0 2.0 4.0 9.0 18.0 36.0 58.0 83.0 90.0 101.0 96.0 111.0 
0.0 2.0 4.0 9.0 18.0 36.0 58.0 83.0 90.0 101.0 96.0 111.0 102.0 
0.0 2.0 4.0 9.0 18.0 36.0 58.0 83.0 90.0 101.0 96.0 111.0 102.0 99.0 
0.0 2.0 4.0 9.0 18.0 36.0 58.0 83.0 90.0 101.0 96.0 111.0 102.0 99.0 79.0 
0.0 2.0 4.0 9.0 18.0 36.0 58.0 83.0 90.0 101.0 96.0 111.0 102.0 99.0 79.0 82.0 
0.0 2.0 4.0 9.0 18.0 36.0 58.0 83.0 90.0 101.0 96.0 111.0 102.0 99.0 79.0 82.0 62.0 
0.0 2.0 4.0 9.0 18.0 36.0 58.0 83.0 90.0 101.0 96.0 111.0 102.0 99.0 79.0 82.0 62.0 49.0 
0.0 2.0 4.0 9.0 18.0 36.0 58.0 83.0 90.0 101.0 96.0 111.0 102.0 99.0 79.0 82.0 62.0 49.0 32.0 
0.0 2.0 4.0 9.0 18.0 36.0 58.0 83.0 90.0 101.0 96.0 111.0 102.0 99.0 79.0 82.0 62.0 49.0 32.0 20.0 
0.0 2.0 4.0 9.0 18.0 36.0 58.0 83.0 90.0 101.0 96.0 111.0 102.0 99.0 79.0 82.0 62.0 49.0 32.0 20.0 5.0 
0.0 
0.0 0.0 
0.0 0.0 5.0 
0.0 0.0 5.0 8.0 
0.0 0.0 5.0 8.0 10.0 
0.0 0.0 5.0 8.0 10.0 21.0 
0.0 0.0 5.0 8.0 10.0 21.0 45.0 
0.0 0.0 5.0 8.0 10.0 21.0 45.0 77.0 
0.0 0.0 5.0 8.0 10.0 21.0 45.0 77.0 79.0 
0.0 0.0 5.0 8.0 10.0 21.0 45.0 77.0 79.0 104.0 
0.0 0.0 5.0 8.0 10.0 21.0 45.0 77.0 79.0 104.0 100.0 
0.0 0.0 5.0 8.0 10.0 21.0 45.0 77.0 79.0 104.0 100.0 98.0 
0.0 0.0 5.0 8.0 10.0 21.0 45.0 77.0 79.0 104.0 100.0 98.0 83.0 
0.0 0.0 5.0 8.0 10.0 21.0 45.0 77.0 79.0 104.0 100.0 98.0 83.0 108.0 
0.0 0.0 5.0 8.0 10.0 21.0 45.0 77.0 79.0 104.0 100.0 98.0 83.0 108.0 76.0 
0.0 0.0 5.0 8.0 10.0 21.0 45.0 77.0 79.0 104.0 100.0 98.0 83.0 108.0 76.0 43.0 
0.0 0.0 5.0 8.0 10.0 21.0 45.0 77.0 79.0 104.0 100.0 98.0 83.0 108.0 76.0 43.0 40.0 
0.0 0.0 5.0 8.0 10.0 21.0 45.0 77.0 79.0 104.0 100.0 98.0 83.0 108.0 76.0 43.0 40.0 20.0 
0.0 0.0 5.0 8.0 10.0 21.0 45.0 77.0 79.0 104.0 100.0 98.0 83.0 108.0 76.0 43.0 40.0 20.0 12.0 
0.0 0.0 5.0 8.0 10.0 21.0 45.0 77.0 79.0 104.0 100.0 98.0 83.0 108.0 76.0 43.0 40.0 20.0 12.0 7.0 
0.0 0.0 5.0 8.0 10.0 21.0 45.0 77.0 79.0 104.0 100.0 98.0 83.0 108.0 76.0 43.0 40.0 20.0 12.0 7.0 3.0 
