0.0 
0.0 0.0 
0.0 0.0 0.0 
0.0 0.0 0.0 1.0 
0.0 0.0 0.0 1.0 8.0 
0.0 0.0 0.0 1.0 8.0 19.0 
0.0 0.0 0.0 1.0 8.0 19.0 44.0 
0.0 0.0 0.0 1.0 8.0 19.0 44.0 63.0 
0.0 0.0 0.0 1.0 8.0 19.0 44.0 63.0 70.0 
0.0 0.0 0.0 1.0 8.0 19.0 44.0 63.0 70.0 105.0 
0.0 0.0 0.0 1.0 8.0 19.0 44.0 63.0 70.0 105.0 110.0 
0.0 0.0 0.0 1.0 8.0 19.0 44.0 63.0 70.0 105.0 110.0 92.0 
0.0 0.0 0.0 1.0 8.0 19.0 44.0 63.0 70.0 105.0 110.0 92.0 102.0 
0.0 0.0 0.0 1.0 8.0 19.0 44.0 63.0 70.0 105.0 110.0 92.0 102.0 64.0 
0.0 0.0 0.0 1.0 8.0 19.0 44.0 63.0 70.0 105.0 110.0 92.0 102.0 64.0 92.0 
0.0 0.0 0.0 1.0 8.0 19.0 44.0 63.0 70.0 105.0 110.0 92.0 102.0 64.0 92.0 73.0 
0.0 0.0 0.0 1.0 8.0 19.0 44.0 63.0 70.0 105.0 110.0 92.0 102.0 64.0 92.0 73.0 52.0 
0.0 0.0 0.0 1.0 8.0 19.0 44.0 63.0 70.0 105.0 110.0 92.0 102.0 64.0 92.0 73.0 52.0 35.0 
0.0 0.0 0.0 1.0 8.0 19.0 44.0 63.0 70.0 105.0 110.0 92.0 102.0 64.0 92.0 73.0 52.0 35.0 18.0 
0.0 0.0 0.0 1.0 8.0 19.0 44.0 63.0 70.0 105.0 110.0 92.0 102.0 64.0 92.0 73.0 52.0 35.0 18.0 8.0 
0.0 0.0 0.0 1.0 8.0 19.0 44.0 63.0 70.0 105.0 110.0 92.0 102.0 64.0 92.0 73.0 52.0 35.0 18.0 8.0 7.0 
0.0 
0.0 1.0 
0.0 1.0 1.0 
0.0 1.0 1.0 2.0 
0.0 1.0 1.0 2.0 5.0 
0.0 1.0 1.0 2.0 5.0 11.0 
0.0 1.0 1.0 2.0 5.0 11.0 25.0 
0.0 1.0 1.0 2.0 5.0 11.0 25.0 51.0 
0.0 1.0 1.0 2.0 5.0 11.0 25.0 51.0 84.0 
0.0 1.0 1.0 2.0 5.0 11.0 25.0 51.0 84.0 98.0 
0.0 1.0 1.0 2.0 5.0 11.0 25.0 51.0 84.0 98.0 115.0 
0.0 1.0 1.0 2.0 5.0 11.0 25.0 51.0 84.0 98.0 115.0 104.0 
0.0 1.0 1.0 2.0 5.0 11.0 25.0 51.0 84.0 98.0 115.0 104.0 96.0 
0.0 1.0 1.0 2.0 5.0 11.0 25.0 51.0 84.0 98.0 115.0 104.0 96.0 94.0 
0.0 1.0 1.0 2.0 5.0 11.0 25.0 51.0 84.0 98.0 115.0 104.0 96.0 94.0 72.0 
0.0 1.0 1.0 2.0 5.0 11.0 25.0 51.0 84.0 98.0 115.0 104.0 96.0 94.0 72.0 44.0 
0.0 1.0 1.0 2.0 5.0 11.0 25.0 51.0 84.0 98.0 115.0 104.0 96.0 94.0 72.0 44.0 25.0 
0.0 1.0 1.0 2.0 5.0 11.0 25.0 51.0 84.0 98.0 115.0 104.0 96.0 94.0 72.0 44.0 25.0 10.0 
0.0 1.0 1.0 2.0 5.0 11.0 25.0 51.0 84.0 98.0 115.0 104.0 96.0 94.0 72.0 44.0 25.0 10.0 5.0 
0.0 1.0 1.0 2.0 5.0 11.0 25.0 51.0 84.0 98.0 115.0 104.0 96.0 94.0 72.0 44.0 25.0 10.0 5.0 2.0 
0.0 1.0 1.0 2.0 5.0 11.0 25.0 51.0 84.0 98.0 115.0 104.0 96.0 94.0 72.0 44.0 25.0 10.0 5.0 2.0 0.0 
1.0 
1.0 2.0 
1.0 2.0 1.0 
1.0 2.0 1.0 3.0 
1.0 2.0 1.0 3.0 13.0 
1.0 2.0 1.0 3.0 13.0 22.0 
1.0 2.0 1.0 3.0 13.0 22.0 50.0 
1.0 2.0 1.0 3.0 13.0 22.0 50.0 68.0 
1.0 2.0 1.0 3.0 13.0 22.0 50.0 68.0 87.0 
1.0 2.0 1.0 3.0 13.0 22.0 50.0 68.0 87.0 81.0 
1.0 2.0 1.0 3.0 13.0 22.0 50.0 68.0 87.0 81.0 98.0 
1.0 2.0 1.0 3.0 13.0 22.0 50.0 68.0 87.0 81.0 98.0 104.0 
1.0 2.0 1.0 3.0 13.0 22.0 50.0 68.0 87.0 81.0 98.0 104.0 109.0 
1.0 2.0 1.0 3.0 13.0 22.0 50.0 68.0 87.0 81.0 98.0 104.0 109.0 93.0 
1.0 2.0 1.0 3.0 13.0 22.0 50.0 68.0 87.0 81.0 98.0 104.0 109.0 93.0 102.0 
1.0 2.0 1.0 3.0 13.0 22.0 50.0 68.0 87.0 81.0 98.0 104.0 109.0 93.0 102.0 77.0 
1.0 2.0 1.0 3.0 13.0 22.0 50.0 68.0 87.0 81.0 98.0 104.0 109.0 93.0 102.0 77.0 67.0 
1.0 2.0 1.0 3.0 13.0 22.0 50.0 68.0 87.0 81.0 98.0 104.0 109.0 93.0 102.0 77.0 67.0 34.0 
1.0 2.0 1.0 3.0 13.0 22.0 50.0 68.0 87.0 81.0 98.0 104.0 109.0 93.0 102.0 77.0 67.0 34.0 18.0 
1.0 2.0 1.0 3.0 13.0 22.0 50.0 68.0 87.0 81.0 98.0 104.0 109.0 93.0 102.0 77.0 67.0 34.0 18.0 7.0 
1.0 2.0 1.0 3.0 13.0 22.0 50.0 68.0 87.0 81.0 98.0 104.0 109.0 93.0 102.0 77.0 67.0 34.0 18.0 7.0 4.0 
0.0 
0.0 1.0 
0.0 1.0 1.0 
0.0 1.0 1.0 3.0 
0.0 1.0 1.0 3.0 7.0 
0.0 1.0 1.0 3.0 7.0 14.0 
0.0 1.0 1.0 3.0 7.0 14.0 32.0 
0.0 1.0 1.0 3.0 7.0 14.0 32.0 52.0 
0.0 1.0 1.0 3.0 7.0 14.0 32.0 52.0 89.0 
0.0 1.0 1.0 3.0 7.0 14.0 32.0 52.0 89.0 99.0 
0.0 1.0 1.0 3.0 7.0 14.0 32.0 52.0 89.0 99.0 112.0 
0.0 1.0 1.0 3.0 7.0 14.0 32.0 52.0 89.0 99.0 112.0 95.0 
0.0 1.0 1.0 3.0 7.0 14.0 32.0 52.0 89.0 99.0 112.0 95.0 91.0 
0.0 1.0 1.0 3.0 7.0 14.0 32.0 52.0 89.0 99.0 112.0 95.0 91.0 83.0 
0.0 1.0 1.0 3.0 7.0 14.0 32.0 52.0 89.0 99.0 112.0 95.0 91.0 83.0 66.0 
0.0 1.0 1.0 3.0 7.0 14.0 32.0 52.0 89.0 99.0 112.0 95.0 91.0 83.0 66.0 45.0 
0.0 1.0 1.0 3.0 7.0 14.0 32.0 52.0 89.0 99.0 112.0 95.0 91.0 83.0 66.0 45.0 31.0 
0.0 1.0 1.0 3.0 7.0 14.0 32.0 52.0 89.0 99.0 112.0 95.0 91.0 83.0 66.0 45.0 31.0 12.0 
0.0 1.0 1.0 3.0 7.0 14.0 32.0 52.0 89.0 99.0 112.0 95.0 91.0 83.0 66.0 45.0 31.0 12.0 2.0 
0.0 1.0 1.0 3.0 7.0 14.0 32.0 52.0 89.0 99.0 112.0 95.0 91.0 83.0 66.0 45.0 31.0 12.0 2.0 3.0 
0.0 1.0 1.0 3.0 7.0 14.0 32.0 52.0 89.0 99.0 112.0 95.0 91.0 83.0 66.0 45.0 31.0 12.0 2.0 3.0 1.0 
