2.0 
2.0 3.0 
2.0 3.0 6.0 
2.0 3.0 6.0 13.0 
2.0 3.0 6.0 13.0 28.0 
2.0 3.0 6.0 13.0 28.0 43.0 
2.0 3.0 6.0 13.0 28.0 43.0 62.0 
2.0 3.0 6.0 13.0 28.0 43.0 62.0 75.0 
2.0 3.0 6.0 13.0 28.0 43.0 62.0 75.0 92.0 
2.0 3.0 6.0 13.0 28.0 43.0 62.0 75.0 92.0 90.0 
2.0 3.0 6.0 13.0 28.0 43.0 62.0 75.0 92.0 90.0 109.0 
2.0 3.0 6.0 13.0 28.0 43.0 62.0 75.0 92.0 90.0 109.0 99.0 
2.0 3.0 6.0 13.0 28.0 43.0 62.0 75.0 92.0 90.0 109.0 99.0 100.0 
2.0 3.0 6.0 13.0 28.0 43.0 62.0 75.0 92.0 90.0 109.0 99.0 100.0 96.0 
2.0 3.0 6.0 13.0 28.0 43.0 62.0 75.0 92.0 90.0 109.0 99.0 100.0 96.0 89.0 
2.0 3.0 6.0 13.0 28.0 43.0 62.0 75.0 92.0 90.0 109.0 99.0 100.0 96.0 89.0 97.0 
2.0 3.0 6.0 13.0 28.0 43.0 62.0 75.0 92.0 90.0 109.0 99.0 100.0 96.0 89.0 97.0 72.0 
2.0 3.0 6.0 13.0 28.0 43.0 62.0 75.0 92.0 90.0 109.0 99.0 100.0 96.0 89.0 97.0 72.0 48.0 
2.0 3.0 6.0 13.0 28.0 43.0 62.0 75.0 92.0 90.0 109.0 99.0 100.0 96.0 89.0 97.0 72.0 48.0 27.0 
2.0 3.0 6.0 13.0 28.0 43.0 62.0 75.0 92.0 90.0 109.0 99.0 100.0 96.0 89.0 97.0 72.0 48.0 27.0 17.0 
2.0 3.0 6.0 13.0 28.0 43.0 62.0 75.0 92.0 90.0 109.0 99.0 100.0 96.0 89.0 97.0 72.0 48.0 27.0 17.0 11.0 
0.0 
0.0 2.0 
0.0 2.0 9.0 
0.0 2.0 9.0 14.0 
0.0 2.0 9.0 14.0 21.0 
0.0 2.0 9.0 14.0 21.0 29.0 
0.0 2.0 9.0 14.0 21.0 29.0 57.0 
0.0 2.0 9.0 14.0 21.0 29.0 57.0 74.0 
0.0 2.0 9.0 14.0 21.0 29.0 57.0 74.0 92.0 
0.0 2.0 9.0 14.0 21.0 29.0 57.0 74.0 92.0 99.0 
0.0 2.0 9.0 14.0 21.0 29.0 57.0 74.0 92.0 99.0 93.0 
0.0 2.0 9.0 14.0 21.0 29.0 57.0 74.0 92.0 99.0 93.0 90.0 
0.0 2.0 9.0 14.0 21.0 29.0 57.0 74.0 92.0 99.0 93.0 90.0 107.0 
0.0 2.0 9.0 14.0 21.0 29.0 57.0 74.0 92.0 99.0 93.0 90.0 107.0 87.0 
0.0 2.0 9.0 14.0 21.0 29.0 57.0 74.0 92.0 99.0 93.0 90.0 107.0 87.0 87.0 
0.0 2.0 9.0 14.0 21.0 29.0 57.0 74.0 92.0 99.0 93.0 90.0 107.0 87.0 87.0 61.0 
0.0 2.0 9.0 14.0 21.0 29.0 57.0 74.0 92.0 99.0 93.0 90.0 107.0 87.0 87.0 61.0 42.0 
0.0 2.0 9.0 14.0 21.0 29.0 57.0 74.0 92.0 99.0 93.0 90.0 107.0 87.0 87.0 61.0 42.0 25.0 
0.0 2.0 9.0 14.0 21.0 29.0 57.0 74.0 92.0 99.0 93.0 90.0 107.0 87.0 87.0 61.0 42.0 25.0 12.0 
0.0 2.0 9.0 14.0 21.0 29.0 57.0 74.0 92.0 99.0 93.0 90.0 107.0 87.0 87.0 61.0 42.0 25.0 12.0 7.0 
0.0 2.0 9.0 14.0 21.0 29.0 57.0 74.0 92.0 99.0 93.0 90.0 107.0 87.0 87.0 61.0 42.0 25.0 12.0 7.0 3.0 
1.0 
1.0 7.0 
1.0 7.0 12.0 
1.0 7.0 12.0 11.0 
1.0 7.0 12.0 11.0 28.0 
1.0 7.0 12.0 11.0 28.0 47.0 
1.0 7.0 12.0 11.0 28.0 47.0 60.0 
1.0 7.0 12.0 11.0 28.0 47.0 60.0 77.0 
1.0 7.0 12.0 11.0 28.0 47.0 60.0 77.0 81.0 
1.0 7.0 12.0 11.0 28.0 47.0 60.0 77.0 81.0 105.0 
1.0 7.0 12.0 11.0 28.0 47.0 60.0 77.0 81.0 105.0 90.0 
1.0 7.0 12.0 11.0 28.0 47.0 60.0 77.0 81.0 105.0 90.0 110.0 
1.0 7.0 12.0 11.0 28.0 47.0 60.0 77.0 81.0 105.0 90.0 110.0 114.0 
1.0 7.0 12.0 11.0 28.0 47.0 60.0 77.0 81.0 105.0 90.0 110.0 114.0 96.0 
1.0 7.0 12.0 11.0 28.0 47.0 60.0 77.0 81.0 105.0 90.0 110.0 114.0 96.0 95.0 
1.0 7.0 12.0 11.0 28.0 47.0 60.0 77.0 81.0 105.0 90.0 110.0 114.0 96.0 95.0 91.0 
1.0 7.0 12.0 11.0 28.0 47.0 60.0 77.0 81.0 105.0 90.0 110.0 114.0 96.0 95.0 91.0 75.0 
1.0 7.0 12.0 11.0 28.0 47.0 60.0 77.0 81.0 105.0 90.0 110.0 114.0 96.0 95.0 91.0 75.0 52.0 
1.0 7.0 12.0 11.0 28.0 47.0 60.0 77.0 81.0 105.0 90.0 110.0 114.0 96.0 95.0 91.0 75.0 52.0 34.0 
1.0 7.0 12.0 11.0 28.0 47.0 60.0 77.0 81.0 105.0 90.0 110.0 114.0 96.0 95.0 91.0 75.0 52.0 34.0 17.0 
1.0 7.0 12.0 11.0 28.0 47.0 60.0 77.0 81.0 105.0 90.0 110.0 114.0 96.0 95.0 91.0 75.0 52.0 34.0 17.0 4.0 
2.0 
2.0 3.0 
2.0 3.0 5.0 
2.0 3.0 5.0 12.0 
2.0 3.0 5.0 12.0 13.0 
2.0 3.0 5.0 12.0 13.0 26.0 
2.0 3.0 5.0 12.0 13.0 26.0 41.0 
2.0 3.0 5.0 12.0 13.0 26.0 41.0 51.0 
2.0 3.0 5.0 12.0 13.0 26.0 41.0 51.0 92.0 
2.0 3.0 5.0 12.0 13.0 26.0 41.0 51.0 92.0 98.0 
2.0 3.0 5.0 12.0 13.0 26.0 41.0 51.0 92.0 98.0 101.0 
2.0 3.0 5.0 12.0 13.0 26.0 41.0 51.0 92.0 98.0 101.0 111.0 
2.0 3.0 5.0 12.0 13.0 26.0 41.0 51.0 92.0 98.0 101.0 111.0 99.0 
2.0 3.0 5.0 12.0 13.0 26.0 41.0 51.0 92.0 98.0 101.0 111.0 99.0 89.0 
2.0 3.0 5.0 12.0 13.0 26.0 41.0 51.0 92.0 98.0 101.0 111.0 99.0 89.0 70.0 
2.0 3.0 5.0 12.0 13.0 26.0 41.0 51.0 92.0 98.0 101.0 111.0 99.0 89.0 70.0 65.0 
2.0 3.0 5.0 12.0 13.0 26.0 41.0 51.0 92.0 98.0 101.0 111.0 99.0 89.0 70.0 65.0 34.0 
2.0 3.0 5.0 12.0 13.0 26.0 41.0 51.0 92.0 98.0 101.0 111.0 99.0 89.0 70.0 65.0 34.0 26.0 
2.0 3.0 5.0 12.0 13.0 26.0 41.0 51.0 92.0 98.0 101.0 111.0 99.0 89.0 70.0 65.0 34.0 26.0 17.0 
2.0 3.0 5.0 12.0 13.0 26.0 41.0 51.0 92.0 98.0 101.0 111.0 99.0 89.0 70.0 65.0 34.0 26.0 17.0 13.0 
2.0 3.0 5.0 12.0 13.0 26.0 41.0 51.0 92.0 98.0 101.0 111.0 99.0 89.0 70.0 65.0 34.0 26.0 17.0 13.0 7.0 
