0.0 
0.0 0.0 
0.0 0.0 0.0 
0.0 0.0 0.0 0.0 
0.0 0.0 0.0 0.0 0.0 
0.0 0.0 0.0 0.0 0.0 0.0 
0.0 0.0 0.0 0.0 0.0 0.0 7.0 
0.0 0.0 0.0 0.0 0.0 0.0 7.0 39.0 
0.0 0.0 0.0 0.0 0.0 0.0 7.0 39.0 76.0 
0.0 0.0 0.0 0.0 0.0 0.0 7.0 39.0 76.0 57.0 
0.0 0.0 0.0 0.0 0.0 0.0 7.0 39.0 76.0 57.0 26.0 
0.0 0.0 0.0 0.0 0.0 0.0 7.0 39.0 76.0 57.0 26.0 43.0 
0.0 0.0 0.0 0.0 0.0 0.0 7.0 39.0 76.0 57.0 26.0 43.0 42.0 
0.0 0.0 0.0 0.0 0.0 0.0 7.0 39.0 76.0 57.0 26.0 43.0 42.0 29.0 
0.0 0.0 0.0 0.0 0.0 0.0 7.0 39.0 76.0 57.0 26.0 43.0 42.0 29.0 26.0 
0.0 0.0 0.0 0.0 0.0 0.0 7.0 39.0 76.0 57.0 26.0 43.0 42.0 29.0 26.0 48.0 
0.0 0.0 0.0 0.0 0.0 0.0 7.0 39.0 76.0 57.0 26.0 43.0 42.0 29.0 26.0 48.0 40.0 
0.0 0.0 0.0 0.0 0.0 0.0 7.0 39.0 76.0 57.0 26.0 43.0 42.0 29.0 26.0 48.0 40.0 4.0 
0.0 0.0 0.0 0.0 0.0 0.0 7.0 39.0 76.0 57.0 26.0 43.0 42.0 29.0 26.0 48.0 40.0 4.0 0.0 
0.0 0.0 0.0 0.0 0.0 0.0 7.0 39.0 76.0 57.0 26.0 43.0 42.0 29.0 26.0 48.0 40.0 4.0 0.0 0.0 
0.0 0.0 0.0 0.0 0.0 0.0 7.0 39.0 76.0 57.0 26.0 43.0 42.0 29.0 26.0 48.0 40.0 4.0 0.0 0.0 0.0 
0.0 
0.0 0.0 
0.0 0.0 0.0 
0.0 0.0 0.0 0.0 
0.0 0.0 0.0 0.0 0.0 
0.0 0.0 0.0 0.0 0.0 0.0 
0.0 0.0 0.0 0.0 0.0 0.0 2.0 
0.0 0.0 0.0 0.0 0.0 0.0 2.0 14.0 
0.0 0.0 0.0 0.0 0.0 0.0 2.0 14.0 47.0 
0.0 0.0 0.0 0.0 0.0 0.0 2.0 14.0 47.0 103.0 
0.0 0.0 0.0 0.0 0.0 0.0 2.0 14.0 47.0 103.0 8.0 
0.0 0.0 0.0 0.0 0.0 0.0 2.0 14.0 47.0 103.0 8.0 36.0 
0.0 0.0 0.0 0.0 0.0 0.0 2.0 14.0 47.0 103.0 8.0 36.0 46.0 
0.0 0.0 0.0 0.0 0.0 0.0 2.0 14.0 47.0 103.0 8.0 36.0 46.0 36.0 
0.0 0.0 0.0 0.0 0.0 0.0 2.0 14.0 47.0 103.0 8.0 36.0 46.0 36.0 51.0 
0.0 0.0 0.0 0.0 0.0 0.0 2.0 14.0 47.0 103.0 8.0 36.0 46.0 36.0 51.0 9.0 
0.0 0.0 0.0 0.0 0.0 0.0 2.0 14.0 47.0 103.0 8.0 36.0 46.0 36.0 51.0 9.0 3.0 
0.0 0.0 0.0 0.0 0.0 0.0 2.0 14.0 47.0 103.0 8.0 36.0 46.0 36.0 51.0 9.0 3.0 2.0 
0.0 0.0 0.0 0.0 0.0 0.0 2.0 14.0 47.0 103.0 8.0 36.0 46.0 36.0 51.0 9.0 3.0 2.0 0.0 
0.0 0.0 0.0 0.0 0.0 0.0 2.0 14.0 47.0 103.0 8.0 36.0 46.0 36.0 51.0 9.0 3.0 2.0 0.0 0.0 
0.0 0.0 0.0 0.0 0.0 0.0 2.0 14.0 47.0 103.0 8.0 36.0 46.0 36.0 51.0 9.0 3.0 2.0 0.0 0.0 0.0 
0.0 
0.0 0.0 
0.0 0.0 0.0 
0.0 0.0 0.0 0.0 
0.0 0.0 0.0 0.0 0.0 
0.0 0.0 0.0 0.0 0.0 0.0 
0.0 0.0 0.0 0.0 0.0 0.0 9.0 
0.0 0.0 0.0 0.0 0.0 0.0 9.0 43.0 
0.0 0.0 0.0 0.0 0.0 0.0 9.0 43.0 66.0 
0.0 0.0 0.0 0.0 0.0 0.0 9.0 43.0 66.0 52.0 
0.0 0.0 0.0 0.0 0.0 0.0 9.0 43.0 66.0 52.0 23.0 
0.0 0.0 0.0 0.0 0.0 0.0 9.0 43.0 66.0 52.0 23.0 22.0 
0.0 0.0 0.0 0.0 0.0 0.0 9.0 43.0 66.0 52.0 23.0 22.0 16.0 
0.0 0.0 0.0 0.0 0.0 0.0 9.0 43.0 66.0 52.0 23.0 22.0 16.0 11.0 
0.0 0.0 0.0 0.0 0.0 0.0 9.0 43.0 66.0 52.0 23.0 22.0 16.0 11.0 44.0 
0.0 0.0 0.0 0.0 0.0 0.0 9.0 43.0 66.0 52.0 23.0 22.0 16.0 11.0 44.0 53.0 
0.0 0.0 0.0 0.0 0.0 0.0 9.0 43.0 66.0 52.0 23.0 22.0 16.0 11.0 44.0 53.0 40.0 
0.0 0.0 0.0 0.0 0.0 0.0 9.0 43.0 66.0 52.0 23.0 22.0 16.0 11.0 44.0 53.0 40.0 1.0 
0.0 0.0 0.0 0.0 0.0 0.0 9.0 43.0 66.0 52.0 23.0 22.0 16.0 11.0 44.0 53.0 40.0 1.0 1.0 
0.0 0.0 0.0 0.0 0.0 0.0 9.0 43.0 66.0 52.0 23.0 22.0 16.0 11.0 44.0 53.0 40.0 1.0 1.0 0.0 
0.0 0.0 0.0 0.0 0.0 0.0 9.0 43.0 66.0 52.0 23.0 22.0 16.0 11.0 44.0 53.0 40.0 1.0 1.0 0.0 0.0 
0.0 
0.0 0.0 
0.0 0.0 0.0 
0.0 0.0 0.0 0.0 
0.0 0.0 0.0 0.0 0.0 
0.0 0.0 0.0 0.0 0.0 0.0 
0.0 0.0 0.0 0.0 0.0 0.0 0.0 
0.0 0.0 0.0 0.0 0.0 0.0 0.0 9.0 
0.0 0.0 0.0 0.0 0.0 0.0 0.0 9.0 40.0 
0.0 0.0 0.0 0.0 0.0 0.0 0.0 9.0 40.0 85.0 
0.0 0.0 0.0 0.0 0.0 0.0 0.0 9.0 40.0 85.0 93.0 
0.0 0.0 0.0 0.0 0.0 0.0 0.0 9.0 40.0 85.0 93.0 71.0 
0.0 0.0 0.0 0.0 0.0 0.0 0.0 9.0 40.0 85.0 93.0 71.0 49.0 
0.0 0.0 0.0 0.0 0.0 0.0 0.0 9.0 40.0 85.0 93.0 71.0 49.0 75.0 
0.0 0.0 0.0 0.0 0.0 0.0 0.0 9.0 40.0 85.0 93.0 71.0 49.0 75.0 44.0 
0.0 0.0 0.0 0.0 0.0 0.0 0.0 9.0 40.0 85.0 93.0 71.0 49.0 75.0 44.0 5.0 
0.0 0.0 0.0 0.0 0.0 0.0 0.0 9.0 40.0 85.0 93.0 71.0 49.0 75.0 44.0 5.0 0.0 
0.0 0.0 0.0 0.0 0.0 0.0 0.0 9.0 40.0 85.0 93.0 71.0 49.0 75.0 44.0 5.0 0.0 0.0 
0.0 0.0 0.0 0.0 0.0 0.0 0.0 9.0 40.0 85.0 93.0 71.0 49.0 75.0 44.0 5.0 0.0 0.0 0.0 
0.0 0.0 0.0 0.0 0.0 0.0 0.0 9.0 40.0 85.0 93.0 71.0 49.0 75.0 44.0 5.0 0.0 0.0 0.0 0.0 
0.0 0.0 0.0 0.0 0.0 0.0 0.0 9.0 40.0 85.0 93.0 71.0 49.0 75.0 44.0 5.0 0.0 0.0 0.0 0.0 0.0 
