1.0 
1.0 1.0 
1.0 1.0 4.0 
1.0 1.0 4.0 11.0 
1.0 1.0 4.0 11.0 14.0 
1.0 1.0 4.0 11.0 14.0 22.0 
1.0 1.0 4.0 11.0 14.0 22.0 56.0 
1.0 1.0 4.0 11.0 14.0 22.0 56.0 78.0 
1.0 1.0 4.0 11.0 14.0 22.0 56.0 78.0 93.0 
1.0 1.0 4.0 11.0 14.0 22.0 56.0 78.0 93.0 92.0 
1.0 1.0 4.0 11.0 14.0 22.0 56.0 78.0 93.0 92.0 103.0 
1.0 1.0 4.0 11.0 14.0 22.0 56.0 78.0 93.0 92.0 103.0 87.0 
1.0 1.0 4.0 11.0 14.0 22.0 56.0 78.0 93.0 92.0 103.0 87.0 102.0 
1.0 1.0 4.0 11.0 14.0 22.0 56.0 78.0 93.0 92.0 103.0 87.0 102.0 104.0 
1.0 1.0 4.0 11.0 14.0 22.0 56.0 78.0 93.0 92.0 103.0 87.0 102.0 104.0 101.0 
1.0 1.0 4.0 11.0 14.0 22.0 56.0 78.0 93.0 92.0 103.0 87.0 102.0 104.0 101.0 79.0 
1.0 1.0 4.0 11.0 14.0 22.0 56.0 78.0 93.0 92.0 103.0 87.0 102.0 104.0 101.0 79.0 62.0 
1.0 1.0 4.0 11.0 14.0 22.0 56.0 78.0 93.0 92.0 103.0 87.0 102.0 104.0 101.0 79.0 62.0 44.0 
1.0 1.0 4.0 11.0 14.0 22.0 56.0 78.0 93.0 92.0 103.0 87.0 102.0 104.0 101.0 79.0 62.0 44.0 32.0 
1.0 1.0 4.0 11.0 14.0 22.0 56.0 78.0 93.0 92.0 103.0 87.0 102.0 104.0 101.0 79.0 62.0 44.0 32.0 20.0 
1.0 1.0 4.0 11.0 14.0 22.0 56.0 78.0 93.0 92.0 103.0 87.0 102.0 104.0 101.0 79.0 62.0 44.0 32.0 20.0 7.0 
0.0 
0.0 0.0 
0.0 0.0 1.0 
0.0 0.0 1.0 7.0 
0.0 0.0 1.0 7.0 19.0 
0.0 0.0 1.0 7.0 19.0 29.0 
0.0 0.0 1.0 7.0 19.0 29.0 44.0 
0.0 0.0 1.0 7.0 19.0 29.0 44.0 65.0 
0.0 0.0 1.0 7.0 19.0 29.0 44.0 65.0 73.0 
0.0 0.0 1.0 7.0 19.0 29.0 44.0 65.0 73.0 99.0 
0.0 0.0 1.0 7.0 19.0 29.0 44.0 65.0 73.0 99.0 120.0 
0.0 0.0 1.0 7.0 19.0 29.0 44.0 65.0 73.0 99.0 120.0 98.0 
0.0 0.0 1.0 7.0 19.0 29.0 44.0 65.0 73.0 99.0 120.0 98.0 101.0 
0.0 0.0 1.0 7.0 19.0 29.0 44.0 65.0 73.0 99.0 120.0 98.0 101.0 94.0 
0.0 0.0 1.0 7.0 19.0 29.0 44.0 65.0 73.0 99.0 120.0 98.0 101.0 94.0 71.0 
0.0 0.0 1.0 7.0 19.0 29.0 44.0 65.0 73.0 99.0 120.0 98.0 101.0 94.0 71.0 51.0 
0.0 0.0 1.0 7.0 19.0 29.0 44.0 65.0 73.0 99.0 120.0 98.0 101.0 94.0 71.0 51.0 28.0 
0.0 0.0 1.0 7.0 19.0 29.0 44.0 65.0 73.0 99.0 120.0 98.0 101.0 94.0 71.0 51.0 28.0 15.0 
0.0 0.0 1.0 7.0 19.0 29.0 44.0 65.0 73.0 99.0 120.0 98.0 101.0 94.0 71.0 51.0 28.0 15.0 4.0 
0.0 0.0 1.0 7.0 19.0 29.0 44.0 65.0 73.0 99.0 120.0 98.0 101.0 94.0 71.0 51.0 28.0 15.0 4.0 3.0 
0.0 0.0 1.0 7.0 19.0 29.0 44.0 65.0 73.0 99.0 120.0 98.0 101.0 94.0 71.0 51.0 28.0 15.0 4.0 3.0 1.0 
1.0 
1.0 2.0 
1.0 2.0 4.0 
1.0 2.0 4.0 10.0 
1.0 2.0 4.0 10.0 23.0 
1.0 2.0 4.0 10.0 23.0 32.0 
1.0 2.0 4.0 10.0 23.0 32.0 63.0 
1.0 2.0 4.0 10.0 23.0 32.0 63.0 78.0 
1.0 2.0 4.0 10.0 23.0 32.0 63.0 78.0 94.0 
1.0 2.0 4.0 10.0 23.0 32.0 63.0 78.0 94.0 97.0 
1.0 2.0 4.0 10.0 23.0 32.0 63.0 78.0 94.0 97.0 107.0 
1.0 2.0 4.0 10.0 23.0 32.0 63.0 78.0 94.0 97.0 107.0 99.0 
1.0 2.0 4.0 10.0 23.0 32.0 63.0 78.0 94.0 97.0 107.0 99.0 103.0 
1.0 2.0 4.0 10.0 23.0 32.0 63.0 78.0 94.0 97.0 107.0 99.0 103.0 104.0 
1.0 2.0 4.0 10.0 23.0 32.0 63.0 78.0 94.0 97.0 107.0 99.0 103.0 104.0 83.0 
1.0 2.0 4.0 10.0 23.0 32.0 63.0 78.0 94.0 97.0 107.0 99.0 103.0 104.0 83.0 69.0 
1.0 2.0 4.0 10.0 23.0 32.0 63.0 78.0 94.0 97.0 107.0 99.0 103.0 104.0 83.0 69.0 72.0 
1.0 2.0 4.0 10.0 23.0 32.0 63.0 78.0 94.0 97.0 107.0 99.0 103.0 104.0 83.0 69.0 72.0 48.0 
1.0 2.0 4.0 10.0 23.0 32.0 63.0 78.0 94.0 97.0 107.0 99.0 103.0 104.0 83.0 69.0 72.0 48.0 30.0 
1.0 2.0 4.0 10.0 23.0 32.0 63.0 78.0 94.0 97.0 107.0 99.0 103.0 104.0 83.0 69.0 72.0 48.0 30.0 12.0 
1.0 2.0 4.0 10.0 23.0 32.0 63.0 78.0 94.0 97.0 107.0 99.0 103.0 104.0 83.0 69.0 72.0 48.0 30.0 12.0 4.0 
0.0 
0.0 1.0 
0.0 1.0 4.0 
0.0 1.0 4.0 5.0 
0.0 1.0 4.0 5.0 12.0 
0.0 1.0 4.0 5.0 12.0 20.0 
0.0 1.0 4.0 5.0 12.0 20.0 34.0 
0.0 1.0 4.0 5.0 12.0 20.0 34.0 59.0 
0.0 1.0 4.0 5.0 12.0 20.0 34.0 59.0 90.0 
0.0 1.0 4.0 5.0 12.0 20.0 34.0 59.0 90.0 97.0 
0.0 1.0 4.0 5.0 12.0 20.0 34.0 59.0 90.0 97.0 121.0 
0.0 1.0 4.0 5.0 12.0 20.0 34.0 59.0 90.0 97.0 121.0 110.0 
0.0 1.0 4.0 5.0 12.0 20.0 34.0 59.0 90.0 97.0 121.0 110.0 85.0 
0.0 1.0 4.0 5.0 12.0 20.0 34.0 59.0 90.0 97.0 121.0 110.0 85.0 85.0 
0.0 1.0 4.0 5.0 12.0 20.0 34.0 59.0 90.0 97.0 121.0 110.0 85.0 85.0 77.0 
0.0 1.0 4.0 5.0 12.0 20.0 34.0 59.0 90.0 97.0 121.0 110.0 85.0 85.0 77.0 58.0 
0.0 1.0 4.0 5.0 12.0 20.0 34.0 59.0 90.0 97.0 121.0 110.0 85.0 85.0 77.0 58.0 31.0 
0.0 1.0 4.0 5.0 12.0 20.0 34.0 59.0 90.0 97.0 121.0 110.0 85.0 85.0 77.0 58.0 31.0 17.0 
0.0 1.0 4.0 5.0 12.0 20.0 34.0 59.0 90.0 97.0 121.0 110.0 85.0 85.0 77.0 58.0 31.0 17.0 7.0 
0.0 1.0 4.0 5.0 12.0 20.0 34.0 59.0 90.0 97.0 121.0 110.0 85.0 85.0 77.0 58.0 31.0 17.0 7.0 4.0 
0.0 1.0 4.0 5.0 12.0 20.0 34.0 59.0 90.0 97.0 121.0 110.0 85.0 85.0 77.0 58.0 31.0 17.0 7.0 4.0 3.0 
