0.0 
0.0 0.0 
0.0 0.0 0.0 
0.0 0.0 0.0 1.0 
0.0 0.0 0.0 1.0 5.0 
0.0 0.0 0.0 1.0 5.0 9.0 
0.0 0.0 0.0 1.0 5.0 9.0 28.0 
0.0 0.0 0.0 1.0 5.0 9.0 28.0 60.0 
0.0 0.0 0.0 1.0 5.0 9.0 28.0 60.0 82.0 
0.0 0.0 0.0 1.0 5.0 9.0 28.0 60.0 82.0 82.0 
0.0 0.0 0.0 1.0 5.0 9.0 28.0 60.0 82.0 82.0 82.0 
0.0 0.0 0.0 1.0 5.0 9.0 28.0 60.0 82.0 82.0 82.0 87.0 
0.0 0.0 0.0 1.0 5.0 9.0 28.0 60.0 82.0 82.0 82.0 87.0 73.0 
0.0 0.0 0.0 1.0 5.0 9.0 28.0 60.0 82.0 82.0 82.0 87.0 73.0 78.0 
0.0 0.0 0.0 1.0 5.0 9.0 28.0 60.0 82.0 82.0 82.0 87.0 73.0 78.0 69.0 
0.0 0.0 0.0 1.0 5.0 9.0 28.0 60.0 82.0 82.0 82.0 87.0 73.0 78.0 69.0 76.0 
0.0 0.0 0.0 1.0 5.0 9.0 28.0 60.0 82.0 82.0 82.0 87.0 73.0 78.0 69.0 76.0 42.0 
0.0 0.0 0.0 1.0 5.0 9.0 28.0 60.0 82.0 82.0 82.0 87.0 73.0 78.0 69.0 76.0 42.0 18.0 
0.0 0.0 0.0 1.0 5.0 9.0 28.0 60.0 82.0 82.0 82.0 87.0 73.0 78.0 69.0 76.0 42.0 18.0 3.0 
0.0 0.0 0.0 1.0 5.0 9.0 28.0 60.0 82.0 82.0 82.0 87.0 73.0 78.0 69.0 76.0 42.0 18.0 3.0 3.0 
0.0 0.0 0.0 1.0 5.0 9.0 28.0 60.0 82.0 82.0 82.0 87.0 73.0 78.0 69.0 76.0 42.0 18.0 3.0 3.0 1.0 
0.0 
0.0 0.0 
0.0 0.0 0.0 
0.0 0.0 0.0 0.0 
0.0 0.0 0.0 0.0 0.0 
0.0 0.0 0.0 0.0 0.0 4.0 
0.0 0.0 0.0 0.0 0.0 4.0 14.0 
0.0 0.0 0.0 0.0 0.0 4.0 14.0 34.0 
0.0 0.0 0.0 0.0 0.0 4.0 14.0 34.0 62.0 
0.0 0.0 0.0 0.0 0.0 4.0 14.0 34.0 62.0 86.0 
0.0 0.0 0.0 0.0 0.0 4.0 14.0 34.0 62.0 86.0 103.0 
0.0 0.0 0.0 0.0 0.0 4.0 14.0 34.0 62.0 86.0 103.0 82.0 
0.0 0.0 0.0 0.0 0.0 4.0 14.0 34.0 62.0 86.0 103.0 82.0 94.0 
0.0 0.0 0.0 0.0 0.0 4.0 14.0 34.0 62.0 86.0 103.0 82.0 94.0 71.0 
0.0 0.0 0.0 0.0 0.0 4.0 14.0 34.0 62.0 86.0 103.0 82.0 94.0 71.0 62.0 
0.0 0.0 0.0 0.0 0.0 4.0 14.0 34.0 62.0 86.0 103.0 82.0 94.0 71.0 62.0 24.0 
0.0 0.0 0.0 0.0 0.0 4.0 14.0 34.0 62.0 86.0 103.0 82.0 94.0 71.0 62.0 24.0 10.0 
0.0 0.0 0.0 0.0 0.0 4.0 14.0 34.0 62.0 86.0 103.0 82.0 94.0 71.0 62.0 24.0 10.0 4.0 
0.0 0.0 0.0 0.0 0.0 4.0 14.0 34.0 62.0 86.0 103.0 82.0 94.0 71.0 62.0 24.0 10.0 4.0 2.0 
0.0 0.0 0.0 0.0 0.0 4.0 14.0 34.0 62.0 86.0 103.0 82.0 94.0 71.0 62.0 24.0 10.0 4.0 2.0 1.0 
0.0 0.0 0.0 0.0 0.0 4.0 14.0 34.0 62.0 86.0 103.0 82.0 94.0 71.0 62.0 24.0 10.0 4.0 2.0 1.0 0.0 
0.0 
0.0 0.0 
0.0 0.0 0.0 
0.0 0.0 0.0 1.0 
0.0 0.0 0.0 1.0 3.0 
0.0 0.0 0.0 1.0 3.0 6.0 
0.0 0.0 0.0 1.0 3.0 6.0 27.0 
0.0 0.0 0.0 1.0 3.0 6.0 27.0 54.0 
0.0 0.0 0.0 1.0 3.0 6.0 27.0 54.0 81.0 
0.0 0.0 0.0 1.0 3.0 6.0 27.0 54.0 81.0 84.0 
0.0 0.0 0.0 1.0 3.0 6.0 27.0 54.0 81.0 84.0 92.0 
0.0 0.0 0.0 1.0 3.0 6.0 27.0 54.0 81.0 84.0 92.0 93.0 
0.0 0.0 0.0 1.0 3.0 6.0 27.0 54.0 81.0 84.0 92.0 93.0 61.0 
0.0 0.0 0.0 1.0 3.0 6.0 27.0 54.0 81.0 84.0 92.0 93.0 61.0 80.0 
0.0 0.0 0.0 1.0 3.0 6.0 27.0 54.0 81.0 84.0 92.0 93.0 61.0 80.0 55.0 
0.0 0.0 0.0 1.0 3.0 6.0 27.0 54.0 81.0 84.0 92.0 93.0 61.0 80.0 55.0 80.0 
0.0 0.0 0.0 1.0 3.0 6.0 27.0 54.0 81.0 84.0 92.0 93.0 61.0 80.0 55.0 80.0 51.0 
0.0 0.0 0.0 1.0 3.0 6.0 27.0 54.0 81.0 84.0 92.0 93.0 61.0 80.0 55.0 80.0 51.0 21.0 
0.0 0.0 0.0 1.0 3.0 6.0 27.0 54.0 81.0 84.0 92.0 93.0 61.0 80.0 55.0 80.0 51.0 21.0 4.0 
0.0 0.0 0.0 1.0 3.0 6.0 27.0 54.0 81.0 84.0 92.0 93.0 61.0 80.0 55.0 80.0 51.0 21.0 4.0 0.0 
0.0 0.0 0.0 1.0 3.0 6.0 27.0 54.0 81.0 84.0 92.0 93.0 61.0 80.0 55.0 80.0 51.0 21.0 4.0 0.0 0.0 
0.0 
0.0 0.0 
0.0 0.0 1.0 
0.0 0.0 1.0 0.0 
0.0 0.0 1.0 0.0 2.0 
0.0 0.0 1.0 0.0 2.0 3.0 
0.0 0.0 1.0 0.0 2.0 3.0 12.0 
0.0 0.0 1.0 0.0 2.0 3.0 12.0 40.0 
0.0 0.0 1.0 0.0 2.0 3.0 12.0 40.0 70.0 
0.0 0.0 1.0 0.0 2.0 3.0 12.0 40.0 70.0 91.0 
0.0 0.0 1.0 0.0 2.0 3.0 12.0 40.0 70.0 91.0 121.0 
0.0 0.0 1.0 0.0 2.0 3.0 12.0 40.0 70.0 91.0 121.0 102.0 
0.0 0.0 1.0 0.0 2.0 3.0 12.0 40.0 70.0 91.0 121.0 102.0 102.0 
0.0 0.0 1.0 0.0 2.0 3.0 12.0 40.0 70.0 91.0 121.0 102.0 102.0 91.0 
0.0 0.0 1.0 0.0 2.0 3.0 12.0 40.0 70.0 91.0 121.0 102.0 102.0 91.0 49.0 
0.0 0.0 1.0 0.0 2.0 3.0 12.0 40.0 70.0 91.0 121.0 102.0 102.0 91.0 49.0 27.0 
0.0 0.0 1.0 0.0 2.0 3.0 12.0 40.0 70.0 91.0 121.0 102.0 102.0 91.0 49.0 27.0 10.0 
0.0 0.0 1.0 0.0 2.0 3.0 12.0 40.0 70.0 91.0 121.0 102.0 102.0 91.0 49.0 27.0 10.0 2.0 
0.0 0.0 1.0 0.0 2.0 3.0 12.0 40.0 70.0 91.0 121.0 102.0 102.0 91.0 49.0 27.0 10.0 2.0 0.0 
0.0 0.0 1.0 0.0 2.0 3.0 12.0 40.0 70.0 91.0 121.0 102.0 102.0 91.0 49.0 27.0 10.0 2.0 0.0 0.0 
0.0 0.0 1.0 0.0 2.0 3.0 12.0 40.0 70.0 91.0 121.0 102.0 102.0 91.0 49.0 27.0 10.0 2.0 0.0 0.0 0.0 
