0.0 
0.0 0.0 
0.0 0.0 0.0 
0.0 0.0 0.0 0.0 
0.0 0.0 0.0 0.0 0.0 
0.0 0.0 0.0 0.0 0.0 0.0 
0.0 0.0 0.0 0.0 0.0 0.0 0.0 
0.0 0.0 0.0 0.0 0.0 0.0 0.0 22.0 
0.0 0.0 0.0 0.0 0.0 0.0 0.0 22.0 55.0 
0.0 0.0 0.0 0.0 0.0 0.0 0.0 22.0 55.0 23.0 
0.0 0.0 0.0 0.0 0.0 0.0 0.0 22.0 55.0 23.0 24.0 
0.0 0.0 0.0 0.0 0.0 0.0 0.0 22.0 55.0 23.0 24.0 26.0 
0.0 0.0 0.0 0.0 0.0 0.0 0.0 22.0 55.0 23.0 24.0 26.0 17.0 
0.0 0.0 0.0 0.0 0.0 0.0 0.0 22.0 55.0 23.0 24.0 26.0 17.0 13.0 
0.0 0.0 0.0 0.0 0.0 0.0 0.0 22.0 55.0 23.0 24.0 26.0 17.0 13.0 29.0 
0.0 0.0 0.0 0.0 0.0 0.0 0.0 22.0 55.0 23.0 24.0 26.0 17.0 13.0 29.0 37.0 
0.0 0.0 0.0 0.0 0.0 0.0 0.0 22.0 55.0 23.0 24.0 26.0 17.0 13.0 29.0 37.0 32.0 
0.0 0.0 0.0 0.0 0.0 0.0 0.0 22.0 55.0 23.0 24.0 26.0 17.0 13.0 29.0 37.0 32.0 1.0 
0.0 0.0 0.0 0.0 0.0 0.0 0.0 22.0 55.0 23.0 24.0 26.0 17.0 13.0 29.0 37.0 32.0 1.0 0.0 
0.0 0.0 0.0 0.0 0.0 0.0 0.0 22.0 55.0 23.0 24.0 26.0 17.0 13.0 29.0 37.0 32.0 1.0 0.0 0.0 
0.0 0.0 0.0 0.0 0.0 0.0 0.0 22.0 55.0 23.0 24.0 26.0 17.0 13.0 29.0 37.0 32.0 1.0 0.0 0.0 0.0 
0.0 
0.0 0.0 
0.0 0.0 0.0 
0.0 0.0 0.0 0.0 
0.0 0.0 0.0 0.0 0.0 
0.0 0.0 0.0 0.0 0.0 0.0 
0.0 0.0 0.0 0.0 0.0 0.0 0.0 
0.0 0.0 0.0 0.0 0.0 0.0 0.0 2.0 
0.0 0.0 0.0 0.0 0.0 0.0 0.0 2.0 33.0 
0.0 0.0 0.0 0.0 0.0 0.0 0.0 2.0 33.0 81.0 
0.0 0.0 0.0 0.0 0.0 0.0 0.0 2.0 33.0 81.0 45.0 
0.0 0.0 0.0 0.0 0.0 0.0 0.0 2.0 33.0 81.0 45.0 42.0 
0.0 0.0 0.0 0.0 0.0 0.0 0.0 2.0 33.0 81.0 45.0 42.0 23.0 
0.0 0.0 0.0 0.0 0.0 0.0 0.0 2.0 33.0 81.0 45.0 42.0 23.0 12.0 
0.0 0.0 0.0 0.0 0.0 0.0 0.0 2.0 33.0 81.0 45.0 42.0 23.0 12.0 51.0 
0.0 0.0 0.0 0.0 0.0 0.0 0.0 2.0 33.0 81.0 45.0 42.0 23.0 12.0 51.0 0.0 
0.0 0.0 0.0 0.0 0.0 0.0 0.0 2.0 33.0 81.0 45.0 42.0 23.0 12.0 51.0 0.0 0.0 
0.0 0.0 0.0 0.0 0.0 0.0 0.0 2.0 33.0 81.0 45.0 42.0 23.0 12.0 51.0 0.0 0.0 0.0 
0.0 0.0 0.0 0.0 0.0 0.0 0.0 2.0 33.0 81.0 45.0 42.0 23.0 12.0 51.0 0.0 0.0 0.0 0.0 
0.0 0.0 0.0 0.0 0.0 0.0 0.0 2.0 33.0 81.0 45.0 42.0 23.0 12.0 51.0 0.0 0.0 0.0 0.0 0.0 
0.0 0.0 0.0 0.0 0.0 0.0 0.0 2.0 33.0 81.0 45.0 42.0 23.0 12.0 51.0 0.0 0.0 0.0 0.0 0.0 0.0 
0.0 
0.0 0.0 
0.0 0.0 0.0 
0.0 0.0 0.0 0.0 
0.0 0.0 0.0 0.0 0.0 
0.0 0.0 0.0 0.0 0.0 0.0 
0.0 0.0 0.0 0.0 0.0 0.0 0.0 
0.0 0.0 0.0 0.0 0.0 0.0 0.0 24.0 
0.0 0.0 0.0 0.0 0.0 0.0 0.0 24.0 52.0 
0.0 0.0 0.0 0.0 0.0 0.0 0.0 24.0 52.0 25.0 
0.0 0.0 0.0 0.0 0.0 0.0 0.0 24.0 52.0 25.0 27.0 
0.0 0.0 0.0 0.0 0.0 0.0 0.0 24.0 52.0 25.0 27.0 13.0 
0.0 0.0 0.0 0.0 0.0 0.0 0.0 24.0 52.0 25.0 27.0 13.0 23.0 
0.0 0.0 0.0 0.0 0.0 0.0 0.0 24.0 52.0 25.0 27.0 13.0 23.0 17.0 
0.0 0.0 0.0 0.0 0.0 0.0 0.0 24.0 52.0 25.0 27.0 13.0 23.0 17.0 29.0 
0.0 0.0 0.0 0.0 0.0 0.0 0.0 24.0 52.0 25.0 27.0 13.0 23.0 17.0 29.0 39.0 
0.0 0.0 0.0 0.0 0.0 0.0 0.0 24.0 52.0 25.0 27.0 13.0 23.0 17.0 29.0 39.0 37.0 
0.0 0.0 0.0 0.0 0.0 0.0 0.0 24.0 52.0 25.0 27.0 13.0 23.0 17.0 29.0 39.0 37.0 1.0 
0.0 0.0 0.0 0.0 0.0 0.0 0.0 24.0 52.0 25.0 27.0 13.0 23.0 17.0 29.0 39.0 37.0 1.0 0.0 
0.0 0.0 0.0 0.0 0.0 0.0 0.0 24.0 52.0 25.0 27.0 13.0 23.0 17.0 29.0 39.0 37.0 1.0 0.0 0.0 
0.0 0.0 0.0 0.0 0.0 0.0 0.0 24.0 52.0 25.0 27.0 13.0 23.0 17.0 29.0 39.0 37.0 1.0 0.0 0.0 0.0 
0.0 
0.0 0.0 
0.0 0.0 0.0 
0.0 0.0 0.0 0.0 
0.0 0.0 0.0 0.0 0.0 
0.0 0.0 0.0 0.0 0.0 0.0 
0.0 0.0 0.0 0.0 0.0 0.0 0.0 
0.0 0.0 0.0 0.0 0.0 0.0 0.0 2.0 
0.0 0.0 0.0 0.0 0.0 0.0 0.0 2.0 29.0 
0.0 0.0 0.0 0.0 0.0 0.0 0.0 2.0 29.0 104.0 
0.0 0.0 0.0 0.0 0.0 0.0 0.0 2.0 29.0 104.0 2.0 
0.0 0.0 0.0 0.0 0.0 0.0 0.0 2.0 29.0 104.0 2.0 30.0 
0.0 0.0 0.0 0.0 0.0 0.0 0.0 2.0 29.0 104.0 2.0 30.0 29.0 
0.0 0.0 0.0 0.0 0.0 0.0 0.0 2.0 29.0 104.0 2.0 30.0 29.0 17.0 
0.0 0.0 0.0 0.0 0.0 0.0 0.0 2.0 29.0 104.0 2.0 30.0 29.0 17.0 48.0 
0.0 0.0 0.0 0.0 0.0 0.0 0.0 2.0 29.0 104.0 2.0 30.0 29.0 17.0 48.0 2.0 
0.0 0.0 0.0 0.0 0.0 0.0 0.0 2.0 29.0 104.0 2.0 30.0 29.0 17.0 48.0 2.0 0.0 
0.0 0.0 0.0 0.0 0.0 0.0 0.0 2.0 29.0 104.0 2.0 30.0 29.0 17.0 48.0 2.0 0.0 0.0 
0.0 0.0 0.0 0.0 0.0 0.0 0.0 2.0 29.0 104.0 2.0 30.0 29.0 17.0 48.0 2.0 0.0 0.0 0.0 
0.0 0.0 0.0 0.0 0.0 0.0 0.0 2.0 29.0 104.0 2.0 30.0 29.0 17.0 48.0 2.0 0.0 0.0 0.0 0.0 
0.0 0.0 0.0 0.0 0.0 0.0 0.0 2.0 29.0 104.0 2.0 30.0 29.0 17.0 48.0 2.0 0.0 0.0 0.0 0.0 0.0 
