0.0 
0.0 0.0 
0.0 0.0 1.0 
0.0 0.0 1.0 1.0 
0.0 0.0 1.0 1.0 4.0 
0.0 0.0 1.0 1.0 4.0 11.0 
0.0 0.0 1.0 1.0 4.0 11.0 37.0 
0.0 0.0 1.0 1.0 4.0 11.0 37.0 71.0 
0.0 0.0 1.0 1.0 4.0 11.0 37.0 71.0 87.0 
0.0 0.0 1.0 1.0 4.0 11.0 37.0 71.0 87.0 81.0 
0.0 0.0 1.0 1.0 4.0 11.0 37.0 71.0 87.0 81.0 94.0 
0.0 0.0 1.0 1.0 4.0 11.0 37.0 71.0 87.0 81.0 94.0 107.0 
0.0 0.0 1.0 1.0 4.0 11.0 37.0 71.0 87.0 81.0 94.0 107.0 91.0 
0.0 0.0 1.0 1.0 4.0 11.0 37.0 71.0 87.0 81.0 94.0 107.0 91.0 64.0 
0.0 0.0 1.0 1.0 4.0 11.0 37.0 71.0 87.0 81.0 94.0 107.0 91.0 64.0 71.0 
0.0 0.0 1.0 1.0 4.0 11.0 37.0 71.0 87.0 81.0 94.0 107.0 91.0 64.0 71.0 70.0 
0.0 0.0 1.0 1.0 4.0 11.0 37.0 71.0 87.0 81.0 94.0 107.0 91.0 64.0 71.0 70.0 59.0 
0.0 0.0 1.0 1.0 4.0 11.0 37.0 71.0 87.0 81.0 94.0 107.0 91.0 64.0 71.0 70.0 59.0 27.0 
0.0 0.0 1.0 1.0 4.0 11.0 37.0 71.0 87.0 81.0 94.0 107.0 91.0 64.0 71.0 70.0 59.0 27.0 7.0 
0.0 0.0 1.0 1.0 4.0 11.0 37.0 71.0 87.0 81.0 94.0 107.0 91.0 64.0 71.0 70.0 59.0 27.0 7.0 6.0 
0.0 0.0 1.0 1.0 4.0 11.0 37.0 71.0 87.0 81.0 94.0 107.0 91.0 64.0 71.0 70.0 59.0 27.0 7.0 6.0 0.0 
0.0 
0.0 0.0 
0.0 0.0 0.0 
0.0 0.0 0.0 1.0 
0.0 0.0 0.0 1.0 4.0 
0.0 0.0 0.0 1.0 4.0 9.0 
0.0 0.0 0.0 1.0 4.0 9.0 21.0 
0.0 0.0 0.0 1.0 4.0 9.0 21.0 42.0 
0.0 0.0 0.0 1.0 4.0 9.0 21.0 42.0 61.0 
0.0 0.0 0.0 1.0 4.0 9.0 21.0 42.0 61.0 102.0 
0.0 0.0 0.0 1.0 4.0 9.0 21.0 42.0 61.0 102.0 106.0 
0.0 0.0 0.0 1.0 4.0 9.0 21.0 42.0 61.0 102.0 106.0 86.0 
0.0 0.0 0.0 1.0 4.0 9.0 21.0 42.0 61.0 102.0 106.0 86.0 96.0 
0.0 0.0 0.0 1.0 4.0 9.0 21.0 42.0 61.0 102.0 106.0 86.0 96.0 96.0 
0.0 0.0 0.0 1.0 4.0 9.0 21.0 42.0 61.0 102.0 106.0 86.0 96.0 96.0 66.0 
0.0 0.0 0.0 1.0 4.0 9.0 21.0 42.0 61.0 102.0 106.0 86.0 96.0 96.0 66.0 33.0 
0.0 0.0 0.0 1.0 4.0 9.0 21.0 42.0 61.0 102.0 106.0 86.0 96.0 96.0 66.0 33.0 21.0 
0.0 0.0 0.0 1.0 4.0 9.0 21.0 42.0 61.0 102.0 106.0 86.0 96.0 96.0 66.0 33.0 21.0 9.0 
0.0 0.0 0.0 1.0 4.0 9.0 21.0 42.0 61.0 102.0 106.0 86.0 96.0 96.0 66.0 33.0 21.0 9.0 2.0 
0.0 0.0 0.0 1.0 4.0 9.0 21.0 42.0 61.0 102.0 106.0 86.0 96.0 96.0 66.0 33.0 21.0 9.0 2.0 0.0 
0.0 0.0 0.0 1.0 4.0 9.0 21.0 42.0 61.0 102.0 106.0 86.0 96.0 96.0 66.0 33.0 21.0 9.0 2.0 0.0 1.0 
0.0 
0.0 0.0 
0.0 0.0 0.0 
0.0 0.0 0.0 2.0 
0.0 0.0 0.0 2.0 3.0 
0.0 0.0 0.0 2.0 3.0 14.0 
0.0 0.0 0.0 2.0 3.0 14.0 30.0 
0.0 0.0 0.0 2.0 3.0 14.0 30.0 55.0 
0.0 0.0 0.0 2.0 3.0 14.0 30.0 55.0 94.0 
0.0 0.0 0.0 2.0 3.0 14.0 30.0 55.0 94.0 95.0 
0.0 0.0 0.0 2.0 3.0 14.0 30.0 55.0 94.0 95.0 93.0 
0.0 0.0 0.0 2.0 3.0 14.0 30.0 55.0 94.0 95.0 93.0 74.0 
0.0 0.0 0.0 2.0 3.0 14.0 30.0 55.0 94.0 95.0 93.0 74.0 109.0 
0.0 0.0 0.0 2.0 3.0 14.0 30.0 55.0 94.0 95.0 93.0 74.0 109.0 75.0 
0.0 0.0 0.0 2.0 3.0 14.0 30.0 55.0 94.0 95.0 93.0 74.0 109.0 75.0 66.0 
0.0 0.0 0.0 2.0 3.0 14.0 30.0 55.0 94.0 95.0 93.0 74.0 109.0 75.0 66.0 81.0 
0.0 0.0 0.0 2.0 3.0 14.0 30.0 55.0 94.0 95.0 93.0 74.0 109.0 75.0 66.0 81.0 54.0 
0.0 0.0 0.0 2.0 3.0 14.0 30.0 55.0 94.0 95.0 93.0 74.0 109.0 75.0 66.0 81.0 54.0 24.0 
0.0 0.0 0.0 2.0 3.0 14.0 30.0 55.0 94.0 95.0 93.0 74.0 109.0 75.0 66.0 81.0 54.0 24.0 14.0 
0.0 0.0 0.0 2.0 3.0 14.0 30.0 55.0 94.0 95.0 93.0 74.0 109.0 75.0 66.0 81.0 54.0 24.0 14.0 8.0 
0.0 0.0 0.0 2.0 3.0 14.0 30.0 55.0 94.0 95.0 93.0 74.0 109.0 75.0 66.0 81.0 54.0 24.0 14.0 8.0 2.0 
0.0 
0.0 0.0 
0.0 0.0 0.0 
0.0 0.0 0.0 0.0 
0.0 0.0 0.0 0.0 0.0 
0.0 0.0 0.0 0.0 0.0 5.0 
0.0 0.0 0.0 0.0 0.0 5.0 23.0 
0.0 0.0 0.0 0.0 0.0 5.0 23.0 43.0 
0.0 0.0 0.0 0.0 0.0 5.0 23.0 43.0 75.0 
0.0 0.0 0.0 0.0 0.0 5.0 23.0 43.0 75.0 89.0 
0.0 0.0 0.0 0.0 0.0 5.0 23.0 43.0 75.0 89.0 119.0 
0.0 0.0 0.0 0.0 0.0 5.0 23.0 43.0 75.0 89.0 119.0 103.0 
0.0 0.0 0.0 0.0 0.0 5.0 23.0 43.0 75.0 89.0 119.0 103.0 82.0 
0.0 0.0 0.0 0.0 0.0 5.0 23.0 43.0 75.0 89.0 119.0 103.0 82.0 81.0 
0.0 0.0 0.0 0.0 0.0 5.0 23.0 43.0 75.0 89.0 119.0 103.0 82.0 81.0 59.0 
0.0 0.0 0.0 0.0 0.0 5.0 23.0 43.0 75.0 89.0 119.0 103.0 82.0 81.0 59.0 28.0 
0.0 0.0 0.0 0.0 0.0 5.0 23.0 43.0 75.0 89.0 119.0 103.0 82.0 81.0 59.0 28.0 17.0 
0.0 0.0 0.0 0.0 0.0 5.0 23.0 43.0 75.0 89.0 119.0 103.0 82.0 81.0 59.0 28.0 17.0 8.0 
0.0 0.0 0.0 0.0 0.0 5.0 23.0 43.0 75.0 89.0 119.0 103.0 82.0 81.0 59.0 28.0 17.0 8.0 3.0 
0.0 0.0 0.0 0.0 0.0 5.0 23.0 43.0 75.0 89.0 119.0 103.0 82.0 81.0 59.0 28.0 17.0 8.0 3.0 0.0 
0.0 0.0 0.0 0.0 0.0 5.0 23.0 43.0 75.0 89.0 119.0 103.0 82.0 81.0 59.0 28.0 17.0 8.0 3.0 0.0 0.0 
