1.0 
1.0 2.0 
1.0 2.0 5.0 
1.0 2.0 5.0 12.0 
1.0 2.0 5.0 12.0 16.0 
1.0 2.0 5.0 12.0 16.0 34.0 
1.0 2.0 5.0 12.0 16.0 34.0 59.0 
1.0 2.0 5.0 12.0 16.0 34.0 59.0 82.0 
1.0 2.0 5.0 12.0 16.0 34.0 59.0 82.0 74.0 
1.0 2.0 5.0 12.0 16.0 34.0 59.0 82.0 74.0 91.0 
1.0 2.0 5.0 12.0 16.0 34.0 59.0 82.0 74.0 91.0 113.0 
1.0 2.0 5.0 12.0 16.0 34.0 59.0 82.0 74.0 91.0 113.0 87.0 
1.0 2.0 5.0 12.0 16.0 34.0 59.0 82.0 74.0 91.0 113.0 87.0 107.0 
1.0 2.0 5.0 12.0 16.0 34.0 59.0 82.0 74.0 91.0 113.0 87.0 107.0 94.0 
1.0 2.0 5.0 12.0 16.0 34.0 59.0 82.0 74.0 91.0 113.0 87.0 107.0 94.0 86.0 
1.0 2.0 5.0 12.0 16.0 34.0 59.0 82.0 74.0 91.0 113.0 87.0 107.0 94.0 86.0 75.0 
1.0 2.0 5.0 12.0 16.0 34.0 59.0 82.0 74.0 91.0 113.0 87.0 107.0 94.0 86.0 75.0 78.0 
1.0 2.0 5.0 12.0 16.0 34.0 59.0 82.0 74.0 91.0 113.0 87.0 107.0 94.0 86.0 75.0 78.0 43.0 
1.0 2.0 5.0 12.0 16.0 34.0 59.0 82.0 74.0 91.0 113.0 87.0 107.0 94.0 86.0 75.0 78.0 43.0 21.0 
1.0 2.0 5.0 12.0 16.0 34.0 59.0 82.0 74.0 91.0 113.0 87.0 107.0 94.0 86.0 75.0 78.0 43.0 21.0 20.0 
1.0 2.0 5.0 12.0 16.0 34.0 59.0 82.0 74.0 91.0 113.0 87.0 107.0 94.0 86.0 75.0 78.0 43.0 21.0 20.0 7.0 
2.0 
2.0 4.0 
2.0 4.0 0.0 
2.0 4.0 0.0 7.0 
2.0 4.0 0.0 7.0 16.0 
2.0 4.0 0.0 7.0 16.0 22.0 
2.0 4.0 0.0 7.0 16.0 22.0 39.0 
2.0 4.0 0.0 7.0 16.0 22.0 39.0 62.0 
2.0 4.0 0.0 7.0 16.0 22.0 39.0 62.0 76.0 
2.0 4.0 0.0 7.0 16.0 22.0 39.0 62.0 76.0 96.0 
2.0 4.0 0.0 7.0 16.0 22.0 39.0 62.0 76.0 96.0 111.0 
2.0 4.0 0.0 7.0 16.0 22.0 39.0 62.0 76.0 96.0 111.0 96.0 
2.0 4.0 0.0 7.0 16.0 22.0 39.0 62.0 76.0 96.0 111.0 96.0 90.0 
2.0 4.0 0.0 7.0 16.0 22.0 39.0 62.0 76.0 96.0 111.0 96.0 90.0 81.0 
2.0 4.0 0.0 7.0 16.0 22.0 39.0 62.0 76.0 96.0 111.0 96.0 90.0 81.0 78.0 
2.0 4.0 0.0 7.0 16.0 22.0 39.0 62.0 76.0 96.0 111.0 96.0 90.0 81.0 78.0 51.0 
2.0 4.0 0.0 7.0 16.0 22.0 39.0 62.0 76.0 96.0 111.0 96.0 90.0 81.0 78.0 51.0 36.0 
2.0 4.0 0.0 7.0 16.0 22.0 39.0 62.0 76.0 96.0 111.0 96.0 90.0 81.0 78.0 51.0 36.0 24.0 
2.0 4.0 0.0 7.0 16.0 22.0 39.0 62.0 76.0 96.0 111.0 96.0 90.0 81.0 78.0 51.0 36.0 24.0 13.0 
2.0 4.0 0.0 7.0 16.0 22.0 39.0 62.0 76.0 96.0 111.0 96.0 90.0 81.0 78.0 51.0 36.0 24.0 13.0 4.0 
2.0 4.0 0.0 7.0 16.0 22.0 39.0 62.0 76.0 96.0 111.0 96.0 90.0 81.0 78.0 51.0 36.0 24.0 13.0 4.0 4.0 
2.0 
2.0 4.0 
2.0 4.0 7.0 
2.0 4.0 7.0 9.0 
2.0 4.0 7.0 9.0 16.0 
2.0 4.0 7.0 9.0 16.0 38.0 
2.0 4.0 7.0 9.0 16.0 38.0 59.0 
2.0 4.0 7.0 9.0 16.0 38.0 59.0 73.0 
2.0 4.0 7.0 9.0 16.0 38.0 59.0 73.0 91.0 
2.0 4.0 7.0 9.0 16.0 38.0 59.0 73.0 91.0 102.0 
2.0 4.0 7.0 9.0 16.0 38.0 59.0 73.0 91.0 102.0 107.0 
2.0 4.0 7.0 9.0 16.0 38.0 59.0 73.0 91.0 102.0 107.0 102.0 
2.0 4.0 7.0 9.0 16.0 38.0 59.0 73.0 91.0 102.0 107.0 102.0 94.0 
2.0 4.0 7.0 9.0 16.0 38.0 59.0 73.0 91.0 102.0 107.0 102.0 94.0 111.0 
2.0 4.0 7.0 9.0 16.0 38.0 59.0 73.0 91.0 102.0 107.0 102.0 94.0 111.0 97.0 
2.0 4.0 7.0 9.0 16.0 38.0 59.0 73.0 91.0 102.0 107.0 102.0 94.0 111.0 97.0 76.0 
2.0 4.0 7.0 9.0 16.0 38.0 59.0 73.0 91.0 102.0 107.0 102.0 94.0 111.0 97.0 76.0 72.0 
2.0 4.0 7.0 9.0 16.0 38.0 59.0 73.0 91.0 102.0 107.0 102.0 94.0 111.0 97.0 76.0 72.0 45.0 
2.0 4.0 7.0 9.0 16.0 38.0 59.0 73.0 91.0 102.0 107.0 102.0 94.0 111.0 97.0 76.0 72.0 45.0 33.0 
2.0 4.0 7.0 9.0 16.0 38.0 59.0 73.0 91.0 102.0 107.0 102.0 94.0 111.0 97.0 76.0 72.0 45.0 33.0 18.0 
2.0 4.0 7.0 9.0 16.0 38.0 59.0 73.0 91.0 102.0 107.0 102.0 94.0 111.0 97.0 76.0 72.0 45.0 33.0 18.0 3.0 
0.0 
0.0 1.0 
0.0 1.0 2.0 
0.0 1.0 2.0 7.0 
0.0 1.0 2.0 7.0 14.0 
0.0 1.0 2.0 7.0 14.0 23.0 
0.0 1.0 2.0 7.0 14.0 23.0 48.0 
0.0 1.0 2.0 7.0 14.0 23.0 48.0 66.0 
0.0 1.0 2.0 7.0 14.0 23.0 48.0 66.0 81.0 
0.0 1.0 2.0 7.0 14.0 23.0 48.0 66.0 81.0 101.0 
0.0 1.0 2.0 7.0 14.0 23.0 48.0 66.0 81.0 101.0 116.0 
0.0 1.0 2.0 7.0 14.0 23.0 48.0 66.0 81.0 101.0 116.0 93.0 
0.0 1.0 2.0 7.0 14.0 23.0 48.0 66.0 81.0 101.0 116.0 93.0 101.0 
0.0 1.0 2.0 7.0 14.0 23.0 48.0 66.0 81.0 101.0 116.0 93.0 101.0 97.0 
0.0 1.0 2.0 7.0 14.0 23.0 48.0 66.0 81.0 101.0 116.0 93.0 101.0 97.0 88.0 
0.0 1.0 2.0 7.0 14.0 23.0 48.0 66.0 81.0 101.0 116.0 93.0 101.0 97.0 88.0 62.0 
0.0 1.0 2.0 7.0 14.0 23.0 48.0 66.0 81.0 101.0 116.0 93.0 101.0 97.0 88.0 62.0 37.0 
0.0 1.0 2.0 7.0 14.0 23.0 48.0 66.0 81.0 101.0 116.0 93.0 101.0 97.0 88.0 62.0 37.0 18.0 
0.0 1.0 2.0 7.0 14.0 23.0 48.0 66.0 81.0 101.0 116.0 93.0 101.0 97.0 88.0 62.0 37.0 18.0 11.0 
0.0 1.0 2.0 7.0 14.0 23.0 48.0 66.0 81.0 101.0 116.0 93.0 101.0 97.0 88.0 62.0 37.0 18.0 11.0 9.0 
0.0 1.0 2.0 7.0 14.0 23.0 48.0 66.0 81.0 101.0 116.0 93.0 101.0 97.0 88.0 62.0 37.0 18.0 11.0 9.0 6.0 
