    Cluster-wide configured Spack, integrated within the existing Lmod module
system on the cluster.
    Any software installed via Spack gets stored in the users home directory
under the path ~/.spack

    Run `$ spack config get config` to view the current configuration. To get
started review the
    ARC-Spack documentation here (https://arc.umich.edu/spack/).

    If the current configuration does not meet your requirements, a local spack
installation can be configured,
    following the guide:
https://spack-tutorial.readthedocs.io/en/latest/tutorial_basics.html#installing-spack


    Example use:
    $ spack install gmake
    
    To view installed packages:
    $ spack find
    or
    $ module avail
    
    To load installed packages:
    $ spack load gmake
    or
    $ module load gmake
     
slurmstepd: error: *** JOB 23515613 ON lh1724 CANCELLED AT 2024-08-15T17:01:02 ***
